[00:00:36] [Server thread/INFO]: bwjr issued server command: /home
[00:02:12] [Server thread/INFO]: bwjr lost connection: Disconnected
[00:02:12] [Server thread/INFO]: bwjr left the game
[00:38:08] [Server thread/INFO]: Azuresty issued server command: /tridents
[00:53:03] [Server thread/INFO]: Azuresty issued server command: /trigger home
[00:53:03] [Server thread/INFO]: [Azuresty: Triggered [Home]]
[01:07:01] [User Authenticator #1/INFO]: UUID of player SoapieTomato is dd8b1bf4-8364-463c-bd83-833362c06ae9
[01:07:02] [Server thread/INFO]: SoapieTomato joined the game
[01:07:02] [Server thread/INFO]: SoapieTomato[/207.5.148.5:37613] logged in with entity id 62393 at ([soapSMP]-1913.699999988079, 74.5, -863.5926274049485)
[01:07:13] [Server thread/INFO]: SoapieTomato issued server command: /gamemode spectator
[01:07:13] [Server thread/INFO]: [SoapieTomato: Set own game mode to Spectator Mode]
[01:07:16] [Server thread/INFO]: SoapieTomato issued server command: /tp Azuresty
[01:07:16] [Server thread/INFO]: [SoapieTomato: Teleported SoapieTomato to Azuresty]
[01:07:21] [Server thread/INFO]: SoapieTomato issued server command: /gamemode survival
[01:07:21] [Server thread/INFO]: [SoapieTomato: Set own game mode to Survival Mode]
[01:07:23] [Server thread/INFO]: SoapieTomato issued server command: /mctop
[01:07:28] [Server thread/INFO]: SoapieTomato issued server command: /mctop TRIDENTS
[01:07:46] [Server thread/INFO]: SoapieTomato lost connection: Disconnected
[01:07:46] [Server thread/INFO]: SoapieTomato left the game
[01:13:09] [Server thread/INFO]: Stopping the server
[01:13:09] [Server thread/INFO]: Stopping server
[01:13:09] [Server thread/INFO]: [SetHome] Disabling SetHome v6.2.3
[01:13:09] [Server thread/INFO]: [BisectHosting] Disabling BisectHosting v1.0.4
[01:13:09] [Server thread/INFO]: [LuckPerms] Disabling LuckPerms v5.4.150
[01:13:09] [Server thread/INFO]: [LuckPerms] Starting shutdown process...
[01:13:09] [Server thread/INFO]: [LuckPerms] Closing storage...
[01:13:09] [Server thread/INFO]: [LuckPerms] Goodbye!
[01:13:09] [Server thread/INFO]: [mcMMO] Disabling mcMMO v2.2.029-SNAPSHOT
[01:13:09] [Server thread/INFO]: [mcMMO] Server shutdown has been executed, saving and cleaning up data...
[01:13:09] [Server thread/INFO]: [mcMMO] Saving mcMMOPlayers... (1)
[01:13:09] [Server thread/INFO]: [mcMMO] Finished save operation for 1 players!
[01:13:09] [Server thread/INFO]: [NameColor] Disabling NameColor v1.9
[01:13:09] [Server thread/INFO]: [NameColor] Disabled.
[01:13:09] [Server thread/INFO]: Saving players
[01:13:09] [Server thread/INFO]: Azuresty lost connection: Server closed
[01:13:09] [Server thread/INFO]: Azuresty left the game
[01:13:09] [Server thread/INFO]: Saving worlds
[01:13:09] [Server thread/INFO]: Saving chunks for level 'ServerLevel[soapSMP]'/minecraft:overworld
[01:13:09] [Server thread/INFO]: [ChunkHolderManager] Waiting 60s for chunk system to halt for world 'soapSMP'
[01:13:09] [Server thread/INFO]: [ChunkHolderManager] Halted chunk system for world 'soapSMP'
[01:13:09] [Server thread/INFO]: [ChunkHolderManager] Saving all chunkholders for world 'soapSMP'
[01:13:09] [Server thread/INFO]: [ChunkHolderManager] Saved 18 block chunks, 356 entity chunks, 0 poi chunks in world 'soapSMP' in 0.12s
[01:13:09] [Server thread/INFO]: [ChunkHolderManager] Waiting 60s for chunk I/O to halt for world 'soapSMP'
[01:13:09] [Server thread/INFO]: [ChunkHolderManager] Halted I/O scheduler for world 'soapSMP'
[01:13:09] [Server thread/INFO]: Saving chunks for level 'ServerLevel[soapSMP_nether]'/minecraft:the_nether
[01:13:09] [Server thread/INFO]: [ChunkHolderManager] Waiting 60s for chunk system to halt for world 'soapSMP_nether'
[01:13:09] [Server thread/INFO]: [ChunkHolderManager] Halted chunk system for world 'soapSMP_nether'
[01:13:09] [Server thread/INFO]: [ChunkHolderManager] Saving all chunkholders for world 'soapSMP_nether'
[01:13:09] [Server thread/INFO]: [ChunkHolderManager] Saved 0 block chunks, 9 entity chunks, 0 poi chunks in world 'soapSMP_nether' in 0.01s
[01:13:09] [Server thread/INFO]: [ChunkHolderManager] Waiting 60s for chunk I/O to halt for world 'soapSMP_nether'
[01:13:09] [Server thread/INFO]: [ChunkHolderManager] Halted I/O scheduler for world 'soapSMP_nether'
[01:13:09] [Server thread/INFO]: Saving chunks for level 'ServerLevel[soapSMP_the_end]'/minecraft:the_end
[01:13:09] [Server thread/INFO]: [ChunkHolderManager] Waiting 60s for chunk system to halt for world 'soapSMP_the_end'
[01:13:09] [Server thread/INFO]: [ChunkHolderManager] Halted chunk system for world 'soapSMP_the_end'
[01:13:09] [Server thread/INFO]: [ChunkHolderManager] Saving all chunkholders for world 'soapSMP_the_end'
[01:13:09] [Server thread/INFO]: [ChunkHolderManager] Saved 0 block chunks, 2 entity chunks, 0 poi chunks in world 'soapSMP_the_end' in 0.01s
[01:13:09] [Server thread/INFO]: [ChunkHolderManager] Waiting 60s for chunk I/O to halt for world 'soapSMP_the_end'
[01:13:09] [Server thread/INFO]: [ChunkHolderManager] Halted I/O scheduler for world 'soapSMP_the_end'
[01:13:09] [Server thread/INFO]: ThreadedAnvilChunkStorage (soapSMP): All chunks are saved
[01:13:09] [Server thread/INFO]: ThreadedAnvilChunkStorage (DIM-1): All chunks are saved
[01:13:09] [Server thread/INFO]: ThreadedAnvilChunkStorage (DIM1): All chunks are saved
[01:13:09] [Server thread/INFO]: ThreadedAnvilChunkStorage: All dimensions are saved
[01:13:09] [Server thread/INFO]: Waiting for I/O tasks to complete...
[01:13:09] [Server thread/INFO]: All I/O tasks to complete
[01:13:09] [Server thread/INFO]: [MoonriseCommon] Awaiting termination of worker pool for up to 60s...
[01:13:09] [Server thread/INFO]: [MoonriseCommon] Awaiting termination of I/O pool for up to 60s...
