[00:17:26] [Server thread/INFO]: bwjr lost connection: Disconnected
[00:17:26] [Server thread/INFO]: bwjr left the game
[00:40:39] [User Authenticator #14/INFO]: UUID of player SoapieTomato is dd8b1bf4-8364-463c-bd83-833362c06ae9
[00:40:40] [Server thread/INFO]: SoapieTomato joined the game
[00:40:40] [Server thread/INFO]: SoapieTomato[/207.5.148.5:57906] logged in with entity id 422608 at ([soapSMP]-1823.699999988079, 57.875, -883.6999999880791)
[00:40:48] [Server thread/INFO]: SoapieTomato issued server command: /gamemode creative
[00:40:48] [Server thread/INFO]: [SoapieTomato: Set own game mode to Creative Mode]
[00:40:53] [Server thread/INFO]: SoapieTomato issued server command: /trigger spawn
[00:40:53] [Server thread/INFO]: [SoapieTomato: Triggered [Spawn]]
[00:41:37] [Server thread/INFO]: SoapieTomato issued server command: /trigger home add 2
[00:41:37] [Server thread/INFO]: [SoapieTomato: Triggered [Home] (added 2 to value)]
[00:54:00] [Server thread/INFO]: SoapieTomato issued server command: /gamemode survival
[00:54:00] [Server thread/INFO]: [SoapieTomato: Set own game mode to Survival Mode]
[00:54:08] [Server thread/INFO]: SoapieTomato lost connection: Disconnected
[00:54:08] [Server thread/INFO]: SoapieTomato left the game
[06:51:48] [Server thread/INFO]: [Not Secure] [Server] Server will be restarting in 30 minutes.
[07:06:48] [Server thread/INFO]: [Not Secure] [Server] Server will be restarting in 15 minutes.
[07:16:48] [Server thread/INFO]: [Not Secure] [Server] Server will be restarting in 5 minutes.
[07:20:50] [Server thread/INFO]: [Not Secure] [Server] Server will be restarting in 1 minute.
[07:21:52] [Server thread/INFO]: Stopping the server
[07:21:52] [Server thread/INFO]: Stopping server
[07:21:52] [Server thread/INFO]: [SetHome] Disabling SetHome v6.2.3
[07:21:52] [Server thread/INFO]: [BisectHosting] Disabling BisectHosting v1.0.4
[07:21:52] [Server thread/INFO]: [LuckPerms] Disabling LuckPerms v5.4.150
[07:21:52] [Server thread/INFO]: [LuckPerms] Starting shutdown process...
[07:21:52] [Server thread/INFO]: [LuckPerms] Closing storage...
[07:21:52] [Server thread/INFO]: [LuckPerms] Goodbye!
[07:21:52] [Server thread/INFO]: [mcMMO] Disabling mcMMO v2.2.029-SNAPSHOT
[07:21:52] [Server thread/INFO]: [mcMMO] Server shutdown has been executed, saving and cleaning up data...
[07:21:52] [Server thread/INFO]: [mcMMO] Saving mcMMOPlayers... (0)
[07:21:52] [Server thread/INFO]: [mcMMO] Finished save operation for 0 players!
[07:21:52] [Server thread/INFO]: [NameColor] Disabling NameColor v1.9
[07:21:52] [Server thread/INFO]: [NameColor] Disabled.
[07:21:52] [Server thread/INFO]: Saving players
[07:21:52] [Server thread/INFO]: Saving worlds
[07:21:52] [Server thread/INFO]: Saving chunks for level 'ServerLevel[soapSMP]'/minecraft:overworld
[07:21:52] [Server thread/INFO]: [ChunkHolderManager] Waiting 60s for chunk system to halt for world 'soapSMP'
[07:21:52] [Server thread/INFO]: [ChunkHolderManager] Halted chunk system for world 'soapSMP'
[07:21:52] [Server thread/INFO]: [ChunkHolderManager] Saving all chunkholders for world 'soapSMP'
[07:21:52] [Server thread/INFO]: [ChunkHolderManager] Saved 6 block chunks, 308 entity chunks, 0 poi chunks in world 'soapSMP' in 0.12s
[07:21:52] [Server thread/INFO]: [ChunkHolderManager] Waiting 60s for chunk I/O to halt for world 'soapSMP'
[07:21:52] [Server thread/INFO]: [ChunkHolderManager] Halted I/O scheduler for world 'soapSMP'
[07:21:53] [Server thread/INFO]: Saving chunks for level 'ServerLevel[soapSMP_nether]'/minecraft:the_nether
[07:21:53] [Server thread/INFO]: [ChunkHolderManager] Waiting 60s for chunk system to halt for world 'soapSMP_nether'
[07:21:53] [Server thread/INFO]: [ChunkHolderManager] Halted chunk system for world 'soapSMP_nether'
[07:21:53] [Server thread/INFO]: [ChunkHolderManager] Saving all chunkholders for world 'soapSMP_nether'
[07:21:53] [Server thread/INFO]: [ChunkHolderManager] Saved 0 block chunks, 10 entity chunks, 0 poi chunks in world 'soapSMP_nether' in 0.01s
[07:21:53] [Server thread/INFO]: [ChunkHolderManager] Waiting 60s for chunk I/O to halt for world 'soapSMP_nether'
[07:21:53] [Server thread/INFO]: [ChunkHolderManager] Halted I/O scheduler for world 'soapSMP_nether'
[07:21:53] [Server thread/INFO]: Saving chunks for level 'ServerLevel[soapSMP_the_end]'/minecraft:the_end
[07:21:53] [Server thread/INFO]: [ChunkHolderManager] Waiting 60s for chunk system to halt for world 'soapSMP_the_end'
[07:21:53] [Server thread/INFO]: [ChunkHolderManager] Halted chunk system for world 'soapSMP_the_end'
[07:21:53] [Server thread/INFO]: [ChunkHolderManager] Saving all chunkholders for world 'soapSMP_the_end'
[07:21:53] [Server thread/INFO]: [ChunkHolderManager] Saved 0 block chunks, 2 entity chunks, 0 poi chunks in world 'soapSMP_the_end' in 0.01s
[07:21:53] [Server thread/INFO]: [ChunkHolderManager] Waiting 60s for chunk I/O to halt for world 'soapSMP_the_end'
[07:21:53] [Server thread/INFO]: [ChunkHolderManager] Halted I/O scheduler for world 'soapSMP_the_end'
[07:21:53] [Server thread/INFO]: ThreadedAnvilChunkStorage (soapSMP): All chunks are saved
[07:21:53] [Server thread/INFO]: ThreadedAnvilChunkStorage (DIM-1): All chunks are saved
[07:21:53] [Server thread/INFO]: ThreadedAnvilChunkStorage (DIM1): All chunks are saved
[07:21:53] [Server thread/INFO]: ThreadedAnvilChunkStorage: All dimensions are saved
[07:21:53] [Server thread/INFO]: Waiting for I/O tasks to complete...
[07:21:53] [Server thread/INFO]: All I/O tasks to complete
[07:21:53] [Server thread/INFO]: [MoonriseCommon] Awaiting termination of worker pool for up to 60s...
[07:21:53] [Server thread/INFO]: [MoonriseCommon] Awaiting termination of I/O pool for up to 60s...
