[00:00:05] [Server thread/INFO]: shadowvyce issued server command: /huskhomes:back
[00:01:09] [Async Chat Thread - #48/INFO]: <SirRabbit_> can redstone power through stairs?
[00:01:13] [Async Chat Thread - #48/INFO]: <LunaMaiden> nawr it cant
[00:01:16] [Async Chat Thread - #48/INFO]: <LunaMaiden> just like slabs
[00:01:17] [Async Chat Thread - #48/INFO]: <SirRabbit_> rippp
[00:01:19] [Async Chat Thread - #48/INFO]: <LunaMaiden> they both transparent blocks
[00:01:27] [Async Chat Thread - #48/INFO]: <LunaMaiden> its actaully crazy useful
[00:01:29] [Async Chat Thread - #48/INFO]: <SirRabbit_> v rude
[00:01:32] [Async Chat Thread - #48/INFO]: <SirRabbit_> wait really
[00:01:41] [Async Chat Thread - #48/INFO]: <LunaMaiden> since you can put redstone on top and they wont power blocks below it
[00:01:48] [Async Chat Thread - #48/INFO]: <SirRabbit_> ahh
[00:02:06] [Server thread/INFO]: shadowvyce issued server command: /home 1
[00:02:25] [Server thread/INFO]: shadowvyce issued server command: /home 1
[00:02:34] [Server thread/INFO]: shadowvyce issued server command: /home 3
[00:05:16] [Server thread/INFO]: SoapieTomato issued server command: /home oresmelt
[00:05:37] [Server thread/INFO]: SoapieTomato issued server command: /back
[00:12:26] [Server thread/INFO]: SoapieTomato issued server command: /home oresmelt
[00:13:30] [Server thread/INFO]: shadowvyce issued server command: /home 1
[00:13:44] [Server thread/INFO]: shadowvyce issued server command: /home 3
[00:14:37] [Server thread/INFO]: SoapieTomato issued server command: /mctop
[00:16:11] [Server thread/INFO]: SoapieTomato issued server command: /mcstats
[00:16:15] [Server thread/INFO]: SoapieTomato issued server command: /,ctp[
[00:16:16] [Server thread/INFO]: SoapieTomato issued server command: /mctop
[00:18:10] [Server thread/INFO]: SoapieTomato issued server command: /gamemode spectator
[00:18:10] [Server thread/INFO]: [SoapieTomato: Set own game mode to Spectator Mode]
[00:18:38] [Server thread/INFO]: SoapieTomato issued server command: /gamemode survival
[00:18:38] [Server thread/INFO]: [SoapieTomato: Set own game mode to Survival Mode]
[00:19:10] [Server thread/INFO]: (mcMMO) LunaMaiden has reached level 400 in REPAIR!
[00:19:17] [Server thread/INFO]: SoapieTomato issued server command: /repair
[00:19:42] [Server thread/INFO]: shadowvyce issued server command: /home 1
[00:20:12] [Server thread/INFO]: shadowvyce issued server command: /home 3
[00:24:39] [Server thread/INFO]: shadowvyce issued server command: /home 1
[00:25:36] [Server thread/INFO]: shadowvyce issued server command: /home 3
[00:26:34] [Async Chat Thread - #50/INFO]: <SirRabbit_> meoew mewo wanna see theater updates?
[00:26:39] [Async Chat Thread - #51/INFO]: <LunaMaiden> omg omg
[00:26:40] [Server thread/INFO]: SoapieTomato issued server command: /tpa SirRabbit_
[00:26:45] [Server thread/INFO]: SirRabbit_ issued server command: /huskhomes:tpaccept SoapieTomato
[00:26:49] [Async Chat Thread - #51/INFO]: <LunaMaiden> oooh
[00:26:53] [Async Chat Thread - #51/INFO]: <LunaMaiden> I love the balconies
[00:26:58] [Async Chat Thread - #51/INFO]: <LunaMaiden> this is so sla
[00:27:02] [Async Chat Thread - #50/INFO]: <SirRabbit_> thank u thank u
[00:27:07] [Async Chat Thread - #50/INFO]: <SirRabbit_> still gotta do lobby n backstage
[00:27:24] [Async Chat Thread - #50/INFO]: <LunaMaiden> but still this is enough to do little productiosn
[00:27:30] [Async Chat Thread - #50/INFO]: <LunaMaiden> omg, gonna make a crew section?
[00:27:35] [Async Chat Thread - #50/INFO]: <SirRabbit_> yeyeyey
[00:27:44] [Async Chat Thread - #51/INFO]: <SirRabbit_> i wanna hvae some redstone contols over lights n stuff
[00:27:48] [Async Chat Thread - #50/INFO]: <LunaMaiden> oooh
[00:27:54] [Async Chat Thread - #50/INFO]: <LunaMaiden> also should have costumes for people to change
[00:28:05] [Async Chat Thread - #50/INFO]: <SirRabbit_> :OOOOO little armor stands w heads n wutnot
[00:28:16] [Async Chat Thread - #50/INFO]: <LunaMaiden> yeye, could be pretty quick
[00:28:38] [Async Chat Thread - #51/INFO]: <LunaMaiden> I think theres an admin way to hide peoples nametags aswell so it could be much more like changing the costume changes the character
[00:28:45] [Server thread/INFO]: SoapieTomato issued server command: /back
[00:28:55] [Async Chat Thread - #51/INFO]: <SirRabbit_> ooooooo that could be cool
[00:29:24] [Server thread/INFO]: SoapieTomato issued server command: /gamemode spectator
[00:29:24] [Server thread/INFO]: [SoapieTomato: Set own game mode to Spectator Mode]
[00:29:29] [Server thread/INFO]: (mcMMO) LunaMaiden has reached a Power level of 5,600!
[00:29:47] [Server thread/INFO]: SoapieTomato issued server command: /gamemode survival
[00:29:47] [Server thread/INFO]: [SoapieTomato: Set own game mode to Survival Mode]
[00:29:49] [Server thread/INFO]: SoapieTomato issued server command: /gamemode spectator
[00:29:49] [Server thread/INFO]: [SoapieTomato: Set own game mode to Spectator Mode]
[00:29:52] [Server thread/INFO]: SoapieTomato issued server command: /gamemode survival
[00:29:52] [Server thread/INFO]: [SoapieTomato: Set own game mode to Survival Mode]
[00:29:54] [Server thread/INFO]: SoapieTomato issued server command: /gamemode spectator
[00:29:54] [Server thread/INFO]: [SoapieTomato: Set own game mode to Spectator Mode]
[00:29:57] [Server thread/INFO]: SoapieTomato issued server command: /gamemode survival
[00:29:57] [Server thread/INFO]: [SoapieTomato: Set own game mode to Survival Mode]
[00:34:46] [Server thread/INFO]: shadowvyce issued server command: /home 1
[00:34:50] [Server thread/INFO]: SoapieTomato issued server command: /mctop REPAIR
[00:37:05] [Server thread/INFO]: SirRabbit_ issued server command: /tpa shadowvyce
[00:37:15] [Server thread/INFO]: SirRabbit_ issued server command: /gamemode survival
[00:37:15] [Server thread/INFO]: [SirRabbit_: Set own game mode to Survival Mode]
[00:37:16] [Server thread/INFO]: shadowvyce issued server command: /home 3
[00:37:20] [Server thread/INFO]: shadowvyce issued server command: /huskhomes:tpaccept SirRabbit_
[00:39:06] [Server thread/INFO]: SirRabbit_ issued server command: /back
[00:39:21] [Server thread/INFO]: shadowvyce issued server command: /tpa
[00:39:29] [Server thread/INFO]: shadowvyce issued server command: /tpa SirRabbit_
[00:39:33] [Server thread/INFO]: SirRabbit_ issued server command: /huskhomes:tpaccept shadowvyce
[00:42:28] [Server thread/INFO]: SirRabbit_ issued server command: /give shadowvyce minecraft:oak_wood 64
[00:42:28] [Server thread/INFO]: [SirRabbit_: Gave 64 [Oak Wood] to shadowvyce]
[00:42:49] [Async Chat Thread - #52/INFO]: <SirRabbit_> gn gn
[00:42:54] [Async Chat Thread - #52/INFO]: <LunaMaiden> ngngng
[00:42:57] [Async Chat Thread - #52/INFO]: <SirRabbit_> ((also isnt it midnight girl what))
[00:42:59] [Async Chat Thread - #52/INFO]: <SirRabbit_> o//
[00:43:00] [Async Chat Thread - #52/INFO]: <LunaMaiden> shhh
[00:43:01] [Server thread/INFO]: SirRabbit_ lost connection: Disconnected
[00:43:01] [Server thread/INFO]: SirRabbit_ left the game
[00:43:14] [Server thread/INFO]: shadowvyce issued server command: /home 1
[00:43:20] [Server thread/INFO]: shadowvyce lost connection: Disconnected
[00:43:20] [Server thread/INFO]: shadowvyce left the game
[00:48:38] [Server thread/INFO]: SoapieTomato issued server command: /gamemode spectator
[00:48:38] [Server thread/INFO]: [SoapieTomato: Set own game mode to Spectator Mode]
[00:48:47] [Server thread/INFO]: SoapieTomato issued server command: /gamemode survival
[00:48:47] [Server thread/INFO]: [SoapieTomato: Set own game mode to Survival Mode]
[00:54:12] [Server thread/INFO]: (mcMMO) LunaMaiden has reached level 500 in REPAIR!
[00:54:32] [Server thread/INFO]: SoapieTomato issued server command: /repair
[00:54:42] [Server thread/INFO]: SoapieTomato issued server command: /salvage
[00:55:23] [Server thread/INFO]: (mcMMO) LunaMaiden has reached a Power level of 5,700!
[01:00:04] [Server thread/INFO]: SoapieTomato issued server command: /mctop
[01:00:08] [Server thread/INFO]: SoapieTomato issued server command: /smelting
[01:21:31] [Server thread/INFO]: SoapieTomato issued server command: /gamemode spectator
[01:21:31] [Server thread/INFO]: [SoapieTomato: Set own game mode to Spectator Mode]
[01:21:34] [Server thread/INFO]: SoapieTomato issued server command: /gamemode survival
[01:21:34] [Server thread/INFO]: [SoapieTomato: Set own game mode to Survival Mode]
[01:22:03] [Server thread/INFO]: SoapieTomato issued server command: /home oresmelt
[01:22:06] [Server thread/INFO]: SoapieTomato lost connection: Disconnected
[01:22:06] [Server thread/INFO]: SoapieTomato left the game
[06:54:28] [Server thread/INFO]: [Not Secure] [Server] Server will be restarting in 30 minutes.
[07:09:28] [Server thread/INFO]: [Not Secure] [Server] Server will be restarting in 15 minutes.
[07:19:29] [Server thread/INFO]: [Not Secure] [Server] Server will be restarting in 5 minutes.
[07:23:31] [Server thread/INFO]: [Not Secure] [Server] Server will be restarting in 1 minute.
[07:24:34] [Server thread/INFO]: Stopping the server
[07:24:34] [Server thread/INFO]: Stopping server
[07:24:35] [Server thread/INFO]: [HuskHomes] Disabling HuskHomes v4.8.3
[07:24:35] [Server thread/INFO]: [HuskHomes] Disabling HuskHomes v4.8.3...
[07:24:35] [Server thread/INFO]: [HuskHomes] Successfully disabled HuskHomes v4.8.3
[07:24:35] [Server thread/INFO]: [ArmorPoser] Disabling ArmorPoser v1.1.0
[07:24:35] [Server thread/INFO]: [BisectHosting] Disabling BisectHosting v1.0.4
[07:24:35] [Server thread/INFO]: [CamelStatsPlugin] Disabling CamelStatsPlugin v1.0
[07:24:35] [Server thread/INFO]: [CamelStatsPlugin] CamelStatsPlugin has been disabled.
[07:24:35] [Server thread/INFO]: [mcMMO] Disabling mcMMO v2.2.029-SNAPSHOT
[07:24:35] [Server thread/INFO]: [mcMMO] Server shutdown has been executed, saving and cleaning up data...
[07:24:35] [Server thread/INFO]: [mcMMO] Saving mcMMOPlayers... (0)
[07:24:35] [Server thread/INFO]: [mcMMO] Finished save operation for 0 players!
[07:24:35] [Server thread/INFO]: [NameColor] Disabling NameColor v1.9
[07:24:35] [Server thread/INFO]: [NameColor] Disabled.
[07:24:35] [Server thread/INFO]: [dynmap] Disabling dynmap v3.7-beta-7-Dev
[07:24:35] [Server thread/INFO]: [dynmap] Unloaded 11 components.
[07:24:35] [Server thread/INFO]: [dynmap] Stopping map renderer...
[07:24:36] [Server thread/INFO]: [dynmap] Saved 3 pending tile renders in world 'soapSMP'
[07:24:36] [Server thread/INFO]: [dynmap] Disabled
[07:24:36] [Server thread/INFO]: [LuckPerms] Disabling LuckPerms v5.4.150
[07:24:36] [Server thread/INFO]: [LuckPerms] Starting shutdown process...
[07:24:36] [Server thread/INFO]: [LuckPerms] Closing storage...
[07:24:36] [Server thread/INFO]: [LuckPerms] Goodbye!
[07:24:36] [Server thread/INFO]: Saving players
[07:24:36] [Server thread/INFO]: Saving worlds
[07:24:36] [Server thread/INFO]: Saving chunks for level 'ServerLevel[soapSMP]'/minecraft:overworld
[07:24:36] [Server thread/INFO]: [ChunkHolderManager] Waiting 60s for chunk system to halt for world 'soapSMP'
[07:24:36] [Server thread/INFO]: [ChunkHolderManager] Halted chunk system for world 'soapSMP'
[07:24:36] [Server thread/INFO]: [ChunkHolderManager] Saving all chunkholders for world 'soapSMP'
[07:24:36] [Server thread/INFO]: [ChunkHolderManager] Saved 6 block chunks, 374 entity chunks, 0 poi chunks in world 'soapSMP' in 0.36s
[07:24:36] [Server thread/INFO]: [ChunkHolderManager] Waiting 60s for chunk I/O to halt for world 'soapSMP'
[07:24:36] [Server thread/INFO]: [ChunkHolderManager] Halted I/O scheduler for world 'soapSMP'
[07:24:36] [Server thread/INFO]: Saving chunks for level 'ServerLevel[soapSMP_nether]'/minecraft:the_nether
[07:24:36] [Server thread/INFO]: [ChunkHolderManager] Waiting 60s for chunk system to halt for world 'soapSMP_nether'
[07:24:36] [Server thread/INFO]: [ChunkHolderManager] Halted chunk system for world 'soapSMP_nether'
[07:24:36] [Server thread/INFO]: [ChunkHolderManager] Saving all chunkholders for world 'soapSMP_nether'
[07:24:36] [Server thread/INFO]: [ChunkHolderManager] Saved 0 block chunks, 3 entity chunks, 0 poi chunks in world 'soapSMP_nether' in 0.01s
[07:24:36] [Server thread/INFO]: [ChunkHolderManager] Waiting 60s for chunk I/O to halt for world 'soapSMP_nether'
[07:24:36] [Server thread/INFO]: [ChunkHolderManager] Halted I/O scheduler for world 'soapSMP_nether'
[07:24:36] [Server thread/INFO]: Saving chunks for level 'ServerLevel[soapSMP_the_end]'/minecraft:the_end
[07:24:36] [Server thread/INFO]: [ChunkHolderManager] Waiting 60s for chunk system to halt for world 'soapSMP_the_end'
[07:24:36] [Server thread/INFO]: [ChunkHolderManager] Halted chunk system for world 'soapSMP_the_end'
[07:24:36] [Server thread/INFO]: [ChunkHolderManager] Saving all chunkholders for world 'soapSMP_the_end'
[07:24:36] [Server thread/INFO]: [ChunkHolderManager] Saved 0 block chunks, 2 entity chunks, 0 poi chunks in world 'soapSMP_the_end' in 0.01s
[07:24:36] [Server thread/INFO]: [ChunkHolderManager] Waiting 60s for chunk I/O to halt for world 'soapSMP_the_end'
[07:24:36] [Server thread/INFO]: [ChunkHolderManager] Halted I/O scheduler for world 'soapSMP_the_end'
[07:24:36] [Server thread/INFO]: ThreadedAnvilChunkStorage (soapSMP): All chunks are saved
[07:24:36] [Server thread/INFO]: ThreadedAnvilChunkStorage (DIM-1): All chunks are saved
[07:24:36] [Server thread/INFO]: ThreadedAnvilChunkStorage (DIM1): All chunks are saved
[07:24:36] [Server thread/INFO]: ThreadedAnvilChunkStorage: All dimensions are saved
[07:24:36] [Server thread/INFO]: Waiting for I/O tasks to complete...
[07:24:36] [Server thread/INFO]: All I/O tasks to complete
[07:24:36] [Server thread/INFO]: [MoonriseCommon] Awaiting termination of worker pool for up to 60s...
[07:24:36] [Server thread/INFO]: [MoonriseCommon] Awaiting termination of I/O pool for up to 60s...
