[00:03:21] [Server thread/INFO]: shadowvyce issued server command: /trigger home set 3
[00:03:21] [Server thread/INFO]: [shadowvyce: Triggered [Home] (set value to 3)]
[00:04:23] [Server thread/INFO]: shadowvyce issued server command: /trigger sethome add 4
[00:04:23] [Server thread/INFO]: [shadowvyce: Triggered [Set Home] (added 4 to value)]
[00:04:35] [Server thread/INFO]: shadowvyce issued server command: /sethome 3
[00:04:50] [Server thread/INFO]: shadowvyce issued server command: /trigger home set 3
[00:04:50] [Server thread/INFO]: [shadowvyce: Triggered [Home] (set value to 3)]
[00:05:08] [Server thread/INFO]: shadowvyce issued server command: /trigger home set 4
[00:05:08] [Server thread/INFO]: [shadowvyce: Triggered [Home] (set value to 4)]
[00:05:25] [Server thread/INFO]: TheUndead_Cat issued server command: /home ruins
[00:06:55] [Server thread/INFO]: shadowvyce issued server command: /home 1
[00:07:22] [Server thread/INFO]: shadowvyce issued server command: /homelist
[00:07:30] [Server thread/INFO]: shadowvyce issued server command: /home 3
[00:07:43] [Server thread/INFO]: shadowvyce issued server command: /trigger home set 1
[00:07:43] [Server thread/INFO]: [shadowvyce: Triggered [Home] (set value to 1)]
[00:07:49] [Server thread/INFO]: shadowvyce issued server command: /sethome 1
[00:07:56] [Server thread/INFO]: shadowvyce issued server command: /trigger home set 2
[00:07:56] [Server thread/INFO]: [shadowvyce: Triggered [Home] (set value to 2)]
[00:08:05] [Server thread/INFO]: shadowvyce issued server command: /sethome 2
[00:08:12] [Server thread/INFO]: shadowvyce issued server command: /home
[00:08:22] [Server thread/INFO]: shadowvyce issued server command: /home 1
[00:09:11] [Server thread/INFO]: shadowvyce lost connection: Disconnected
[00:09:11] [Server thread/INFO]: shadowvyce left the game
[00:19:38] [Server thread/INFO]: TheUndead_Cat lost connection: Disconnected
[00:19:38] [Server thread/INFO]: TheUndead_Cat left the game
[00:43:29] [User Authenticator #25/INFO]: UUID of player TheUndead_Cat is aad07af3-16ea-4dba-aeed-8d719e5b895d
[00:43:29] [Server thread/INFO]: TheUndead_Cat joined the game
[00:43:29] [Server thread/INFO]: TheUndead_Cat[/174.29.126.17:60867] logged in with entity id 746411 at ([soapSMP]-305.69999998807907, 109.0, 1139.4096112648904)
[00:46:53] [Server thread/INFO]: TheUndead_Cat lost connection: Disconnected
[00:46:53] [Server thread/INFO]: TheUndead_Cat left the game
[05:09:45] [User Authenticator #26/INFO]: UUID of player TheUndead_Cat is aad07af3-16ea-4dba-aeed-8d719e5b895d
[05:09:45] [Server thread/INFO]: TheUndead_Cat joined the game
[05:09:45] [Server thread/INFO]: TheUndead_Cat[/174.29.126.17:61528] logged in with entity id 747234 at ([soapSMP]-305.69999998807907, 109.0, 1139.4096112648904)
[05:10:41] [Server thread/INFO]: TheUndead_Cat lost connection: Disconnected
[05:10:41] [Server thread/INFO]: TheUndead_Cat left the game
[05:10:42] [User Authenticator #26/INFO]: UUID of player TheUndead_Cat is aad07af3-16ea-4dba-aeed-8d719e5b895d
[05:10:43] [Server thread/INFO]: TheUndead_Cat joined the game
[05:10:43] [Server thread/INFO]: TheUndead_Cat[/174.29.126.17:61953] logged in with entity id 747438 at ([soapSMP]-305.69999998807907, 109.0, 1139.4096112648904)
[05:14:50] [Server thread/INFO]: TheUndead_Cat issued server command: /mctop axes
[05:15:01] [Server thread/INFO]: TheUndead_Cat issued server command: /
[05:46:09] [Server thread/INFO]: TheUndead_Cat issued server command: /mctop mining
[05:58:16] [Server thread/INFO]: TheUndead_Cat lost connection: Disconnected
[05:58:16] [Server thread/INFO]: TheUndead_Cat left the game
[06:53:11] [Server thread/INFO]: [Not Secure] [Server] Server will be restarting in 30 minutes.
[07:08:11] [Server thread/INFO]: [Not Secure] [Server] Server will be restarting in 15 minutes.
[07:18:11] [Server thread/INFO]: [Not Secure] [Server] Server will be restarting in 5 minutes.
[07:22:11] [Server thread/INFO]: [Not Secure] [Server] Server will be restarting in 1 minute.
[07:23:11] [Server thread/INFO]: Stopping the server
[07:23:11] [Server thread/INFO]: Stopping server
[07:23:11] [Server thread/INFO]: [HuskHomes] Disabling HuskHomes v4.8.3
[07:23:11] [Server thread/INFO]: [HuskHomes] Disabling HuskHomes v4.8.3...
[07:23:11] [Server thread/INFO]: [HuskHomes] Successfully disabled HuskHomes v4.8.3
[07:23:11] [Server thread/INFO]: [ArmorPoser] Disabling ArmorPoser v1.1.0
[07:23:11] [Server thread/INFO]: [BisectHosting] Disabling BisectHosting v1.0.4
[07:23:11] [Server thread/INFO]: [mcMMO] Disabling mcMMO v2.2.029-SNAPSHOT
[07:23:11] [Server thread/INFO]: [mcMMO] Server shutdown has been executed, saving and cleaning up data...
[07:23:11] [Server thread/INFO]: [mcMMO] Saving mcMMOPlayers... (0)
[07:23:11] [Server thread/INFO]: [mcMMO] Finished save operation for 0 players!
[07:23:12] [Server thread/INFO]: [NameColor] Disabling NameColor v1.9
[07:23:12] [Server thread/INFO]: [NameColor] Disabled.
[07:23:12] [Server thread/INFO]: [dynmap] Disabling dynmap v3.7-beta-7-Dev
[07:23:12] [Server thread/INFO]: [dynmap] Unloaded 11 components.
[07:23:12] [Server thread/INFO]: [dynmap] Stopping map renderer...
[07:23:13] [Server thread/INFO]: [dynmap] Disabled
[07:23:13] [Server thread/INFO]: [LuckPerms] Disabling LuckPerms v5.4.150
[07:23:13] [Server thread/INFO]: [LuckPerms] Starting shutdown process...
[07:23:13] [Server thread/INFO]: [LuckPerms] Closing storage...
[07:23:13] [Server thread/INFO]: [LuckPerms] Goodbye!
[07:23:13] [Server thread/INFO]: Saving players
[07:23:13] [Server thread/INFO]: Saving worlds
[07:23:13] [Server thread/INFO]: Saving chunks for level 'ServerLevel[soapSMP]'/minecraft:overworld
[07:23:13] [Server thread/INFO]: [ChunkHolderManager] Waiting 60s for chunk system to halt for world 'soapSMP'
[07:23:13] [Server thread/INFO]: [ChunkHolderManager] Halted chunk system for world 'soapSMP'
[07:23:13] [Server thread/INFO]: [ChunkHolderManager] Saving all chunkholders for world 'soapSMP'
[07:23:13] [Server thread/INFO]: [ChunkHolderManager] Saved 18 block chunks, 412 entity chunks, 1 poi chunks in world 'soapSMP' in 0.48s
[07:23:13] [Server thread/INFO]: [ChunkHolderManager] Waiting 60s for chunk I/O to halt for world 'soapSMP'
[07:23:13] [Server thread/INFO]: [ChunkHolderManager] Halted I/O scheduler for world 'soapSMP'
[07:23:14] [Server thread/INFO]: Saving chunks for level 'ServerLevel[soapSMP_nether]'/minecraft:the_nether
[07:23:14] [Server thread/INFO]: [ChunkHolderManager] Waiting 60s for chunk system to halt for world 'soapSMP_nether'
[07:23:14] [Server thread/INFO]: [ChunkHolderManager] Halted chunk system for world 'soapSMP_nether'
[07:23:14] [Server thread/INFO]: [ChunkHolderManager] Saving all chunkholders for world 'soapSMP_nether'
[07:23:14] [Server thread/INFO]: [ChunkHolderManager] Saved 0 block chunks, 58 entity chunks, 0 poi chunks in world 'soapSMP_nether' in 0.03s
[07:23:14] [Server thread/INFO]: [ChunkHolderManager] Waiting 60s for chunk I/O to halt for world 'soapSMP_nether'
[07:23:14] [Server thread/INFO]: [ChunkHolderManager] Halted I/O scheduler for world 'soapSMP_nether'
[07:23:14] [Server thread/INFO]: Saving chunks for level 'ServerLevel[soapSMP_the_end]'/minecraft:the_end
[07:23:14] [Server thread/INFO]: [ChunkHolderManager] Waiting 60s for chunk system to halt for world 'soapSMP_the_end'
[07:23:14] [Server thread/INFO]: [ChunkHolderManager] Halted chunk system for world 'soapSMP_the_end'
[07:23:14] [Server thread/INFO]: [ChunkHolderManager] Saving all chunkholders for world 'soapSMP_the_end'
[07:23:14] [Server thread/INFO]: [ChunkHolderManager] Saved 0 block chunks, 2 entity chunks, 0 poi chunks in world 'soapSMP_the_end' in 0.01s
[07:23:14] [Server thread/INFO]: [ChunkHolderManager] Waiting 60s for chunk I/O to halt for world 'soapSMP_the_end'
[07:23:14] [Server thread/INFO]: [ChunkHolderManager] Halted I/O scheduler for world 'soapSMP_the_end'
[07:23:14] [Server thread/INFO]: ThreadedAnvilChunkStorage (soapSMP): All chunks are saved
[07:23:14] [Server thread/INFO]: ThreadedAnvilChunkStorage (DIM-1): All chunks are saved
[07:23:14] [Server thread/INFO]: ThreadedAnvilChunkStorage (DIM1): All chunks are saved
[07:23:14] [Server thread/INFO]: ThreadedAnvilChunkStorage: All dimensions are saved
[07:23:14] [Server thread/INFO]: Waiting for I/O tasks to complete...
[07:23:14] [Server thread/INFO]: All I/O tasks to complete
[07:23:14] [Server thread/INFO]: [MoonriseCommon] Awaiting termination of worker pool for up to 60s...
[07:23:14] [Server thread/INFO]: [MoonriseCommon] Awaiting termination of I/O pool for up to 60s...
