[07:23:27] [ServerMain/INFO]: [bootstrap] Running Java 21 (OpenJDK 64-Bit Server VM 21.0.4+7-LTS; Eclipse Adoptium Temurin-21.0.4+7) on Linux 5.15.0-75-generic (amd64)
[07:23:27] [ServerMain/INFO]: [bootstrap] Loading Paper 1.21.4-14-master@b746d9d (2024-12-11T21:22:39Z) for Minecraft 1.21.4
[07:23:27] [ServerMain/INFO]: [PluginInitializerManager] Initializing plugins...
[07:23:28] [ServerMain/WARN]: [org.eclipse.aether.internal.impl.synccontext.named.DiscriminatingNameMapper] Failed to get hostname, using 'localhost'
java.net.UnknownHostException: a7d1b4f2-34d0-4e31-ad29-895355b97a40: a7d1b4f2-34d0-4e31-ad29-895355b97a40: Name or service not known
	at java.base/java.net.InetAddress.getLocalHost(InetAddress.java:1936) ~[?:?]
	at org.eclipse.aether.internal.impl.synccontext.named.DiscriminatingNameMapper.getHostname(DiscriminatingNameMapper.java:90) ~[maven-resolver-impl-1.9.18.jar:1.9.18]
	at org.eclipse.aether.internal.impl.synccontext.named.DiscriminatingNameMapper.<init>(DiscriminatingNameMapper.java:69) ~[maven-resolver-impl-1.9.18.jar:1.9.18]
	at org.eclipse.aether.internal.impl.synccontext.named.NameMappers.discriminatingNameMapper(NameMappers.java:68) ~[maven-resolver-impl-1.9.18.jar:1.9.18]
	at org.eclipse.aether.internal.impl.synccontext.named.NamedLockFactoryAdapterFactoryImpl.getManuallyCreatedNameMappers(NamedLockFactoryAdapterFactoryImpl.java:78) ~[maven-resolver-impl-1.9.18.jar:1.9.18]
	at org.eclipse.aether.internal.impl.synccontext.named.NamedLockFactoryAdapterFactoryImpl.<init>(NamedLockFactoryAdapterFactoryImpl.java:107) ~[maven-resolver-impl-1.9.18.jar:1.9.18]
	at java.base/jdk.internal.reflect.DirectConstructorHandleAccessor.newInstance(DirectConstructorHandleAccessor.java:62) ~[?:?]
	at java.base/java.lang.reflect.Constructor.newInstanceWithCaller(Constructor.java:502) ~[?:?]
	at java.base/java.lang.reflect.Constructor.newInstance(Constructor.java:486) ~[?:?]
	at org.eclipse.aether.impl.DefaultServiceLocator$Entry.newInstance(DefaultServiceLocator.java:159) ~[maven-resolver-impl-1.9.18.jar:1.9.18]
	at org.eclipse.aether.impl.DefaultServiceLocator$Entry.getInstances(DefaultServiceLocator.java:140) ~[maven-resolver-impl-1.9.18.jar:1.9.18]
	at org.eclipse.aether.impl.DefaultServiceLocator$Entry.getInstance(DefaultServiceLocator.java:130) ~[maven-resolver-impl-1.9.18.jar:1.9.18]
	at org.eclipse.aether.impl.DefaultServiceLocator.getService(DefaultServiceLocator.java:271) ~[maven-resolver-impl-1.9.18.jar:1.9.18]
	at org.eclipse.aether.internal.impl.synccontext.DefaultSyncContextFactory.initService(DefaultSyncContextFactory.java:68) ~[maven-resolver-impl-1.9.18.jar:1.9.18]
	at org.eclipse.aether.impl.DefaultServiceLocator$Entry.newInstance(DefaultServiceLocator.java:163) ~[maven-resolver-impl-1.9.18.jar:1.9.18]
	at org.eclipse.aether.impl.DefaultServiceLocator$Entry.getInstances(DefaultServiceLocator.java:140) ~[maven-resolver-impl-1.9.18.jar:1.9.18]
	at org.eclipse.aether.impl.DefaultServiceLocator$Entry.getInstance(DefaultServiceLocator.java:130) ~[maven-resolver-impl-1.9.18.jar:1.9.18]
	at org.eclipse.aether.impl.DefaultServiceLocator.getService(DefaultServiceLocator.java:271) ~[maven-resolver-impl-1.9.18.jar:1.9.18]
	at org.eclipse.aether.internal.impl.DefaultMetadataResolver.initService(DefaultMetadataResolver.java:123) ~[maven-resolver-impl-1.9.18.jar:1.9.18]
	at org.eclipse.aether.impl.DefaultServiceLocator$Entry.newInstance(DefaultServiceLocator.java:163) ~[maven-resolver-impl-1.9.18.jar:1.9.18]
	at org.eclipse.aether.impl.DefaultServiceLocator$Entry.getInstances(DefaultServiceLocator.java:140) ~[maven-resolver-impl-1.9.18.jar:1.9.18]
	at org.eclipse.aether.impl.DefaultServiceLocator$Entry.getInstance(DefaultServiceLocator.java:130) ~[maven-resolver-impl-1.9.18.jar:1.9.18]
	at org.eclipse.aether.impl.DefaultServiceLocator.getService(DefaultServiceLocator.java:271) ~[maven-resolver-impl-1.9.18.jar:1.9.18]
	at org.apache.maven.repository.internal.DefaultVersionResolver.initService(DefaultVersionResolver.java:106) ~[maven-resolver-provider-3.9.6.jar:3.9.6]
	at org.eclipse.aether.impl.DefaultServiceLocator$Entry.newInstance(DefaultServiceLocator.java:163) ~[maven-resolver-impl-1.9.18.jar:1.9.18]
	at org.eclipse.aether.impl.DefaultServiceLocator$Entry.getInstances(DefaultServiceLocator.java:140) ~[maven-resolver-impl-1.9.18.jar:1.9.18]
	at org.eclipse.aether.impl.DefaultServiceLocator$Entry.getInstance(DefaultServiceLocator.java:130) ~[maven-resolver-impl-1.9.18.jar:1.9.18]
	at org.eclipse.aether.impl.DefaultServiceLocator.getService(DefaultServiceLocator.java:271) ~[maven-resolver-impl-1.9.18.jar:1.9.18]
	at org.eclipse.aether.internal.impl.DefaultRepositorySystem.initService(DefaultRepositorySystem.java:158) ~[maven-resolver-impl-1.9.18.jar:1.9.18]
	at org.eclipse.aether.impl.DefaultServiceLocator$Entry.newInstance(DefaultServiceLocator.java:163) ~[maven-resolver-impl-1.9.18.jar:1.9.18]
	at org.eclipse.aether.impl.DefaultServiceLocator$Entry.getInstances(DefaultServiceLocator.java:140) ~[maven-resolver-impl-1.9.18.jar:1.9.18]
	at org.eclipse.aether.impl.DefaultServiceLocator$Entry.getInstance(DefaultServiceLocator.java:130) ~[maven-resolver-impl-1.9.18.jar:1.9.18]
	at org.eclipse.aether.impl.DefaultServiceLocator.getService(DefaultServiceLocator.java:271) ~[maven-resolver-impl-1.9.18.jar:1.9.18]
	at org.bukkit.plugin.java.LibraryLoader.<init>(LibraryLoader.java:60) ~[paper-api-1.21.4-R0.1-SNAPSHOT.jar:?]
	at io.papermc.paper.plugin.provider.type.spigot.SpigotPluginProvider.<clinit>(SpigotPluginProvider.java:38) ~[paper-1.21.4.jar:1.21.4-14-b746d9d]
	at io.papermc.paper.plugin.provider.type.PluginFileType.<clinit>(PluginFileType.java:40) ~[paper-1.21.4.jar:1.21.4-14-b746d9d]
	at io.papermc.paper.plugin.provider.source.FileProviderSource.registerProviders(FileProviderSource.java:77) ~[paper-1.21.4.jar:1.21.4-14-b746d9d]
	at io.papermc.paper.plugin.provider.source.DirectoryProviderSource.registerProviders(DirectoryProviderSource.java:52) ~[paper-1.21.4.jar:1.21.4-14-b746d9d]
	at io.papermc.paper.plugin.provider.source.DirectoryProviderSource.registerProviders(DirectoryProviderSource.java:17) ~[paper-1.21.4.jar:1.21.4-14-b746d9d]
	at io.papermc.paper.plugin.util.EntrypointUtil.registerProvidersFromSource(EntrypointUtil.java:15) ~[paper-1.21.4.jar:1.21.4-14-b746d9d]
	at io.papermc.paper.plugin.PluginInitializerManager.load(PluginInitializerManager.java:113) ~[paper-1.21.4.jar:1.21.4-14-b746d9d]
	at net.minecraft.server.Main.main(Main.java:125) ~[paper-1.21.4.jar:1.21.4-14-b746d9d]
	at io.papermc.paper.PaperBootstrap.boot(PaperBootstrap.java:21) ~[paper-1.21.4.jar:1.21.4-14-b746d9d]
	at org.bukkit.craftbukkit.Main.main(Main.java:281) ~[paper-1.21.4.jar:1.21.4-14-b746d9d]
	at io.papermc.paperclip.Paperclip.lambda$main$0(Paperclip.java:42) ~[app:?]
	at java.base/java.lang.Thread.run(Thread.java:1583) ~[?:?]
Caused by: java.net.UnknownHostException: a7d1b4f2-34d0-4e31-ad29-895355b97a40: Name or service not known
	at java.base/java.net.Inet6AddressImpl.lookupAllHostAddr(Native Method) ~[?:?]
	at java.base/java.net.Inet6AddressImpl.lookupAllHostAddr(Inet6AddressImpl.java:52) ~[?:?]
	at java.base/java.net.InetAddress$PlatformResolver.lookupByName(InetAddress.java:1211) ~[?:?]
	at java.base/java.net.InetAddress.getAddressesFromNameService(InetAddress.java:1828) ~[?:?]
	at java.base/java.net.InetAddress$NameServiceAddresses.get(InetAddress.java:1139) ~[?:?]
	at java.base/java.net.InetAddress.getAllByName0(InetAddress.java:1818) ~[?:?]
	at java.base/java.net.InetAddress.getLocalHost(InetAddress.java:1931) ~[?:?]
	... 45 more
[07:23:29] [ServerMain/WARN]: [org.eclipse.aether.internal.impl.synccontext.named.DiscriminatingNameMapper] Failed to get hostname, using 'localhost'
java.net.UnknownHostException: a7d1b4f2-34d0-4e31-ad29-895355b97a40: a7d1b4f2-34d0-4e31-ad29-895355b97a40: Name or service not known
	at java.base/java.net.InetAddress.getLocalHost(InetAddress.java:1936) ~[?:?]
	at org.eclipse.aether.internal.impl.synccontext.named.DiscriminatingNameMapper.getHostname(DiscriminatingNameMapper.java:90) ~[maven-resolver-impl-1.9.18.jar:1.9.18]
	at org.eclipse.aether.internal.impl.synccontext.named.DiscriminatingNameMapper.<init>(DiscriminatingNameMapper.java:69) ~[maven-resolver-impl-1.9.18.jar:1.9.18]
	at org.eclipse.aether.internal.impl.synccontext.named.NameMappers.discriminatingNameMapper(NameMappers.java:68) ~[maven-resolver-impl-1.9.18.jar:1.9.18]
	at org.eclipse.aether.internal.impl.synccontext.named.NamedLockFactoryAdapterFactoryImpl.getManuallyCreatedNameMappers(NamedLockFactoryAdapterFactoryImpl.java:78) ~[maven-resolver-impl-1.9.18.jar:1.9.18]
	at org.eclipse.aether.internal.impl.synccontext.named.NamedLockFactoryAdapterFactoryImpl.<init>(NamedLockFactoryAdapterFactoryImpl.java:107) ~[maven-resolver-impl-1.9.18.jar:1.9.18]
	at java.base/jdk.internal.reflect.DirectConstructorHandleAccessor.newInstance(DirectConstructorHandleAccessor.java:62) ~[?:?]
	at java.base/java.lang.reflect.Constructor.newInstanceWithCaller(Constructor.java:502) ~[?:?]
	at java.base/java.lang.reflect.Constructor.newInstance(Constructor.java:486) ~[?:?]
	at org.eclipse.aether.impl.DefaultServiceLocator$Entry.newInstance(DefaultServiceLocator.java:159) ~[maven-resolver-impl-1.9.18.jar:1.9.18]
	at org.eclipse.aether.impl.DefaultServiceLocator$Entry.getInstances(DefaultServiceLocator.java:140) ~[maven-resolver-impl-1.9.18.jar:1.9.18]
	at org.eclipse.aether.impl.DefaultServiceLocator$Entry.getInstance(DefaultServiceLocator.java:130) ~[maven-resolver-impl-1.9.18.jar:1.9.18]
	at org.eclipse.aether.impl.DefaultServiceLocator.getService(DefaultServiceLocator.java:271) ~[maven-resolver-impl-1.9.18.jar:1.9.18]
	at org.eclipse.aether.internal.impl.synccontext.DefaultSyncContextFactory.initService(DefaultSyncContextFactory.java:68) ~[maven-resolver-impl-1.9.18.jar:1.9.18]
	at org.eclipse.aether.impl.DefaultServiceLocator$Entry.newInstance(DefaultServiceLocator.java:163) ~[maven-resolver-impl-1.9.18.jar:1.9.18]
	at org.eclipse.aether.impl.DefaultServiceLocator$Entry.getInstances(DefaultServiceLocator.java:140) ~[maven-resolver-impl-1.9.18.jar:1.9.18]
	at org.eclipse.aether.impl.DefaultServiceLocator$Entry.getInstance(DefaultServiceLocator.java:130) ~[maven-resolver-impl-1.9.18.jar:1.9.18]
	at org.eclipse.aether.impl.DefaultServiceLocator.getService(DefaultServiceLocator.java:271) ~[maven-resolver-impl-1.9.18.jar:1.9.18]
	at org.eclipse.aether.internal.impl.DefaultMetadataResolver.initService(DefaultMetadataResolver.java:123) ~[maven-resolver-impl-1.9.18.jar:1.9.18]
	at org.eclipse.aether.impl.DefaultServiceLocator$Entry.newInstance(DefaultServiceLocator.java:163) ~[maven-resolver-impl-1.9.18.jar:1.9.18]
	at org.eclipse.aether.impl.DefaultServiceLocator$Entry.getInstances(DefaultServiceLocator.java:140) ~[maven-resolver-impl-1.9.18.jar:1.9.18]
	at org.eclipse.aether.impl.DefaultServiceLocator$Entry.getInstance(DefaultServiceLocator.java:130) ~[maven-resolver-impl-1.9.18.jar:1.9.18]
	at org.eclipse.aether.impl.DefaultServiceLocator.getService(DefaultServiceLocator.java:271) ~[maven-resolver-impl-1.9.18.jar:1.9.18]
	at org.apache.maven.repository.internal.DefaultVersionResolver.initService(DefaultVersionResolver.java:106) ~[maven-resolver-provider-3.9.6.jar:3.9.6]
	at org.eclipse.aether.impl.DefaultServiceLocator$Entry.newInstance(DefaultServiceLocator.java:163) ~[maven-resolver-impl-1.9.18.jar:1.9.18]
	at org.eclipse.aether.impl.DefaultServiceLocator$Entry.getInstances(DefaultServiceLocator.java:140) ~[maven-resolver-impl-1.9.18.jar:1.9.18]
	at org.eclipse.aether.impl.DefaultServiceLocator$Entry.getInstance(DefaultServiceLocator.java:130) ~[maven-resolver-impl-1.9.18.jar:1.9.18]
	at org.eclipse.aether.impl.DefaultServiceLocator.getService(DefaultServiceLocator.java:271) ~[maven-resolver-impl-1.9.18.jar:1.9.18]
	at org.eclipse.aether.internal.impl.DefaultRepositorySystem.initService(DefaultRepositorySystem.java:158) ~[maven-resolver-impl-1.9.18.jar:1.9.18]
	at org.eclipse.aether.impl.DefaultServiceLocator$Entry.newInstance(DefaultServiceLocator.java:163) ~[maven-resolver-impl-1.9.18.jar:1.9.18]
	at org.eclipse.aether.impl.DefaultServiceLocator$Entry.getInstances(DefaultServiceLocator.java:140) ~[maven-resolver-impl-1.9.18.jar:1.9.18]
	at org.eclipse.aether.impl.DefaultServiceLocator$Entry.getInstance(DefaultServiceLocator.java:130) ~[maven-resolver-impl-1.9.18.jar:1.9.18]
	at org.eclipse.aether.impl.DefaultServiceLocator.getService(DefaultServiceLocator.java:271) ~[maven-resolver-impl-1.9.18.jar:1.9.18]
	at io.papermc.paper.plugin.loader.library.impl.MavenLibraryResolver.<init>(MavenLibraryResolver.java:73) ~[paper-api-1.21.4-R0.1-SNAPSHOT.jar:?]
	at HuskHomes-Paper-4.8.3.jar/net.william278.huskhomes.PaperHuskHomesLoader.classloader(PaperHuskHomesLoader.java:44) ~[HuskHomes-Paper-4.8.3.jar:?]
	at io.papermc.paper.plugin.provider.type.paper.PaperPluginProviderFactory.build(PaperPluginProviderFactory.java:38) ~[paper-1.21.4.jar:1.21.4-14-b746d9d]
	at io.papermc.paper.plugin.provider.type.paper.PaperPluginProviderFactory.build(PaperPluginProviderFactory.java:23) ~[paper-1.21.4.jar:1.21.4-14-b746d9d]
	at io.papermc.paper.plugin.provider.type.PluginFileType.register(PluginFileType.java:72) ~[paper-1.21.4.jar:1.21.4-14-b746d9d]
	at io.papermc.paper.plugin.provider.source.FileProviderSource.registerProviders(FileProviderSource.java:96) ~[paper-1.21.4.jar:1.21.4-14-b746d9d]
	at io.papermc.paper.plugin.provider.source.DirectoryProviderSource.registerProviders(DirectoryProviderSource.java:52) ~[paper-1.21.4.jar:1.21.4-14-b746d9d]
	at io.papermc.paper.plugin.provider.source.DirectoryProviderSource.registerProviders(DirectoryProviderSource.java:17) ~[paper-1.21.4.jar:1.21.4-14-b746d9d]
	at io.papermc.paper.plugin.util.EntrypointUtil.registerProvidersFromSource(EntrypointUtil.java:15) ~[paper-1.21.4.jar:1.21.4-14-b746d9d]
	at io.papermc.paper.plugin.PluginInitializerManager.load(PluginInitializerManager.java:113) ~[paper-1.21.4.jar:1.21.4-14-b746d9d]
	at net.minecraft.server.Main.main(Main.java:125) ~[paper-1.21.4.jar:1.21.4-14-b746d9d]
	at io.papermc.paper.PaperBootstrap.boot(PaperBootstrap.java:21) ~[paper-1.21.4.jar:1.21.4-14-b746d9d]
	at org.bukkit.craftbukkit.Main.main(Main.java:281) ~[paper-1.21.4.jar:1.21.4-14-b746d9d]
	at io.papermc.paperclip.Paperclip.lambda$main$0(Paperclip.java:42) ~[app:?]
	at java.base/java.lang.Thread.run(Thread.java:1583) ~[?:?]
Caused by: java.net.UnknownHostException: a7d1b4f2-34d0-4e31-ad29-895355b97a40: Name or service not known
	at java.base/java.net.Inet6AddressImpl.lookupAllHostAddr(Native Method) ~[?:?]
	at java.base/java.net.Inet6AddressImpl.lookupAllHostAddr(Inet6AddressImpl.java:52) ~[?:?]
	at java.base/java.net.InetAddress$PlatformResolver.lookupByName(InetAddress.java:1211) ~[?:?]
	at java.base/java.net.InetAddress.getAddressesFromNameService(InetAddress.java:1828) ~[?:?]
	at java.base/java.net.InetAddress$NameServiceAddresses.get(InetAddress.java:1139) ~[?:?]
	at java.base/java.net.InetAddress.getAllByName0(InetAddress.java:1818) ~[?:?]
	at java.base/java.net.InetAddress.getLocalHost(InetAddress.java:1931) ~[?:?]
	... 47 more
[07:23:29] [ServerMain/ERROR]: [DirectoryProviderSource] Error loading plugin: java.lang.IllegalArgumentException: Directory 'plugins/.paper-remapped/mc-paint-1.5.0.jar' does not contain a paper-plugin.yml or plugin.yml! Could not determine plugin type, cannot load a plugin from it!
java.lang.RuntimeException: java.lang.IllegalArgumentException: Directory 'plugins/.paper-remapped/mc-paint-1.5.0.jar' does not contain a paper-plugin.yml or plugin.yml! Could not determine plugin type, cannot load a plugin from it!
	at io.papermc.paper.plugin.provider.source.FileProviderSource.registerProviders(FileProviderSource.java:86) ~[paper-1.21.4.jar:1.21.4-14-b746d9d]
	at io.papermc.paper.plugin.provider.source.DirectoryProviderSource.registerProviders(DirectoryProviderSource.java:52) ~[paper-1.21.4.jar:1.21.4-14-b746d9d]
	at io.papermc.paper.plugin.provider.source.DirectoryProviderSource.registerProviders(DirectoryProviderSource.java:17) ~[paper-1.21.4.jar:1.21.4-14-b746d9d]
	at io.papermc.paper.plugin.util.EntrypointUtil.registerProvidersFromSource(EntrypointUtil.java:15) ~[paper-1.21.4.jar:1.21.4-14-b746d9d]
	at io.papermc.paper.plugin.PluginInitializerManager.load(PluginInitializerManager.java:113) ~[paper-1.21.4.jar:1.21.4-14-b746d9d]
	at net.minecraft.server.Main.main(Main.java:125) ~[paper-1.21.4.jar:1.21.4-14-b746d9d]
	at io.papermc.paper.PaperBootstrap.boot(PaperBootstrap.java:21) ~[paper-1.21.4.jar:1.21.4-14-b746d9d]
	at org.bukkit.craftbukkit.Main.main(Main.java:281) ~[paper-1.21.4.jar:1.21.4-14-b746d9d]
	at io.papermc.paperclip.Paperclip.lambda$main$0(Paperclip.java:42) ~[app:?]
	at java.base/java.lang.Thread.run(Thread.java:1583) ~[?:?]
Caused by: java.lang.IllegalArgumentException: Directory 'plugins/.paper-remapped/mc-paint-1.5.0.jar' does not contain a paper-plugin.yml or plugin.yml! Could not determine plugin type, cannot load a plugin from it!
	... 10 more
[07:23:30] [ServerMain/INFO]: [PluginInitializerManager] Initialized 7 plugins
[07:23:30] [ServerMain/INFO]: [PluginInitializerManager] Paper plugins (1):
 - HuskHomes (4.8.3)
[07:23:30] [ServerMain/INFO]: [PluginInitializerManager] Bukkit plugins (6):
 - ArmorPoser (1.1.0), BisectHosting (1.0.4), LuckPerms (5.4.150), NameColor (1.9), dynmap (3.7-beta-7-Dev), mcMMO (2.2.029-SNAPSHOT)
[07:23:34] [ServerMain/INFO]: Environment: Environment[sessionHost=https://sessionserver.mojang.com, servicesHost=https://api.minecraftservices.com, name=PROD]
[07:23:34] [ServerMain/INFO]: [MCTypeRegistry] Initialising converters for DataConverter...
[07:23:35] [ServerMain/INFO]: [MCTypeRegistry] Finished initialising converters for DataConverter in 404.5ms
[07:23:35] [ServerMain/INFO]: Found non-pack entry './soapSMP/datapacks/.DS_Store', ignoring
[07:23:35] [ServerMain/ERROR]: Invalid directory entry: .DS_Store in ./soapSMP/datapacks/BlazeandCaves Advancements Pack 1.18.
java.nio.file.NotDirectoryException: .DS_Store
	at net.minecraft.server.packs.PathPackResources.getNamespaces(PathPackResources.java:108) ~[paper-1.21.4.jar:1.21.4-14-b746d9d]
	at net.minecraft.server.packs.resources.MultiPackResourceManager.lambda$new$0(MultiPackResourceManager.java:27) ~[paper-1.21.4.jar:1.21.4-14-b746d9d]
	at java.base/java.util.stream.ReferencePipeline$7$1.accept(ReferencePipeline.java:273) ~[?:?]
	at java.base/java.util.Spliterators$ArraySpliterator.forEachRemaining(Spliterators.java:1024) ~[?:?]
	at java.base/java.util.stream.AbstractPipeline.copyInto(AbstractPipeline.java:509) ~[?:?]
	at java.base/java.util.stream.AbstractPipeline.wrapAndCopyInto(AbstractPipeline.java:499) ~[?:?]
	at java.base/java.util.stream.AbstractPipeline.evaluate(AbstractPipeline.java:575) ~[?:?]
	at java.base/java.util.stream.AbstractPipeline.evaluateToArrayNode(AbstractPipeline.java:260) ~[?:?]
	at java.base/java.util.stream.ReferencePipeline.toArray(ReferencePipeline.java:616) ~[?:?]
	at java.base/java.util.stream.ReferencePipeline.toArray(ReferencePipeline.java:622) ~[?:?]
	at java.base/java.util.stream.ReferencePipeline.toList(ReferencePipeline.java:627) ~[?:?]
	at net.minecraft.server.packs.resources.MultiPackResourceManager.<init>(MultiPackResourceManager.java:27) ~[paper-1.21.4.jar:1.21.4-14-b746d9d]
	at net.minecraft.server.WorldLoader$PackConfig.createResourceManager(WorldLoader.java:96) ~[paper-1.21.4.jar:1.21.4-14-b746d9d]
	at net.minecraft.server.WorldLoader.load(WorldLoader.java:36) ~[paper-1.21.4.jar:1.21.4-14-b746d9d]
	at net.minecraft.server.Main.lambda$main$1(Main.java:274) ~[paper-1.21.4.jar:1.21.4-14-b746d9d]
	at net.minecraft.Util.blockUntilDone(Util.java:993) ~[paper-1.21.4.jar:1.21.4-14-b746d9d]
	at net.minecraft.Util.blockUntilDone(Util.java:988) ~[paper-1.21.4.jar:1.21.4-14-b746d9d]
	at net.minecraft.server.Main.main(Main.java:273) ~[paper-1.21.4.jar:1.21.4-14-b746d9d]
	at io.papermc.paper.PaperBootstrap.boot(PaperBootstrap.java:21) ~[paper-1.21.4.jar:1.21.4-14-b746d9d]
	at org.bukkit.craftbukkit.Main.main(Main.java:281) ~[paper-1.21.4.jar:1.21.4-14-b746d9d]
	at io.papermc.paperclip.Paperclip.lambda$main$0(Paperclip.java:42) ~[app:?]
	at java.base/java.lang.Thread.run(Thread.java:1583) ~[?:?]
[07:23:35] [ServerMain/ERROR]: Invalid directory entry: .DS_Store in ./soapSMP/datapacks/BlazeandCaves Advancements Pack 1.18.
java.nio.file.NotDirectoryException: .DS_Store
	at net.minecraft.server.packs.PathPackResources.getNamespaces(PathPackResources.java:108) ~[paper-1.21.4.jar:1.21.4-14-b746d9d]
	at net.minecraft.server.packs.resources.MultiPackResourceManager.<init>(MultiPackResourceManager.java:31) ~[paper-1.21.4.jar:1.21.4-14-b746d9d]
	at net.minecraft.server.WorldLoader$PackConfig.createResourceManager(WorldLoader.java:96) ~[paper-1.21.4.jar:1.21.4-14-b746d9d]
	at net.minecraft.server.WorldLoader.load(WorldLoader.java:36) ~[paper-1.21.4.jar:1.21.4-14-b746d9d]
	at net.minecraft.server.Main.lambda$main$1(Main.java:274) ~[paper-1.21.4.jar:1.21.4-14-b746d9d]
	at net.minecraft.Util.blockUntilDone(Util.java:993) ~[paper-1.21.4.jar:1.21.4-14-b746d9d]
	at net.minecraft.Util.blockUntilDone(Util.java:988) ~[paper-1.21.4.jar:1.21.4-14-b746d9d]
	at net.minecraft.server.Main.main(Main.java:273) ~[paper-1.21.4.jar:1.21.4-14-b746d9d]
	at io.papermc.paper.PaperBootstrap.boot(PaperBootstrap.java:21) ~[paper-1.21.4.jar:1.21.4-14-b746d9d]
	at org.bukkit.craftbukkit.Main.main(Main.java:281) ~[paper-1.21.4.jar:1.21.4-14-b746d9d]
	at io.papermc.paperclip.Paperclip.lambda$main$0(Paperclip.java:42) ~[app:?]
	at java.base/java.lang.Thread.run(Thread.java:1583) ~[?:?]
[07:23:36] [ServerMain/ERROR]: Invalid path in pack: blazeandcave:tags/entity_type/overSoapie SMP (Soapie SMP (Soapie SMP (Soapie S)_zombies.json, ignoring
[07:23:37] [Worker-Main-1/ERROR]: Invalid path in pack: blazeandcave:predicate/in_the_overSoapie SMP (Soapie SMP (Soapie SMP (Soapie S).json, ignoring
[07:23:37] [Worker-Main-1/ERROR]: Invalid path in pack: blazeandcave:predicate/at_Soapie SMP (Soapie SMP (Soapie SMP (Soapie S)_height.json, ignoring
[07:23:37] [Worker-Main-1/ERROR]: Invalid path in pack: multiplayer_sleep:predicate/overSoapie SMP (Main World)-2.json, ignoring
[07:23:37] [Worker-Main-3/ERROR]: Couldn't parse data file 'armor_statues:random_pose' from 'armor_statues:loot_table/random_pose.json': DataResult.Error['Unknown registry key in ResourceKey[minecraft:root / minecraft:attribute]: minecraft:generic.attack_damage; Unknown registry key in ResourceKey[minecraft:root / minecraft:attribute]: minecraft:generic.attack_damage; Unknown registry key in ResourceKey[minecraft:root / minecraft:attribute]: minecraft:generic.attack_damage; Unknown registry key in ResourceKey[minecraft:root / minecraft:attribute]: minecraft:generic.attack_damage; Unknown registry key in ResourceKey[minecraft:root / minecraft:attribute]: minecraft:generic.attack_damage; Unknown registry key in ResourceKey[minecraft:root / minecraft:attribute]: minecraft:generic.attack_damage; Unknown registry key in ResourceKey[minecraft:root / minecraft:attribute]: minecraft:generic.attack_damage; Unknown registry key in ResourceKey[minecraft:root / minecraft:attribute]: minecraft:generic.attack_damage; Unknown registry key in ResourceKey[minecraft:root / minecraft:attribute]: minecraft:generic.attack_damage; Unknown registry key in ResourceKey[minecraft:root / minecraft:attribute]: minecraft:generic.attack_damage; Unknown registry key in ResourceKey[minecraft:root / minecraft:attribute]: minecraft:generic.attack_damage; Unknown registry key in ResourceKey[minecraft:root / minecraft:attribute]: minecraft:generic.attack_damage; Unknown registry key in ResourceKey[minecraft:root / minecraft:attribute]: minecraft:generic.attack_damage; Unknown registry key in ResourceKey[minecraft:root / minecraft:attribute]: minecraft:generic.attack_damage; Unknown registry key in ResourceKey[minecraft:root / minecraft:attribute]: minecraft:generic.attack_damage; Unknown registry key in ResourceKey[minecraft:root / minecraft:attribute]: minecraft:generic.attack_damage; Unknown registry key in ResourceKey[minecraft:root / minecraft:attribute]: minecraft:generic.attack_damage; Unknown registry key in ResourceKey[minecraft:root / minecraft:attribute]: minecraft:generic.attack_damage': net.minecraft.world.level.storage.loot.LootTable@500bac85]
[07:23:37] [Worker-Main-4/WARN]: Found loot table element validation problem in {minecraft:loot_table/minecraft:entities/villager}.pools[2].entries[0]: Unknown loot table called more_mob_heads:entities/villager
[07:23:37] [Worker-Main-4/WARN]: Found loot table element validation problem in {minecraft:loot_table/minecraft:entities/player}.pools[1].entries[0]: Unknown loot table called graves:entities/player
[07:23:37] [Worker-Main-7/ERROR]: Invalid path in pack: blazeandcave:function/new_Soapie SMP (Soapie SMP (Soapie SMP (Soapie S).mcfunction, ignoring
[07:23:37] [Worker-Main-7/ERROR]: Invalid path in pack: bacap_rewards:function/.DS_Store, ignoring
[07:23:37] [Worker-Main-7/ERROR]: Invalid path in pack: bacap_rewards:function/exp/challenges/the_Soapie SMP (Soapie SMP (Soapie SMP (Soapie S)_is_ending.mcfunction, ignoring
[07:23:37] [Worker-Main-7/ERROR]: Invalid path in pack: bacap_rewards:function/exp/challenges/explorer_of_Soapie SMP (Soapie SMP (Soapie SMP (Soapie S)s.mcfunction, ignoring
[07:23:37] [Worker-Main-7/ERROR]: Invalid path in pack: bacap_rewards:function/exp/biomes/top_of_the_Soapie SMP (Soapie SMP (Soapie SMP (Soapie S).mcfunction, ignoring
[07:23:37] [Worker-Main-8/ERROR]: Invalid path in pack: minecraft:advancement/nether/ride_strider_in_overSoapie SMP (Soapie SMP (Soapie SMP (Soapie S)_lava.json, ignoring
[07:23:37] [Worker-Main-8/ERROR]: Invalid path in pack: minecraft:advancement/adventure/trade_at_Soapie SMP (Soapie SMP (Soapie SMP (Soapie S)_height.json, ignoring
[07:23:37] [Worker-Main-8/ERROR]: Invalid path in pack: minecraft:advancement/adventure/fall_from_Soapie SMP (Soapie SMP (Soapie SMP (Soapie S)_height.json, ignoring
[07:23:38] [Worker-Main-7/ERROR]: Invalid path in pack: bacap_rewards:function/reward/challenges/the_Soapie SMP (Soapie SMP (Soapie SMP (Soapie S)_is_ending.mcfunction, ignoring
[07:23:38] [Worker-Main-7/ERROR]: Invalid path in pack: bacap_rewards:function/reward/challenges/explorer_of_Soapie SMP (Soapie SMP (Soapie SMP (Soapie S)s.mcfunction, ignoring
[07:23:38] [Worker-Main-8/ERROR]: Invalid path in pack: blazeandcave:advancement/challenges/explorer_of_Soapie SMP (Soapie SMP (Soapie SMP (Soapie S)s.json, ignoring
[07:23:38] [Worker-Main-8/ERROR]: Invalid path in pack: blazeandcave:advancement/challenges/the_Soapie SMP (Soapie SMP (Soapie SMP (Soapie S)_is_ending.json, ignoring
[07:23:38] [Worker-Main-7/ERROR]: Invalid path in pack: bacap_rewards:function/reward/biomes/top_of_the_Soapie SMP (Soapie SMP (Soapie SMP (Soapie S).mcfunction, ignoring
[07:23:38] [Worker-Main-8/ERROR]: Invalid path in pack: blazeandcave:advancement/biomes/top_of_the_Soapie SMP (Soapie SMP (Soapie SMP (Soapie S).json, ignoring
[07:23:38] [Worker-Main-7/ERROR]: Invalid path in pack: bacap_rewards:function/trophy/challenges/the_Soapie SMP (Soapie SMP (Soapie SMP (Soapie S)_is_ending.mcfunction, ignoring
[07:23:38] [Worker-Main-7/ERROR]: Invalid path in pack: bacap_rewards:function/trophy/challenges/explorer_of_Soapie SMP (Soapie SMP (Soapie SMP (Soapie S)s.mcfunction, ignoring
[07:23:38] [Worker-Main-7/ERROR]: Invalid path in pack: bacap_rewards:function/challenges/the_Soapie SMP (Soapie SMP (Soapie SMP (Soapie S)_is_ending.mcfunction, ignoring
[07:23:38] [Worker-Main-7/ERROR]: Invalid path in pack: bacap_rewards:function/challenges/explorer_of_Soapie SMP (Soapie SMP (Soapie SMP (Soapie S)s.mcfunction, ignoring
[07:23:38] [Worker-Main-7/ERROR]: Invalid path in pack: bacap_rewards:function/biomes/top_of_the_Soapie SMP (Soapie SMP (Soapie SMP (Soapie S).mcfunction, ignoring
[07:23:38] [Worker-Main-7/ERROR]: Invalid path in pack: bacap_rewards:function/msg/challenges/the_Soapie SMP (Soapie SMP (Soapie SMP (Soapie S)_is_ending.mcfunction, ignoring
[07:23:38] [Worker-Main-7/ERROR]: Invalid path in pack: bacap_rewards:function/msg/challenges/explorer_of_Soapie SMP (Soapie SMP (Soapie SMP (Soapie S)s.mcfunction, ignoring
[07:23:38] [Worker-Main-7/ERROR]: Invalid path in pack: bacap_rewards:function/msg/biomes/top_of_the_Soapie SMP (Soapie SMP (Soapie SMP (Soapie S).mcfunction, ignoring
[07:23:38] [Worker-Main-8/ERROR]: Couldn't parse data file 'blazeandcave:adventure/do_you_want_to_trade' from 'blazeandcave:advancement/adventure/do_you_want_to_trade.json': DataResult.Error['Missing tag: 'blazeandcave:village' in 'minecraft:worldgen/structure' missed input: {"village":{"trigger":"minecraft:location","conditions":{"player":[{"condition":"minecraft:entity_properties","entity":"this","predicate":{"location":{"structures":"#blazeandcave:village"}}},{"condition":"minecraft:inverted","term":{"condition":"minecraft:entity_properties","entity":"this","predicate":{"type_specific":{"type":"player","gamemode":["spectator"]}}}}]}}}': Advancement[parent=Optional[minecraft:adventure/root], display=Optional[net.minecraft.advancements.DisplayInfo@2e024c38], rewards=AdvancementRewards[experience=0, loot=[], recipes=[], function=Optional[net.minecraft.commands.CacheableFunction@40fbe4cf]], criteria={village=Criterion[trigger=net.minecraft.advancements.critereon.PlayerTrigger@77902607, triggerInstance=TriggerInstance[player=Optional[net.minecraft.advancements.critereon.ContextAwarePredicate@1183ee0a]]]}, requirements=[[village]], sendsTelemetryEvent=false, name=Optional[translation{key='chat.square_brackets', args=[translation{key='Do You Want to Trade?', args=[]}[style={hoverEvent=TypedHoverEvent[action=<action show_text>, value=translation{key='Do You Want to Trade?', args=[]}[style={color=green}, siblings=[literal{
}, translation{key='Find an NPC village', args=[]}[style={color=green}]]]]}]]}[style={color=green}]]]]
[07:23:38] [Worker-Main-8/ERROR]: Couldn't parse data file 'blazeandcave:adventure/oh_look_it_dings' from 'blazeandcave:advancement/adventure/oh_look_it_dings.json': DataResult.Error['Missing tag: 'blazeandcave:village' in 'minecraft:worldgen/structure' missed input: {"bell":{"trigger":"minecraft:any_block_use","conditions":{"location":[{"condition":"minecraft:location_check","predicate":{"block":{"blocks":["minecraft:bell"]},"structures":"#blazeandcave:village"}}]}}}': Advancement[parent=Optional[blazeandcave:adventure/do_you_want_to_trade], display=Optional[net.minecraft.advancements.DisplayInfo@3ae8ae8b], rewards=AdvancementRewards[experience=0, loot=[], recipes=[], function=Optional[net.minecraft.commands.CacheableFunction@2943559]], criteria={bell=Criterion[trigger=net.minecraft.advancements.critereon.AnyBlockInteractionTrigger@385e249d, triggerInstance=TriggerInstance[player=Optional.empty, location=Optional[net.minecraft.advancements.critereon.ContextAwarePredicate@327e44cb]]]}, requirements=[[bell]], sendsTelemetryEvent=false, name=Optional[translation{key='chat.square_brackets', args=[translation{key='Oh, look, it dings!', args=[]}[style={hoverEvent=TypedHoverEvent[action=<action show_text>, value=translation{key='Oh, look, it dings!', args=[]}[style={color=green}, siblings=[literal{
}, translation{key='Ring a bell in a village', args=[]}[style={color=green}]]]]}]]}[style={color=green}]]]]
[07:23:38] [Worker-Main-8/ERROR]: Couldn't parse data file 'vanillatweaks:armored_elytra' from 'vanillatweaks:advancement/armored_elytra.json': DataResult.Error['Not a JSON object: 13522556 missed input: {"minecraft:custom_model_data":13522556}': Advancement[parent=Optional[vanillatweaks:root], display=Optional[net.minecraft.advancements.DisplayInfo@335ddb01], rewards=AdvancementRewards[experience=0, loot=[], recipes=[], function=Optional.empty], criteria={tick=Criterion[trigger=net.minecraft.advancements.critereon.PlayerTrigger@68c921f6, triggerInstance=TriggerInstance[player=Optional.empty]]}, requirements=[[tick]], sendsTelemetryEvent=false, name=Optional[translation{key='chat.square_brackets', args=[literal{Armored Elytra            }[style={hoverEvent=TypedHoverEvent[action=<action show_text>, value=literal{Armored Elytra            }[style={color=green}, siblings=[literal{
}, empty[siblings=[literal{Drop}[style={color=green}], literal{ elytra and a chestplate above an anvil to merge them into one item.
}[style={color=gold}], literal{Drop}[style={color=green}], literal{ the merged item above a grindstone to separate them again.
}[style={color=gold}], literal{Enchantments}[style={color=green}], literal{ are kept safely between merging and separating.
}[style={color=gold}], literal{Burning}[style={color=green}], literal{ netherite armored elytra will keep the chestplate but burn off the elytra.}[style={color=gold}]]]]]]}]]}[style={color=green}]]]]
[07:23:38] [Worker-Main-8/ERROR]: Couldn't parse data file 'blazeandcave:end/void_walker' from 'blazeandcave:advancement/end/void_walker.json': DataResult.Error['Missing tag: 'blazeandcave:end_barrens' in 'minecraft:worldgen/biome'; Missing tag: 'blazeandcave:end_midlands' in 'minecraft:worldgen/biome' missed input: {"end_midlands":{"trigger":"minecraft:location","conditions":{"player":[{"condition":"minecraft:entity_properties","entity":"this","predicate":{"location":{"biomes":"#blazeandcave:end_midlands"}}},{"condition":"minecraft:inverted","term":{"condition":"minecraft:entity_properties","entity":"this","predicate":{"type_specific":{"type":"player","gamemode":["spectator"]}}}}]}},"end_barrens":{"trigger":"minecraft:location","conditions":{"player":[{"condition":"minecraft:entity_properties","entity":"this","predicate":{"location":{"biomes":"#blazeandcave:end_barrens"}}},{"condition":"minecraft:inverted","term":{"condition":"minecraft:entity_properties","entity":"this","predicate":{"type_specific":{"type":"player","gamemode":["spectator"]}}}}]}}}': Advancement[parent=Optional[minecraft:end/enter_end_gateway], display=Optional[net.minecraft.advancements.DisplayInfo@54eba27e], rewards=AdvancementRewards[experience=0, loot=[], recipes=[], function=Optional[net.minecraft.commands.CacheableFunction@1d1be361]], criteria={end_highlands=Criterion[trigger=net.minecraft.advancements.critereon.PlayerTrigger@77902607, triggerInstance=TriggerInstance[player=Optional[net.minecraft.advancements.critereon.ContextAwarePredicate@b4873bf]]], end_midlands=Criterion[trigger=net.minecraft.advancements.critereon.PlayerTrigger@77902607, triggerInstance=TriggerInstance[player=Optional[net.minecraft.advancements.critereon.ContextAwarePredicate@37a11c1a]]], small_end_islands=Criterion[trigger=net.minecraft.advancements.critereon.PlayerTrigger@77902607, triggerInstance=TriggerInstance[player=Optional[net.minecraft.advancements.critereon.ContextAwarePredicate@3ed0b0c2]]], the_end=Criterion[trigger=net.minecraft.advancements.critereon.PlayerTrigger@77902607, triggerInstance=TriggerInstance[player=Optional[net.minecraft.advancements.critereon.ContextAwarePredicate@7c924c92]]], end_barrens=Criterion[trigger=net.minecraft.advancements.critereon.PlayerTrigger@77902607, triggerInstance=TriggerInstance[player=Optional[net.minecraft.advancements.critereon.ContextAwarePredicate@340f0d34]]]}, requirements=[[the_end], [small_end_islands], [end_highlands], [end_midlands], [end_barrens]], sendsTelemetryEvent=false, name=Optional[translation{key='chat.square_brackets', args=[translation{key='Void Walker', args=[]}[style={hoverEvent=TypedHoverEvent[action=<action show_text>, value=translation{key='Void Walker', args=[]}[style={color=green}, siblings=[literal{
}, translation{key='Explore every end biome', args=[]}[style={color=#75E1FF}]]]]}]]}[style={color=green}]]]]
[07:23:40] [ServerMain/INFO]: Loaded 1609 recipes
[07:23:40] [ServerMain/ERROR]: Failed to load function armor_statues:trigger/random_pose
java.util.concurrent.CompletionException: java.lang.IllegalArgumentException: Whilst parsing command on line 11: Failed to parse structure: Failed to get element ResourceKey[minecraft:loot_table / armor_statues:random_pose] at position 116: ...andom_pose<--[HERE]
	at java.base/java.util.concurrent.CompletableFuture.encodeThrowable(CompletableFuture.java:315) ~[?:?]
	at java.base/java.util.concurrent.CompletableFuture.completeThrowable(CompletableFuture.java:320) ~[?:?]
	at java.base/java.util.concurrent.CompletableFuture$AsyncSupply.run(CompletableFuture.java:1770) ~[?:?]
	at java.base/java.util.concurrent.ThreadPoolExecutor.runWorker(ThreadPoolExecutor.java:1144) ~[?:?]
	at java.base/java.util.concurrent.ThreadPoolExecutor$Worker.run(ThreadPoolExecutor.java:642) ~[?:?]
	at java.base/java.lang.Thread.run(Thread.java:1583) ~[?:?]
Caused by: java.lang.IllegalArgumentException: Whilst parsing command on line 11: Failed to parse structure: Failed to get element ResourceKey[minecraft:loot_table / armor_statues:random_pose] at position 116: ...andom_pose<--[HERE]
	at net.minecraft.commands.functions.CommandFunction.fromLines(CommandFunction.java:86) ~[paper-1.21.4.jar:1.21.4-14-b746d9d]
	at net.minecraft.server.ServerFunctionLibrary.lambda$reload$3(ServerFunctionLibrary.java:92) ~[paper-1.21.4.jar:1.21.4-14-b746d9d]
	at java.base/java.util.concurrent.CompletableFuture$AsyncSupply.run(CompletableFuture.java:1768) ~[?:?]
	... 3 more
[07:23:40] [ServerMain/ERROR]: Failed to load function blazeandcave:one_second_timer
java.util.concurrent.CompletionException: java.lang.IllegalArgumentException: Whilst parsing command on line 239: Failed to parse structure: Failed to get element ResourceKey[minecraft:predicate / blazeandcave:third_line] at position 54: ...third_line<--[HERE]
	at java.base/java.util.concurrent.CompletableFuture.encodeThrowable(CompletableFuture.java:315) ~[?:?]
	at java.base/java.util.concurrent.CompletableFuture.completeThrowable(CompletableFuture.java:320) ~[?:?]
	at java.base/java.util.concurrent.CompletableFuture$AsyncSupply.run(CompletableFuture.java:1770) ~[?:?]
	at java.base/java.util.concurrent.ThreadPoolExecutor.runWorker(ThreadPoolExecutor.java:1144) ~[?:?]
	at java.base/java.util.concurrent.ThreadPoolExecutor$Worker.run(ThreadPoolExecutor.java:642) ~[?:?]
	at java.base/java.lang.Thread.run(Thread.java:1583) ~[?:?]
Caused by: java.lang.IllegalArgumentException: Whilst parsing command on line 239: Failed to parse structure: Failed to get element ResourceKey[minecraft:predicate / blazeandcave:third_line] at position 54: ...third_line<--[HERE]
	at net.minecraft.commands.functions.CommandFunction.fromLines(CommandFunction.java:86) ~[paper-1.21.4.jar:1.21.4-14-b746d9d]
	at net.minecraft.server.ServerFunctionLibrary.lambda$reload$3(ServerFunctionLibrary.java:92) ~[paper-1.21.4.jar:1.21.4-14-b746d9d]
	at java.base/java.util.concurrent.CompletableFuture$AsyncSupply.run(CompletableFuture.java:1768) ~[?:?]
	... 3 more
[07:23:40] [ServerMain/ERROR]: Failed to load function multiplayer_sleep:start_sleeping
java.util.concurrent.CompletionException: java.lang.IllegalArgumentException: Whilst parsing command on line 2: Failed to parse structure: Failed to get element ResourceKey[minecraft:predicate / multiplayer_sleep:overworld] at position 48: ...:overworld<--[HERE]
	at java.base/java.util.concurrent.CompletableFuture.encodeThrowable(CompletableFuture.java:315) ~[?:?]
	at java.base/java.util.concurrent.CompletableFuture.completeThrowable(CompletableFuture.java:320) ~[?:?]
	at java.base/java.util.concurrent.CompletableFuture$AsyncSupply.run(CompletableFuture.java:1770) ~[?:?]
	at java.base/java.util.concurrent.ThreadPoolExecutor.runWorker(ThreadPoolExecutor.java:1144) ~[?:?]
	at java.base/java.util.concurrent.ThreadPoolExecutor$Worker.run(ThreadPoolExecutor.java:642) ~[?:?]
	at java.base/java.lang.Thread.run(Thread.java:1583) ~[?:?]
Caused by: java.lang.IllegalArgumentException: Whilst parsing command on line 2: Failed to parse structure: Failed to get element ResourceKey[minecraft:predicate / multiplayer_sleep:overworld] at position 48: ...:overworld<--[HERE]
	at net.minecraft.commands.functions.CommandFunction.fromLines(CommandFunction.java:86) ~[paper-1.21.4.jar:1.21.4-14-b746d9d]
	at net.minecraft.server.ServerFunctionLibrary.lambda$reload$3(ServerFunctionLibrary.java:92) ~[paper-1.21.4.jar:1.21.4-14-b746d9d]
	at java.base/java.util.concurrent.CompletableFuture$AsyncSupply.run(CompletableFuture.java:1768) ~[?:?]
	... 3 more
[07:23:40] [ServerMain/ERROR]: Couldn't load advancements: [blazeandcave:adventure/retro_future_knight, minecraft:adventure/minecraft_trials_edition, blazeandcave:adventure/break_wind, blazeandcave:technical/branch2_end, blazeandcave:adventure/keys_to_success, blazeandcave:adventure/heres_johnny, blazeandcave:adventure/businessman, blazeandcave:adventure/workaholic, blazeandcave:adventure/your_daily_fix, blazeandcave:adventure/crazy_cat_lady, blazeandcave:adventure/core_keeper, blazeandcave:adventure/treasure_map, blazeandcave:adventure/filthy_stinkin_rich, blazeandcave:adventure/house_of_psychos, blazeandcave:end/dimension_penetration, minecraft:adventure/under_lock_and_key, minecraft:adventure/revaulting, blazeandcave:adventure/traveller, blazeandcave:adventure/guardian_destroyer, blazeandcave:adventure/the_tribal_villagers, minecraft:adventure/summon_iron_golem, blazeandcave:adventure/from_under_your_feet, blazeandcave:adventure/filthy_rich, blazeandcave:challenges/a_million_blocks_away, blazeandcave:adventure/all_chained_up, blazeandcave:adventure/knowledge_is_power, minecraft:adventure/totem_of_undying, minecraft:adventure/trade_at_world_height, blazeandcave:challenges/overwarden, minecraft:adventure/trade, blazeandcave:end/unending_hell, blazeandcave:adventure/ghostbuster, blazeandcave:adventure/monumental, blazeandcave:challenges/the_devils_distance, minecraft:adventure/blowback, minecraft:husbandry/complete_catalogue, blazeandcave:adventure/tricky_treasures, blazeandcave:adventure/rekt, blazeandcave:adventure/mapmaker, blazeandcave:adventure/omniscient, blazeandcave:adventure/rare_candy_shop, blazeandcave:adventure/breeze_suppressor, blazeandcave:adventure/hard_mode_activated, blazeandcave:adventure/nerds_never_die, blazeandcave:adventure/mapmakers_table, blazeandcave:technical/branch5_end, blazeandcave:adventure/village_settler, blazeandcave:adventure/master_trader, blazeandcave:adventure/wololo, blazeandcave:adventure/prime_specimen, blazeandcave:adventure/spear_fishing, blazeandcave:adventure/town_planner, blazeandcave:adventure/if_only_cats_grew_into_kittens, blazeandcave:adventure/sponge_miner, blazeandcave:challenges/immortal, blazeandcave:adventure/hey_you_two_should_kiss, blazeandcave:adventure/the_shielding, blazeandcave:challenges/farlander, blazeandcave:adventure/im_not_lost_anymore, blazeandcave:adventure/dry_spell, blazeandcave:adventure/murderer, blazeandcave:adventure/the_deep_end, blazeandcave:adventure/professional, blazeandcave:adventure/vault_hunter, blazeandcave:adventure/laser_sharks, blazeandcave:adventure/lilypad_hatter, blazeandcave:challenges/death_from_all, blazeandcave:adventure/you_are_the_pillager, blazeandcave:adventure/this_will_be_a_breeze, blazeandcave:adventure/map_room, minecraft:adventure/who_needs_rockets]
[07:23:40] [ServerMain/INFO]: Loaded 2760 advancements
[07:23:40] [Server thread/INFO]: Starting minecraft server version 1.21.4
[07:23:40] [Server thread/INFO]: Loading properties
[07:23:41] [Server thread/INFO]: This server is running Paper version 1.21.4-14-master@b746d9d (2024-12-11T21:22:39Z) (Implementing API version 1.21.4-R0.1-SNAPSHOT)
[07:23:41] [Server thread/INFO]: [spark] This server bundles the spark profiler. For more information please visit https://docs.papermc.io/paper/profiling
[07:23:41] [Server thread/INFO]: Server Ping Player Sample Count: 12
[07:23:41] [Server thread/INFO]: Using 4 threads for Netty based IO
[07:23:42] [Server thread/INFO]: [MoonriseCommon] Paper is using 8 worker threads, 1 I/O threads
[07:23:42] [Server thread/INFO]: [ChunkTaskScheduler] Chunk system is using population gen parallelism: true
[07:23:42] [Server thread/INFO]: Default game type: SURVIVAL
[07:23:42] [Server thread/INFO]: Generating keypair
[07:23:42] [Server thread/INFO]: Starting Minecraft server on 173.240.148.216:27000
[07:23:42] [Server thread/INFO]: Using epoll channel type
[07:23:42] [Server thread/INFO]: Paper: Using libdeflate (Linux x86_64) compression from Velocity.
[07:23:42] [Server thread/INFO]: Paper: Using OpenSSL 3.x.x (Linux x86_64) cipher from Velocity.
[07:23:42] [Server thread/INFO]: [LuckPerms] Loading server plugin LuckPerms v5.4.150
[07:23:43] [Server thread/INFO]: [dynmap] Loading server plugin dynmap v3.7-beta-7-Dev
[07:23:43] [Server thread/INFO]: [dynmap] version=1.21.4-14-b746d9d (MC: 1.21.4)
[07:23:43] [Server thread/INFO]: [dynmap] Mod Support API available
[07:23:43] [Server thread/INFO]: [NameColor] Loading server plugin NameColor v1.9
[07:23:43] [Server thread/INFO]: [mcMMO] Loading server plugin mcMMO v2.2.029-SNAPSHOT
[07:23:43] [Server thread/INFO]: [BisectHosting] Loading server plugin BisectHosting v1.0.4
[07:23:43] [Server thread/INFO]: [ArmorPoser] Loading server plugin ArmorPoser v1.1.0
[07:23:43] [Server thread/INFO]: [HuskHomes] Loading server plugin HuskHomes v4.8.3
[07:23:43] [Server thread/INFO]: [HuskHomes] Registered 'on_load' hooks
[07:23:43] [Server thread/INFO]: [HuskHomes] Successfully loaded HuskHomes v4.8.3
[07:23:43] [Server thread/INFO]: Server permissions file permissions.yml is empty, ignoring it
[07:23:43] [Server thread/INFO]: [LuckPerms] Enabling LuckPerms v5.4.150
[07:23:43] [Server thread/INFO]:         __    
[07:23:43] [Server thread/INFO]:   |    |__)   LuckPerms v5.4.150
[07:23:43] [Server thread/INFO]:   |___ |      Running on Bukkit - Paper
[07:23:43] [Server thread/INFO]: 
[07:23:43] [Server thread/INFO]: [LuckPerms] Loading configuration...
[07:23:44] [Server thread/INFO]: [LuckPerms] Loading storage provider... [H2]
[07:23:44] [Server thread/INFO]: [LuckPerms] Loading internal permission managers...
[07:23:44] [Server thread/INFO]: [LuckPerms] Performing initial data load...
[07:23:44] [Server thread/INFO]: [LuckPerms] Successfully enabled. (took 1473ms)
[07:23:44] [Server thread/INFO]: Preparing level "soapSMP"
[07:23:45] [Server thread/INFO]: Preparing start region for dimension minecraft:overworld
[07:23:46] [Server thread/INFO]: Preparing spawn area: 0%
[07:23:46] [Server thread/INFO]: Preparing spawn area: 2%
[07:23:47] [Server thread/INFO]: Preparing spawn area: 2%
[07:23:47] [Server thread/INFO]: Preparing spawn area: 100%
[07:23:47] [Server thread/INFO]: Time elapsed: 1610 ms
[07:23:47] [Server thread/INFO]: Preparing start region for dimension minecraft:the_nether
[07:23:47] [Server thread/INFO]: Preparing spawn area: 0%
[07:23:47] [Server thread/INFO]: Time elapsed: 425 ms
[07:23:47] [Server thread/INFO]: Preparing start region for dimension minecraft:the_end
[07:23:48] [Server thread/INFO]: Preparing spawn area: 0%
[07:23:48] [Server thread/INFO]: Time elapsed: 68 ms
[07:23:48] [Server thread/INFO]: [dynmap] Enabling dynmap v3.7-beta-7-Dev
[07:23:48] [Server thread/INFO]: [dynmap] Added 21 custom biome mappings
[07:23:48] [Server thread/INFO]: [dynmap] Using LuckPerms 5.4.150 for access control
[07:23:49] [Server thread/INFO]: [dynmap] Extracted files upgraded
[07:23:49] [Server thread/INFO]: [dynmap] Mod Support processing completed
[07:23:52] [Server thread/INFO]: [dynmap] Loaded 27 shaders.
[07:23:52] [Server thread/INFO]: [dynmap] Loaded 83 perspectives.
[07:23:52] [Server thread/INFO]: [dynmap] Loaded 22 lightings.
[07:23:52] [Server thread/INFO]: [dynmap] Starting enter/exit processing
[07:23:52] [Dynmap Render Thread/INFO]: [dynmap] Finish marker initialization
[07:23:53] [Server thread/INFO]: [dynmap] Web server started on address 173.240.148.216:8123
[07:23:53] [Server thread/INFO]: [dynmap] version 3.7-beta-7-Dev is enabled - core version 3.7-beta-7-Dev
[07:23:53] [Server thread/INFO]: [dynmap] For support, visit our Discord at https://discord.gg/s3rd5qn
[07:23:53] [Server thread/INFO]: [dynmap] For news, visit https://reddit.com/r/Dynmap or follow https://universeodon.com/@dynmap
[07:23:53] [Server thread/INFO]: [dynmap] To report or track bugs, visit https://github.com/webbukkit/dynmap/issues
[07:23:53] [Server thread/INFO]: [dynmap] If you'd like to donate, please visit https://www.patreon.com/dynmap or https://ko-fi.com/michaelprimm
[07:23:53] [Server thread/INFO]: [dynmap] Loaded 3 maps of world 'soapSMP'.
[07:23:53] [Server thread/INFO]: [dynmap] Loaded 2 maps of world 'soapSMP_nether'.
[07:23:53] [Server thread/INFO]: [dynmap] Loaded 2 maps of world 'soapSMP_the_end'.
[07:23:53] [Server thread/INFO]: [dynmap] Enabled
[07:23:53] [Server thread/INFO]: [NameColor] Enabling NameColor v1.9
[07:23:53] [Server thread/INFO]: [NameColor] Essentials plugin not found, using Server mode
[07:23:53] [Server thread/INFO]: [NameColor] Configuration found.
[07:23:53] [Server thread/INFO]: [NameColor] NameColor version 1.9 enabled.
[07:23:53] [Server thread/INFO]: [mcMMO] Enabling mcMMO v2.2.029-SNAPSHOT
[07:23:54] [Server thread/INFO]: [mcMMO] Loaded 220 Alchemy potions, skipped 0.
[07:23:55] [Server thread/INFO]: [BisectHosting] Enabling BisectHosting v1.0.4
[07:23:55] [Server thread/INFO]: [ArmorPoser] Enabling ArmorPoser v1.1.0
[07:23:55] [Server thread/INFO]: [HuskHomes] Enabling HuskHomes v4.8.3
[07:23:56] [Server thread/INFO]: [HuskHomes] Registered 'on_enable' hooks
[07:23:56] [Server thread/INFO]: [HuskHomes] Successfully enabled HuskHomes v4.8.3
[07:23:56] [Server thread/INFO]: [spark] Starting background profiler...
[07:23:56] [Server thread/INFO]: Done preparing level "soapSMP" (11.840s)
[07:23:56] [Server thread/INFO]: Running delayed init tasks
[07:23:56] [Server thread/INFO]: Done (30.812s)! For help, type "help"
[07:24:01] [Craft Scheduler Thread - 3 - HuskHomes/INFO]: [HuskHomes] Registered 'after_load' hooks
[07:25:29] [Dynmap Render Thread/INFO]: [dynmap] Loading default resource pack
[07:25:30] [Dynmap Render Thread/WARN]: [dynmap] Resource assets/minecraft/textures/all.png for mod minecraft not found
[09:39:57] [Server thread/INFO]: Whitelist is now turned on
[09:42:04] [Server thread/INFO]: Player is already whitelisted
[09:42:11] [Server thread/INFO]: Player is already whitelisted
[09:42:16] [Server thread/INFO]: Player is already whitelisted
[09:42:43] [Server thread/INFO]: Stopping the server
[09:42:43] [Server thread/INFO]: Stopping server
[09:42:43] [Server thread/INFO]: [HuskHomes] Disabling HuskHomes v4.8.3
[09:42:43] [Server thread/INFO]: [HuskHomes] Disabling HuskHomes v4.8.3...
[09:42:43] [Server thread/INFO]: [HuskHomes] Successfully disabled HuskHomes v4.8.3
[09:42:43] [Server thread/INFO]: [ArmorPoser] Disabling ArmorPoser v1.1.0
[09:42:43] [Server thread/INFO]: [BisectHosting] Disabling BisectHosting v1.0.4
[09:42:43] [Server thread/INFO]: [mcMMO] Disabling mcMMO v2.2.029-SNAPSHOT
[09:42:43] [Server thread/INFO]: [mcMMO] Server shutdown has been executed, saving and cleaning up data...
[09:42:43] [Server thread/INFO]: [NameColor] Disabling NameColor v1.9
[09:42:43] [Server thread/INFO]: [NameColor] Disabled.
[09:42:43] [Server thread/INFO]: [dynmap] Disabling dynmap v3.7-beta-7-Dev
[09:42:43] [Server thread/INFO]: [dynmap] Unloaded 11 components.
[09:42:43] [Server thread/INFO]: [dynmap] Stopping map renderer...
[09:42:44] [Server thread/INFO]: [dynmap] Disabled
[09:42:44] [Server thread/INFO]: [LuckPerms] Disabling LuckPerms v5.4.150
[09:42:44] [Server thread/INFO]: [LuckPerms] Starting shutdown process...
[09:42:44] [Server thread/INFO]: [LuckPerms] Closing storage...
[09:42:44] [Server thread/INFO]: [LuckPerms] Goodbye!
[09:42:44] [Server thread/INFO]: Saving players
[09:42:44] [Server thread/INFO]: Saving worlds
[09:42:44] [Server thread/INFO]: Saving chunks for level 'ServerLevel[soapSMP]'/minecraft:overworld
[09:42:44] [Server thread/INFO]: [ChunkHolderManager] Waiting 60s for chunk system to halt for world 'soapSMP'
[09:42:44] [Server thread/INFO]: [ChunkHolderManager] Halted chunk system for world 'soapSMP'
[09:42:44] [Server thread/INFO]: [ChunkHolderManager] Saving all chunkholders for world 'soapSMP'
[09:42:44] [Server thread/INFO]: [ChunkHolderManager] Saved 7 block chunks, 86 entity chunks, 1 poi chunks in world 'soapSMP' in 0.16s
[09:42:44] [Server thread/INFO]: [ChunkHolderManager] Waiting 60s for chunk I/O to halt for world 'soapSMP'
[09:42:44] [Server thread/INFO]: [ChunkHolderManager] Halted I/O scheduler for world 'soapSMP'
[09:42:44] [Server thread/INFO]: Saving chunks for level 'ServerLevel[soapSMP_nether]'/minecraft:the_nether
[09:42:44] [Server thread/INFO]: [ChunkHolderManager] Waiting 60s for chunk system to halt for world 'soapSMP_nether'
[09:42:44] [Server thread/INFO]: [ChunkHolderManager] Halted chunk system for world 'soapSMP_nether'
[09:42:44] [Server thread/INFO]: [ChunkHolderManager] Saving all chunkholders for world 'soapSMP_nether'
[09:42:44] [Server thread/INFO]: [ChunkHolderManager] Saved 0 block chunks, 3 entity chunks, 0 poi chunks in world 'soapSMP_nether' in 0.01s
[09:42:44] [Server thread/INFO]: [ChunkHolderManager] Waiting 60s for chunk I/O to halt for world 'soapSMP_nether'
[09:42:44] [Server thread/INFO]: [ChunkHolderManager] Halted I/O scheduler for world 'soapSMP_nether'
[09:42:44] [Server thread/INFO]: Saving chunks for level 'ServerLevel[soapSMP_the_end]'/minecraft:the_end
[09:42:44] [Server thread/INFO]: [ChunkHolderManager] Waiting 60s for chunk system to halt for world 'soapSMP_the_end'
[09:42:44] [Server thread/INFO]: [ChunkHolderManager] Halted chunk system for world 'soapSMP_the_end'
[09:42:44] [Server thread/INFO]: [ChunkHolderManager] Saving all chunkholders for world 'soapSMP_the_end'
[09:42:44] [Server thread/INFO]: [ChunkHolderManager] Saved 0 block chunks, 2 entity chunks, 0 poi chunks in world 'soapSMP_the_end' in 0.01s
[09:42:44] [Server thread/INFO]: [ChunkHolderManager] Waiting 60s for chunk I/O to halt for world 'soapSMP_the_end'
[09:42:44] [Server thread/INFO]: [ChunkHolderManager] Halted I/O scheduler for world 'soapSMP_the_end'
[09:42:44] [Server thread/INFO]: ThreadedAnvilChunkStorage (soapSMP): All chunks are saved
[09:42:44] [Server thread/INFO]: ThreadedAnvilChunkStorage (DIM-1): All chunks are saved
[09:42:44] [Server thread/INFO]: ThreadedAnvilChunkStorage (DIM1): All chunks are saved
[09:42:44] [Server thread/INFO]: ThreadedAnvilChunkStorage: All dimensions are saved
[09:42:44] [Server thread/INFO]: Waiting for I/O tasks to complete...
[09:42:44] [Server thread/INFO]: All I/O tasks to complete
[09:42:44] [Server thread/INFO]: [MoonriseCommon] Awaiting termination of worker pool for up to 60s...
[09:42:44] [Server thread/INFO]: [MoonriseCommon] Awaiting termination of I/O pool for up to 60s...
