[05:49:57] [ServerMain/INFO]: [bootstrap] Running Java 21 (OpenJDK 64-Bit Server VM 21.0.4+7-LTS; Eclipse Adoptium Temurin-21.0.4+7) on Linux 5.15.0-75-generic (amd64)
[05:49:57] [ServerMain/INFO]: [bootstrap] Loading Paper 1.21.4-14-master@b746d9d (2024-12-11T21:22:39Z) for Minecraft 1.21.4
[05:49:57] [ServerMain/INFO]: [PluginInitializerManager] Initializing plugins...
[05:49:58] [ServerMain/WARN]: [org.eclipse.aether.internal.impl.synccontext.named.DiscriminatingNameMapper] Failed to get hostname, using 'localhost'
java.net.UnknownHostException: a7d1b4f2-34d0-4e31-ad29-895355b97a40: a7d1b4f2-34d0-4e31-ad29-895355b97a40: Name or service not known
	at java.base/java.net.InetAddress.getLocalHost(InetAddress.java:1936) ~[?:?]
	at org.eclipse.aether.internal.impl.synccontext.named.DiscriminatingNameMapper.getHostname(DiscriminatingNameMapper.java:90) ~[maven-resolver-impl-1.9.18.jar:1.9.18]
	at org.eclipse.aether.internal.impl.synccontext.named.DiscriminatingNameMapper.<init>(DiscriminatingNameMapper.java:69) ~[maven-resolver-impl-1.9.18.jar:1.9.18]
	at org.eclipse.aether.internal.impl.synccontext.named.NameMappers.discriminatingNameMapper(NameMappers.java:68) ~[maven-resolver-impl-1.9.18.jar:1.9.18]
	at org.eclipse.aether.internal.impl.synccontext.named.NamedLockFactoryAdapterFactoryImpl.getManuallyCreatedNameMappers(NamedLockFactoryAdapterFactoryImpl.java:78) ~[maven-resolver-impl-1.9.18.jar:1.9.18]
	at org.eclipse.aether.internal.impl.synccontext.named.NamedLockFactoryAdapterFactoryImpl.<init>(NamedLockFactoryAdapterFactoryImpl.java:107) ~[maven-resolver-impl-1.9.18.jar:1.9.18]
	at java.base/jdk.internal.reflect.DirectConstructorHandleAccessor.newInstance(DirectConstructorHandleAccessor.java:62) ~[?:?]
	at java.base/java.lang.reflect.Constructor.newInstanceWithCaller(Constructor.java:502) ~[?:?]
	at java.base/java.lang.reflect.Constructor.newInstance(Constructor.java:486) ~[?:?]
	at org.eclipse.aether.impl.DefaultServiceLocator$Entry.newInstance(DefaultServiceLocator.java:159) ~[maven-resolver-impl-1.9.18.jar:1.9.18]
	at org.eclipse.aether.impl.DefaultServiceLocator$Entry.getInstances(DefaultServiceLocator.java:140) ~[maven-resolver-impl-1.9.18.jar:1.9.18]
	at org.eclipse.aether.impl.DefaultServiceLocator$Entry.getInstance(DefaultServiceLocator.java:130) ~[maven-resolver-impl-1.9.18.jar:1.9.18]
	at org.eclipse.aether.impl.DefaultServiceLocator.getService(DefaultServiceLocator.java:271) ~[maven-resolver-impl-1.9.18.jar:1.9.18]
	at org.eclipse.aether.internal.impl.synccontext.DefaultSyncContextFactory.initService(DefaultSyncContextFactory.java:68) ~[maven-resolver-impl-1.9.18.jar:1.9.18]
	at org.eclipse.aether.impl.DefaultServiceLocator$Entry.newInstance(DefaultServiceLocator.java:163) ~[maven-resolver-impl-1.9.18.jar:1.9.18]
	at org.eclipse.aether.impl.DefaultServiceLocator$Entry.getInstances(DefaultServiceLocator.java:140) ~[maven-resolver-impl-1.9.18.jar:1.9.18]
	at org.eclipse.aether.impl.DefaultServiceLocator$Entry.getInstance(DefaultServiceLocator.java:130) ~[maven-resolver-impl-1.9.18.jar:1.9.18]
	at org.eclipse.aether.impl.DefaultServiceLocator.getService(DefaultServiceLocator.java:271) ~[maven-resolver-impl-1.9.18.jar:1.9.18]
	at org.eclipse.aether.internal.impl.DefaultMetadataResolver.initService(DefaultMetadataResolver.java:123) ~[maven-resolver-impl-1.9.18.jar:1.9.18]
	at org.eclipse.aether.impl.DefaultServiceLocator$Entry.newInstance(DefaultServiceLocator.java:163) ~[maven-resolver-impl-1.9.18.jar:1.9.18]
	at org.eclipse.aether.impl.DefaultServiceLocator$Entry.getInstances(DefaultServiceLocator.java:140) ~[maven-resolver-impl-1.9.18.jar:1.9.18]
	at org.eclipse.aether.impl.DefaultServiceLocator$Entry.getInstance(DefaultServiceLocator.java:130) ~[maven-resolver-impl-1.9.18.jar:1.9.18]
	at org.eclipse.aether.impl.DefaultServiceLocator.getService(DefaultServiceLocator.java:271) ~[maven-resolver-impl-1.9.18.jar:1.9.18]
	at org.apache.maven.repository.internal.DefaultVersionResolver.initService(DefaultVersionResolver.java:106) ~[maven-resolver-provider-3.9.6.jar:3.9.6]
	at org.eclipse.aether.impl.DefaultServiceLocator$Entry.newInstance(DefaultServiceLocator.java:163) ~[maven-resolver-impl-1.9.18.jar:1.9.18]
	at org.eclipse.aether.impl.DefaultServiceLocator$Entry.getInstances(DefaultServiceLocator.java:140) ~[maven-resolver-impl-1.9.18.jar:1.9.18]
	at org.eclipse.aether.impl.DefaultServiceLocator$Entry.getInstance(DefaultServiceLocator.java:130) ~[maven-resolver-impl-1.9.18.jar:1.9.18]
	at org.eclipse.aether.impl.DefaultServiceLocator.getService(DefaultServiceLocator.java:271) ~[maven-resolver-impl-1.9.18.jar:1.9.18]
	at org.eclipse.aether.internal.impl.DefaultRepositorySystem.initService(DefaultRepositorySystem.java:158) ~[maven-resolver-impl-1.9.18.jar:1.9.18]
	at org.eclipse.aether.impl.DefaultServiceLocator$Entry.newInstance(DefaultServiceLocator.java:163) ~[maven-resolver-impl-1.9.18.jar:1.9.18]
	at org.eclipse.aether.impl.DefaultServiceLocator$Entry.getInstances(DefaultServiceLocator.java:140) ~[maven-resolver-impl-1.9.18.jar:1.9.18]
	at org.eclipse.aether.impl.DefaultServiceLocator$Entry.getInstance(DefaultServiceLocator.java:130) ~[maven-resolver-impl-1.9.18.jar:1.9.18]
	at org.eclipse.aether.impl.DefaultServiceLocator.getService(DefaultServiceLocator.java:271) ~[maven-resolver-impl-1.9.18.jar:1.9.18]
	at org.bukkit.plugin.java.LibraryLoader.<init>(LibraryLoader.java:60) ~[paper-api-1.21.4-R0.1-SNAPSHOT.jar:?]
	at io.papermc.paper.plugin.provider.type.spigot.SpigotPluginProvider.<clinit>(SpigotPluginProvider.java:38) ~[paper-1.21.4.jar:1.21.4-14-b746d9d]
	at io.papermc.paper.plugin.provider.type.PluginFileType.<clinit>(PluginFileType.java:40) ~[paper-1.21.4.jar:1.21.4-14-b746d9d]
	at io.papermc.paper.plugin.provider.source.FileProviderSource.registerProviders(FileProviderSource.java:77) ~[paper-1.21.4.jar:1.21.4-14-b746d9d]
	at io.papermc.paper.plugin.provider.source.DirectoryProviderSource.registerProviders(DirectoryProviderSource.java:52) ~[paper-1.21.4.jar:1.21.4-14-b746d9d]
	at io.papermc.paper.plugin.provider.source.DirectoryProviderSource.registerProviders(DirectoryProviderSource.java:17) ~[paper-1.21.4.jar:1.21.4-14-b746d9d]
	at io.papermc.paper.plugin.util.EntrypointUtil.registerProvidersFromSource(EntrypointUtil.java:15) ~[paper-1.21.4.jar:1.21.4-14-b746d9d]
	at io.papermc.paper.plugin.PluginInitializerManager.load(PluginInitializerManager.java:113) ~[paper-1.21.4.jar:1.21.4-14-b746d9d]
	at net.minecraft.server.Main.main(Main.java:125) ~[paper-1.21.4.jar:1.21.4-14-b746d9d]
	at io.papermc.paper.PaperBootstrap.boot(PaperBootstrap.java:21) ~[paper-1.21.4.jar:1.21.4-14-b746d9d]
	at org.bukkit.craftbukkit.Main.main(Main.java:281) ~[paper-1.21.4.jar:1.21.4-14-b746d9d]
	at io.papermc.paperclip.Paperclip.lambda$main$0(Paperclip.java:42) ~[app:?]
	at java.base/java.lang.Thread.run(Thread.java:1583) ~[?:?]
Caused by: java.net.UnknownHostException: a7d1b4f2-34d0-4e31-ad29-895355b97a40: Name or service not known
	at java.base/java.net.Inet6AddressImpl.lookupAllHostAddr(Native Method) ~[?:?]
	at java.base/java.net.Inet6AddressImpl.lookupAllHostAddr(Inet6AddressImpl.java:52) ~[?:?]
	at java.base/java.net.InetAddress$PlatformResolver.lookupByName(InetAddress.java:1211) ~[?:?]
	at java.base/java.net.InetAddress.getAddressesFromNameService(InetAddress.java:1828) ~[?:?]
	at java.base/java.net.InetAddress$NameServiceAddresses.get(InetAddress.java:1139) ~[?:?]
	at java.base/java.net.InetAddress.getAllByName0(InetAddress.java:1818) ~[?:?]
	at java.base/java.net.InetAddress.getLocalHost(InetAddress.java:1931) ~[?:?]
	... 45 more
[05:49:58] [ServerMain/INFO]: [PluginInitializerManager] Initialized 2 plugins
[05:49:58] [ServerMain/INFO]: [PluginInitializerManager] Bukkit plugins (2):
 - BisectHosting (1.0.4), mcMMO (2.2.029-SNAPSHOT)
[05:50:03] [ServerMain/INFO]: Environment: Environment[sessionHost=https://sessionserver.mojang.com, servicesHost=https://api.minecraftservices.com, name=PROD]
[05:50:03] [ServerMain/INFO]: [MCTypeRegistry] Initialising converters for DataConverter...
[05:50:04] [ServerMain/INFO]: [MCTypeRegistry] Finished initialising converters for DataConverter in 391.3ms
[05:50:04] [ServerMain/INFO]: Found non-pack entry './soapSMP/datapacks/.DS_Store', ignoring
[05:50:04] [ServerMain/INFO]: Found non-pack entry './soapSMP/datapacks/mini blocks v1.1.1 (MC 1.21-1.21.4)', ignoring
[05:50:04] [ServerMain/ERROR]: Invalid directory entry: .DS_Store in ./soapSMP/datapacks/BlazeandCaves Advancements Pack 1.18.
java.nio.file.NotDirectoryException: .DS_Store
	at net.minecraft.server.packs.PathPackResources.getNamespaces(PathPackResources.java:108) ~[paper-1.21.4.jar:1.21.4-14-b746d9d]
	at net.minecraft.server.packs.resources.MultiPackResourceManager.lambda$new$0(MultiPackResourceManager.java:27) ~[paper-1.21.4.jar:1.21.4-14-b746d9d]
	at java.base/java.util.stream.ReferencePipeline$7$1.accept(ReferencePipeline.java:273) ~[?:?]
	at java.base/java.util.Spliterators$ArraySpliterator.forEachRemaining(Spliterators.java:1024) ~[?:?]
	at java.base/java.util.stream.AbstractPipeline.copyInto(AbstractPipeline.java:509) ~[?:?]
	at java.base/java.util.stream.AbstractPipeline.wrapAndCopyInto(AbstractPipeline.java:499) ~[?:?]
	at java.base/java.util.stream.AbstractPipeline.evaluate(AbstractPipeline.java:575) ~[?:?]
	at java.base/java.util.stream.AbstractPipeline.evaluateToArrayNode(AbstractPipeline.java:260) ~[?:?]
	at java.base/java.util.stream.ReferencePipeline.toArray(ReferencePipeline.java:616) ~[?:?]
	at java.base/java.util.stream.ReferencePipeline.toArray(ReferencePipeline.java:622) ~[?:?]
	at java.base/java.util.stream.ReferencePipeline.toList(ReferencePipeline.java:627) ~[?:?]
	at net.minecraft.server.packs.resources.MultiPackResourceManager.<init>(MultiPackResourceManager.java:27) ~[paper-1.21.4.jar:1.21.4-14-b746d9d]
	at net.minecraft.server.WorldLoader$PackConfig.createResourceManager(WorldLoader.java:96) ~[paper-1.21.4.jar:1.21.4-14-b746d9d]
	at net.minecraft.server.WorldLoader.load(WorldLoader.java:36) ~[paper-1.21.4.jar:1.21.4-14-b746d9d]
	at net.minecraft.server.Main.lambda$main$1(Main.java:274) ~[paper-1.21.4.jar:1.21.4-14-b746d9d]
	at net.minecraft.Util.blockUntilDone(Util.java:993) ~[paper-1.21.4.jar:1.21.4-14-b746d9d]
	at net.minecraft.Util.blockUntilDone(Util.java:988) ~[paper-1.21.4.jar:1.21.4-14-b746d9d]
	at net.minecraft.server.Main.main(Main.java:273) ~[paper-1.21.4.jar:1.21.4-14-b746d9d]
	at io.papermc.paper.PaperBootstrap.boot(PaperBootstrap.java:21) ~[paper-1.21.4.jar:1.21.4-14-b746d9d]
	at org.bukkit.craftbukkit.Main.main(Main.java:281) ~[paper-1.21.4.jar:1.21.4-14-b746d9d]
	at io.papermc.paperclip.Paperclip.lambda$main$0(Paperclip.java:42) ~[app:?]
	at java.base/java.lang.Thread.run(Thread.java:1583) ~[?:?]
[05:50:04] [ServerMain/ERROR]: Invalid directory entry: .DS_Store in ./soapSMP/datapacks/BlazeandCaves Advancements Pack 1.18.
java.nio.file.NotDirectoryException: .DS_Store
	at net.minecraft.server.packs.PathPackResources.getNamespaces(PathPackResources.java:108) ~[paper-1.21.4.jar:1.21.4-14-b746d9d]
	at net.minecraft.server.packs.resources.MultiPackResourceManager.<init>(MultiPackResourceManager.java:31) ~[paper-1.21.4.jar:1.21.4-14-b746d9d]
	at net.minecraft.server.WorldLoader$PackConfig.createResourceManager(WorldLoader.java:96) ~[paper-1.21.4.jar:1.21.4-14-b746d9d]
	at net.minecraft.server.WorldLoader.load(WorldLoader.java:36) ~[paper-1.21.4.jar:1.21.4-14-b746d9d]
	at net.minecraft.server.Main.lambda$main$1(Main.java:274) ~[paper-1.21.4.jar:1.21.4-14-b746d9d]
	at net.minecraft.Util.blockUntilDone(Util.java:993) ~[paper-1.21.4.jar:1.21.4-14-b746d9d]
	at net.minecraft.Util.blockUntilDone(Util.java:988) ~[paper-1.21.4.jar:1.21.4-14-b746d9d]
	at net.minecraft.server.Main.main(Main.java:273) ~[paper-1.21.4.jar:1.21.4-14-b746d9d]
	at io.papermc.paper.PaperBootstrap.boot(PaperBootstrap.java:21) ~[paper-1.21.4.jar:1.21.4-14-b746d9d]
	at org.bukkit.craftbukkit.Main.main(Main.java:281) ~[paper-1.21.4.jar:1.21.4-14-b746d9d]
	at io.papermc.paperclip.Paperclip.lambda$main$0(Paperclip.java:42) ~[app:?]
	at java.base/java.lang.Thread.run(Thread.java:1583) ~[?:?]
[05:50:04] [ServerMain/ERROR]: Invalid path in pack: blazeandcave:tags/entity_type/overSoapie SMP (Soapie SMP (Soapie SMP (Soapie S)_zombies.json, ignoring
[05:50:06] [Worker-Main-1/ERROR]: Invalid path in pack: blazeandcave:predicate/in_the_overSoapie SMP (Soapie SMP (Soapie SMP (Soapie S).json, ignoring
[05:50:06] [Worker-Main-1/ERROR]: Invalid path in pack: blazeandcave:predicate/at_Soapie SMP (Soapie SMP (Soapie SMP (Soapie S)_height.json, ignoring
[05:50:06] [Worker-Main-1/ERROR]: Invalid path in pack: multiplayer_sleep:predicate/overSoapie SMP (Main World)-2.json, ignoring
[05:50:06] [Worker-Main-3/ERROR]: Couldn't parse data file 'minecraft:entities/creeper' from 'minecraft:loot_table/entities/creeper.json': DataResult.Error['Failed to parse either. First: Failed to get element infinite_music_discs:dontplaymustnotplay; Second: Cannot parse as key without registry; Not a JSON object: 6 missed input: {"minecraft:custom_model_data":6,"minecraft:jukebox_playable":{"song":"infinite_music_discs:dontplaymustnotplay"}}; Failed to parse either. First: Failed to get element infinite_music_discs:heavenandhell; Second: Cannot parse as key without registry; Not a JSON object: 5 missed input: {"minecraft:custom_model_data":5,"minecraft:jukebox_playable":{"song":"infinite_music_discs:heavenandhell"}}; Failed to parse either. First: Failed to get element infinite_music_discs:onedaymore; Second: Cannot parse as key without registry; Not a JSON object: 4 missed input: {"minecraft:custom_model_data":4,"minecraft:jukebox_playable":{"song":"infinite_music_discs:onedaymore"}}; Failed to parse either. First: Failed to get element infinite_music_discs:pianoman; Second: Cannot parse as key without registry; Not a JSON object: 3 missed input: {"minecraft:custom_model_data":3,"minecraft:jukebox_playable":{"song":"infinite_music_discs:pianoman"}}; Failed to parse either. First: Failed to get element infinite_music_discs:pitterpatter; Second: Cannot parse as key without registry; Not a JSON object: 2 missed input: {"minecraft:custom_model_data":2,"minecraft:jukebox_playable":{"song":"infinite_music_discs:pitterpatter"}}; Failed to parse either. First: Failed to get element infinite_music_discs:redstoneeleavtor; Second: Cannot parse as key without registry; Not a JSON object: 1 missed input: {"minecraft:custom_model_data":1,"minecraft:jukebox_playable":{"song":"infinite_music_discs:redstoneeleavtor"}}': net.minecraft.world.level.storage.loot.LootTable@703a3630]
[05:50:06] [Worker-Main-3/ERROR]: Couldn't parse data file 'armor_statues:random_pose' from 'armor_statues:loot_table/random_pose.json': DataResult.Error['Unknown registry key in ResourceKey[minecraft:root / minecraft:attribute]: minecraft:generic.attack_damage; Unknown registry key in ResourceKey[minecraft:root / minecraft:attribute]: minecraft:generic.attack_damage; Unknown registry key in ResourceKey[minecraft:root / minecraft:attribute]: minecraft:generic.attack_damage; Unknown registry key in ResourceKey[minecraft:root / minecraft:attribute]: minecraft:generic.attack_damage; Unknown registry key in ResourceKey[minecraft:root / minecraft:attribute]: minecraft:generic.attack_damage; Unknown registry key in ResourceKey[minecraft:root / minecraft:attribute]: minecraft:generic.attack_damage; Unknown registry key in ResourceKey[minecraft:root / minecraft:attribute]: minecraft:generic.attack_damage; Unknown registry key in ResourceKey[minecraft:root / minecraft:attribute]: minecraft:generic.attack_damage; Unknown registry key in ResourceKey[minecraft:root / minecraft:attribute]: minecraft:generic.attack_damage; Unknown registry key in ResourceKey[minecraft:root / minecraft:attribute]: minecraft:generic.attack_damage; Unknown registry key in ResourceKey[minecraft:root / minecraft:attribute]: minecraft:generic.attack_damage; Unknown registry key in ResourceKey[minecraft:root / minecraft:attribute]: minecraft:generic.attack_damage; Unknown registry key in ResourceKey[minecraft:root / minecraft:attribute]: minecraft:generic.attack_damage; Unknown registry key in ResourceKey[minecraft:root / minecraft:attribute]: minecraft:generic.attack_damage; Unknown registry key in ResourceKey[minecraft:root / minecraft:attribute]: minecraft:generic.attack_damage; Unknown registry key in ResourceKey[minecraft:root / minecraft:attribute]: minecraft:generic.attack_damage; Unknown registry key in ResourceKey[minecraft:root / minecraft:attribute]: minecraft:generic.attack_damage; Unknown registry key in ResourceKey[minecraft:root / minecraft:attribute]: minecraft:generic.attack_damage': net.minecraft.world.level.storage.loot.LootTable@65dd8e2e]
[05:50:06] [Worker-Main-4/WARN]: Found loot table element validation problem in {minecraft:loot_table/mcpaint:palette/malachite}.pools[1].entries[0]: Unknown loot table called mcpaint:item/paint_bucket
[05:50:06] [Worker-Main-4/WARN]: Found loot table element validation problem in {minecraft:loot_table/mcpaint:palette/malachite}.pools[0].entries[0]: Unknown loot table called mcpaint:item/paint_bucket
[05:50:06] [Worker-Main-4/WARN]: Found loot table element validation problem in {minecraft:loot_table/mcpaint:palette/pumpkin}.pools[0].entries[0]: Unknown loot table called mcpaint:item/paint_bucket
[05:50:06] [Worker-Main-4/WARN]: Found loot table element validation problem in {minecraft:loot_table/mcpaint:palette/pumpkin}.pools[1].entries[0]: Unknown loot table called mcpaint:item/paint_bucket
[05:50:06] [Worker-Main-4/WARN]: Found loot table element validation problem in {minecraft:loot_table/mcpaint:palette/malachite}.pools[2].entries[0]: Unknown loot table called mcpaint:item/paint_bucket
[05:50:06] [Worker-Main-4/WARN]: Found loot table element validation problem in {minecraft:loot_table/mcpaint:palette/pumpkin}.pools[4].entries[0]: Unknown loot table called mcpaint:item/paint_bucket
[05:50:06] [Worker-Main-4/WARN]: Found loot table element validation problem in {minecraft:loot_table/mcpaint:palette/random}.pools[0].entries[4]->{mcpaint:palette/pumpkin}.pools[2].entries[0]: Unknown loot table called mcpaint:item/paint_bucket
[05:50:06] [Worker-Main-4/WARN]: Found loot table element validation problem in {minecraft:loot_table/mcpaint:palette/random}.pools[0].entries[2]->{mcpaint:palette/mauve}.pools[4].entries[0]: Unknown loot table called mcpaint:item/paint_bucket
[05:50:06] [Worker-Main-4/WARN]: Found loot table element validation problem in {minecraft:loot_table/mcpaint:palette/malachite}.pools[3].entries[0]: Unknown loot table called mcpaint:item/paint_bucket
[05:50:06] [Worker-Main-4/WARN]: Found loot table element validation problem in {minecraft:loot_table/mcpaint:palette/random}.pools[0].entries[2]->{mcpaint:palette/mauve}.pools[3].entries[0]: Unknown loot table called mcpaint:item/paint_bucket
[05:50:06] [Worker-Main-4/WARN]: Found loot table element validation problem in {minecraft:loot_table/mcpaint:palette/malachite}.pools[4].entries[0]: Unknown loot table called mcpaint:item/paint_bucket
[05:50:06] [Worker-Main-4/WARN]: Found loot table element validation problem in {minecraft:loot_table/mcpaint:palette/pumpkin}.pools[2].entries[0]: Unknown loot table called mcpaint:item/paint_bucket
[05:50:06] [Worker-Main-4/WARN]: Found loot table element validation problem in {minecraft:loot_table/mcpaint:palette/random}.pools[0].entries[4]->{mcpaint:palette/pumpkin}.pools[0].entries[0]: Unknown loot table called mcpaint:item/paint_bucket
[05:50:06] [Worker-Main-4/WARN]: Found loot table element validation problem in {minecraft:loot_table/mcpaint:palette/random}.pools[0].entries[4]->{mcpaint:palette/pumpkin}.pools[1].entries[0]: Unknown loot table called mcpaint:item/paint_bucket
[05:50:06] [Worker-Main-4/WARN]: Found loot table element validation problem in {minecraft:loot_table/mcpaint:palette/pumpkin}.pools[3].entries[0]: Unknown loot table called mcpaint:item/paint_bucket
[05:50:06] [Worker-Main-4/WARN]: Found loot table element validation problem in {minecraft:loot_table/minecraft:entities/villager}.pools[2].entries[0]: Unknown loot table called more_mob_heads:entities/villager
[05:50:06] [Worker-Main-4/WARN]: Found loot table element validation problem in {minecraft:loot_table/mcpaint:palette/random}.pools[0].entries[4]->{mcpaint:palette/pumpkin}.pools[3].entries[0]: Unknown loot table called mcpaint:item/paint_bucket
[05:50:06] [Worker-Main-4/WARN]: Found loot table element validation problem in {minecraft:loot_table/mcpaint:palette/random}.pools[0].entries[1]->{mcpaint:palette/malachite}.pools[2].entries[0]: Unknown loot table called mcpaint:item/paint_bucket
[05:50:06] [Worker-Main-4/WARN]: Found loot table element validation problem in {minecraft:loot_table/mcpaint:palette/random}.pools[0].entries[4]->{mcpaint:palette/pumpkin}.pools[4].entries[0]: Unknown loot table called mcpaint:item/paint_bucket
[05:50:06] [Worker-Main-4/WARN]: Found loot table element validation problem in {minecraft:loot_table/mcpaint:palette/random}.pools[0].entries[1]->{mcpaint:palette/malachite}.pools[3].entries[0]: Unknown loot table called mcpaint:item/paint_bucket
[05:50:06] [Worker-Main-4/WARN]: Found loot table element validation problem in {minecraft:loot_table/mcpaint:palette/random}.pools[0].entries[1]->{mcpaint:palette/malachite}.pools[4].entries[0]: Unknown loot table called mcpaint:item/paint_bucket
[05:50:06] [Worker-Main-4/WARN]: Found loot table element validation problem in {minecraft:loot_table/mcpaint:palette/oranje}.pools[2].entries[0]: Unknown loot table called mcpaint:item/paint_bucket
[05:50:06] [Worker-Main-4/WARN]: Found loot table element validation problem in {minecraft:loot_table/mcpaint:palette/mauve}.pools[3].entries[0]: Unknown loot table called mcpaint:item/paint_bucket
[05:50:06] [Worker-Main-4/WARN]: Found loot table element validation problem in {minecraft:loot_table/mcpaint:palette/mauve}.pools[4].entries[0]: Unknown loot table called mcpaint:item/paint_bucket
[05:50:06] [Worker-Main-4/WARN]: Found loot table element validation problem in {minecraft:loot_table/mcpaint:palette/oranje}.pools[1].entries[0]: Unknown loot table called mcpaint:item/paint_bucket
[05:50:06] [Worker-Main-4/WARN]: Found loot table element validation problem in {minecraft:loot_table/mcpaint:palette/mauve}.pools[1].entries[0]: Unknown loot table called mcpaint:item/paint_bucket
[05:50:06] [Worker-Main-4/WARN]: Found loot table element validation problem in {minecraft:loot_table/mcpaint:palette/mauve}.pools[2].entries[0]: Unknown loot table called mcpaint:item/paint_bucket
[05:50:06] [Worker-Main-4/WARN]: Found loot table element validation problem in {minecraft:loot_table/mcpaint:palette/oranje}.pools[3].entries[0]: Unknown loot table called mcpaint:item/paint_bucket
[05:50:06] [Worker-Main-4/WARN]: Found loot table element validation problem in {minecraft:loot_table/mcpaint:palette/celeste}.pools[0].entries[0]: Unknown loot table called mcpaint:item/paint_bucket
[05:50:06] [Worker-Main-4/WARN]: Found loot table element validation problem in {minecraft:loot_table/mcpaint:palette/celeste}.pools[2].entries[0]: Unknown loot table called mcpaint:item/paint_bucket
[05:50:06] [Worker-Main-4/WARN]: Found loot table element validation problem in {minecraft:loot_table/mcpaint:palette/random}.pools[0].entries[3]->{mcpaint:palette/oranje}.pools[0].entries[0]: Unknown loot table called mcpaint:item/paint_bucket
[05:50:06] [Worker-Main-4/WARN]: Found loot table element validation problem in {minecraft:loot_table/mcpaint:palette/random}.pools[0].entries[1]->{mcpaint:palette/malachite}.pools[1].entries[0]: Unknown loot table called mcpaint:item/paint_bucket
[05:50:06] [Worker-Main-4/WARN]: Found loot table element validation problem in {minecraft:loot_table/mcpaint:palette/celeste}.pools[1].entries[0]: Unknown loot table called mcpaint:item/paint_bucket
[05:50:06] [Worker-Main-4/WARN]: Found loot table element validation problem in {minecraft:loot_table/mcpaint:palette/random}.pools[0].entries[1]->{mcpaint:palette/malachite}.pools[0].entries[0]: Unknown loot table called mcpaint:item/paint_bucket
[05:50:06] [Worker-Main-4/WARN]: Found loot table element validation problem in {minecraft:loot_table/mcpaint:palette/random}.pools[0].entries[3]->{mcpaint:palette/oranje}.pools[1].entries[0]: Unknown loot table called mcpaint:item/paint_bucket
[05:50:06] [Worker-Main-4/WARN]: Found loot table element validation problem in {minecraft:loot_table/mcpaint:palette/celeste}.pools[4].entries[0]: Unknown loot table called mcpaint:item/paint_bucket
[05:50:06] [Worker-Main-4/WARN]: Found loot table element validation problem in {minecraft:loot_table/mcpaint:palette/random}.pools[0].entries[3]->{mcpaint:palette/oranje}.pools[3].entries[0]: Unknown loot table called mcpaint:item/paint_bucket
[05:50:06] [Worker-Main-4/WARN]: Found loot table element validation problem in {minecraft:loot_table/mcpaint:palette/celeste}.pools[3].entries[0]: Unknown loot table called mcpaint:item/paint_bucket
[05:50:06] [Worker-Main-4/WARN]: Found loot table element validation problem in {minecraft:loot_table/mcpaint:palette/random}.pools[0].entries[3]->{mcpaint:palette/oranje}.pools[2].entries[0]: Unknown loot table called mcpaint:item/paint_bucket
[05:50:06] [Worker-Main-4/WARN]: Found loot table element validation problem in {minecraft:loot_table/mcpaint:palette/random}.pools[0].entries[2]->{mcpaint:palette/mauve}.pools[1].entries[0]: Unknown loot table called mcpaint:item/paint_bucket
[05:50:06] [Worker-Main-4/WARN]: Found loot table element validation problem in {minecraft:loot_table/mcpaint:palette/random}.pools[0].entries[2]->{mcpaint:palette/mauve}.pools[0].entries[0]: Unknown loot table called mcpaint:item/paint_bucket
[05:50:06] [Worker-Main-4/WARN]: Found loot table element validation problem in {minecraft:loot_table/mcpaint:palette/random}.pools[0].entries[2]->{mcpaint:palette/mauve}.pools[2].entries[0]: Unknown loot table called mcpaint:item/paint_bucket
[05:50:06] [Worker-Main-4/WARN]: Found loot table element validation problem in {minecraft:loot_table/mcpaint:palette/random}.pools[0].entries[0]->{mcpaint:palette/celeste}.pools[0].entries[0]: Unknown loot table called mcpaint:item/paint_bucket
[05:50:06] [Worker-Main-4/WARN]: Found loot table element validation problem in {minecraft:loot_table/mcpaint:palette/random}.pools[0].entries[0]->{mcpaint:palette/celeste}.pools[1].entries[0]: Unknown loot table called mcpaint:item/paint_bucket
[05:50:06] [Worker-Main-4/WARN]: Found loot table element validation problem in {minecraft:loot_table/mcpaint:palette/random}.pools[0].entries[0]->{mcpaint:palette/celeste}.pools[2].entries[0]: Unknown loot table called mcpaint:item/paint_bucket
[05:50:06] [Worker-Main-4/WARN]: Found loot table element validation problem in {minecraft:loot_table/mcpaint:palette/mauve}.pools[0].entries[0]: Unknown loot table called mcpaint:item/paint_bucket
[05:50:06] [Worker-Main-4/WARN]: Found loot table element validation problem in {minecraft:loot_table/minecraft:entities/player}.pools[1].entries[0]: Unknown loot table called graves:entities/player
[05:50:06] [Worker-Main-4/WARN]: Found loot table element validation problem in {minecraft:loot_table/mcpaint:palette/random}.pools[0].entries[0]->{mcpaint:palette/celeste}.pools[3].entries[0]: Unknown loot table called mcpaint:item/paint_bucket
[05:50:06] [Worker-Main-4/WARN]: Found loot table element validation problem in {minecraft:loot_table/mcpaint:palette/random}.pools[0].entries[0]->{mcpaint:palette/celeste}.pools[4].entries[0]: Unknown loot table called mcpaint:item/paint_bucket
[05:50:06] [Worker-Main-4/WARN]: Found loot table element validation problem in {minecraft:loot_table/mcpaint:palette/oranje}.pools[0].entries[0]: Unknown loot table called mcpaint:item/paint_bucket
[05:50:06] [Worker-Main-7/ERROR]: Invalid path in pack: blazeandcave:function/new_Soapie SMP (Soapie SMP (Soapie SMP (Soapie S).mcfunction, ignoring
[05:50:06] [Worker-Main-7/ERROR]: Invalid path in pack: bacap_rewards:function/.DS_Store, ignoring
[05:50:06] [Worker-Main-7/ERROR]: Invalid path in pack: bacap_rewards:function/exp/challenges/the_Soapie SMP (Soapie SMP (Soapie SMP (Soapie S)_is_ending.mcfunction, ignoring
[05:50:06] [Worker-Main-7/ERROR]: Invalid path in pack: bacap_rewards:function/exp/challenges/explorer_of_Soapie SMP (Soapie SMP (Soapie SMP (Soapie S)s.mcfunction, ignoring
[05:50:06] [Worker-Main-7/ERROR]: Invalid path in pack: bacap_rewards:function/exp/biomes/top_of_the_Soapie SMP (Soapie SMP (Soapie SMP (Soapie S).mcfunction, ignoring
[05:50:06] [Worker-Main-7/ERROR]: Invalid path in pack: bacap_rewards:function/reward/challenges/the_Soapie SMP (Soapie SMP (Soapie SMP (Soapie S)_is_ending.mcfunction, ignoring
[05:50:06] [Worker-Main-7/ERROR]: Invalid path in pack: bacap_rewards:function/reward/challenges/explorer_of_Soapie SMP (Soapie SMP (Soapie SMP (Soapie S)s.mcfunction, ignoring
[05:50:06] [Worker-Main-7/ERROR]: Invalid path in pack: bacap_rewards:function/reward/biomes/top_of_the_Soapie SMP (Soapie SMP (Soapie SMP (Soapie S).mcfunction, ignoring
[05:50:06] [Worker-Main-8/ERROR]: Invalid path in pack: minecraft:advancement/nether/ride_strider_in_overSoapie SMP (Soapie SMP (Soapie SMP (Soapie S)_lava.json, ignoring
[05:50:06] [Worker-Main-8/ERROR]: Invalid path in pack: minecraft:advancement/adventure/trade_at_Soapie SMP (Soapie SMP (Soapie SMP (Soapie S)_height.json, ignoring
[05:50:06] [Worker-Main-8/ERROR]: Invalid path in pack: minecraft:advancement/adventure/fall_from_Soapie SMP (Soapie SMP (Soapie SMP (Soapie S)_height.json, ignoring
[05:50:06] [Worker-Main-7/ERROR]: Invalid path in pack: bacap_rewards:function/trophy/challenges/the_Soapie SMP (Soapie SMP (Soapie SMP (Soapie S)_is_ending.mcfunction, ignoring
[05:50:06] [Worker-Main-7/ERROR]: Invalid path in pack: bacap_rewards:function/trophy/challenges/explorer_of_Soapie SMP (Soapie SMP (Soapie SMP (Soapie S)s.mcfunction, ignoring
[05:50:07] [Worker-Main-7/ERROR]: Invalid path in pack: bacap_rewards:function/challenges/the_Soapie SMP (Soapie SMP (Soapie SMP (Soapie S)_is_ending.mcfunction, ignoring
[05:50:07] [Worker-Main-7/ERROR]: Invalid path in pack: bacap_rewards:function/challenges/explorer_of_Soapie SMP (Soapie SMP (Soapie SMP (Soapie S)s.mcfunction, ignoring
[05:50:07] [Worker-Main-8/ERROR]: Invalid path in pack: blazeandcave:advancement/challenges/explorer_of_Soapie SMP (Soapie SMP (Soapie SMP (Soapie S)s.json, ignoring
[05:50:07] [Worker-Main-8/ERROR]: Invalid path in pack: blazeandcave:advancement/challenges/the_Soapie SMP (Soapie SMP (Soapie SMP (Soapie S)_is_ending.json, ignoring
[05:50:07] [Worker-Main-7/ERROR]: Invalid path in pack: bacap_rewards:function/biomes/top_of_the_Soapie SMP (Soapie SMP (Soapie SMP (Soapie S).mcfunction, ignoring
[05:50:07] [Worker-Main-8/ERROR]: Invalid path in pack: blazeandcave:advancement/biomes/top_of_the_Soapie SMP (Soapie SMP (Soapie SMP (Soapie S).json, ignoring
[05:50:07] [Worker-Main-7/ERROR]: Invalid path in pack: bacap_rewards:function/msg/challenges/the_Soapie SMP (Soapie SMP (Soapie SMP (Soapie S)_is_ending.mcfunction, ignoring
[05:50:07] [Worker-Main-7/ERROR]: Invalid path in pack: bacap_rewards:function/msg/challenges/explorer_of_Soapie SMP (Soapie SMP (Soapie SMP (Soapie S)s.mcfunction, ignoring
[05:50:07] [Worker-Main-7/ERROR]: Invalid path in pack: bacap_rewards:function/msg/biomes/top_of_the_Soapie SMP (Soapie SMP (Soapie SMP (Soapie S).mcfunction, ignoring
[05:50:07] [Worker-Main-8/ERROR]: Couldn't parse data file 'blazeandcave:adventure/do_you_want_to_trade' from 'blazeandcave:advancement/adventure/do_you_want_to_trade.json': DataResult.Error['Missing tag: 'blazeandcave:village' in 'minecraft:worldgen/structure' missed input: {"village":{"trigger":"minecraft:location","conditions":{"player":[{"condition":"minecraft:entity_properties","entity":"this","predicate":{"location":{"structures":"#blazeandcave:village"}}},{"condition":"minecraft:inverted","term":{"condition":"minecraft:entity_properties","entity":"this","predicate":{"type_specific":{"type":"player","gamemode":["spectator"]}}}}]}}}': Advancement[parent=Optional[minecraft:adventure/root], display=Optional[net.minecraft.advancements.DisplayInfo@595f3efb], rewards=AdvancementRewards[experience=0, loot=[], recipes=[], function=Optional[net.minecraft.commands.CacheableFunction@2aa27985]], criteria={village=Criterion[trigger=net.minecraft.advancements.critereon.PlayerTrigger@1c191c37, triggerInstance=TriggerInstance[player=Optional[net.minecraft.advancements.critereon.ContextAwarePredicate@4479e52f]]]}, requirements=[[village]], sendsTelemetryEvent=false, name=Optional[translation{key='chat.square_brackets', args=[translation{key='Do You Want to Trade?', args=[]}[style={hoverEvent=TypedHoverEvent[action=<action show_text>, value=translation{key='Do You Want to Trade?', args=[]}[style={color=green}, siblings=[literal{
}, translation{key='Find an NPC village', args=[]}[style={color=green}]]]]}]]}[style={color=green}]]]]
[05:50:07] [Worker-Main-8/ERROR]: Couldn't parse data file 'blazeandcave:adventure/oh_look_it_dings' from 'blazeandcave:advancement/adventure/oh_look_it_dings.json': DataResult.Error['Missing tag: 'blazeandcave:village' in 'minecraft:worldgen/structure' missed input: {"bell":{"trigger":"minecraft:any_block_use","conditions":{"location":[{"condition":"minecraft:location_check","predicate":{"block":{"blocks":["minecraft:bell"]},"structures":"#blazeandcave:village"}}]}}}': Advancement[parent=Optional[blazeandcave:adventure/do_you_want_to_trade], display=Optional[net.minecraft.advancements.DisplayInfo@75ad08b9], rewards=AdvancementRewards[experience=0, loot=[], recipes=[], function=Optional[net.minecraft.commands.CacheableFunction@2b49f640]], criteria={bell=Criterion[trigger=net.minecraft.advancements.critereon.AnyBlockInteractionTrigger@3c577e58, triggerInstance=TriggerInstance[player=Optional.empty, location=Optional[net.minecraft.advancements.critereon.ContextAwarePredicate@33dba649]]]}, requirements=[[bell]], sendsTelemetryEvent=false, name=Optional[translation{key='chat.square_brackets', args=[translation{key='Oh, look, it dings!', args=[]}[style={hoverEvent=TypedHoverEvent[action=<action show_text>, value=translation{key='Oh, look, it dings!', args=[]}[style={color=green}, siblings=[literal{
}, translation{key='Ring a bell in a village', args=[]}[style={color=green}]]]]}]]}[style={color=green}]]]]
[05:50:07] [Worker-Main-8/ERROR]: Couldn't parse data file 'vanillatweaks:armored_elytra' from 'vanillatweaks:advancement/armored_elytra.json': DataResult.Error['Not a JSON object: 13522556 missed input: {"minecraft:custom_model_data":13522556}': Advancement[parent=Optional[vanillatweaks:root], display=Optional[net.minecraft.advancements.DisplayInfo@40819622], rewards=AdvancementRewards[experience=0, loot=[], recipes=[], function=Optional.empty], criteria={tick=Criterion[trigger=net.minecraft.advancements.critereon.PlayerTrigger@753ccb5a, triggerInstance=TriggerInstance[player=Optional.empty]]}, requirements=[[tick]], sendsTelemetryEvent=false, name=Optional[translation{key='chat.square_brackets', args=[literal{Armored Elytra            }[style={hoverEvent=TypedHoverEvent[action=<action show_text>, value=literal{Armored Elytra            }[style={color=green}, siblings=[literal{
}, empty[siblings=[literal{Drop}[style={color=green}], literal{ elytra and a chestplate above an anvil to merge them into one item.
}[style={color=gold}], literal{Drop}[style={color=green}], literal{ the merged item above a grindstone to separate them again.
}[style={color=gold}], literal{Enchantments}[style={color=green}], literal{ are kept safely between merging and separating.
}[style={color=gold}], literal{Burning}[style={color=green}], literal{ netherite armored elytra will keep the chestplate but burn off the elytra.}[style={color=gold}]]]]]]}]]}[style={color=green}]]]]
[05:50:08] [Worker-Main-8/ERROR]: Couldn't parse data file 'blazeandcave:end/void_walker' from 'blazeandcave:advancement/end/void_walker.json': DataResult.Error['Missing tag: 'blazeandcave:end_barrens' in 'minecraft:worldgen/biome'; Missing tag: 'blazeandcave:end_midlands' in 'minecraft:worldgen/biome' missed input: {"end_midlands":{"trigger":"minecraft:location","conditions":{"player":[{"condition":"minecraft:entity_properties","entity":"this","predicate":{"location":{"biomes":"#blazeandcave:end_midlands"}}},{"condition":"minecraft:inverted","term":{"condition":"minecraft:entity_properties","entity":"this","predicate":{"type_specific":{"type":"player","gamemode":["spectator"]}}}}]}},"end_barrens":{"trigger":"minecraft:location","conditions":{"player":[{"condition":"minecraft:entity_properties","entity":"this","predicate":{"location":{"biomes":"#blazeandcave:end_barrens"}}},{"condition":"minecraft:inverted","term":{"condition":"minecraft:entity_properties","entity":"this","predicate":{"type_specific":{"type":"player","gamemode":["spectator"]}}}}]}}}': Advancement[parent=Optional[minecraft:end/enter_end_gateway], display=Optional[net.minecraft.advancements.DisplayInfo@6c3d7577], rewards=AdvancementRewards[experience=0, loot=[], recipes=[], function=Optional[net.minecraft.commands.CacheableFunction@2afb319f]], criteria={end_barrens=Criterion[trigger=net.minecraft.advancements.critereon.PlayerTrigger@1c191c37, triggerInstance=TriggerInstance[player=Optional[net.minecraft.advancements.critereon.ContextAwarePredicate@4bfceb3b]]], the_end=Criterion[trigger=net.minecraft.advancements.critereon.PlayerTrigger@1c191c37, triggerInstance=TriggerInstance[player=Optional[net.minecraft.advancements.critereon.ContextAwarePredicate@26ac9c85]]], small_end_islands=Criterion[trigger=net.minecraft.advancements.critereon.PlayerTrigger@1c191c37, triggerInstance=TriggerInstance[player=Optional[net.minecraft.advancements.critereon.ContextAwarePredicate@213dd3ea]]], end_midlands=Criterion[trigger=net.minecraft.advancements.critereon.PlayerTrigger@1c191c37, triggerInstance=TriggerInstance[player=Optional[net.minecraft.advancements.critereon.ContextAwarePredicate@52b9799b]]], end_highlands=Criterion[trigger=net.minecraft.advancements.critereon.PlayerTrigger@1c191c37, triggerInstance=TriggerInstance[player=Optional[net.minecraft.advancements.critereon.ContextAwarePredicate@7e30e5c4]]]}, requirements=[[the_end], [small_end_islands], [end_highlands], [end_midlands], [end_barrens]], sendsTelemetryEvent=false, name=Optional[translation{key='chat.square_brackets', args=[translation{key='Void Walker', args=[]}[style={hoverEvent=TypedHoverEvent[action=<action show_text>, value=translation{key='Void Walker', args=[]}[style={color=green}, siblings=[literal{
}, translation{key='Explore every end biome', args=[]}[style={color=#75E1FF}]]]]}]]}[style={color=green}]]]]
[05:50:09] [ServerMain/INFO]: Loaded 1404 recipes
[05:50:09] [ServerMain/ERROR]: Failed to load function mcpaint:datafixer/internal/update/item/paint_bucket
java.util.concurrent.CompletionException: java.lang.IllegalArgumentException: Whilst parsing command on line 2: Failed to parse structure: Failed to get element ResourceKey[minecraft:loot_table / mcpaint:item/paint_bucket] at position 62: ...int_bucket<--[HERE]
	at java.base/java.util.concurrent.CompletableFuture.encodeThrowable(CompletableFuture.java:315) ~[?:?]
	at java.base/java.util.concurrent.CompletableFuture.completeThrowable(CompletableFuture.java:320) ~[?:?]
	at java.base/java.util.concurrent.CompletableFuture$AsyncSupply.run(CompletableFuture.java:1770) ~[?:?]
	at java.base/java.util.concurrent.ThreadPoolExecutor.runWorker(ThreadPoolExecutor.java:1144) ~[?:?]
	at java.base/java.util.concurrent.ThreadPoolExecutor$Worker.run(ThreadPoolExecutor.java:642) ~[?:?]
	at java.base/java.lang.Thread.run(Thread.java:1583) ~[?:?]
Caused by: java.lang.IllegalArgumentException: Whilst parsing command on line 2: Failed to parse structure: Failed to get element ResourceKey[minecraft:loot_table / mcpaint:item/paint_bucket] at position 62: ...int_bucket<--[HERE]
	at net.minecraft.commands.functions.CommandFunction.fromLines(CommandFunction.java:86) ~[paper-1.21.4.jar:1.21.4-14-b746d9d]
	at net.minecraft.server.ServerFunctionLibrary.lambda$reload$3(ServerFunctionLibrary.java:92) ~[paper-1.21.4.jar:1.21.4-14-b746d9d]
	at java.base/java.util.concurrent.CompletableFuture$AsyncSupply.run(CompletableFuture.java:1768) ~[?:?]
	... 3 more
[05:50:09] [ServerMain/ERROR]: Failed to load function armor_statues:trigger/random_pose
java.util.concurrent.CompletionException: java.lang.IllegalArgumentException: Whilst parsing command on line 11: Failed to parse structure: Failed to get element ResourceKey[minecraft:loot_table / armor_statues:random_pose] at position 116: ...andom_pose<--[HERE]
	at java.base/java.util.concurrent.CompletableFuture.encodeThrowable(CompletableFuture.java:315) ~[?:?]
	at java.base/java.util.concurrent.CompletableFuture.completeThrowable(CompletableFuture.java:320) ~[?:?]
	at java.base/java.util.concurrent.CompletableFuture$AsyncSupply.run(CompletableFuture.java:1770) ~[?:?]
	at java.base/java.util.concurrent.ThreadPoolExecutor.runWorker(ThreadPoolExecutor.java:1144) ~[?:?]
	at java.base/java.util.concurrent.ThreadPoolExecutor$Worker.run(ThreadPoolExecutor.java:642) ~[?:?]
	at java.base/java.lang.Thread.run(Thread.java:1583) ~[?:?]
Caused by: java.lang.IllegalArgumentException: Whilst parsing command on line 11: Failed to parse structure: Failed to get element ResourceKey[minecraft:loot_table / armor_statues:random_pose] at position 116: ...andom_pose<--[HERE]
	at net.minecraft.commands.functions.CommandFunction.fromLines(CommandFunction.java:86) ~[paper-1.21.4.jar:1.21.4-14-b746d9d]
	at net.minecraft.server.ServerFunctionLibrary.lambda$reload$3(ServerFunctionLibrary.java:92) ~[paper-1.21.4.jar:1.21.4-14-b746d9d]
	at java.base/java.util.concurrent.CompletableFuture$AsyncSupply.run(CompletableFuture.java:1768) ~[?:?]
	... 3 more
[05:50:09] [ServerMain/ERROR]: Failed to load function mcpaint:datafixer/internal/update/item
java.util.concurrent.CompletionException: java.lang.IllegalArgumentException: Whilst parsing command on line 13: Failed to parse structure: Failed to get element ResourceKey[minecraft:loot_table / mcpaint:item/studio] at position 241: ...tem/studio<--[HERE]
	at java.base/java.util.concurrent.CompletableFuture.encodeThrowable(CompletableFuture.java:315) ~[?:?]
	at java.base/java.util.concurrent.CompletableFuture.completeThrowable(CompletableFuture.java:320) ~[?:?]
	at java.base/java.util.concurrent.CompletableFuture$AsyncSupply.run(CompletableFuture.java:1770) ~[?:?]
	at java.base/java.util.concurrent.ThreadPoolExecutor.runWorker(ThreadPoolExecutor.java:1144) ~[?:?]
	at java.base/java.util.concurrent.ThreadPoolExecutor$Worker.run(ThreadPoolExecutor.java:642) ~[?:?]
	at java.base/java.lang.Thread.run(Thread.java:1583) ~[?:?]
Caused by: java.lang.IllegalArgumentException: Whilst parsing command on line 13: Failed to parse structure: Failed to get element ResourceKey[minecraft:loot_table / mcpaint:item/studio] at position 241: ...tem/studio<--[HERE]
	at net.minecraft.commands.functions.CommandFunction.fromLines(CommandFunction.java:86) ~[paper-1.21.4.jar:1.21.4-14-b746d9d]
	at net.minecraft.server.ServerFunctionLibrary.lambda$reload$3(ServerFunctionLibrary.java:92) ~[paper-1.21.4.jar:1.21.4-14-b746d9d]
	at java.base/java.util.concurrent.CompletableFuture$AsyncSupply.run(CompletableFuture.java:1768) ~[?:?]
	... 3 more
[05:50:09] [ServerMain/ERROR]: Failed to load function blazeandcave:one_second_timer
java.util.concurrent.CompletionException: java.lang.IllegalArgumentException: Whilst parsing command on line 239: Failed to parse structure: Failed to get element ResourceKey[minecraft:predicate / blazeandcave:third_line] at position 54: ...third_line<--[HERE]
	at java.base/java.util.concurrent.CompletableFuture.encodeThrowable(CompletableFuture.java:315) ~[?:?]
	at java.base/java.util.concurrent.CompletableFuture.completeThrowable(CompletableFuture.java:320) ~[?:?]
	at java.base/java.util.concurrent.CompletableFuture$AsyncSupply.run(CompletableFuture.java:1770) ~[?:?]
	at java.base/java.util.concurrent.ThreadPoolExecutor.runWorker(ThreadPoolExecutor.java:1144) ~[?:?]
	at java.base/java.util.concurrent.ThreadPoolExecutor$Worker.run(ThreadPoolExecutor.java:642) ~[?:?]
	at java.base/java.lang.Thread.run(Thread.java:1583) ~[?:?]
Caused by: java.lang.IllegalArgumentException: Whilst parsing command on line 239: Failed to parse structure: Failed to get element ResourceKey[minecraft:predicate / blazeandcave:third_line] at position 54: ...third_line<--[HERE]
	at net.minecraft.commands.functions.CommandFunction.fromLines(CommandFunction.java:86) ~[paper-1.21.4.jar:1.21.4-14-b746d9d]
	at net.minecraft.server.ServerFunctionLibrary.lambda$reload$3(ServerFunctionLibrary.java:92) ~[paper-1.21.4.jar:1.21.4-14-b746d9d]
	at java.base/java.util.concurrent.CompletableFuture$AsyncSupply.run(CompletableFuture.java:1768) ~[?:?]
	... 3 more
[05:50:09] [ServerMain/ERROR]: Failed to load function multiplayer_sleep:start_sleeping
java.util.concurrent.CompletionException: java.lang.IllegalArgumentException: Whilst parsing command on line 2: Failed to parse structure: Failed to get element ResourceKey[minecraft:predicate / multiplayer_sleep:overworld] at position 48: ...:overworld<--[HERE]
	at java.base/java.util.concurrent.CompletableFuture.encodeThrowable(CompletableFuture.java:315) ~[?:?]
	at java.base/java.util.concurrent.CompletableFuture.completeThrowable(CompletableFuture.java:320) ~[?:?]
	at java.base/java.util.concurrent.CompletableFuture$AsyncSupply.run(CompletableFuture.java:1770) ~[?:?]
	at java.base/java.util.concurrent.ThreadPoolExecutor.runWorker(ThreadPoolExecutor.java:1144) ~[?:?]
	at java.base/java.util.concurrent.ThreadPoolExecutor$Worker.run(ThreadPoolExecutor.java:642) ~[?:?]
	at java.base/java.lang.Thread.run(Thread.java:1583) ~[?:?]
Caused by: java.lang.IllegalArgumentException: Whilst parsing command on line 2: Failed to parse structure: Failed to get element ResourceKey[minecraft:predicate / multiplayer_sleep:overworld] at position 48: ...:overworld<--[HERE]
	at net.minecraft.commands.functions.CommandFunction.fromLines(CommandFunction.java:86) ~[paper-1.21.4.jar:1.21.4-14-b746d9d]
	at net.minecraft.server.ServerFunctionLibrary.lambda$reload$3(ServerFunctionLibrary.java:92) ~[paper-1.21.4.jar:1.21.4-14-b746d9d]
	at java.base/java.util.concurrent.CompletableFuture$AsyncSupply.run(CompletableFuture.java:1768) ~[?:?]
	... 3 more
[05:50:09] [ServerMain/ERROR]: Failed to load function mcpaint:studio/internal/session/start_as_player
java.util.concurrent.CompletionException: java.lang.IllegalArgumentException: Whilst parsing command on line 13: Failed to parse structure: Failed to get element ResourceKey[minecraft:loot_table / mcpaint:item/brush] at position 135: ...item/brush<--[HERE]
	at java.base/java.util.concurrent.CompletableFuture.encodeThrowable(CompletableFuture.java:315) ~[?:?]
	at java.base/java.util.concurrent.CompletableFuture.completeThrowable(CompletableFuture.java:320) ~[?:?]
	at java.base/java.util.concurrent.CompletableFuture$AsyncSupply.run(CompletableFuture.java:1770) ~[?:?]
	at java.base/java.util.concurrent.ThreadPoolExecutor.runWorker(ThreadPoolExecutor.java:1144) ~[?:?]
	at java.base/java.util.concurrent.ThreadPoolExecutor$Worker.run(ThreadPoolExecutor.java:642) ~[?:?]
	at java.base/java.lang.Thread.run(Thread.java:1583) ~[?:?]
Caused by: java.lang.IllegalArgumentException: Whilst parsing command on line 13: Failed to parse structure: Failed to get element ResourceKey[minecraft:loot_table / mcpaint:item/brush] at position 135: ...item/brush<--[HERE]
	at net.minecraft.commands.functions.CommandFunction.fromLines(CommandFunction.java:86) ~[paper-1.21.4.jar:1.21.4-14-b746d9d]
	at net.minecraft.server.ServerFunctionLibrary.lambda$reload$3(ServerFunctionLibrary.java:92) ~[paper-1.21.4.jar:1.21.4-14-b746d9d]
	at java.base/java.util.concurrent.CompletableFuture$AsyncSupply.run(CompletableFuture.java:1768) ~[?:?]
	... 3 more
[05:50:09] [ServerMain/ERROR]: Failed to load function mcpaint:item/paint_bucket/internal/break/generate_item
java.util.concurrent.CompletionException: java.lang.IllegalArgumentException: Whilst parsing command on line 3: Failed to parse structure: Failed to get element ResourceKey[minecraft:loot_table / mcpaint:item/paint_bucket] at position 62: ...int_bucket<--[HERE]
	at java.base/java.util.concurrent.CompletableFuture.encodeThrowable(CompletableFuture.java:315) ~[?:?]
	at java.base/java.util.concurrent.CompletableFuture.completeThrowable(CompletableFuture.java:320) ~[?:?]
	at java.base/java.util.concurrent.CompletableFuture$AsyncSupply.run(CompletableFuture.java:1770) ~[?:?]
	at java.base/java.util.concurrent.ThreadPoolExecutor.runWorker(ThreadPoolExecutor.java:1144) ~[?:?]
	at java.base/java.util.concurrent.ThreadPoolExecutor$Worker.run(ThreadPoolExecutor.java:642) ~[?:?]
	at java.base/java.lang.Thread.run(Thread.java:1583) ~[?:?]
Caused by: java.lang.IllegalArgumentException: Whilst parsing command on line 3: Failed to parse structure: Failed to get element ResourceKey[minecraft:loot_table / mcpaint:item/paint_bucket] at position 62: ...int_bucket<--[HERE]
	at net.minecraft.commands.functions.CommandFunction.fromLines(CommandFunction.java:86) ~[paper-1.21.4.jar:1.21.4-14-b746d9d]
	at net.minecraft.server.ServerFunctionLibrary.lambda$reload$3(ServerFunctionLibrary.java:92) ~[paper-1.21.4.jar:1.21.4-14-b746d9d]
	at java.base/java.util.concurrent.CompletableFuture$AsyncSupply.run(CompletableFuture.java:1768) ~[?:?]
	... 3 more
[05:50:09] [ServerMain/ERROR]: Failed to load function mcpaint:studio/internal/spawn/summon
java.util.concurrent.CompletionException: java.lang.IllegalArgumentException: Whilst parsing command on line 8: Failed to parse structure: Failed to get element ResourceKey[minecraft:loot_table / mcpaint:item/brush] at position 135: ...item/brush<--[HERE]
	at java.base/java.util.concurrent.CompletableFuture.encodeThrowable(CompletableFuture.java:315) ~[?:?]
	at java.base/java.util.concurrent.CompletableFuture.completeThrowable(CompletableFuture.java:320) ~[?:?]
	at java.base/java.util.concurrent.CompletableFuture$AsyncSupply.run(CompletableFuture.java:1770) ~[?:?]
	at java.base/java.util.concurrent.ThreadPoolExecutor.runWorker(ThreadPoolExecutor.java:1144) ~[?:?]
	at java.base/java.util.concurrent.ThreadPoolExecutor$Worker.run(ThreadPoolExecutor.java:642) ~[?:?]
	at java.base/java.lang.Thread.run(Thread.java:1583) ~[?:?]
Caused by: java.lang.IllegalArgumentException: Whilst parsing command on line 8: Failed to parse structure: Failed to get element ResourceKey[minecraft:loot_table / mcpaint:item/brush] at position 135: ...item/brush<--[HERE]
	at net.minecraft.commands.functions.CommandFunction.fromLines(CommandFunction.java:86) ~[paper-1.21.4.jar:1.21.4-14-b746d9d]
	at net.minecraft.server.ServerFunctionLibrary.lambda$reload$3(ServerFunctionLibrary.java:92) ~[paper-1.21.4.jar:1.21.4-14-b746d9d]
	at java.base/java.util.concurrent.CompletableFuture$AsyncSupply.run(CompletableFuture.java:1768) ~[?:?]
	... 3 more
[05:50:09] [ServerMain/ERROR]: Failed to load function mcpaint:studio/internal/session/stop_as_marker
java.util.concurrent.CompletionException: java.lang.IllegalArgumentException: Whilst parsing command on line 4: Failed to parse structure: Failed to get element ResourceKey[minecraft:loot_table / mcpaint:item/brush] at position 135: ...item/brush<--[HERE]
	at java.base/java.util.concurrent.CompletableFuture.encodeThrowable(CompletableFuture.java:315) ~[?:?]
	at java.base/java.util.concurrent.CompletableFuture.completeThrowable(CompletableFuture.java:320) ~[?:?]
	at java.base/java.util.concurrent.CompletableFuture$AsyncSupply.run(CompletableFuture.java:1770) ~[?:?]
	at java.base/java.util.concurrent.ThreadPoolExecutor.runWorker(ThreadPoolExecutor.java:1144) ~[?:?]
	at java.base/java.util.concurrent.ThreadPoolExecutor$Worker.run(ThreadPoolExecutor.java:642) ~[?:?]
	at java.base/java.lang.Thread.run(Thread.java:1583) ~[?:?]
Caused by: java.lang.IllegalArgumentException: Whilst parsing command on line 4: Failed to parse structure: Failed to get element ResourceKey[minecraft:loot_table / mcpaint:item/brush] at position 135: ...item/brush<--[HERE]
	at net.minecraft.commands.functions.CommandFunction.fromLines(CommandFunction.java:86) ~[paper-1.21.4.jar:1.21.4-14-b746d9d]
	at net.minecraft.server.ServerFunctionLibrary.lambda$reload$3(ServerFunctionLibrary.java:92) ~[paper-1.21.4.jar:1.21.4-14-b746d9d]
	at java.base/java.util.concurrent.CompletableFuture$AsyncSupply.run(CompletableFuture.java:1768) ~[?:?]
	... 3 more
[05:50:09] [ServerMain/ERROR]: Failed to load function mcpaint:item/trigger_item_frame/data/trigger/studio
java.util.concurrent.CompletionException: java.lang.IllegalArgumentException: Whilst parsing command on line 4: Failed to parse structure: Failed to get element ResourceKey[minecraft:loot_table / mcpaint:item/studio] at position 204: ...tem/studio<--[HERE]
	at java.base/java.util.concurrent.CompletableFuture.encodeThrowable(CompletableFuture.java:315) ~[?:?]
	at java.base/java.util.concurrent.CompletableFuture.completeThrowable(CompletableFuture.java:320) ~[?:?]
	at java.base/java.util.concurrent.CompletableFuture$AsyncSupply.run(CompletableFuture.java:1770) ~[?:?]
	at java.base/java.util.concurrent.ThreadPoolExecutor.runWorker(ThreadPoolExecutor.java:1144) ~[?:?]
	at java.base/java.util.concurrent.ThreadPoolExecutor$Worker.run(ThreadPoolExecutor.java:642) ~[?:?]
	at java.base/java.lang.Thread.run(Thread.java:1583) ~[?:?]
Caused by: java.lang.IllegalArgumentException: Whilst parsing command on line 4: Failed to parse structure: Failed to get element ResourceKey[minecraft:loot_table / mcpaint:item/studio] at position 204: ...tem/studio<--[HERE]
	at net.minecraft.commands.functions.CommandFunction.fromLines(CommandFunction.java:86) ~[paper-1.21.4.jar:1.21.4-14-b746d9d]
	at net.minecraft.server.ServerFunctionLibrary.lambda$reload$3(ServerFunctionLibrary.java:92) ~[paper-1.21.4.jar:1.21.4-14-b746d9d]
	at java.base/java.util.concurrent.CompletableFuture$AsyncSupply.run(CompletableFuture.java:1768) ~[?:?]
	... 3 more
[05:50:09] [ServerMain/ERROR]: Failed to load function mcpaint:studio/internal/mine
java.util.concurrent.CompletionException: java.lang.IllegalArgumentException: Whilst parsing command on line 4: Failed to parse structure: Failed to get element ResourceKey[minecraft:loot_table / mcpaint:item/studio] at position 96: ...tem/studio<--[HERE]
	at java.base/java.util.concurrent.CompletableFuture.encodeThrowable(CompletableFuture.java:315) ~[?:?]
	at java.base/java.util.concurrent.CompletableFuture.completeThrowable(CompletableFuture.java:320) ~[?:?]
	at java.base/java.util.concurrent.CompletableFuture$AsyncSupply.run(CompletableFuture.java:1770) ~[?:?]
	at java.base/java.util.concurrent.ThreadPoolExecutor.runWorker(ThreadPoolExecutor.java:1144) ~[?:?]
	at java.base/java.util.concurrent.ThreadPoolExecutor$Worker.run(ThreadPoolExecutor.java:642) ~[?:?]
	at java.base/java.lang.Thread.run(Thread.java:1583) ~[?:?]
Caused by: java.lang.IllegalArgumentException: Whilst parsing command on line 4: Failed to parse structure: Failed to get element ResourceKey[minecraft:loot_table / mcpaint:item/studio] at position 96: ...tem/studio<--[HERE]
	at net.minecraft.commands.functions.CommandFunction.fromLines(CommandFunction.java:86) ~[paper-1.21.4.jar:1.21.4-14-b746d9d]
	at net.minecraft.server.ServerFunctionLibrary.lambda$reload$3(ServerFunctionLibrary.java:92) ~[paper-1.21.4.jar:1.21.4-14-b746d9d]
	at java.base/java.util.concurrent.CompletableFuture$AsyncSupply.run(CompletableFuture.java:1768) ~[?:?]
	... 3 more
[05:50:09] [ServerMain/ERROR]: Couldn't load advancements: [blazeandcave:adventure/retro_future_knight, minecraft:adventure/minecraft_trials_edition, blazeandcave:adventure/break_wind, blazeandcave:technical/branch2_end, blazeandcave:adventure/keys_to_success, blazeandcave:adventure/heres_johnny, blazeandcave:adventure/businessman, blazeandcave:adventure/workaholic, blazeandcave:adventure/your_daily_fix, blazeandcave:adventure/crazy_cat_lady, blazeandcave:adventure/core_keeper, blazeandcave:adventure/treasure_map, blazeandcave:adventure/filthy_stinkin_rich, blazeandcave:adventure/house_of_psychos, blazeandcave:end/dimension_penetration, minecraft:adventure/under_lock_and_key, minecraft:adventure/revaulting, blazeandcave:adventure/traveller, blazeandcave:adventure/guardian_destroyer, blazeandcave:adventure/the_tribal_villagers, minecraft:adventure/summon_iron_golem, blazeandcave:adventure/from_under_your_feet, blazeandcave:adventure/filthy_rich, blazeandcave:challenges/a_million_blocks_away, blazeandcave:adventure/all_chained_up, blazeandcave:adventure/knowledge_is_power, minecraft:adventure/totem_of_undying, minecraft:adventure/trade_at_world_height, blazeandcave:challenges/overwarden, minecraft:adventure/trade, blazeandcave:end/unending_hell, blazeandcave:adventure/ghostbuster, blazeandcave:adventure/monumental, blazeandcave:challenges/the_devils_distance, minecraft:adventure/blowback, minecraft:husbandry/complete_catalogue, blazeandcave:adventure/tricky_treasures, blazeandcave:adventure/rekt, blazeandcave:adventure/mapmaker, blazeandcave:adventure/omniscient, blazeandcave:adventure/rare_candy_shop, blazeandcave:adventure/breeze_suppressor, blazeandcave:adventure/hard_mode_activated, blazeandcave:adventure/nerds_never_die, blazeandcave:adventure/mapmakers_table, blazeandcave:technical/branch5_end, blazeandcave:adventure/village_settler, blazeandcave:adventure/master_trader, blazeandcave:adventure/wololo, blazeandcave:adventure/prime_specimen, blazeandcave:adventure/spear_fishing, blazeandcave:adventure/town_planner, blazeandcave:adventure/if_only_cats_grew_into_kittens, blazeandcave:adventure/sponge_miner, blazeandcave:challenges/immortal, blazeandcave:adventure/hey_you_two_should_kiss, blazeandcave:adventure/the_shielding, blazeandcave:challenges/farlander, blazeandcave:adventure/im_not_lost_anymore, blazeandcave:adventure/dry_spell, blazeandcave:adventure/murderer, blazeandcave:adventure/the_deep_end, blazeandcave:adventure/professional, blazeandcave:adventure/vault_hunter, blazeandcave:adventure/laser_sharks, blazeandcave:adventure/lilypad_hatter, blazeandcave:challenges/death_from_all, blazeandcave:adventure/you_are_the_pillager, blazeandcave:adventure/this_will_be_a_breeze, blazeandcave:adventure/map_room, minecraft:adventure/who_needs_rockets]
[05:50:09] [ServerMain/INFO]: Loaded 2554 advancements
[05:50:09] [Server thread/INFO]: Starting minecraft server version 1.21.4
[05:50:09] [Server thread/INFO]: Loading properties
[05:50:09] [Server thread/INFO]: This server is running Paper version 1.21.4-14-master@b746d9d (2024-12-11T21:22:39Z) (Implementing API version 1.21.4-R0.1-SNAPSHOT)
[05:50:10] [Server thread/INFO]: [spark] This server bundles the spark profiler. For more information please visit https://docs.papermc.io/paper/profiling
[05:50:10] [Server thread/INFO]: Server Ping Player Sample Count: 12
[05:50:10] [Server thread/INFO]: Using 4 threads for Netty based IO
[05:50:11] [Server thread/INFO]: [MoonriseCommon] Paper is using 8 worker threads, 1 I/O threads
[05:50:11] [Server thread/INFO]: [ChunkTaskScheduler] Chunk system is using population gen parallelism: true
[05:50:11] [Server thread/INFO]: Default game type: SURVIVAL
[05:50:11] [Server thread/INFO]: Generating keypair
[05:50:11] [Server thread/INFO]: Starting Minecraft server on 173.240.148.216:27000
[05:50:11] [Server thread/INFO]: Using epoll channel type
[05:50:11] [Server thread/INFO]: Paper: Using libdeflate (Linux x86_64) compression from Velocity.
[05:50:11] [Server thread/INFO]: Paper: Using OpenSSL 3.x.x (Linux x86_64) cipher from Velocity.
[05:50:12] [Server thread/INFO]: [mcMMO] Loading server plugin mcMMO v2.2.029-SNAPSHOT
[05:50:12] [Server thread/INFO]: [BisectHosting] Loading server plugin BisectHosting v1.0.4
[05:50:12] [Server thread/INFO]: Server permissions file permissions.yml is empty, ignoring it
[05:50:12] [Server thread/INFO]: Preparing level "soapSMP"
[05:50:13] [Server thread/INFO]: Preparing start region for dimension minecraft:overworld
[05:50:13] [Server thread/INFO]: Preparing spawn area: 0%
[05:50:13] [Server thread/INFO]: Preparing spawn area: 0%
[05:50:14] [Server thread/INFO]: Preparing spawn area: 2%
[05:50:14] [Server thread/INFO]: Preparing spawn area: 2%
[05:50:14] [Server thread/INFO]: Time elapsed: 1645 ms
[05:50:14] [Server thread/INFO]: Preparing start region for dimension minecraft:the_nether
[05:50:14] [Server thread/INFO]: Preparing spawn area: 0%
[05:50:15] [Server thread/INFO]: Time elapsed: 543 ms
[05:50:15] [Server thread/INFO]: Preparing start region for dimension minecraft:the_end
[05:50:15] [Server thread/INFO]: Preparing spawn area: 0%
[05:50:15] [Server thread/INFO]: Time elapsed: 58 ms
[05:50:15] [Server thread/INFO]: [mcMMO] Enabling mcMMO v2.2.029-SNAPSHOT
[05:50:16] [Server thread/INFO]: [mcMMO] Loaded 220 Alchemy potions, skipped 0.
[05:50:17] [Server thread/INFO]: [BisectHosting] Enabling BisectHosting v1.0.4
[05:50:18] [Server thread/INFO]: [spark] Starting background profiler...
[05:50:18] [Server thread/INFO]: Done preparing level "soapSMP" (6.317s)
[05:50:18] [Server thread/INFO]: Running delayed init tasks
[05:50:18] [Server thread/INFO]: Done (22.390s)! For help, type "help"
[05:50:22] [User Authenticator #0/INFO]: UUID of player SoapieTomato is dd8b1bf4-8364-463c-bd83-833362c06ae9
[05:50:23] [Server thread/INFO]: SoapieTomato joined the game
[05:50:24] [Server thread/INFO]: SoapieTomato[/207.5.148.5:62912] logged in with entity id 681 at ([soapSMP]-2011.5184812215598, -48.0, -1604.5351134273076)
[05:50:52] [Server thread/INFO]: SoapieTomato issued server command: /mctop
[05:50:56] [Server thread/INFO]: SoapieTomato issued server command: /mctop MINING
[05:51:09] [Server thread/INFO]: SoapieTomato issued server command: /mining
[05:54:30] [Server thread/INFO]: SoapieTomato issued server command: /trigger home
[05:54:30] [Server thread/INFO]: [SoapieTomato: Triggered [Home]]
[05:54:43] [Server thread/INFO]: SoapieTomato issued server command: /smelting
[05:55:31] [Server thread/INFO]: SoapieTomato issued server command: /mctop
[05:59:49] [Server thread/INFO]: SoapieTomato issued server command: /mining
[05:59:53] [Server thread/INFO]: SoapieTomato lost connection: Disconnected
[05:59:53] [Server thread/INFO]: SoapieTomato left the game
[07:58:11] [User Authenticator #1/INFO]: UUID of player SirRabbit_ is 304e8bc0-d4d5-4167-a30c-17b99da53b6a
[07:58:12] [Server thread/INFO]: Disconnecting SirRabbit_ (/66.181.116.162:1184): You are not whitelisted on this server!
[07:58:12] [Server thread/INFO]: SirRabbit_ (/66.181.116.162:1184) lost connection: You are not whitelisted on this server!
[07:58:41] [User Authenticator #1/INFO]: UUID of player SirRabbit_ is 304e8bc0-d4d5-4167-a30c-17b99da53b6a
[07:58:41] [Server thread/INFO]: Disconnecting SirRabbit_ (/66.181.116.162:1846): You are not whitelisted on this server!
[07:58:41] [Server thread/INFO]: SirRabbit_ (/66.181.116.162:1846) lost connection: You are not whitelisted on this server!
[12:06:06] [User Authenticator #2/INFO]: UUID of player bwjr is 144958a6-0311-4984-869e-d61b2ffd8745
[12:06:06] [Server thread/INFO]: Disconnecting bwjr (/207.5.148.5:14574): You are not whitelisted on this server!
[12:06:06] [Server thread/INFO]: bwjr (/207.5.148.5:14574) lost connection: You are not whitelisted on this server!
[12:54:37] [User Authenticator #3/INFO]: UUID of player bwjr is 144958a6-0311-4984-869e-d61b2ffd8745
[12:54:37] [Server thread/INFO]: Disconnecting bwjr (/207.5.148.5:65518): You are not whitelisted on this server!
[12:54:37] [Server thread/INFO]: bwjr (/207.5.148.5:65518) lost connection: You are not whitelisted on this server!
[12:54:50] [User Authenticator #3/INFO]: UUID of player SoapieTomato is dd8b1bf4-8364-463c-bd83-833362c06ae9
[12:54:51] [Server thread/INFO]: SoapieTomato joined the game
[12:54:51] [Server thread/INFO]: SoapieTomato[/207.5.148.5:55234] logged in with entity id 3188 at ([soapSMP]-1820.9250816070069, 57.0, -854.7882438137241)
[12:54:57] [User Authenticator #3/INFO]: UUID of player bwjr is 144958a6-0311-4984-869e-d61b2ffd8745
[12:54:57] [Server thread/INFO]: Disconnecting bwjr (/207.5.148.5:19197): You are not whitelisted on this server!
[12:54:57] [Server thread/INFO]: bwjr (/207.5.148.5:19197) lost connection: You are not whitelisted on this server!
[12:55:05] [Server thread/INFO]: Stopping the server
[12:55:05] [Server thread/INFO]: Stopping server
[12:55:05] [Server thread/INFO]: [BisectHosting] Disabling BisectHosting v1.0.4
[12:55:05] [Server thread/INFO]: [mcMMO] Disabling mcMMO v2.2.029-SNAPSHOT
[12:55:05] [Server thread/INFO]: [mcMMO] Server shutdown has been executed, saving and cleaning up data...
[12:55:05] [Server thread/INFO]: [mcMMO] Saving mcMMOPlayers... (1)
[12:55:05] [Server thread/INFO]: [mcMMO] Finished save operation for 1 players!
[12:55:05] [Server thread/INFO]: Saving players
[12:55:06] [Server thread/INFO]: SoapieTomato lost connection: Server closed
[12:55:06] [Server thread/INFO]: SoapieTomato left the game
[12:55:06] [Server thread/INFO]: Saving worlds
[12:55:06] [Server thread/INFO]: Saving chunks for level 'ServerLevel[soapSMP]'/minecraft:overworld
[12:55:06] [Server thread/INFO]: [ChunkHolderManager] Waiting 60s for chunk system to halt for world 'soapSMP'
[12:55:06] [Server thread/INFO]: [ChunkHolderManager] Halted chunk system for world 'soapSMP'
[12:55:06] [Server thread/INFO]: [ChunkHolderManager] Saving all chunkholders for world 'soapSMP'
[12:55:06] [Server thread/INFO]: [ChunkHolderManager] Saved 651 block chunks, 719 entity chunks, 0 poi chunks in world 'soapSMP' in 0.28s
[12:55:06] [Server thread/INFO]: [ChunkHolderManager] Waiting 60s for chunk I/O to halt for world 'soapSMP'
[12:55:06] [Server thread/INFO]: [ChunkHolderManager] Halted I/O scheduler for world 'soapSMP'
[12:55:06] [Server thread/INFO]: Saving chunks for level 'ServerLevel[soapSMP_nether]'/minecraft:the_nether
[12:55:06] [Server thread/INFO]: [ChunkHolderManager] Waiting 60s for chunk system to halt for world 'soapSMP_nether'
[12:55:06] [Server thread/INFO]: [ChunkHolderManager] Halted chunk system for world 'soapSMP_nether'
[12:55:06] [Server thread/INFO]: [ChunkHolderManager] Saving all chunkholders for world 'soapSMP_nether'
[12:55:06] [Server thread/INFO]: [ChunkHolderManager] Saved 0 block chunks, 3 entity chunks, 0 poi chunks in world 'soapSMP_nether' in 0.01s
[12:55:06] [Server thread/INFO]: [ChunkHolderManager] Waiting 60s for chunk I/O to halt for world 'soapSMP_nether'
[12:55:06] [Server thread/INFO]: [ChunkHolderManager] Halted I/O scheduler for world 'soapSMP_nether'
[12:55:06] [Server thread/INFO]: Saving chunks for level 'ServerLevel[soapSMP_the_end]'/minecraft:the_end
[12:55:06] [Server thread/INFO]: [ChunkHolderManager] Waiting 60s for chunk system to halt for world 'soapSMP_the_end'
[12:55:06] [Server thread/INFO]: [ChunkHolderManager] Halted chunk system for world 'soapSMP_the_end'
[12:55:06] [Server thread/INFO]: [ChunkHolderManager] Saving all chunkholders for world 'soapSMP_the_end'
[12:55:06] [Server thread/INFO]: [ChunkHolderManager] Saved 0 block chunks, 2 entity chunks, 0 poi chunks in world 'soapSMP_the_end' in 0.01s
[12:55:06] [Server thread/INFO]: [ChunkHolderManager] Waiting 60s for chunk I/O to halt for world 'soapSMP_the_end'
[12:55:06] [Server thread/INFO]: [ChunkHolderManager] Halted I/O scheduler for world 'soapSMP_the_end'
[12:55:06] [Server thread/INFO]: ThreadedAnvilChunkStorage (soapSMP): All chunks are saved
[12:55:06] [Server thread/INFO]: ThreadedAnvilChunkStorage (DIM-1): All chunks are saved
[12:55:06] [Server thread/INFO]: ThreadedAnvilChunkStorage (DIM1): All chunks are saved
[12:55:06] [Server thread/INFO]: ThreadedAnvilChunkStorage: All dimensions are saved
[12:55:06] [Server thread/INFO]: Waiting for I/O tasks to complete...
[12:55:06] [Server thread/INFO]: All I/O tasks to complete
[12:55:06] [Server thread/INFO]: [MoonriseCommon] Awaiting termination of worker pool for up to 60s...
[12:55:06] [Server thread/INFO]: [MoonriseCommon] Awaiting termination of I/O pool for up to 60s...
