[01:11:41] [ServerMain/INFO]: [bootstrap] Running Java 21 (OpenJDK 64-Bit Server VM 21.0.4+7-LTS; Eclipse Adoptium Temurin-21.0.4+7) on Linux 5.15.0-75-generic (amd64)
[01:11:41] [ServerMain/INFO]: [bootstrap] Loading Paper 1.21.4-14-master@b746d9d (2024-12-11T21:22:39Z) for Minecraft 1.21.4
[01:11:41] [ServerMain/INFO]: [PluginInitializerManager] Initializing plugins...
[01:11:42] [Paper Plugin Remapper Thread - 2/INFO]: [PluginRemapper] Remapping plugin 'plugins/mcMMO.jar'...
[01:11:44] [Paper Plugin Remapper Thread - 2/INFO]: [PluginRemapper] Done remapping plugin 'plugins/mcMMO.jar' in 2037ms.
[01:11:44] [ServerMain/WARN]: [org.eclipse.aether.internal.impl.synccontext.named.DiscriminatingNameMapper] Failed to get hostname, using 'localhost'
java.net.UnknownHostException: a7d1b4f2-34d0-4e31-ad29-895355b97a40: a7d1b4f2-34d0-4e31-ad29-895355b97a40: Name or service not known
	at java.base/java.net.InetAddress.getLocalHost(InetAddress.java:1936) ~[?:?]
	at org.eclipse.aether.internal.impl.synccontext.named.DiscriminatingNameMapper.getHostname(DiscriminatingNameMapper.java:90) ~[maven-resolver-impl-1.9.18.jar:1.9.18]
	at org.eclipse.aether.internal.impl.synccontext.named.DiscriminatingNameMapper.<init>(DiscriminatingNameMapper.java:69) ~[maven-resolver-impl-1.9.18.jar:1.9.18]
	at org.eclipse.aether.internal.impl.synccontext.named.NameMappers.discriminatingNameMapper(NameMappers.java:68) ~[maven-resolver-impl-1.9.18.jar:1.9.18]
	at org.eclipse.aether.internal.impl.synccontext.named.NamedLockFactoryAdapterFactoryImpl.getManuallyCreatedNameMappers(NamedLockFactoryAdapterFactoryImpl.java:78) ~[maven-resolver-impl-1.9.18.jar:1.9.18]
	at org.eclipse.aether.internal.impl.synccontext.named.NamedLockFactoryAdapterFactoryImpl.<init>(NamedLockFactoryAdapterFactoryImpl.java:107) ~[maven-resolver-impl-1.9.18.jar:1.9.18]
	at java.base/jdk.internal.reflect.DirectConstructorHandleAccessor.newInstance(DirectConstructorHandleAccessor.java:62) ~[?:?]
	at java.base/java.lang.reflect.Constructor.newInstanceWithCaller(Constructor.java:502) ~[?:?]
	at java.base/java.lang.reflect.Constructor.newInstance(Constructor.java:486) ~[?:?]
	at org.eclipse.aether.impl.DefaultServiceLocator$Entry.newInstance(DefaultServiceLocator.java:159) ~[maven-resolver-impl-1.9.18.jar:1.9.18]
	at org.eclipse.aether.impl.DefaultServiceLocator$Entry.getInstances(DefaultServiceLocator.java:140) ~[maven-resolver-impl-1.9.18.jar:1.9.18]
	at org.eclipse.aether.impl.DefaultServiceLocator$Entry.getInstance(DefaultServiceLocator.java:130) ~[maven-resolver-impl-1.9.18.jar:1.9.18]
	at org.eclipse.aether.impl.DefaultServiceLocator.getService(DefaultServiceLocator.java:271) ~[maven-resolver-impl-1.9.18.jar:1.9.18]
	at org.eclipse.aether.internal.impl.synccontext.DefaultSyncContextFactory.initService(DefaultSyncContextFactory.java:68) ~[maven-resolver-impl-1.9.18.jar:1.9.18]
	at org.eclipse.aether.impl.DefaultServiceLocator$Entry.newInstance(DefaultServiceLocator.java:163) ~[maven-resolver-impl-1.9.18.jar:1.9.18]
	at org.eclipse.aether.impl.DefaultServiceLocator$Entry.getInstances(DefaultServiceLocator.java:140) ~[maven-resolver-impl-1.9.18.jar:1.9.18]
	at org.eclipse.aether.impl.DefaultServiceLocator$Entry.getInstance(DefaultServiceLocator.java:130) ~[maven-resolver-impl-1.9.18.jar:1.9.18]
	at org.eclipse.aether.impl.DefaultServiceLocator.getService(DefaultServiceLocator.java:271) ~[maven-resolver-impl-1.9.18.jar:1.9.18]
	at org.eclipse.aether.internal.impl.DefaultMetadataResolver.initService(DefaultMetadataResolver.java:123) ~[maven-resolver-impl-1.9.18.jar:1.9.18]
	at org.eclipse.aether.impl.DefaultServiceLocator$Entry.newInstance(DefaultServiceLocator.java:163) ~[maven-resolver-impl-1.9.18.jar:1.9.18]
	at org.eclipse.aether.impl.DefaultServiceLocator$Entry.getInstances(DefaultServiceLocator.java:140) ~[maven-resolver-impl-1.9.18.jar:1.9.18]
	at org.eclipse.aether.impl.DefaultServiceLocator$Entry.getInstance(DefaultServiceLocator.java:130) ~[maven-resolver-impl-1.9.18.jar:1.9.18]
	at org.eclipse.aether.impl.DefaultServiceLocator.getService(DefaultServiceLocator.java:271) ~[maven-resolver-impl-1.9.18.jar:1.9.18]
	at org.apache.maven.repository.internal.DefaultVersionResolver.initService(DefaultVersionResolver.java:106) ~[maven-resolver-provider-3.9.6.jar:3.9.6]
	at org.eclipse.aether.impl.DefaultServiceLocator$Entry.newInstance(DefaultServiceLocator.java:163) ~[maven-resolver-impl-1.9.18.jar:1.9.18]
	at org.eclipse.aether.impl.DefaultServiceLocator$Entry.getInstances(DefaultServiceLocator.java:140) ~[maven-resolver-impl-1.9.18.jar:1.9.18]
	at org.eclipse.aether.impl.DefaultServiceLocator$Entry.getInstance(DefaultServiceLocator.java:130) ~[maven-resolver-impl-1.9.18.jar:1.9.18]
	at org.eclipse.aether.impl.DefaultServiceLocator.getService(DefaultServiceLocator.java:271) ~[maven-resolver-impl-1.9.18.jar:1.9.18]
	at org.eclipse.aether.internal.impl.DefaultRepositorySystem.initService(DefaultRepositorySystem.java:158) ~[maven-resolver-impl-1.9.18.jar:1.9.18]
	at org.eclipse.aether.impl.DefaultServiceLocator$Entry.newInstance(DefaultServiceLocator.java:163) ~[maven-resolver-impl-1.9.18.jar:1.9.18]
	at org.eclipse.aether.impl.DefaultServiceLocator$Entry.getInstances(DefaultServiceLocator.java:140) ~[maven-resolver-impl-1.9.18.jar:1.9.18]
	at org.eclipse.aether.impl.DefaultServiceLocator$Entry.getInstance(DefaultServiceLocator.java:130) ~[maven-resolver-impl-1.9.18.jar:1.9.18]
	at org.eclipse.aether.impl.DefaultServiceLocator.getService(DefaultServiceLocator.java:271) ~[maven-resolver-impl-1.9.18.jar:1.9.18]
	at org.bukkit.plugin.java.LibraryLoader.<init>(LibraryLoader.java:60) ~[paper-api-1.21.4-R0.1-SNAPSHOT.jar:?]
	at io.papermc.paper.plugin.provider.type.spigot.SpigotPluginProvider.<clinit>(SpigotPluginProvider.java:38) ~[paper-1.21.4.jar:1.21.4-14-b746d9d]
	at io.papermc.paper.plugin.provider.type.PluginFileType.<clinit>(PluginFileType.java:40) ~[paper-1.21.4.jar:1.21.4-14-b746d9d]
	at io.papermc.paper.plugin.provider.source.FileProviderSource.registerProviders(FileProviderSource.java:77) ~[paper-1.21.4.jar:1.21.4-14-b746d9d]
	at io.papermc.paper.plugin.provider.source.DirectoryProviderSource.registerProviders(DirectoryProviderSource.java:52) ~[paper-1.21.4.jar:1.21.4-14-b746d9d]
	at io.papermc.paper.plugin.provider.source.DirectoryProviderSource.registerProviders(DirectoryProviderSource.java:17) ~[paper-1.21.4.jar:1.21.4-14-b746d9d]
	at io.papermc.paper.plugin.util.EntrypointUtil.registerProvidersFromSource(EntrypointUtil.java:15) ~[paper-1.21.4.jar:1.21.4-14-b746d9d]
	at io.papermc.paper.plugin.PluginInitializerManager.load(PluginInitializerManager.java:113) ~[paper-1.21.4.jar:1.21.4-14-b746d9d]
	at net.minecraft.server.Main.main(Main.java:125) ~[paper-1.21.4.jar:1.21.4-14-b746d9d]
	at io.papermc.paper.PaperBootstrap.boot(PaperBootstrap.java:21) ~[paper-1.21.4.jar:1.21.4-14-b746d9d]
	at org.bukkit.craftbukkit.Main.main(Main.java:281) ~[paper-1.21.4.jar:1.21.4-14-b746d9d]
	at io.papermc.paperclip.Paperclip.lambda$main$0(Paperclip.java:42) ~[app:?]
	at java.base/java.lang.Thread.run(Thread.java:1583) ~[?:?]
Caused by: java.net.UnknownHostException: a7d1b4f2-34d0-4e31-ad29-895355b97a40: Name or service not known
	at java.base/java.net.Inet6AddressImpl.lookupAllHostAddr(Native Method) ~[?:?]
	at java.base/java.net.Inet6AddressImpl.lookupAllHostAddr(Inet6AddressImpl.java:52) ~[?:?]
	at java.base/java.net.InetAddress$PlatformResolver.lookupByName(InetAddress.java:1211) ~[?:?]
	at java.base/java.net.InetAddress.getAddressesFromNameService(InetAddress.java:1828) ~[?:?]
	at java.base/java.net.InetAddress$NameServiceAddresses.get(InetAddress.java:1139) ~[?:?]
	at java.base/java.net.InetAddress.getAllByName0(InetAddress.java:1818) ~[?:?]
	at java.base/java.net.InetAddress.getLocalHost(InetAddress.java:1931) ~[?:?]
	... 45 more
[01:11:44] [ServerMain/INFO]: [PluginInitializerManager] Initialized 1 plugin
[01:11:44] [ServerMain/INFO]: [PluginInitializerManager] Bukkit plugins (1):
 - mcMMO (2.2.029-SNAPSHOT)
[01:11:50] [ServerMain/INFO]: Environment: Environment[sessionHost=https://sessionserver.mojang.com, servicesHost=https://api.minecraftservices.com, name=PROD]
[01:11:52] [ServerMain/INFO]: Loaded 1370 recipes
[01:11:52] [ServerMain/INFO]: Loaded 1481 advancements
[01:11:52] [ServerMain/INFO]: [MCTypeRegistry] Initialising converters for DataConverter...
[01:11:53] [ServerMain/INFO]: [MCTypeRegistry] Finished initialising converters for DataConverter in 349.4ms
[01:11:53] [Server thread/INFO]: Starting minecraft server version 1.21.4
[01:11:53] [Server thread/INFO]: Loading properties
[01:11:53] [Server thread/INFO]: This server is running Paper version 1.21.4-14-master@b746d9d (2024-12-11T21:22:39Z) (Implementing API version 1.21.4-R0.1-SNAPSHOT)
[01:11:54] [Server thread/INFO]: [spark] This server bundles the spark profiler. For more information please visit https://docs.papermc.io/paper/profiling
[01:11:54] [Server thread/INFO]: Server Ping Player Sample Count: 12
[01:11:54] [Server thread/INFO]: Using 4 threads for Netty based IO
[01:11:55] [Server thread/INFO]: [MoonriseCommon] Paper is using 8 worker threads, 1 I/O threads
[01:11:55] [Server thread/INFO]: [ChunkTaskScheduler] Chunk system is using population gen parallelism: true
[01:11:55] [Server thread/INFO]: Default game type: SURVIVAL
[01:11:55] [Server thread/INFO]: Generating keypair
[01:11:55] [Server thread/INFO]: Starting Minecraft server on 173.240.148.216:27000
[01:11:55] [Server thread/INFO]: Using epoll channel type
[01:11:55] [Server thread/INFO]: Paper: Using libdeflate (Linux x86_64) compression from Velocity.
[01:11:55] [Server thread/INFO]: Paper: Using OpenSSL 3.x.x (Linux x86_64) cipher from Velocity.
[01:11:55] [Server thread/INFO]: [mcMMO] Loading server plugin mcMMO v2.2.029-SNAPSHOT
[01:11:55] [Server thread/INFO]: Server permissions file permissions.yml is empty, ignoring it
[01:11:55] [Server thread/INFO]: Preparing level "world"
[01:11:56] [Server thread/INFO]: Preparing start region for dimension minecraft:overworld
[01:11:56] [Server thread/INFO]: Preparing spawn area: 0%
[01:11:57] [Server thread/INFO]: Preparing spawn area: 4%
[01:11:57] [Server thread/INFO]: Time elapsed: 996 ms
[01:11:57] [Server thread/INFO]: Preparing start region for dimension minecraft:the_nether
[01:11:57] [Server thread/INFO]: Preparing spawn area: 0%
[01:11:57] [Server thread/INFO]: Time elapsed: 137 ms
[01:11:57] [Server thread/INFO]: Preparing start region for dimension minecraft:the_end
[01:11:57] [Server thread/INFO]: Preparing spawn area: 0%
[01:11:57] [Server thread/INFO]: Time elapsed: 94 ms
[01:11:57] [Server thread/INFO]: [mcMMO] Enabling mcMMO v2.2.029-SNAPSHOT
[01:11:58] [Server thread/INFO]: [mcMMO] Loaded 220 Alchemy potions, skipped 0.
[01:11:58] [Server thread/INFO]: [mcMMO] Fixing incorrect Salvage quantities on Netherite gear, this will only run once...
[01:12:00] [Server thread/INFO]: [spark] Starting background profiler...
[01:12:00] [Server thread/INFO]: Done preparing level "world" (5.090s)
[01:12:00] [Server thread/INFO]: Running delayed init tasks
[01:12:00] [Server thread/INFO]: Done (20.485s)! For help, type "help"
[01:12:20] [User Authenticator #0/INFO]: UUID of player SoapieTomato is dd8b1bf4-8364-463c-bd83-833362c06ae9
[01:12:21] [Server thread/INFO]: SoapieTomato joined the game
[01:12:21] [Server thread/INFO]: SoapieTomato[/207.5.148.5:31914] logged in with entity id 84 at ([world]-4.027886799476561, 64.0, -17.218732080588186)
[01:12:25] [Server thread/INFO]: SoapieTomato issued server command: /mctop
[01:12:32] [Server thread/INFO]: SoapieTomato issued server command: /mining
[01:12:39] [Server thread/INFO]: SoapieTomato issued server command: /tridents
[01:12:50] [Server thread/INFO]: SoapieTomato lost connection: Disconnected
[01:12:50] [Server thread/INFO]: SoapieTomato left the game
[01:16:35] [User Authenticator #1/INFO]: UUID of player SoapieTomato is dd8b1bf4-8364-463c-bd83-833362c06ae9
[01:16:36] [Server thread/INFO]: SoapieTomato joined the game
[01:16:36] [Server thread/INFO]: SoapieTomato[/207.5.148.5:58134] logged in with entity id 479 at ([world]1.683823513817328, 68.0, -45.02675774950418)
[01:16:58] [Server thread/INFO]: SoapieTomato lost connection: Disconnected
[01:16:58] [Server thread/INFO]: SoapieTomato left the game
[01:17:28] [Server thread/INFO]: Stopping the server
[01:17:28] [Server thread/INFO]: Stopping server
[01:17:28] [Server thread/INFO]: [mcMMO] Disabling mcMMO v2.2.029-SNAPSHOT
[01:17:28] [Server thread/INFO]: [mcMMO] Server shutdown has been executed, saving and cleaning up data...
[01:17:28] [Server thread/INFO]: [mcMMO] Saving mcMMOPlayers... (0)
[01:17:28] [Server thread/INFO]: [mcMMO] Finished save operation for 0 players!
[01:17:28] [Server thread/INFO]: Saving players
[01:17:29] [Server thread/INFO]: Saving worlds
[01:17:29] [Server thread/INFO]: Saving chunks for level 'ServerLevel[world]'/minecraft:overworld
[01:17:29] [Server thread/INFO]: [ChunkHolderManager] Waiting 60s for chunk system to halt for world 'world'
[01:17:29] [Server thread/INFO]: [ChunkHolderManager] Halted chunk system for world 'world'
[01:17:29] [Server thread/INFO]: [ChunkHolderManager] Saving all chunkholders for world 'world'
[01:17:29] [Server thread/INFO]: [ChunkHolderManager] Saved 213 block chunks, 267 entity chunks, 2 poi chunks in world 'world' in 0.17s
[01:17:29] [Server thread/INFO]: [ChunkHolderManager] Waiting 60s for chunk I/O to halt for world 'world'
[01:17:29] [Server thread/INFO]: [ChunkHolderManager] Halted I/O scheduler for world 'world'
[01:17:29] [Server thread/INFO]: Saving chunks for level 'ServerLevel[world_nether]'/minecraft:the_nether
[01:17:29] [Server thread/INFO]: [ChunkHolderManager] Waiting 60s for chunk system to halt for world 'world_nether'
[01:17:29] [Server thread/INFO]: [ChunkHolderManager] Halted chunk system for world 'world_nether'
[01:17:29] [Server thread/INFO]: [ChunkHolderManager] Saving all chunkholders for world 'world_nether'
[01:17:29] [Server thread/INFO]: [ChunkHolderManager] Saved 0 block chunks, 1 entity chunks, 0 poi chunks in world 'world_nether' in 0.00s
[01:17:29] [Server thread/INFO]: [ChunkHolderManager] Waiting 60s for chunk I/O to halt for world 'world_nether'
[01:17:29] [Server thread/INFO]: [ChunkHolderManager] Halted I/O scheduler for world 'world_nether'
[01:17:29] [Server thread/INFO]: Saving chunks for level 'ServerLevel[world_the_end]'/minecraft:the_end
[01:17:29] [Server thread/INFO]: [ChunkHolderManager] Waiting 60s for chunk system to halt for world 'world_the_end'
[01:17:29] [Server thread/INFO]: [ChunkHolderManager] Halted chunk system for world 'world_the_end'
[01:17:29] [Server thread/INFO]: [ChunkHolderManager] Saving all chunkholders for world 'world_the_end'
[01:17:29] [Server thread/INFO]: [ChunkHolderManager] Saved 0 block chunks, 10 entity chunks, 0 poi chunks in world 'world_the_end' in 0.01s
[01:17:29] [Server thread/INFO]: [ChunkHolderManager] Waiting 60s for chunk I/O to halt for world 'world_the_end'
[01:17:29] [Server thread/INFO]: [ChunkHolderManager] Halted I/O scheduler for world 'world_the_end'
[01:17:29] [Server thread/INFO]: ThreadedAnvilChunkStorage (world): All chunks are saved
[01:17:29] [Server thread/INFO]: ThreadedAnvilChunkStorage (DIM-1): All chunks are saved
[01:17:29] [Server thread/INFO]: ThreadedAnvilChunkStorage (DIM1): All chunks are saved
[01:17:29] [Server thread/INFO]: ThreadedAnvilChunkStorage: All dimensions are saved
[01:17:29] [Server thread/INFO]: Waiting for I/O tasks to complete...
[01:17:29] [Server thread/INFO]: All I/O tasks to complete
[01:17:29] [Server thread/INFO]: [MoonriseCommon] Awaiting termination of worker pool for up to 60s...
[01:17:29] [Server thread/INFO]: [MoonriseCommon] Awaiting termination of I/O pool for up to 60s...
