[00:59:37] [ServerMain/INFO]: [bootstrap] Running Java 21 (OpenJDK 64-Bit Server VM 21.0.4+7-LTS; Eclipse Adoptium Temurin-21.0.4+7) on Linux 5.15.0-75-generic (amd64)
[00:59:37] [ServerMain/INFO]: [bootstrap] Loading Paper 1.21.4-14-master@b746d9d (2024-12-11T21:22:39Z) for Minecraft 1.21.4
[00:59:37] [ServerMain/INFO]: [PluginInitializerManager] Initializing plugins...
[00:59:37] [ServerMain/INFO]: [PluginInitializerManager] Initialized 0 plugins
[00:59:38] [Paper Plugin Remapper Thread - 0/INFO]: [ReobfServer] Remapping server...
[00:59:43] [ServerMain/INFO]: Environment: Environment[sessionHost=https://sessionserver.mojang.com, servicesHost=https://api.minecraftservices.com, name=PROD]
[00:59:43] [ServerMain/INFO]: Found new data pack file/bukkit, loading it automatically
[00:59:43] [ServerMain/INFO]: Found new data pack paper, loading it automatically
[00:59:45] [ServerMain/INFO]: No existing world data, creating new world
[00:59:46] [ServerMain/INFO]: Loaded 1370 recipes
[00:59:46] [ServerMain/INFO]: Loaded 1481 advancements
[00:59:46] [ServerMain/INFO]: [MCTypeRegistry] Initialising converters for DataConverter...
[00:59:46] [Paper Plugin Remapper Thread - 0/INFO]: [ReobfServer] Done remapping server in 7400ms.
[00:59:46] [ServerMain/INFO]: [MCTypeRegistry] Finished initialising converters for DataConverter in 397.6ms
[00:59:46] [Server thread/INFO]: Starting minecraft server version 1.21.4
[00:59:46] [Server thread/INFO]: Loading properties
[00:59:46] [Server thread/INFO]: This server is running Paper version 1.21.4-14-master@b746d9d (2024-12-11T21:22:39Z) (Implementing API version 1.21.4-R0.1-SNAPSHOT)
[00:59:47] [Server thread/INFO]: [spark] This server bundles the spark profiler. For more information please visit https://docs.papermc.io/paper/profiling
[00:59:47] [Server thread/INFO]: Server Ping Player Sample Count: 12
[00:59:47] [Server thread/INFO]: Using 4 threads for Netty based IO
[00:59:48] [Server thread/INFO]: [MoonriseCommon] Paper is using 8 worker threads, 1 I/O threads
[00:59:48] [Server thread/INFO]: [ChunkTaskScheduler] Chunk system is using population gen parallelism: true
[00:59:49] [Server thread/INFO]: Default game type: SURVIVAL
[00:59:49] [Server thread/INFO]: Generating keypair
[00:59:49] [Server thread/INFO]: Starting Minecraft server on 173.240.148.216:27000
[00:59:49] [Server thread/INFO]: Using epoll channel type
[00:59:49] [Server thread/INFO]: Paper: Using libdeflate (Linux x86_64) compression from Velocity.
[00:59:49] [Server thread/INFO]: Paper: Using OpenSSL 3.x.x (Linux x86_64) cipher from Velocity.
[00:59:49] [Server thread/INFO]: Preparing level "world"
[00:59:55] [Server thread/INFO]: Preparing start region for dimension minecraft:overworld
[00:59:55] [Server thread/INFO]: Preparing spawn area: 2%
[00:59:56] [Server thread/INFO]: Preparing spawn area: 2%
[00:59:56] [Server thread/INFO]: Preparing spawn area: 14%
[00:59:57] [Server thread/INFO]: Preparing spawn area: 22%
[00:59:57] [Server thread/INFO]: Preparing spawn area: 48%
[00:59:58] [Server thread/INFO]: Preparing spawn area: 79%
[00:59:58] [Server thread/INFO]: Time elapsed: 2713 ms
[00:59:58] [Server thread/INFO]: Preparing start region for dimension minecraft:the_nether
[00:59:58] [Server thread/INFO]: Preparing spawn area: 2%
[00:59:58] [Server thread/INFO]: Preparing spawn area: 36%
[00:59:59] [Server thread/INFO]: Time elapsed: 806 ms
[00:59:59] [Server thread/INFO]: Preparing start region for dimension minecraft:the_end
[00:59:59] [Server thread/INFO]: Preparing spawn area: 2%
[00:59:59] [Server thread/INFO]: Time elapsed: 223 ms
[00:59:59] [Server thread/INFO]: [spark] Starting background profiler...
[00:59:59] [Server thread/INFO]: Done preparing level "world" (10.465s)
[00:59:59] [Server thread/INFO]: Running delayed init tasks
[00:59:59] [Server thread/INFO]: Done (23.355s)! For help, type "help"
[00:59:59] [Server thread/INFO]: *************************************************************************************
[00:59:59] [Server thread/INFO]: This is the first time you're starting this server.
[00:59:59] [Server thread/INFO]: It's recommended you read our 'Getting Started' documentation for guidance.
[00:59:59] [Server thread/INFO]: View this and more helpful information here: https://docs.papermc.io/paper/next-steps
[00:59:59] [Server thread/INFO]: *************************************************************************************
[01:00:47] [User Authenticator #0/INFO]: UUID of player SoapieTomato is dd8b1bf4-8364-463c-bd83-833362c06ae9
[01:00:48] [Server thread/INFO]: SoapieTomato joined the game
[01:00:48] [Server thread/INFO]: SoapieTomato[/207.5.148.5:12693] logged in with entity id 62 at ([world]-9.5, 65.0, -15.5)
[01:11:35] [Server thread/INFO]: Stopping the server
[01:11:35] [Server thread/INFO]: Stopping server
[01:11:35] [Server thread/INFO]: Saving players
[01:11:35] [Server thread/INFO]: SoapieTomato lost connection: Server closed
[01:11:35] [Server thread/INFO]: SoapieTomato left the game
[01:11:35] [Server thread/INFO]: Saving worlds
[01:11:35] [Server thread/INFO]: Saving chunks for level 'ServerLevel[world]'/minecraft:overworld
[01:11:35] [Server thread/INFO]: [ChunkHolderManager] Waiting 60s for chunk system to halt for world 'world'
[01:11:35] [Server thread/INFO]: [ChunkHolderManager] Halted chunk system for world 'world'
[01:11:35] [Server thread/INFO]: [ChunkHolderManager] Saving all chunkholders for world 'world'
[01:11:35] [Server thread/INFO]: [ChunkHolderManager] Saved 1630 block chunks, 171 entity chunks, 9 poi chunks in world 'world' in 0.29s
[01:11:35] [Server thread/INFO]: [ChunkHolderManager] Waiting 60s for chunk I/O to halt for world 'world'
[01:11:35] [Server thread/INFO]: [ChunkHolderManager] Halted I/O scheduler for world 'world'
[01:11:35] [Server thread/INFO]: Saving chunks for level 'ServerLevel[world_nether]'/minecraft:the_nether
[01:11:35] [Server thread/INFO]: [ChunkHolderManager] Waiting 60s for chunk system to halt for world 'world_nether'
[01:11:35] [Server thread/INFO]: [ChunkHolderManager] Halted chunk system for world 'world_nether'
[01:11:35] [Server thread/INFO]: [ChunkHolderManager] Saving all chunkholders for world 'world_nether'
[01:11:35] [Server thread/INFO]: [ChunkHolderManager] Saved 793 block chunks, 1 entity chunks, 0 poi chunks in world 'world_nether' in 0.09s
[01:11:35] [Server thread/INFO]: [ChunkHolderManager] Waiting 60s for chunk I/O to halt for world 'world_nether'
[01:11:35] [Server thread/INFO]: [ChunkHolderManager] Halted I/O scheduler for world 'world_nether'
[01:11:35] [Server thread/INFO]: Saving chunks for level 'ServerLevel[world_the_end]'/minecraft:the_end
[01:11:35] [Server thread/INFO]: [ChunkHolderManager] Waiting 60s for chunk system to halt for world 'world_the_end'
[01:11:35] [Server thread/INFO]: [ChunkHolderManager] Halted chunk system for world 'world_the_end'
[01:11:35] [Server thread/INFO]: [ChunkHolderManager] Saving all chunkholders for world 'world_the_end'
[01:11:36] [Server thread/INFO]: [ChunkHolderManager] Saved 792 block chunks, 10 entity chunks, 0 poi chunks in world 'world_the_end' in 0.07s
[01:11:36] [Server thread/INFO]: [ChunkHolderManager] Waiting 60s for chunk I/O to halt for world 'world_the_end'
[01:11:36] [Server thread/INFO]: [ChunkHolderManager] Halted I/O scheduler for world 'world_the_end'
[01:11:36] [Server thread/INFO]: ThreadedAnvilChunkStorage (world): All chunks are saved
[01:11:36] [Server thread/INFO]: ThreadedAnvilChunkStorage (DIM-1): All chunks are saved
[01:11:36] [Server thread/INFO]: ThreadedAnvilChunkStorage (DIM1): All chunks are saved
[01:11:36] [Server thread/INFO]: ThreadedAnvilChunkStorage: All dimensions are saved
[01:11:36] [Server thread/INFO]: Waiting for I/O tasks to complete...
[01:11:36] [Server thread/INFO]: All I/O tasks to complete
[01:11:36] [Server thread/INFO]: [MoonriseCommon] Awaiting termination of worker pool for up to 60s...
[01:11:36] [Server thread/INFO]: [MoonriseCommon] Awaiting termination of I/O pool for up to 60s...
