[00:00:09] [Server thread/INFO]: bug6124 lost connection: Disconnected
[00:00:09] [Server thread/INFO]: bug6124 left the game
[00:00:42] [Server thread/INFO]: SoapieTomato issued server command: /home creeper
[00:01:10] [Server thread/INFO]: SoapieTomato issued server command: /excavation
[00:02:19] [Server thread/INFO]: Azuresty issued server command: /seed
[00:02:25] [Server thread/INFO]: SoapieTomato issued server command: /seed
[00:02:30] [Server thread/INFO]: SoapieTomato issued server command: /tell Azuresty -4522443733463045338
[00:04:03] [Server thread/INFO]: (mcMMO) LunaMaiden has reached level 200 in EXCAVATION!
[00:04:14] [Server thread/INFO]: SoapieTomato issued server command: /mctop
[00:04:16] [Server thread/INFO]: SoapieTomato issued server command: /inspect bwjr2
[00:05:05] [Async Chat Thread - #128/INFO]: <LunaMaiden> -2000 -4700
[00:05:12] [Server thread/INFO]: SoapieTomato issued server command: /home creeper
[00:05:12] [Server thread/WARN]: SoapieTomato moved too quickly! 18.65263318760708,116.07409462778864,-22.90578559961432
[00:05:23] [Async Chat Thread - #128/INFO]: <LunaMaiden> -600 -2660
[00:05:30] [Server thread/INFO]: Azuresty issued server command: /phome harbor
[00:07:14] [Server thread/INFO]: Azuresty issued server command: /sethome gravel
[00:07:24] [Server thread/INFO]: SoapieTomato issued server command: /forceload add
[00:07:28] [Server thread/INFO]: SoapieTomato issued server command: /forceload query
[00:07:39] [Server thread/INFO]: SoapieTomato issued server command: /forceload add -113 -81
[00:07:39] [Server thread/INFO]: [SoapieTomato: Marked chunk [-8, -6] in minecraft:overworld to be force loaded]
[00:07:48] [Server thread/INFO]: SoapieTomato issued server command: /forceload remove -8 -6
[00:07:56] [Server thread/INFO]: SoapieTomato issued server command: /forceload remove -113 80
[00:07:58] [Server thread/INFO]: SoapieTomato issued server command: /forceload remove -113 -80
[00:08:04] [Server thread/INFO]: SoapieTomato issued server command: /forceload remove 0 1
[00:08:20] [Server thread/INFO]: SoapieTomato issued server command: /forceload add -1802 -1266
[00:08:20] [Server thread/INFO]: [SoapieTomato: Marked chunk [-113, -80] in minecraft:overworld to be force loaded]
[00:08:29] [Server thread/INFO]: SoapieTomato issued server command: /forceload add ~ ~ ~
[00:08:32] [Server thread/INFO]: SoapieTomato issued server command: /forceload add ~ ~
[00:08:32] [Server thread/INFO]: [SoapieTomato: Marked chunk [-113, -77] in minecraft:overworld to be force loaded]
[00:08:39] [Server thread/INFO]: SoapieTomato issued server command: /home creeper
[00:11:57] [Server thread/INFO]: SoapieTomato issued server command: /mctop EXCAVATION
[00:12:14] [Server thread/INFO]: SoapieTomato issued server command: /mcrank
[00:14:12] [Server thread/INFO]: SoapieTomato issued server command: /home creeper
[00:14:12] [Server thread/WARN]: SoapieTomato moved too quickly! -11.857053594808576,103.54256825109397,-93.85558039813372
[00:16:08] [Server thread/INFO]: SoapieTomato issued server command: /datapack disable "file/anti creeper grief v1.1.8 (MC 1.21-1.21.1).zip"
[00:16:08] [Server thread/INFO]: [SoapieTomato: Disabling data pack [file/anti creeper grief v1.1.8 (MC 1.21-1.21.1).zip (world)]]
[00:16:08] [Server thread/ERROR]: Invalid directory entry: .DS_Store in ./soapSMP/datapacks/BlazeandCaves Advancements Pack 1.18.
java.nio.file.NotDirectoryException: .DS_Store
	at net.minecraft.server.packs.PathPackResources.getNamespaces(PathPackResources.java:108) ~[paper-1.21.4.jar:1.21.4-14-b746d9d]
	at net.minecraft.server.packs.resources.MultiPackResourceManager.lambda$new$0(MultiPackResourceManager.java:27) ~[paper-1.21.4.jar:1.21.4-14-b746d9d]
	at java.base/java.util.stream.ReferencePipeline$7$1.accept(ReferencePipeline.java:273) ~[?:?]
	at java.base/java.util.Spliterators$ArraySpliterator.forEachRemaining(Spliterators.java:1024) ~[?:?]
	at java.base/java.util.stream.AbstractPipeline.copyInto(AbstractPipeline.java:509) ~[?:?]
	at java.base/java.util.stream.AbstractPipeline.wrapAndCopyInto(AbstractPipeline.java:499) ~[?:?]
	at java.base/java.util.stream.AbstractPipeline.evaluate(AbstractPipeline.java:575) ~[?:?]
	at java.base/java.util.stream.AbstractPipeline.evaluateToArrayNode(AbstractPipeline.java:260) ~[?:?]
	at java.base/java.util.stream.ReferencePipeline.toArray(ReferencePipeline.java:616) ~[?:?]
	at java.base/java.util.stream.ReferencePipeline.toArray(ReferencePipeline.java:622) ~[?:?]
	at java.base/java.util.stream.ReferencePipeline.toList(ReferencePipeline.java:627) ~[?:?]
	at net.minecraft.server.packs.resources.MultiPackResourceManager.<init>(MultiPackResourceManager.java:27) ~[paper-1.21.4.jar:1.21.4-14-b746d9d]
	at net.minecraft.server.MinecraftServer.lambda$reloadResources$33(MinecraftServer.java:2378) ~[paper-1.21.4.jar:1.21.4-14-b746d9d]
	at java.base/java.util.concurrent.CompletableFuture$UniCompose.tryFire(CompletableFuture.java:1150) ~[?:?]
	at java.base/java.util.concurrent.CompletableFuture.postComplete(CompletableFuture.java:510) ~[?:?]
	at java.base/java.util.concurrent.CompletableFuture$AsyncSupply.run(CompletableFuture.java:1773) ~[?:?]
	at net.minecraft.server.TickTask.run(TickTask.java:18) ~[paper-1.21.4.jar:1.21.4-14-b746d9d]
	at net.minecraft.util.thread.BlockableEventLoop.doRunTask(BlockableEventLoop.java:154) ~[paper-1.21.4.jar:1.21.4-14-b746d9d]
	at net.minecraft.util.thread.ReentrantBlockableEventLoop.doRunTask(ReentrantBlockableEventLoop.java:24) ~[paper-1.21.4.jar:1.21.4-14-b746d9d]
	at net.minecraft.server.MinecraftServer.doRunTask(MinecraftServer.java:1579) ~[paper-1.21.4.jar:1.21.4-14-b746d9d]
	at net.minecraft.server.MinecraftServer.doRunTask(MinecraftServer.java:207) ~[paper-1.21.4.jar:1.21.4-14-b746d9d]
	at net.minecraft.util.thread.BlockableEventLoop.pollTask(BlockableEventLoop.java:128) ~[paper-1.21.4.jar:1.21.4-14-b746d9d]
	at net.minecraft.server.MinecraftServer.pollTaskInternal(MinecraftServer.java:1556) ~[paper-1.21.4.jar:1.21.4-14-b746d9d]
	at net.minecraft.server.MinecraftServer.pollTask(MinecraftServer.java:1549) ~[paper-1.21.4.jar:1.21.4-14-b746d9d]
	at net.minecraft.util.thread.BlockableEventLoop.managedBlock(BlockableEventLoop.java:138) ~[paper-1.21.4.jar:1.21.4-14-b746d9d]
	at net.minecraft.server.MinecraftServer.managedBlock(MinecraftServer.java:1500) ~[paper-1.21.4.jar:1.21.4-14-b746d9d]
	at net.minecraft.server.MinecraftServer.reloadResources(MinecraftServer.java:2428) ~[paper-1.21.4.jar:1.21.4-14-b746d9d]
	at net.minecraft.server.commands.ReloadCommand.reloadPacks(ReloadCommand.java:23) ~[paper-1.21.4.jar:1.21.4-14-b746d9d]
	at net.minecraft.server.commands.DataPackCommand.disablePack(DataPackCommand.java:147) ~[paper-1.21.4.jar:1.21.4-14-b746d9d]
	at net.minecraft.server.commands.DataPackCommand.lambda$register$19(DataPackCommand.java:121) ~[paper-1.21.4.jar:1.21.4-14-b746d9d]
	at com.mojang.brigadier.context.ContextChain.runExecutable(ContextChain.java:73) ~[brigadier-1.3.10.jar:?]
	at net.minecraft.commands.execution.tasks.ExecuteCommand.execute(ExecuteCommand.java:31) ~[paper-1.21.4.jar:1.21.4-14-b746d9d]
	at net.minecraft.commands.execution.tasks.ExecuteCommand.execute(ExecuteCommand.java:19) ~[paper-1.21.4.jar:1.21.4-14-b746d9d]
	at net.minecraft.commands.execution.UnboundEntryAction.lambda$bind$0(UnboundEntryAction.java:8) ~[paper-1.21.4.jar:1.21.4-14-b746d9d]
	at net.minecraft.commands.execution.CommandQueueEntry.execute(CommandQueueEntry.java:5) ~[paper-1.21.4.jar:1.21.4-14-b746d9d]
	at net.minecraft.commands.execution.ExecutionContext.runCommandQueue(ExecutionContext.java:103) ~[paper-1.21.4.jar:1.21.4-14-b746d9d]
	at net.minecraft.commands.Commands.executeCommandInContext(Commands.java:448) ~[paper-1.21.4.jar:1.21.4-14-b746d9d]
	at net.minecraft.commands.Commands.performCommand(Commands.java:355) ~[paper-1.21.4.jar:1.21.4-14-b746d9d]
	at net.minecraft.commands.Commands.performCommand(Commands.java:342) ~[paper-1.21.4.jar:1.21.4-14-b746d9d]
	at net.minecraft.commands.Commands.performCommand(Commands.java:337) ~[paper-1.21.4.jar:1.21.4-14-b746d9d]
	at net.minecraft.server.network.ServerGamePacketListenerImpl.performUnsignedChatCommand(ServerGamePacketListenerImpl.java:2301) ~[paper-1.21.4.jar:1.21.4-14-b746d9d]
	at net.minecraft.server.network.ServerGamePacketListenerImpl.lambda$handleChatCommand$11(ServerGamePacketListenerImpl.java:2275) ~[paper-1.21.4.jar:1.21.4-14-b746d9d]
	at net.minecraft.server.TickTask.run(TickTask.java:18) ~[paper-1.21.4.jar:1.21.4-14-b746d9d]
	at net.minecraft.util.thread.BlockableEventLoop.doRunTask(BlockableEventLoop.java:154) ~[paper-1.21.4.jar:1.21.4-14-b746d9d]
	at net.minecraft.util.thread.ReentrantBlockableEventLoop.doRunTask(ReentrantBlockableEventLoop.java:24) ~[paper-1.21.4.jar:1.21.4-14-b746d9d]
	at net.minecraft.server.MinecraftServer.doRunTask(MinecraftServer.java:1579) ~[paper-1.21.4.jar:1.21.4-14-b746d9d]
	at net.minecraft.server.MinecraftServer.doRunTask(MinecraftServer.java:207) ~[paper-1.21.4.jar:1.21.4-14-b746d9d]
	at net.minecraft.util.thread.BlockableEventLoop.pollTask(BlockableEventLoop.java:128) ~[paper-1.21.4.jar:1.21.4-14-b746d9d]
	at net.minecraft.server.MinecraftServer.pollTaskInternal(MinecraftServer.java:1556) ~[paper-1.21.4.jar:1.21.4-14-b746d9d]
	at net.minecraft.server.MinecraftServer.pollTask(MinecraftServer.java:1549) ~[paper-1.21.4.jar:1.21.4-14-b746d9d]
	at net.minecraft.util.thread.BlockableEventLoop.runAllTasks(BlockableEventLoop.java:117) ~[paper-1.21.4.jar:1.21.4-14-b746d9d]
	at net.minecraft.server.MinecraftServer.waitUntilNextTick(MinecraftServer.java:1506) ~[paper-1.21.4.jar:1.21.4-14-b746d9d]
	at net.minecraft.server.MinecraftServer.runServer(MinecraftServer.java:1346) ~[paper-1.21.4.jar:1.21.4-14-b746d9d]
	at net.minecraft.server.MinecraftServer.lambda$spin$0(MinecraftServer.java:341) ~[paper-1.21.4.jar:1.21.4-14-b746d9d]
	at java.base/java.lang.Thread.run(Thread.java:1583) ~[?:?]
[00:16:08] [Server thread/ERROR]: Invalid directory entry: .DS_Store in ./soapSMP/datapacks/BlazeandCaves Advancements Pack 1.18.
java.nio.file.NotDirectoryException: .DS_Store
	at net.minecraft.server.packs.PathPackResources.getNamespaces(PathPackResources.java:108) ~[paper-1.21.4.jar:1.21.4-14-b746d9d]
	at net.minecraft.server.packs.resources.MultiPackResourceManager.<init>(MultiPackResourceManager.java:31) ~[paper-1.21.4.jar:1.21.4-14-b746d9d]
	at net.minecraft.server.MinecraftServer.lambda$reloadResources$33(MinecraftServer.java:2378) ~[paper-1.21.4.jar:1.21.4-14-b746d9d]
	at java.base/java.util.concurrent.CompletableFuture$UniCompose.tryFire(CompletableFuture.java:1150) ~[?:?]
	at java.base/java.util.concurrent.CompletableFuture.postComplete(CompletableFuture.java:510) ~[?:?]
	at java.base/java.util.concurrent.CompletableFuture$AsyncSupply.run(CompletableFuture.java:1773) ~[?:?]
	at net.minecraft.server.TickTask.run(TickTask.java:18) ~[paper-1.21.4.jar:1.21.4-14-b746d9d]
	at net.minecraft.util.thread.BlockableEventLoop.doRunTask(BlockableEventLoop.java:154) ~[paper-1.21.4.jar:1.21.4-14-b746d9d]
	at net.minecraft.util.thread.ReentrantBlockableEventLoop.doRunTask(ReentrantBlockableEventLoop.java:24) ~[paper-1.21.4.jar:1.21.4-14-b746d9d]
	at net.minecraft.server.MinecraftServer.doRunTask(MinecraftServer.java:1579) ~[paper-1.21.4.jar:1.21.4-14-b746d9d]
	at net.minecraft.server.MinecraftServer.doRunTask(MinecraftServer.java:207) ~[paper-1.21.4.jar:1.21.4-14-b746d9d]
	at net.minecraft.util.thread.BlockableEventLoop.pollTask(BlockableEventLoop.java:128) ~[paper-1.21.4.jar:1.21.4-14-b746d9d]
	at net.minecraft.server.MinecraftServer.pollTaskInternal(MinecraftServer.java:1556) ~[paper-1.21.4.jar:1.21.4-14-b746d9d]
	at net.minecraft.server.MinecraftServer.pollTask(MinecraftServer.java:1549) ~[paper-1.21.4.jar:1.21.4-14-b746d9d]
	at net.minecraft.util.thread.BlockableEventLoop.managedBlock(BlockableEventLoop.java:138) ~[paper-1.21.4.jar:1.21.4-14-b746d9d]
	at net.minecraft.server.MinecraftServer.managedBlock(MinecraftServer.java:1500) ~[paper-1.21.4.jar:1.21.4-14-b746d9d]
	at net.minecraft.server.MinecraftServer.reloadResources(MinecraftServer.java:2428) ~[paper-1.21.4.jar:1.21.4-14-b746d9d]
	at net.minecraft.server.commands.ReloadCommand.reloadPacks(ReloadCommand.java:23) ~[paper-1.21.4.jar:1.21.4-14-b746d9d]
	at net.minecraft.server.commands.DataPackCommand.disablePack(DataPackCommand.java:147) ~[paper-1.21.4.jar:1.21.4-14-b746d9d]
	at net.minecraft.server.commands.DataPackCommand.lambda$register$19(DataPackCommand.java:121) ~[paper-1.21.4.jar:1.21.4-14-b746d9d]
	at com.mojang.brigadier.context.ContextChain.runExecutable(ContextChain.java:73) ~[brigadier-1.3.10.jar:?]
	at net.minecraft.commands.execution.tasks.ExecuteCommand.execute(ExecuteCommand.java:31) ~[paper-1.21.4.jar:1.21.4-14-b746d9d]
	at net.minecraft.commands.execution.tasks.ExecuteCommand.execute(ExecuteCommand.java:19) ~[paper-1.21.4.jar:1.21.4-14-b746d9d]
	at net.minecraft.commands.execution.UnboundEntryAction.lambda$bind$0(UnboundEntryAction.java:8) ~[paper-1.21.4.jar:1.21.4-14-b746d9d]
	at net.minecraft.commands.execution.CommandQueueEntry.execute(CommandQueueEntry.java:5) ~[paper-1.21.4.jar:1.21.4-14-b746d9d]
	at net.minecraft.commands.execution.ExecutionContext.runCommandQueue(ExecutionContext.java:103) ~[paper-1.21.4.jar:1.21.4-14-b746d9d]
	at net.minecraft.commands.Commands.executeCommandInContext(Commands.java:448) ~[paper-1.21.4.jar:1.21.4-14-b746d9d]
	at net.minecraft.commands.Commands.performCommand(Commands.java:355) ~[paper-1.21.4.jar:1.21.4-14-b746d9d]
	at net.minecraft.commands.Commands.performCommand(Commands.java:342) ~[paper-1.21.4.jar:1.21.4-14-b746d9d]
	at net.minecraft.commands.Commands.performCommand(Commands.java:337) ~[paper-1.21.4.jar:1.21.4-14-b746d9d]
	at net.minecraft.server.network.ServerGamePacketListenerImpl.performUnsignedChatCommand(ServerGamePacketListenerImpl.java:2301) ~[paper-1.21.4.jar:1.21.4-14-b746d9d]
	at net.minecraft.server.network.ServerGamePacketListenerImpl.lambda$handleChatCommand$11(ServerGamePacketListenerImpl.java:2275) ~[paper-1.21.4.jar:1.21.4-14-b746d9d]
	at net.minecraft.server.TickTask.run(TickTask.java:18) ~[paper-1.21.4.jar:1.21.4-14-b746d9d]
	at net.minecraft.util.thread.BlockableEventLoop.doRunTask(BlockableEventLoop.java:154) ~[paper-1.21.4.jar:1.21.4-14-b746d9d]
	at net.minecraft.util.thread.ReentrantBlockableEventLoop.doRunTask(ReentrantBlockableEventLoop.java:24) ~[paper-1.21.4.jar:1.21.4-14-b746d9d]
	at net.minecraft.server.MinecraftServer.doRunTask(MinecraftServer.java:1579) ~[paper-1.21.4.jar:1.21.4-14-b746d9d]
	at net.minecraft.server.MinecraftServer.doRunTask(MinecraftServer.java:207) ~[paper-1.21.4.jar:1.21.4-14-b746d9d]
	at net.minecraft.util.thread.BlockableEventLoop.pollTask(BlockableEventLoop.java:128) ~[paper-1.21.4.jar:1.21.4-14-b746d9d]
	at net.minecraft.server.MinecraftServer.pollTaskInternal(MinecraftServer.java:1556) ~[paper-1.21.4.jar:1.21.4-14-b746d9d]
	at net.minecraft.server.MinecraftServer.pollTask(MinecraftServer.java:1549) ~[paper-1.21.4.jar:1.21.4-14-b746d9d]
	at net.minecraft.util.thread.BlockableEventLoop.runAllTasks(BlockableEventLoop.java:117) ~[paper-1.21.4.jar:1.21.4-14-b746d9d]
	at net.minecraft.server.MinecraftServer.waitUntilNextTick(MinecraftServer.java:1506) ~[paper-1.21.4.jar:1.21.4-14-b746d9d]
	at net.minecraft.server.MinecraftServer.runServer(MinecraftServer.java:1346) ~[paper-1.21.4.jar:1.21.4-14-b746d9d]
	at net.minecraft.server.MinecraftServer.lambda$spin$0(MinecraftServer.java:341) ~[paper-1.21.4.jar:1.21.4-14-b746d9d]
	at java.base/java.lang.Thread.run(Thread.java:1583) ~[?:?]
[00:16:09] [Server thread/ERROR]: Invalid path in pack: blazeandcave:tags/entity_type/overSoapie SMP (Soapie SMP (Soapie SMP (Soapie S)_zombies.json, ignoring
[00:16:09] [Worker-Main-2/ERROR]: Invalid path in pack: blazeandcave:predicate/in_the_overSoapie SMP (Soapie SMP (Soapie SMP (Soapie S).json, ignoring
[00:16:09] [Worker-Main-2/ERROR]: Invalid path in pack: blazeandcave:predicate/at_Soapie SMP (Soapie SMP (Soapie SMP (Soapie S)_height.json, ignoring
[00:16:09] [Worker-Main-2/ERROR]: Invalid path in pack: multiplayer_sleep:predicate/overSoapie SMP (Main World)-2.json, ignoring
[00:16:09] [Worker-Main-3/ERROR]: Couldn't parse data file 'minecraft:entities/creeper' from 'minecraft:loot_table/entities/creeper.json': DataResult.Error['Failed to parse either. First: Failed to get element infinite_music_discs:dontplaymustnotplay; Second: Cannot parse as key without registry; Not a JSON object: 6 missed input: {"minecraft:custom_model_data":6,"minecraft:jukebox_playable":{"song":"infinite_music_discs:dontplaymustnotplay"}}; Failed to parse either. First: Failed to get element infinite_music_discs:heavenandhell; Second: Cannot parse as key without registry; Not a JSON object: 5 missed input: {"minecraft:custom_model_data":5,"minecraft:jukebox_playable":{"song":"infinite_music_discs:heavenandhell"}}; Failed to parse either. First: Failed to get element infinite_music_discs:onedaymore; Second: Cannot parse as key without registry; Not a JSON object: 4 missed input: {"minecraft:custom_model_data":4,"minecraft:jukebox_playable":{"song":"infinite_music_discs:onedaymore"}}; Failed to parse either. First: Failed to get element infinite_music_discs:pianoman; Second: Cannot parse as key without registry; Not a JSON object: 3 missed input: {"minecraft:custom_model_data":3,"minecraft:jukebox_playable":{"song":"infinite_music_discs:pianoman"}}; Failed to parse either. First: Failed to get element infinite_music_discs:pitterpatter; Second: Cannot parse as key without registry; Not a JSON object: 2 missed input: {"minecraft:custom_model_data":2,"minecraft:jukebox_playable":{"song":"infinite_music_discs:pitterpatter"}}; Failed to parse either. First: Failed to get element infinite_music_discs:redstoneeleavtor; Second: Cannot parse as key without registry; Not a JSON object: 1 missed input: {"minecraft:custom_model_data":1,"minecraft:jukebox_playable":{"song":"infinite_music_discs:redstoneeleavtor"}}': net.minecraft.world.level.storage.loot.LootTable@4d31c0d3]
[00:16:09] [Worker-Main-3/ERROR]: Couldn't parse data file 'armor_statues:random_pose' from 'armor_statues:loot_table/random_pose.json': DataResult.Error['Unknown registry key in ResourceKey[minecraft:root / minecraft:attribute]: minecraft:generic.attack_damage; Unknown registry key in ResourceKey[minecraft:root / minecraft:attribute]: minecraft:generic.attack_damage; Unknown registry key in ResourceKey[minecraft:root / minecraft:attribute]: minecraft:generic.attack_damage; Unknown registry key in ResourceKey[minecraft:root / minecraft:attribute]: minecraft:generic.attack_damage; Unknown registry key in ResourceKey[minecraft:root / minecraft:attribute]: minecraft:generic.attack_damage; Unknown registry key in ResourceKey[minecraft:root / minecraft:attribute]: minecraft:generic.attack_damage; Unknown registry key in ResourceKey[minecraft:root / minecraft:attribute]: minecraft:generic.attack_damage; Unknown registry key in ResourceKey[minecraft:root / minecraft:attribute]: minecraft:generic.attack_damage; Unknown registry key in ResourceKey[minecraft:root / minecraft:attribute]: minecraft:generic.attack_damage; Unknown registry key in ResourceKey[minecraft:root / minecraft:attribute]: minecraft:generic.attack_damage; Unknown registry key in ResourceKey[minecraft:root / minecraft:attribute]: minecraft:generic.attack_damage; Unknown registry key in ResourceKey[minecraft:root / minecraft:attribute]: minecraft:generic.attack_damage; Unknown registry key in ResourceKey[minecraft:root / minecraft:attribute]: minecraft:generic.attack_damage; Unknown registry key in ResourceKey[minecraft:root / minecraft:attribute]: minecraft:generic.attack_damage; Unknown registry key in ResourceKey[minecraft:root / minecraft:attribute]: minecraft:generic.attack_damage; Unknown registry key in ResourceKey[minecraft:root / minecraft:attribute]: minecraft:generic.attack_damage; Unknown registry key in ResourceKey[minecraft:root / minecraft:attribute]: minecraft:generic.attack_damage; Unknown registry key in ResourceKey[minecraft:root / minecraft:attribute]: minecraft:generic.attack_damage': net.minecraft.world.level.storage.loot.LootTable@3ee921]
[00:16:09] [Worker-Main-3/WARN]: Found loot table element validation problem in {minecraft:loot_table/minecraft:entities/villager}.pools[2].entries[0]: Unknown loot table called more_mob_heads:entities/villager
[00:16:09] [Worker-Main-3/WARN]: Found loot table element validation problem in {minecraft:loot_table/minecraft:entities/player}.pools[1].entries[0]: Unknown loot table called graves:entities/player
[00:16:09] [Worker-Main-1/ERROR]: Invalid path in pack: blazeandcave:function/new_Soapie SMP (Soapie SMP (Soapie SMP (Soapie S).mcfunction, ignoring
[00:16:09] [Worker-Main-1/ERROR]: Invalid path in pack: bacap_rewards:function/.DS_Store, ignoring
[00:16:09] [Worker-Main-1/ERROR]: Invalid path in pack: bacap_rewards:function/exp/challenges/the_Soapie SMP (Soapie SMP (Soapie SMP (Soapie S)_is_ending.mcfunction, ignoring
[00:16:09] [Worker-Main-1/ERROR]: Invalid path in pack: bacap_rewards:function/exp/challenges/explorer_of_Soapie SMP (Soapie SMP (Soapie SMP (Soapie S)s.mcfunction, ignoring
[00:16:09] [Worker-Main-5/ERROR]: Invalid path in pack: minecraft:advancement/nether/ride_strider_in_overSoapie SMP (Soapie SMP (Soapie SMP (Soapie S)_lava.json, ignoring
[00:16:09] [Worker-Main-5/ERROR]: Invalid path in pack: minecraft:advancement/adventure/trade_at_Soapie SMP (Soapie SMP (Soapie SMP (Soapie S)_height.json, ignoring
[00:16:09] [Worker-Main-5/ERROR]: Invalid path in pack: minecraft:advancement/adventure/fall_from_Soapie SMP (Soapie SMP (Soapie SMP (Soapie S)_height.json, ignoring
[00:16:09] [Worker-Main-1/ERROR]: Invalid path in pack: bacap_rewards:function/exp/biomes/top_of_the_Soapie SMP (Soapie SMP (Soapie SMP (Soapie S).mcfunction, ignoring
[00:16:09] [Worker-Main-5/ERROR]: Invalid path in pack: blazeandcave:advancement/challenges/explorer_of_Soapie SMP (Soapie SMP (Soapie SMP (Soapie S)s.json, ignoring
[00:16:09] [Worker-Main-5/ERROR]: Invalid path in pack: blazeandcave:advancement/challenges/the_Soapie SMP (Soapie SMP (Soapie SMP (Soapie S)_is_ending.json, ignoring
[00:16:09] [Worker-Main-5/ERROR]: Invalid path in pack: blazeandcave:advancement/biomes/top_of_the_Soapie SMP (Soapie SMP (Soapie SMP (Soapie S).json, ignoring
[00:16:09] [Worker-Main-1/ERROR]: Invalid path in pack: bacap_rewards:function/reward/challenges/the_Soapie SMP (Soapie SMP (Soapie SMP (Soapie S)_is_ending.mcfunction, ignoring
[00:16:09] [Worker-Main-1/ERROR]: Invalid path in pack: bacap_rewards:function/reward/challenges/explorer_of_Soapie SMP (Soapie SMP (Soapie SMP (Soapie S)s.mcfunction, ignoring
[00:16:09] [Worker-Main-1/ERROR]: Invalid path in pack: bacap_rewards:function/reward/biomes/top_of_the_Soapie SMP (Soapie SMP (Soapie SMP (Soapie S).mcfunction, ignoring
[00:16:09] [Worker-Main-5/ERROR]: Couldn't parse data file 'blazeandcave:adventure/do_you_want_to_trade' from 'blazeandcave:advancement/adventure/do_you_want_to_trade.json': DataResult.Error['Missing tag: 'blazeandcave:village' in 'minecraft:worldgen/structure' missed input: {"village":{"trigger":"minecraft:location","conditions":{"player":[{"condition":"minecraft:entity_properties","entity":"this","predicate":{"location":{"structures":"#blazeandcave:village"}}},{"condition":"minecraft:inverted","term":{"condition":"minecraft:entity_properties","entity":"this","predicate":{"type_specific":{"type":"player","gamemode":["spectator"]}}}}]}}}': Advancement[parent=Optional[minecraft:adventure/root], display=Optional[net.minecraft.advancements.DisplayInfo@14c657bd], rewards=AdvancementRewards[experience=0, loot=[], recipes=[], function=Optional[net.minecraft.commands.CacheableFunction@37ee8993]], criteria={village=Criterion[trigger=net.minecraft.advancements.critereon.PlayerTrigger@4944e286, triggerInstance=TriggerInstance[player=Optional[net.minecraft.advancements.critereon.ContextAwarePredicate@52897734]]]}, requirements=[[village]], sendsTelemetryEvent=false, name=Optional[translation{key='chat.square_brackets', args=[translation{key='Do You Want to Trade?', args=[]}[style={hoverEvent=TypedHoverEvent[action=<action show_text>, value=translation{key='Do You Want to Trade?', args=[]}[style={color=green}, siblings=[literal{
}, translation{key='Find an NPC village', args=[]}[style={color=green}]]]]}]]}[style={color=green}]]]]
[00:16:09] [Worker-Main-1/ERROR]: Invalid path in pack: bacap_rewards:function/trophy/challenges/the_Soapie SMP (Soapie SMP (Soapie SMP (Soapie S)_is_ending.mcfunction, ignoring
[00:16:09] [Worker-Main-1/ERROR]: Invalid path in pack: bacap_rewards:function/trophy/challenges/explorer_of_Soapie SMP (Soapie SMP (Soapie SMP (Soapie S)s.mcfunction, ignoring
[00:16:09] [Worker-Main-1/ERROR]: Invalid path in pack: bacap_rewards:function/challenges/the_Soapie SMP (Soapie SMP (Soapie SMP (Soapie S)_is_ending.mcfunction, ignoring
[00:16:09] [Worker-Main-1/ERROR]: Invalid path in pack: bacap_rewards:function/challenges/explorer_of_Soapie SMP (Soapie SMP (Soapie SMP (Soapie S)s.mcfunction, ignoring
[00:16:09] [Worker-Main-5/ERROR]: Couldn't parse data file 'blazeandcave:adventure/oh_look_it_dings' from 'blazeandcave:advancement/adventure/oh_look_it_dings.json': DataResult.Error['Missing tag: 'blazeandcave:village' in 'minecraft:worldgen/structure' missed input: {"bell":{"trigger":"minecraft:any_block_use","conditions":{"location":[{"condition":"minecraft:location_check","predicate":{"block":{"blocks":["minecraft:bell"]},"structures":"#blazeandcave:village"}}]}}}': Advancement[parent=Optional[blazeandcave:adventure/do_you_want_to_trade], display=Optional[net.minecraft.advancements.DisplayInfo@447a5063], rewards=AdvancementRewards[experience=0, loot=[], recipes=[], function=Optional[net.minecraft.commands.CacheableFunction@5dd3af0f]], criteria={bell=Criterion[trigger=net.minecraft.advancements.critereon.AnyBlockInteractionTrigger@503b7690, triggerInstance=TriggerInstance[player=Optional.empty, location=Optional[net.minecraft.advancements.critereon.ContextAwarePredicate@4d1c887e]]]}, requirements=[[bell]], sendsTelemetryEvent=false, name=Optional[translation{key='chat.square_brackets', args=[translation{key='Oh, look, it dings!', args=[]}[style={hoverEvent=TypedHoverEvent[action=<action show_text>, value=translation{key='Oh, look, it dings!', args=[]}[style={color=green}, siblings=[literal{
}, translation{key='Ring a bell in a village', args=[]}[style={color=green}]]]]}]]}[style={color=green}]]]]
[00:16:09] [Worker-Main-1/ERROR]: Invalid path in pack: bacap_rewards:function/biomes/top_of_the_Soapie SMP (Soapie SMP (Soapie SMP (Soapie S).mcfunction, ignoring
[00:16:09] [Worker-Main-1/ERROR]: Invalid path in pack: bacap_rewards:function/msg/challenges/the_Soapie SMP (Soapie SMP (Soapie SMP (Soapie S)_is_ending.mcfunction, ignoring
[00:16:09] [Worker-Main-1/ERROR]: Invalid path in pack: bacap_rewards:function/msg/challenges/explorer_of_Soapie SMP (Soapie SMP (Soapie SMP (Soapie S)s.mcfunction, ignoring
[00:16:09] [Worker-Main-1/ERROR]: Invalid path in pack: bacap_rewards:function/msg/biomes/top_of_the_Soapie SMP (Soapie SMP (Soapie SMP (Soapie S).mcfunction, ignoring
[00:16:09] [Worker-Main-5/ERROR]: Couldn't parse data file 'vanillatweaks:armored_elytra' from 'vanillatweaks:advancement/armored_elytra.json': DataResult.Error['Not a JSON object: 13522556 missed input: {"minecraft:custom_model_data":13522556}': Advancement[parent=Optional[vanillatweaks:root], display=Optional[net.minecraft.advancements.DisplayInfo@4055d797], rewards=AdvancementRewards[experience=0, loot=[], recipes=[], function=Optional.empty], criteria={tick=Criterion[trigger=net.minecraft.advancements.critereon.PlayerTrigger@867d6e3, triggerInstance=TriggerInstance[player=Optional.empty]]}, requirements=[[tick]], sendsTelemetryEvent=false, name=Optional[translation{key='chat.square_brackets', args=[literal{Armored Elytra            }[style={hoverEvent=TypedHoverEvent[action=<action show_text>, value=literal{Armored Elytra            }[style={color=green}, siblings=[literal{
}, empty[siblings=[literal{Drop}[style={color=green}], literal{ elytra and a chestplate above an anvil to merge them into one item.
}[style={color=gold}], literal{Drop}[style={color=green}], literal{ the merged item above a grindstone to separate them again.
}[style={color=gold}], literal{Enchantments}[style={color=green}], literal{ are kept safely between merging and separating.
}[style={color=gold}], literal{Burning}[style={color=green}], literal{ netherite armored elytra will keep the chestplate but burn off the elytra.}[style={color=gold}]]]]]]}]]}[style={color=green}]]]]
[00:16:10] [Worker-Main-5/ERROR]: Couldn't parse data file 'blazeandcave:end/void_walker' from 'blazeandcave:advancement/end/void_walker.json': DataResult.Error['Missing tag: 'blazeandcave:end_barrens' in 'minecraft:worldgen/biome'; Missing tag: 'blazeandcave:end_midlands' in 'minecraft:worldgen/biome' missed input: {"end_midlands":{"trigger":"minecraft:location","conditions":{"player":[{"condition":"minecraft:entity_properties","entity":"this","predicate":{"location":{"biomes":"#blazeandcave:end_midlands"}}},{"condition":"minecraft:inverted","term":{"condition":"minecraft:entity_properties","entity":"this","predicate":{"type_specific":{"type":"player","gamemode":["spectator"]}}}}]}},"end_barrens":{"trigger":"minecraft:location","conditions":{"player":[{"condition":"minecraft:entity_properties","entity":"this","predicate":{"location":{"biomes":"#blazeandcave:end_barrens"}}},{"condition":"minecraft:inverted","term":{"condition":"minecraft:entity_properties","entity":"this","predicate":{"type_specific":{"type":"player","gamemode":["spectator"]}}}}]}}}': Advancement[parent=Optional[minecraft:end/enter_end_gateway], display=Optional[net.minecraft.advancements.DisplayInfo@66f45fc9], rewards=AdvancementRewards[experience=0, loot=[], recipes=[], function=Optional[net.minecraft.commands.CacheableFunction@485381b4]], criteria={end_midlands=Criterion[trigger=net.minecraft.advancements.critereon.PlayerTrigger@4944e286, triggerInstance=TriggerInstance[player=Optional[net.minecraft.advancements.critereon.ContextAwarePredicate@2dca5e51]]], small_end_islands=Criterion[trigger=net.minecraft.advancements.critereon.PlayerTrigger@4944e286, triggerInstance=TriggerInstance[player=Optional[net.minecraft.advancements.critereon.ContextAwarePredicate@a3f1d02]]], the_end=Criterion[trigger=net.minecraft.advancements.critereon.PlayerTrigger@4944e286, triggerInstance=TriggerInstance[player=Optional[net.minecraft.advancements.critereon.ContextAwarePredicate@4ef1019b]]], end_barrens=Criterion[trigger=net.minecraft.advancements.critereon.PlayerTrigger@4944e286, triggerInstance=TriggerInstance[player=Optional[net.minecraft.advancements.critereon.ContextAwarePredicate@1a7b67d0]]], end_highlands=Criterion[trigger=net.minecraft.advancements.critereon.PlayerTrigger@4944e286, triggerInstance=TriggerInstance[player=Optional[net.minecraft.advancements.critereon.ContextAwarePredicate@653c8a18]]]}, requirements=[[the_end], [small_end_islands], [end_highlands], [end_midlands], [end_barrens]], sendsTelemetryEvent=false, name=Optional[translation{key='chat.square_brackets', args=[translation{key='Void Walker', args=[]}[style={hoverEvent=TypedHoverEvent[action=<action show_text>, value=translation{key='Void Walker', args=[]}[style={color=green}, siblings=[literal{
}, translation{key='Explore every end biome', args=[]}[style={color=#75E1FF}]]]]}]]}[style={color=green}]]]]
[00:16:11] [Server thread/INFO]: Loaded 1609 recipes
[00:16:11] [Server thread/ERROR]: Failed to load function armor_statues:trigger/random_pose
java.util.concurrent.CompletionException: java.lang.IllegalArgumentException: Whilst parsing command on line 11: Failed to parse structure: Failed to get element ResourceKey[minecraft:loot_table / armor_statues:random_pose] at position 116: ...andom_pose<--[HERE]
	at java.base/java.util.concurrent.CompletableFuture.encodeThrowable(CompletableFuture.java:315) ~[?:?]
	at java.base/java.util.concurrent.CompletableFuture.completeThrowable(CompletableFuture.java:320) ~[?:?]
	at java.base/java.util.concurrent.CompletableFuture$AsyncSupply.run(CompletableFuture.java:1770) ~[?:?]
	at java.base/java.util.concurrent.ThreadPoolExecutor.runWorker(ThreadPoolExecutor.java:1144) ~[?:?]
	at java.base/java.util.concurrent.ThreadPoolExecutor$Worker.run(ThreadPoolExecutor.java:642) ~[?:?]
	at java.base/java.lang.Thread.run(Thread.java:1583) ~[?:?]
Caused by: java.lang.IllegalArgumentException: Whilst parsing command on line 11: Failed to parse structure: Failed to get element ResourceKey[minecraft:loot_table / armor_statues:random_pose] at position 116: ...andom_pose<--[HERE]
	at net.minecraft.commands.functions.CommandFunction.fromLines(CommandFunction.java:86) ~[paper-1.21.4.jar:1.21.4-14-b746d9d]
	at net.minecraft.server.ServerFunctionLibrary.lambda$reload$3(ServerFunctionLibrary.java:92) ~[paper-1.21.4.jar:1.21.4-14-b746d9d]
	at java.base/java.util.concurrent.CompletableFuture$AsyncSupply.run(CompletableFuture.java:1768) ~[?:?]
	... 3 more
[00:16:11] [Server thread/ERROR]: Failed to load function blazeandcave:one_second_timer
java.util.concurrent.CompletionException: java.lang.IllegalArgumentException: Whilst parsing command on line 239: Failed to parse structure: Failed to get element ResourceKey[minecraft:predicate / blazeandcave:third_line] at position 54: ...third_line<--[HERE]
	at java.base/java.util.concurrent.CompletableFuture.encodeThrowable(CompletableFuture.java:315) ~[?:?]
	at java.base/java.util.concurrent.CompletableFuture.completeThrowable(CompletableFuture.java:320) ~[?:?]
	at java.base/java.util.concurrent.CompletableFuture$AsyncSupply.run(CompletableFuture.java:1770) ~[?:?]
	at java.base/java.util.concurrent.ThreadPoolExecutor.runWorker(ThreadPoolExecutor.java:1144) ~[?:?]
	at java.base/java.util.concurrent.ThreadPoolExecutor$Worker.run(ThreadPoolExecutor.java:642) ~[?:?]
	at java.base/java.lang.Thread.run(Thread.java:1583) ~[?:?]
Caused by: java.lang.IllegalArgumentException: Whilst parsing command on line 239: Failed to parse structure: Failed to get element ResourceKey[minecraft:predicate / blazeandcave:third_line] at position 54: ...third_line<--[HERE]
	at net.minecraft.commands.functions.CommandFunction.fromLines(CommandFunction.java:86) ~[paper-1.21.4.jar:1.21.4-14-b746d9d]
	at net.minecraft.server.ServerFunctionLibrary.lambda$reload$3(ServerFunctionLibrary.java:92) ~[paper-1.21.4.jar:1.21.4-14-b746d9d]
	at java.base/java.util.concurrent.CompletableFuture$AsyncSupply.run(CompletableFuture.java:1768) ~[?:?]
	... 3 more
[00:16:11] [Server thread/ERROR]: Failed to load function multiplayer_sleep:start_sleeping
java.util.concurrent.CompletionException: java.lang.IllegalArgumentException: Whilst parsing command on line 2: Failed to parse structure: Failed to get element ResourceKey[minecraft:predicate / multiplayer_sleep:overworld] at position 48: ...:overworld<--[HERE]
	at java.base/java.util.concurrent.CompletableFuture.encodeThrowable(CompletableFuture.java:315) ~[?:?]
	at java.base/java.util.concurrent.CompletableFuture.completeThrowable(CompletableFuture.java:320) ~[?:?]
	at java.base/java.util.concurrent.CompletableFuture$AsyncSupply.run(CompletableFuture.java:1770) ~[?:?]
	at java.base/java.util.concurrent.ThreadPoolExecutor.runWorker(ThreadPoolExecutor.java:1144) ~[?:?]
	at java.base/java.util.concurrent.ThreadPoolExecutor$Worker.run(ThreadPoolExecutor.java:642) ~[?:?]
	at java.base/java.lang.Thread.run(Thread.java:1583) ~[?:?]
Caused by: java.lang.IllegalArgumentException: Whilst parsing command on line 2: Failed to parse structure: Failed to get element ResourceKey[minecraft:predicate / multiplayer_sleep:overworld] at position 48: ...:overworld<--[HERE]
	at net.minecraft.commands.functions.CommandFunction.fromLines(CommandFunction.java:86) ~[paper-1.21.4.jar:1.21.4-14-b746d9d]
	at net.minecraft.server.ServerFunctionLibrary.lambda$reload$3(ServerFunctionLibrary.java:92) ~[paper-1.21.4.jar:1.21.4-14-b746d9d]
	at java.base/java.util.concurrent.CompletableFuture$AsyncSupply.run(CompletableFuture.java:1768) ~[?:?]
	... 3 more
[00:16:11] [Server thread/ERROR]: Couldn't load advancements: [blazeandcave:adventure/retro_future_knight, minecraft:adventure/minecraft_trials_edition, blazeandcave:adventure/break_wind, blazeandcave:technical/branch2_end, blazeandcave:adventure/keys_to_success, blazeandcave:adventure/heres_johnny, blazeandcave:adventure/businessman, blazeandcave:adventure/workaholic, blazeandcave:adventure/your_daily_fix, blazeandcave:adventure/crazy_cat_lady, blazeandcave:adventure/core_keeper, blazeandcave:adventure/treasure_map, blazeandcave:adventure/filthy_stinkin_rich, blazeandcave:adventure/house_of_psychos, blazeandcave:end/dimension_penetration, minecraft:adventure/under_lock_and_key, minecraft:adventure/revaulting, blazeandcave:adventure/traveller, blazeandcave:adventure/guardian_destroyer, blazeandcave:adventure/the_tribal_villagers, minecraft:adventure/summon_iron_golem, blazeandcave:adventure/from_under_your_feet, blazeandcave:adventure/filthy_rich, blazeandcave:challenges/a_million_blocks_away, blazeandcave:adventure/all_chained_up, blazeandcave:adventure/knowledge_is_power, minecraft:adventure/totem_of_undying, minecraft:adventure/trade_at_world_height, blazeandcave:challenges/overwarden, minecraft:adventure/trade, blazeandcave:end/unending_hell, blazeandcave:adventure/ghostbuster, blazeandcave:adventure/monumental, blazeandcave:challenges/the_devils_distance, minecraft:adventure/blowback, minecraft:husbandry/complete_catalogue, blazeandcave:adventure/tricky_treasures, blazeandcave:adventure/rekt, blazeandcave:adventure/mapmaker, blazeandcave:adventure/omniscient, blazeandcave:adventure/rare_candy_shop, blazeandcave:adventure/breeze_suppressor, blazeandcave:adventure/hard_mode_activated, blazeandcave:adventure/nerds_never_die, blazeandcave:adventure/mapmakers_table, blazeandcave:technical/branch5_end, blazeandcave:adventure/village_settler, blazeandcave:adventure/master_trader, blazeandcave:adventure/wololo, blazeandcave:adventure/prime_specimen, blazeandcave:adventure/spear_fishing, blazeandcave:adventure/town_planner, blazeandcave:adventure/if_only_cats_grew_into_kittens, blazeandcave:adventure/sponge_miner, blazeandcave:challenges/immortal, blazeandcave:adventure/hey_you_two_should_kiss, blazeandcave:adventure/the_shielding, blazeandcave:challenges/farlander, blazeandcave:adventure/im_not_lost_anymore, blazeandcave:adventure/dry_spell, blazeandcave:adventure/murderer, blazeandcave:adventure/the_deep_end, blazeandcave:adventure/professional, blazeandcave:adventure/vault_hunter, blazeandcave:adventure/laser_sharks, blazeandcave:adventure/lilypad_hatter, blazeandcave:challenges/death_from_all, blazeandcave:adventure/you_are_the_pillager, blazeandcave:adventure/this_will_be_a_breeze, blazeandcave:adventure/map_room, minecraft:adventure/who_needs_rockets]
[00:16:11] [Server thread/INFO]: Loaded 2759 advancements
[00:16:12] [Server thread/WARN]: Can't keep up! Is the server overloaded? Running 3403ms or 68 ticks behind
[00:16:14] [Server thread/INFO]: SoapieTomato issued server command: /gamemode creative
[00:16:14] [Server thread/INFO]: [SoapieTomato: Set own game mode to Creative Mode]
[00:16:28] [Server thread/INFO]: SoapieTomato issued server command: /summon minecraft:creeper
[00:16:28] [Server thread/INFO]: [SoapieTomato: Summoned new Creeper]
[00:16:32] [Server thread/INFO]: SoapieTomato issued server command: /gamemode survival
[00:16:32] [Server thread/INFO]: [SoapieTomato: Set own game mode to Survival Mode]
[00:16:36] [Server thread/INFO]: SoapieTomato issued server command: /home creeper
[00:16:56] [Server thread/INFO]: Azuresty issued server command: /phome
[00:17:05] [Server thread/INFO]: Azuresty issued server command: /trigger home
[00:17:05] [Server thread/INFO]: [Azuresty: Triggered [Home]]
[00:17:26] [Server thread/INFO]: SoapieTomato issued server command: /datapack enable "file/anti creeper grief v1.1.8 (MC 1.21-1.21.1).zip"
[00:17:26] [Server thread/INFO]: [SoapieTomato: Enabling data pack [file/anti creeper grief v1.1.8 (MC 1.21-1.21.1).zip (world)]]
[00:17:26] [Server thread/ERROR]: Invalid directory entry: .DS_Store in ./soapSMP/datapacks/BlazeandCaves Advancements Pack 1.18.
java.nio.file.NotDirectoryException: .DS_Store
	at net.minecraft.server.packs.PathPackResources.getNamespaces(PathPackResources.java:108) ~[paper-1.21.4.jar:1.21.4-14-b746d9d]
	at net.minecraft.server.packs.resources.MultiPackResourceManager.lambda$new$0(MultiPackResourceManager.java:27) ~[paper-1.21.4.jar:1.21.4-14-b746d9d]
	at java.base/java.util.stream.ReferencePipeline$7$1.accept(ReferencePipeline.java:273) ~[?:?]
	at java.base/java.util.Spliterators$ArraySpliterator.forEachRemaining(Spliterators.java:1024) ~[?:?]
	at java.base/java.util.stream.AbstractPipeline.copyInto(AbstractPipeline.java:509) ~[?:?]
	at java.base/java.util.stream.AbstractPipeline.wrapAndCopyInto(AbstractPipeline.java:499) ~[?:?]
	at java.base/java.util.stream.AbstractPipeline.evaluate(AbstractPipeline.java:575) ~[?:?]
	at java.base/java.util.stream.AbstractPipeline.evaluateToArrayNode(AbstractPipeline.java:260) ~[?:?]
	at java.base/java.util.stream.ReferencePipeline.toArray(ReferencePipeline.java:616) ~[?:?]
	at java.base/java.util.stream.ReferencePipeline.toArray(ReferencePipeline.java:622) ~[?:?]
	at java.base/java.util.stream.ReferencePipeline.toList(ReferencePipeline.java:627) ~[?:?]
	at net.minecraft.server.packs.resources.MultiPackResourceManager.<init>(MultiPackResourceManager.java:27) ~[paper-1.21.4.jar:1.21.4-14-b746d9d]
	at net.minecraft.server.MinecraftServer.lambda$reloadResources$33(MinecraftServer.java:2378) ~[paper-1.21.4.jar:1.21.4-14-b746d9d]
	at java.base/java.util.concurrent.CompletableFuture$UniCompose.tryFire(CompletableFuture.java:1150) ~[?:?]
	at java.base/java.util.concurrent.CompletableFuture.postComplete(CompletableFuture.java:510) ~[?:?]
	at java.base/java.util.concurrent.CompletableFuture$AsyncSupply.run(CompletableFuture.java:1773) ~[?:?]
	at net.minecraft.server.TickTask.run(TickTask.java:18) ~[paper-1.21.4.jar:1.21.4-14-b746d9d]
	at net.minecraft.util.thread.BlockableEventLoop.doRunTask(BlockableEventLoop.java:154) ~[paper-1.21.4.jar:1.21.4-14-b746d9d]
	at net.minecraft.util.thread.ReentrantBlockableEventLoop.doRunTask(ReentrantBlockableEventLoop.java:24) ~[paper-1.21.4.jar:1.21.4-14-b746d9d]
	at net.minecraft.server.MinecraftServer.doRunTask(MinecraftServer.java:1579) ~[paper-1.21.4.jar:1.21.4-14-b746d9d]
	at net.minecraft.server.MinecraftServer.doRunTask(MinecraftServer.java:207) ~[paper-1.21.4.jar:1.21.4-14-b746d9d]
	at net.minecraft.util.thread.BlockableEventLoop.pollTask(BlockableEventLoop.java:128) ~[paper-1.21.4.jar:1.21.4-14-b746d9d]
	at net.minecraft.server.MinecraftServer.pollTaskInternal(MinecraftServer.java:1556) ~[paper-1.21.4.jar:1.21.4-14-b746d9d]
	at net.minecraft.server.MinecraftServer.pollTask(MinecraftServer.java:1549) ~[paper-1.21.4.jar:1.21.4-14-b746d9d]
	at net.minecraft.util.thread.BlockableEventLoop.managedBlock(BlockableEventLoop.java:138) ~[paper-1.21.4.jar:1.21.4-14-b746d9d]
	at net.minecraft.server.MinecraftServer.managedBlock(MinecraftServer.java:1500) ~[paper-1.21.4.jar:1.21.4-14-b746d9d]
	at net.minecraft.server.MinecraftServer.reloadResources(MinecraftServer.java:2428) ~[paper-1.21.4.jar:1.21.4-14-b746d9d]
	at net.minecraft.server.commands.ReloadCommand.reloadPacks(ReloadCommand.java:23) ~[paper-1.21.4.jar:1.21.4-14-b746d9d]
	at net.minecraft.server.commands.DataPackCommand.enablePack(DataPackCommand.java:138) ~[paper-1.21.4.jar:1.21.4-14-b746d9d]
	at net.minecraft.server.commands.DataPackCommand.lambda$register$11(DataPackCommand.java:72) ~[paper-1.21.4.jar:1.21.4-14-b746d9d]
	at com.mojang.brigadier.context.ContextChain.runExecutable(ContextChain.java:73) ~[brigadier-1.3.10.jar:?]
	at net.minecraft.commands.execution.tasks.ExecuteCommand.execute(ExecuteCommand.java:31) ~[paper-1.21.4.jar:1.21.4-14-b746d9d]
	at net.minecraft.commands.execution.tasks.ExecuteCommand.execute(ExecuteCommand.java:19) ~[paper-1.21.4.jar:1.21.4-14-b746d9d]
	at net.minecraft.commands.execution.UnboundEntryAction.lambda$bind$0(UnboundEntryAction.java:8) ~[paper-1.21.4.jar:1.21.4-14-b746d9d]
	at net.minecraft.commands.execution.CommandQueueEntry.execute(CommandQueueEntry.java:5) ~[paper-1.21.4.jar:1.21.4-14-b746d9d]
	at net.minecraft.commands.execution.ExecutionContext.runCommandQueue(ExecutionContext.java:103) ~[paper-1.21.4.jar:1.21.4-14-b746d9d]
	at net.minecraft.commands.Commands.executeCommandInContext(Commands.java:448) ~[paper-1.21.4.jar:1.21.4-14-b746d9d]
	at net.minecraft.commands.Commands.performCommand(Commands.java:355) ~[paper-1.21.4.jar:1.21.4-14-b746d9d]
	at net.minecraft.commands.Commands.performCommand(Commands.java:342) ~[paper-1.21.4.jar:1.21.4-14-b746d9d]
	at net.minecraft.commands.Commands.performCommand(Commands.java:337) ~[paper-1.21.4.jar:1.21.4-14-b746d9d]
	at net.minecraft.server.network.ServerGamePacketListenerImpl.performUnsignedChatCommand(ServerGamePacketListenerImpl.java:2301) ~[paper-1.21.4.jar:1.21.4-14-b746d9d]
	at net.minecraft.server.network.ServerGamePacketListenerImpl.lambda$handleChatCommand$11(ServerGamePacketListenerImpl.java:2275) ~[paper-1.21.4.jar:1.21.4-14-b746d9d]
	at net.minecraft.server.TickTask.run(TickTask.java:18) ~[paper-1.21.4.jar:1.21.4-14-b746d9d]
	at net.minecraft.util.thread.BlockableEventLoop.doRunTask(BlockableEventLoop.java:154) ~[paper-1.21.4.jar:1.21.4-14-b746d9d]
	at net.minecraft.util.thread.ReentrantBlockableEventLoop.doRunTask(ReentrantBlockableEventLoop.java:24) ~[paper-1.21.4.jar:1.21.4-14-b746d9d]
	at net.minecraft.server.MinecraftServer.doRunTask(MinecraftServer.java:1579) ~[paper-1.21.4.jar:1.21.4-14-b746d9d]
	at net.minecraft.server.MinecraftServer.doRunTask(MinecraftServer.java:207) ~[paper-1.21.4.jar:1.21.4-14-b746d9d]
	at net.minecraft.util.thread.BlockableEventLoop.pollTask(BlockableEventLoop.java:128) ~[paper-1.21.4.jar:1.21.4-14-b746d9d]
	at net.minecraft.server.MinecraftServer.pollTaskInternal(MinecraftServer.java:1556) ~[paper-1.21.4.jar:1.21.4-14-b746d9d]
	at net.minecraft.server.MinecraftServer.pollTask(MinecraftServer.java:1549) ~[paper-1.21.4.jar:1.21.4-14-b746d9d]
	at net.minecraft.util.thread.BlockableEventLoop.managedBlock(BlockableEventLoop.java:138) ~[paper-1.21.4.jar:1.21.4-14-b746d9d]
	at net.minecraft.server.MinecraftServer.managedBlock(MinecraftServer.java:1500) ~[paper-1.21.4.jar:1.21.4-14-b746d9d]
	at net.minecraft.server.MinecraftServer.waitUntilNextTick(MinecraftServer.java:1510) ~[paper-1.21.4.jar:1.21.4-14-b746d9d]
	at net.minecraft.server.MinecraftServer.runServer(MinecraftServer.java:1346) ~[paper-1.21.4.jar:1.21.4-14-b746d9d]
	at net.minecraft.server.MinecraftServer.lambda$spin$0(MinecraftServer.java:341) ~[paper-1.21.4.jar:1.21.4-14-b746d9d]
	at java.base/java.lang.Thread.run(Thread.java:1583) ~[?:?]
[00:17:26] [Server thread/ERROR]: Invalid directory entry: .DS_Store in ./soapSMP/datapacks/BlazeandCaves Advancements Pack 1.18.
java.nio.file.NotDirectoryException: .DS_Store
	at net.minecraft.server.packs.PathPackResources.getNamespaces(PathPackResources.java:108) ~[paper-1.21.4.jar:1.21.4-14-b746d9d]
	at net.minecraft.server.packs.resources.MultiPackResourceManager.<init>(MultiPackResourceManager.java:31) ~[paper-1.21.4.jar:1.21.4-14-b746d9d]
	at net.minecraft.server.MinecraftServer.lambda$reloadResources$33(MinecraftServer.java:2378) ~[paper-1.21.4.jar:1.21.4-14-b746d9d]
	at java.base/java.util.concurrent.CompletableFuture$UniCompose.tryFire(CompletableFuture.java:1150) ~[?:?]
	at java.base/java.util.concurrent.CompletableFuture.postComplete(CompletableFuture.java:510) ~[?:?]
	at java.base/java.util.concurrent.CompletableFuture$AsyncSupply.run(CompletableFuture.java:1773) ~[?:?]
	at net.minecraft.server.TickTask.run(TickTask.java:18) ~[paper-1.21.4.jar:1.21.4-14-b746d9d]
	at net.minecraft.util.thread.BlockableEventLoop.doRunTask(BlockableEventLoop.java:154) ~[paper-1.21.4.jar:1.21.4-14-b746d9d]
	at net.minecraft.util.thread.ReentrantBlockableEventLoop.doRunTask(ReentrantBlockableEventLoop.java:24) ~[paper-1.21.4.jar:1.21.4-14-b746d9d]
	at net.minecraft.server.MinecraftServer.doRunTask(MinecraftServer.java:1579) ~[paper-1.21.4.jar:1.21.4-14-b746d9d]
	at net.minecraft.server.MinecraftServer.doRunTask(MinecraftServer.java:207) ~[paper-1.21.4.jar:1.21.4-14-b746d9d]
	at net.minecraft.util.thread.BlockableEventLoop.pollTask(BlockableEventLoop.java:128) ~[paper-1.21.4.jar:1.21.4-14-b746d9d]
	at net.minecraft.server.MinecraftServer.pollTaskInternal(MinecraftServer.java:1556) ~[paper-1.21.4.jar:1.21.4-14-b746d9d]
	at net.minecraft.server.MinecraftServer.pollTask(MinecraftServer.java:1549) ~[paper-1.21.4.jar:1.21.4-14-b746d9d]
	at net.minecraft.util.thread.BlockableEventLoop.managedBlock(BlockableEventLoop.java:138) ~[paper-1.21.4.jar:1.21.4-14-b746d9d]
	at net.minecraft.server.MinecraftServer.managedBlock(MinecraftServer.java:1500) ~[paper-1.21.4.jar:1.21.4-14-b746d9d]
	at net.minecraft.server.MinecraftServer.reloadResources(MinecraftServer.java:2428) ~[paper-1.21.4.jar:1.21.4-14-b746d9d]
	at net.minecraft.server.commands.ReloadCommand.reloadPacks(ReloadCommand.java:23) ~[paper-1.21.4.jar:1.21.4-14-b746d9d]
	at net.minecraft.server.commands.DataPackCommand.enablePack(DataPackCommand.java:138) ~[paper-1.21.4.jar:1.21.4-14-b746d9d]
	at net.minecraft.server.commands.DataPackCommand.lambda$register$11(DataPackCommand.java:72) ~[paper-1.21.4.jar:1.21.4-14-b746d9d]
	at com.mojang.brigadier.context.ContextChain.runExecutable(ContextChain.java:73) ~[brigadier-1.3.10.jar:?]
	at net.minecraft.commands.execution.tasks.ExecuteCommand.execute(ExecuteCommand.java:31) ~[paper-1.21.4.jar:1.21.4-14-b746d9d]
	at net.minecraft.commands.execution.tasks.ExecuteCommand.execute(ExecuteCommand.java:19) ~[paper-1.21.4.jar:1.21.4-14-b746d9d]
	at net.minecraft.commands.execution.UnboundEntryAction.lambda$bind$0(UnboundEntryAction.java:8) ~[paper-1.21.4.jar:1.21.4-14-b746d9d]
	at net.minecraft.commands.execution.CommandQueueEntry.execute(CommandQueueEntry.java:5) ~[paper-1.21.4.jar:1.21.4-14-b746d9d]
	at net.minecraft.commands.execution.ExecutionContext.runCommandQueue(ExecutionContext.java:103) ~[paper-1.21.4.jar:1.21.4-14-b746d9d]
	at net.minecraft.commands.Commands.executeCommandInContext(Commands.java:448) ~[paper-1.21.4.jar:1.21.4-14-b746d9d]
	at net.minecraft.commands.Commands.performCommand(Commands.java:355) ~[paper-1.21.4.jar:1.21.4-14-b746d9d]
	at net.minecraft.commands.Commands.performCommand(Commands.java:342) ~[paper-1.21.4.jar:1.21.4-14-b746d9d]
	at net.minecraft.commands.Commands.performCommand(Commands.java:337) ~[paper-1.21.4.jar:1.21.4-14-b746d9d]
	at net.minecraft.server.network.ServerGamePacketListenerImpl.performUnsignedChatCommand(ServerGamePacketListenerImpl.java:2301) ~[paper-1.21.4.jar:1.21.4-14-b746d9d]
	at net.minecraft.server.network.ServerGamePacketListenerImpl.lambda$handleChatCommand$11(ServerGamePacketListenerImpl.java:2275) ~[paper-1.21.4.jar:1.21.4-14-b746d9d]
	at net.minecraft.server.TickTask.run(TickTask.java:18) ~[paper-1.21.4.jar:1.21.4-14-b746d9d]
	at net.minecraft.util.thread.BlockableEventLoop.doRunTask(BlockableEventLoop.java:154) ~[paper-1.21.4.jar:1.21.4-14-b746d9d]
	at net.minecraft.util.thread.ReentrantBlockableEventLoop.doRunTask(ReentrantBlockableEventLoop.java:24) ~[paper-1.21.4.jar:1.21.4-14-b746d9d]
	at net.minecraft.server.MinecraftServer.doRunTask(MinecraftServer.java:1579) ~[paper-1.21.4.jar:1.21.4-14-b746d9d]
	at net.minecraft.server.MinecraftServer.doRunTask(MinecraftServer.java:207) ~[paper-1.21.4.jar:1.21.4-14-b746d9d]
	at net.minecraft.util.thread.BlockableEventLoop.pollTask(BlockableEventLoop.java:128) ~[paper-1.21.4.jar:1.21.4-14-b746d9d]
	at net.minecraft.server.MinecraftServer.pollTaskInternal(MinecraftServer.java:1556) ~[paper-1.21.4.jar:1.21.4-14-b746d9d]
	at net.minecraft.server.MinecraftServer.pollTask(MinecraftServer.java:1549) ~[paper-1.21.4.jar:1.21.4-14-b746d9d]
	at net.minecraft.util.thread.BlockableEventLoop.managedBlock(BlockableEventLoop.java:138) ~[paper-1.21.4.jar:1.21.4-14-b746d9d]
	at net.minecraft.server.MinecraftServer.managedBlock(MinecraftServer.java:1500) ~[paper-1.21.4.jar:1.21.4-14-b746d9d]
	at net.minecraft.server.MinecraftServer.waitUntilNextTick(MinecraftServer.java:1510) ~[paper-1.21.4.jar:1.21.4-14-b746d9d]
	at net.minecraft.server.MinecraftServer.runServer(MinecraftServer.java:1346) ~[paper-1.21.4.jar:1.21.4-14-b746d9d]
	at net.minecraft.server.MinecraftServer.lambda$spin$0(MinecraftServer.java:341) ~[paper-1.21.4.jar:1.21.4-14-b746d9d]
	at java.base/java.lang.Thread.run(Thread.java:1583) ~[?:?]
[00:17:27] [Server thread/ERROR]: Invalid path in pack: blazeandcave:tags/entity_type/overSoapie SMP (Soapie SMP (Soapie SMP (Soapie S)_zombies.json, ignoring
[00:17:27] [Worker-Main-3/ERROR]: Invalid path in pack: blazeandcave:predicate/in_the_overSoapie SMP (Soapie SMP (Soapie SMP (Soapie S).json, ignoring
[00:17:27] [Worker-Main-3/ERROR]: Invalid path in pack: blazeandcave:predicate/at_Soapie SMP (Soapie SMP (Soapie SMP (Soapie S)_height.json, ignoring
[00:17:27] [Worker-Main-3/ERROR]: Invalid path in pack: multiplayer_sleep:predicate/overSoapie SMP (Main World)-2.json, ignoring
[00:17:27] [Worker-Main-6/ERROR]: Couldn't parse data file 'minecraft:entities/creeper' from 'minecraft:loot_table/entities/creeper.json': DataResult.Error['Failed to parse either. First: Failed to get element infinite_music_discs:dontplaymustnotplay; Second: Cannot parse as key without registry; Not a JSON object: 6 missed input: {"minecraft:custom_model_data":6,"minecraft:jukebox_playable":{"song":"infinite_music_discs:dontplaymustnotplay"}}; Failed to parse either. First: Failed to get element infinite_music_discs:heavenandhell; Second: Cannot parse as key without registry; Not a JSON object: 5 missed input: {"minecraft:custom_model_data":5,"minecraft:jukebox_playable":{"song":"infinite_music_discs:heavenandhell"}}; Failed to parse either. First: Failed to get element infinite_music_discs:onedaymore; Second: Cannot parse as key without registry; Not a JSON object: 4 missed input: {"minecraft:custom_model_data":4,"minecraft:jukebox_playable":{"song":"infinite_music_discs:onedaymore"}}; Failed to parse either. First: Failed to get element infinite_music_discs:pianoman; Second: Cannot parse as key without registry; Not a JSON object: 3 missed input: {"minecraft:custom_model_data":3,"minecraft:jukebox_playable":{"song":"infinite_music_discs:pianoman"}}; Failed to parse either. First: Failed to get element infinite_music_discs:pitterpatter; Second: Cannot parse as key without registry; Not a JSON object: 2 missed input: {"minecraft:custom_model_data":2,"minecraft:jukebox_playable":{"song":"infinite_music_discs:pitterpatter"}}; Failed to parse either. First: Failed to get element infinite_music_discs:redstoneeleavtor; Second: Cannot parse as key without registry; Not a JSON object: 1 missed input: {"minecraft:custom_model_data":1,"minecraft:jukebox_playable":{"song":"infinite_music_discs:redstoneeleavtor"}}': net.minecraft.world.level.storage.loot.LootTable@251b1d13]
[00:17:27] [Worker-Main-6/ERROR]: Couldn't parse data file 'armor_statues:random_pose' from 'armor_statues:loot_table/random_pose.json': DataResult.Error['Unknown registry key in ResourceKey[minecraft:root / minecraft:attribute]: minecraft:generic.attack_damage; Unknown registry key in ResourceKey[minecraft:root / minecraft:attribute]: minecraft:generic.attack_damage; Unknown registry key in ResourceKey[minecraft:root / minecraft:attribute]: minecraft:generic.attack_damage; Unknown registry key in ResourceKey[minecraft:root / minecraft:attribute]: minecraft:generic.attack_damage; Unknown registry key in ResourceKey[minecraft:root / minecraft:attribute]: minecraft:generic.attack_damage; Unknown registry key in ResourceKey[minecraft:root / minecraft:attribute]: minecraft:generic.attack_damage; Unknown registry key in ResourceKey[minecraft:root / minecraft:attribute]: minecraft:generic.attack_damage; Unknown registry key in ResourceKey[minecraft:root / minecraft:attribute]: minecraft:generic.attack_damage; Unknown registry key in ResourceKey[minecraft:root / minecraft:attribute]: minecraft:generic.attack_damage; Unknown registry key in ResourceKey[minecraft:root / minecraft:attribute]: minecraft:generic.attack_damage; Unknown registry key in ResourceKey[minecraft:root / minecraft:attribute]: minecraft:generic.attack_damage; Unknown registry key in ResourceKey[minecraft:root / minecraft:attribute]: minecraft:generic.attack_damage; Unknown registry key in ResourceKey[minecraft:root / minecraft:attribute]: minecraft:generic.attack_damage; Unknown registry key in ResourceKey[minecraft:root / minecraft:attribute]: minecraft:generic.attack_damage; Unknown registry key in ResourceKey[minecraft:root / minecraft:attribute]: minecraft:generic.attack_damage; Unknown registry key in ResourceKey[minecraft:root / minecraft:attribute]: minecraft:generic.attack_damage; Unknown registry key in ResourceKey[minecraft:root / minecraft:attribute]: minecraft:generic.attack_damage; Unknown registry key in ResourceKey[minecraft:root / minecraft:attribute]: minecraft:generic.attack_damage': net.minecraft.world.level.storage.loot.LootTable@2094ecc1]
[00:17:27] [Worker-Main-6/WARN]: Found loot table element validation problem in {minecraft:loot_table/minecraft:entities/villager}.pools[2].entries[0]: Unknown loot table called more_mob_heads:entities/villager
[00:17:27] [Worker-Main-6/WARN]: Found loot table element validation problem in {minecraft:loot_table/minecraft:entities/player}.pools[1].entries[0]: Unknown loot table called graves:entities/player
[00:17:27] [Worker-Main-8/ERROR]: Invalid path in pack: blazeandcave:function/new_Soapie SMP (Soapie SMP (Soapie SMP (Soapie S).mcfunction, ignoring
[00:17:27] [Worker-Main-8/ERROR]: Invalid path in pack: bacap_rewards:function/.DS_Store, ignoring
[00:17:27] [Worker-Main-8/ERROR]: Invalid path in pack: bacap_rewards:function/exp/challenges/the_Soapie SMP (Soapie SMP (Soapie SMP (Soapie S)_is_ending.mcfunction, ignoring
[00:17:27] [Worker-Main-8/ERROR]: Invalid path in pack: bacap_rewards:function/exp/challenges/explorer_of_Soapie SMP (Soapie SMP (Soapie SMP (Soapie S)s.mcfunction, ignoring
[00:17:27] [Worker-Main-6/ERROR]: Invalid path in pack: minecraft:advancement/nether/ride_strider_in_overSoapie SMP (Soapie SMP (Soapie SMP (Soapie S)_lava.json, ignoring
[00:17:27] [Worker-Main-6/ERROR]: Invalid path in pack: minecraft:advancement/adventure/trade_at_Soapie SMP (Soapie SMP (Soapie SMP (Soapie S)_height.json, ignoring
[00:17:27] [Worker-Main-6/ERROR]: Invalid path in pack: minecraft:advancement/adventure/fall_from_Soapie SMP (Soapie SMP (Soapie SMP (Soapie S)_height.json, ignoring
[00:17:27] [Worker-Main-8/ERROR]: Invalid path in pack: bacap_rewards:function/exp/biomes/top_of_the_Soapie SMP (Soapie SMP (Soapie SMP (Soapie S).mcfunction, ignoring
[00:17:27] [Worker-Main-6/ERROR]: Invalid path in pack: blazeandcave:advancement/challenges/explorer_of_Soapie SMP (Soapie SMP (Soapie SMP (Soapie S)s.json, ignoring
[00:17:27] [Worker-Main-6/ERROR]: Invalid path in pack: blazeandcave:advancement/challenges/the_Soapie SMP (Soapie SMP (Soapie SMP (Soapie S)_is_ending.json, ignoring
[00:17:27] [Worker-Main-6/ERROR]: Invalid path in pack: blazeandcave:advancement/biomes/top_of_the_Soapie SMP (Soapie SMP (Soapie SMP (Soapie S).json, ignoring
[00:17:27] [Worker-Main-8/ERROR]: Invalid path in pack: bacap_rewards:function/reward/challenges/the_Soapie SMP (Soapie SMP (Soapie SMP (Soapie S)_is_ending.mcfunction, ignoring
[00:17:27] [Worker-Main-8/ERROR]: Invalid path in pack: bacap_rewards:function/reward/challenges/explorer_of_Soapie SMP (Soapie SMP (Soapie SMP (Soapie S)s.mcfunction, ignoring
[00:17:27] [Worker-Main-8/ERROR]: Invalid path in pack: bacap_rewards:function/reward/biomes/top_of_the_Soapie SMP (Soapie SMP (Soapie SMP (Soapie S).mcfunction, ignoring
[00:17:27] [Worker-Main-8/ERROR]: Invalid path in pack: bacap_rewards:function/trophy/challenges/the_Soapie SMP (Soapie SMP (Soapie SMP (Soapie S)_is_ending.mcfunction, ignoring
[00:17:27] [Worker-Main-8/ERROR]: Invalid path in pack: bacap_rewards:function/trophy/challenges/explorer_of_Soapie SMP (Soapie SMP (Soapie SMP (Soapie S)s.mcfunction, ignoring
[00:17:27] [Worker-Main-8/ERROR]: Invalid path in pack: bacap_rewards:function/challenges/the_Soapie SMP (Soapie SMP (Soapie SMP (Soapie S)_is_ending.mcfunction, ignoring
[00:17:27] [Worker-Main-8/ERROR]: Invalid path in pack: bacap_rewards:function/challenges/explorer_of_Soapie SMP (Soapie SMP (Soapie SMP (Soapie S)s.mcfunction, ignoring
[00:17:27] [Worker-Main-8/ERROR]: Invalid path in pack: bacap_rewards:function/biomes/top_of_the_Soapie SMP (Soapie SMP (Soapie SMP (Soapie S).mcfunction, ignoring
[00:17:27] [Worker-Main-6/ERROR]: Couldn't parse data file 'blazeandcave:adventure/do_you_want_to_trade' from 'blazeandcave:advancement/adventure/do_you_want_to_trade.json': DataResult.Error['Missing tag: 'blazeandcave:village' in 'minecraft:worldgen/structure' missed input: {"village":{"trigger":"minecraft:location","conditions":{"player":[{"condition":"minecraft:entity_properties","entity":"this","predicate":{"location":{"structures":"#blazeandcave:village"}}},{"condition":"minecraft:inverted","term":{"condition":"minecraft:entity_properties","entity":"this","predicate":{"type_specific":{"type":"player","gamemode":["spectator"]}}}}]}}}': Advancement[parent=Optional[minecraft:adventure/root], display=Optional[net.minecraft.advancements.DisplayInfo@6d3bad35], rewards=AdvancementRewards[experience=0, loot=[], recipes=[], function=Optional[net.minecraft.commands.CacheableFunction@16d934d8]], criteria={village=Criterion[trigger=net.minecraft.advancements.critereon.PlayerTrigger@4944e286, triggerInstance=TriggerInstance[player=Optional[net.minecraft.advancements.critereon.ContextAwarePredicate@688d7e73]]]}, requirements=[[village]], sendsTelemetryEvent=false, name=Optional[translation{key='chat.square_brackets', args=[translation{key='Do You Want to Trade?', args=[]}[style={hoverEvent=TypedHoverEvent[action=<action show_text>, value=translation{key='Do You Want to Trade?', args=[]}[style={color=green}, siblings=[literal{
}, translation{key='Find an NPC village', args=[]}[style={color=green}]]]]}]]}[style={color=green}]]]]
[00:17:27] [Worker-Main-8/ERROR]: Invalid path in pack: bacap_rewards:function/msg/challenges/the_Soapie SMP (Soapie SMP (Soapie SMP (Soapie S)_is_ending.mcfunction, ignoring
[00:17:27] [Worker-Main-8/ERROR]: Invalid path in pack: bacap_rewards:function/msg/challenges/explorer_of_Soapie SMP (Soapie SMP (Soapie SMP (Soapie S)s.mcfunction, ignoring
[00:17:27] [Worker-Main-6/ERROR]: Couldn't parse data file 'blazeandcave:adventure/oh_look_it_dings' from 'blazeandcave:advancement/adventure/oh_look_it_dings.json': DataResult.Error['Missing tag: 'blazeandcave:village' in 'minecraft:worldgen/structure' missed input: {"bell":{"trigger":"minecraft:any_block_use","conditions":{"location":[{"condition":"minecraft:location_check","predicate":{"block":{"blocks":["minecraft:bell"]},"structures":"#blazeandcave:village"}}]}}}': Advancement[parent=Optional[blazeandcave:adventure/do_you_want_to_trade], display=Optional[net.minecraft.advancements.DisplayInfo@54c36208], rewards=AdvancementRewards[experience=0, loot=[], recipes=[], function=Optional[net.minecraft.commands.CacheableFunction@573ee005]], criteria={bell=Criterion[trigger=net.minecraft.advancements.critereon.AnyBlockInteractionTrigger@503b7690, triggerInstance=TriggerInstance[player=Optional.empty, location=Optional[net.minecraft.advancements.critereon.ContextAwarePredicate@61c95382]]]}, requirements=[[bell]], sendsTelemetryEvent=false, name=Optional[translation{key='chat.square_brackets', args=[translation{key='Oh, look, it dings!', args=[]}[style={hoverEvent=TypedHoverEvent[action=<action show_text>, value=translation{key='Oh, look, it dings!', args=[]}[style={color=green}, siblings=[literal{
}, translation{key='Ring a bell in a village', args=[]}[style={color=green}]]]]}]]}[style={color=green}]]]]
[00:17:27] [Worker-Main-8/ERROR]: Invalid path in pack: bacap_rewards:function/msg/biomes/top_of_the_Soapie SMP (Soapie SMP (Soapie SMP (Soapie S).mcfunction, ignoring
[00:17:27] [Worker-Main-6/ERROR]: Couldn't parse data file 'vanillatweaks:armored_elytra' from 'vanillatweaks:advancement/armored_elytra.json': DataResult.Error['Not a JSON object: 13522556 missed input: {"minecraft:custom_model_data":13522556}': Advancement[parent=Optional[vanillatweaks:root], display=Optional[net.minecraft.advancements.DisplayInfo@22dd9ba4], rewards=AdvancementRewards[experience=0, loot=[], recipes=[], function=Optional.empty], criteria={tick=Criterion[trigger=net.minecraft.advancements.critereon.PlayerTrigger@867d6e3, triggerInstance=TriggerInstance[player=Optional.empty]]}, requirements=[[tick]], sendsTelemetryEvent=false, name=Optional[translation{key='chat.square_brackets', args=[literal{Armored Elytra            }[style={hoverEvent=TypedHoverEvent[action=<action show_text>, value=literal{Armored Elytra            }[style={color=green}, siblings=[literal{
}, empty[siblings=[literal{Drop}[style={color=green}], literal{ elytra and a chestplate above an anvil to merge them into one item.
}[style={color=gold}], literal{Drop}[style={color=green}], literal{ the merged item above a grindstone to separate them again.
}[style={color=gold}], literal{Enchantments}[style={color=green}], literal{ are kept safely between merging and separating.
}[style={color=gold}], literal{Burning}[style={color=green}], literal{ netherite armored elytra will keep the chestplate but burn off the elytra.}[style={color=gold}]]]]]]}]]}[style={color=green}]]]]
[00:17:27] [Worker-Main-6/ERROR]: Couldn't parse data file 'blazeandcave:end/void_walker' from 'blazeandcave:advancement/end/void_walker.json': DataResult.Error['Missing tag: 'blazeandcave:end_barrens' in 'minecraft:worldgen/biome'; Missing tag: 'blazeandcave:end_midlands' in 'minecraft:worldgen/biome' missed input: {"end_midlands":{"trigger":"minecraft:location","conditions":{"player":[{"condition":"minecraft:entity_properties","entity":"this","predicate":{"location":{"biomes":"#blazeandcave:end_midlands"}}},{"condition":"minecraft:inverted","term":{"condition":"minecraft:entity_properties","entity":"this","predicate":{"type_specific":{"type":"player","gamemode":["spectator"]}}}}]}},"end_barrens":{"trigger":"minecraft:location","conditions":{"player":[{"condition":"minecraft:entity_properties","entity":"this","predicate":{"location":{"biomes":"#blazeandcave:end_barrens"}}},{"condition":"minecraft:inverted","term":{"condition":"minecraft:entity_properties","entity":"this","predicate":{"type_specific":{"type":"player","gamemode":["spectator"]}}}}]}}}': Advancement[parent=Optional[minecraft:end/enter_end_gateway], display=Optional[net.minecraft.advancements.DisplayInfo@37b47463], rewards=AdvancementRewards[experience=0, loot=[], recipes=[], function=Optional[net.minecraft.commands.CacheableFunction@90f93e0]], criteria={end_midlands=Criterion[trigger=net.minecraft.advancements.critereon.PlayerTrigger@4944e286, triggerInstance=TriggerInstance[player=Optional[net.minecraft.advancements.critereon.ContextAwarePredicate@4e4dd5d7]]], small_end_islands=Criterion[trigger=net.minecraft.advancements.critereon.PlayerTrigger@4944e286, triggerInstance=TriggerInstance[player=Optional[net.minecraft.advancements.critereon.ContextAwarePredicate@63ae1eee]]], the_end=Criterion[trigger=net.minecraft.advancements.critereon.PlayerTrigger@4944e286, triggerInstance=TriggerInstance[player=Optional[net.minecraft.advancements.critereon.ContextAwarePredicate@77ad7994]]], end_barrens=Criterion[trigger=net.minecraft.advancements.critereon.PlayerTrigger@4944e286, triggerInstance=TriggerInstance[player=Optional[net.minecraft.advancements.critereon.ContextAwarePredicate@2486412]]], end_highlands=Criterion[trigger=net.minecraft.advancements.critereon.PlayerTrigger@4944e286, triggerInstance=TriggerInstance[player=Optional[net.minecraft.advancements.critereon.ContextAwarePredicate@220bfae1]]]}, requirements=[[the_end], [small_end_islands], [end_highlands], [end_midlands], [end_barrens]], sendsTelemetryEvent=false, name=Optional[translation{key='chat.square_brackets', args=[translation{key='Void Walker', args=[]}[style={hoverEvent=TypedHoverEvent[action=<action show_text>, value=translation{key='Void Walker', args=[]}[style={color=green}, siblings=[literal{
}, translation{key='Explore every end biome', args=[]}[style={color=#75E1FF}]]]]}]]}[style={color=green}]]]]
[00:17:28] [Server thread/INFO]: Loaded 1609 recipes
[00:17:28] [Server thread/ERROR]: Failed to load function armor_statues:trigger/random_pose
java.util.concurrent.CompletionException: java.lang.IllegalArgumentException: Whilst parsing command on line 11: Failed to parse structure: Failed to get element ResourceKey[minecraft:loot_table / armor_statues:random_pose] at position 116: ...andom_pose<--[HERE]
	at java.base/java.util.concurrent.CompletableFuture.encodeThrowable(CompletableFuture.java:315) ~[?:?]
	at java.base/java.util.concurrent.CompletableFuture.completeThrowable(CompletableFuture.java:320) ~[?:?]
	at java.base/java.util.concurrent.CompletableFuture$AsyncSupply.run(CompletableFuture.java:1770) ~[?:?]
	at java.base/java.util.concurrent.ThreadPoolExecutor.runWorker(ThreadPoolExecutor.java:1144) ~[?:?]
	at java.base/java.util.concurrent.ThreadPoolExecutor$Worker.run(ThreadPoolExecutor.java:642) ~[?:?]
	at java.base/java.lang.Thread.run(Thread.java:1583) ~[?:?]
Caused by: java.lang.IllegalArgumentException: Whilst parsing command on line 11: Failed to parse structure: Failed to get element ResourceKey[minecraft:loot_table / armor_statues:random_pose] at position 116: ...andom_pose<--[HERE]
	at net.minecraft.commands.functions.CommandFunction.fromLines(CommandFunction.java:86) ~[paper-1.21.4.jar:1.21.4-14-b746d9d]
	at net.minecraft.server.ServerFunctionLibrary.lambda$reload$3(ServerFunctionLibrary.java:92) ~[paper-1.21.4.jar:1.21.4-14-b746d9d]
	at java.base/java.util.concurrent.CompletableFuture$AsyncSupply.run(CompletableFuture.java:1768) ~[?:?]
	... 3 more
[00:17:28] [Server thread/ERROR]: Failed to load function blazeandcave:one_second_timer
java.util.concurrent.CompletionException: java.lang.IllegalArgumentException: Whilst parsing command on line 239: Failed to parse structure: Failed to get element ResourceKey[minecraft:predicate / blazeandcave:third_line] at position 54: ...third_line<--[HERE]
	at java.base/java.util.concurrent.CompletableFuture.encodeThrowable(CompletableFuture.java:315) ~[?:?]
	at java.base/java.util.concurrent.CompletableFuture.completeThrowable(CompletableFuture.java:320) ~[?:?]
	at java.base/java.util.concurrent.CompletableFuture$AsyncSupply.run(CompletableFuture.java:1770) ~[?:?]
	at java.base/java.util.concurrent.ThreadPoolExecutor.runWorker(ThreadPoolExecutor.java:1144) ~[?:?]
	at java.base/java.util.concurrent.ThreadPoolExecutor$Worker.run(ThreadPoolExecutor.java:642) ~[?:?]
	at java.base/java.lang.Thread.run(Thread.java:1583) ~[?:?]
Caused by: java.lang.IllegalArgumentException: Whilst parsing command on line 239: Failed to parse structure: Failed to get element ResourceKey[minecraft:predicate / blazeandcave:third_line] at position 54: ...third_line<--[HERE]
	at net.minecraft.commands.functions.CommandFunction.fromLines(CommandFunction.java:86) ~[paper-1.21.4.jar:1.21.4-14-b746d9d]
	at net.minecraft.server.ServerFunctionLibrary.lambda$reload$3(ServerFunctionLibrary.java:92) ~[paper-1.21.4.jar:1.21.4-14-b746d9d]
	at java.base/java.util.concurrent.CompletableFuture$AsyncSupply.run(CompletableFuture.java:1768) ~[?:?]
	... 3 more
[00:17:28] [Server thread/ERROR]: Failed to load function multiplayer_sleep:start_sleeping
java.util.concurrent.CompletionException: java.lang.IllegalArgumentException: Whilst parsing command on line 2: Failed to parse structure: Failed to get element ResourceKey[minecraft:predicate / multiplayer_sleep:overworld] at position 48: ...:overworld<--[HERE]
	at java.base/java.util.concurrent.CompletableFuture.encodeThrowable(CompletableFuture.java:315) ~[?:?]
	at java.base/java.util.concurrent.CompletableFuture.completeThrowable(CompletableFuture.java:320) ~[?:?]
	at java.base/java.util.concurrent.CompletableFuture$AsyncSupply.run(CompletableFuture.java:1770) ~[?:?]
	at java.base/java.util.concurrent.ThreadPoolExecutor.runWorker(ThreadPoolExecutor.java:1144) ~[?:?]
	at java.base/java.util.concurrent.ThreadPoolExecutor$Worker.run(ThreadPoolExecutor.java:642) ~[?:?]
	at java.base/java.lang.Thread.run(Thread.java:1583) ~[?:?]
Caused by: java.lang.IllegalArgumentException: Whilst parsing command on line 2: Failed to parse structure: Failed to get element ResourceKey[minecraft:predicate / multiplayer_sleep:overworld] at position 48: ...:overworld<--[HERE]
	at net.minecraft.commands.functions.CommandFunction.fromLines(CommandFunction.java:86) ~[paper-1.21.4.jar:1.21.4-14-b746d9d]
	at net.minecraft.server.ServerFunctionLibrary.lambda$reload$3(ServerFunctionLibrary.java:92) ~[paper-1.21.4.jar:1.21.4-14-b746d9d]
	at java.base/java.util.concurrent.CompletableFuture$AsyncSupply.run(CompletableFuture.java:1768) ~[?:?]
	... 3 more
[00:17:28] [Server thread/ERROR]: Couldn't load advancements: [blazeandcave:adventure/retro_future_knight, minecraft:adventure/minecraft_trials_edition, blazeandcave:adventure/break_wind, blazeandcave:technical/branch2_end, blazeandcave:adventure/keys_to_success, blazeandcave:adventure/heres_johnny, blazeandcave:adventure/businessman, blazeandcave:adventure/workaholic, blazeandcave:adventure/your_daily_fix, blazeandcave:adventure/crazy_cat_lady, blazeandcave:adventure/core_keeper, blazeandcave:adventure/treasure_map, blazeandcave:adventure/filthy_stinkin_rich, blazeandcave:adventure/house_of_psychos, blazeandcave:end/dimension_penetration, minecraft:adventure/under_lock_and_key, minecraft:adventure/revaulting, blazeandcave:adventure/traveller, blazeandcave:adventure/guardian_destroyer, blazeandcave:adventure/the_tribal_villagers, minecraft:adventure/summon_iron_golem, blazeandcave:adventure/from_under_your_feet, blazeandcave:adventure/filthy_rich, blazeandcave:challenges/a_million_blocks_away, blazeandcave:adventure/all_chained_up, blazeandcave:adventure/knowledge_is_power, minecraft:adventure/totem_of_undying, minecraft:adventure/trade_at_world_height, blazeandcave:challenges/overwarden, minecraft:adventure/trade, blazeandcave:end/unending_hell, blazeandcave:adventure/ghostbuster, blazeandcave:adventure/monumental, blazeandcave:challenges/the_devils_distance, minecraft:adventure/blowback, minecraft:husbandry/complete_catalogue, blazeandcave:adventure/tricky_treasures, blazeandcave:adventure/rekt, blazeandcave:adventure/mapmaker, blazeandcave:adventure/omniscient, blazeandcave:adventure/rare_candy_shop, blazeandcave:adventure/breeze_suppressor, blazeandcave:adventure/hard_mode_activated, blazeandcave:adventure/nerds_never_die, blazeandcave:adventure/mapmakers_table, blazeandcave:technical/branch5_end, blazeandcave:adventure/village_settler, blazeandcave:adventure/master_trader, blazeandcave:adventure/wololo, blazeandcave:adventure/prime_specimen, blazeandcave:adventure/spear_fishing, blazeandcave:adventure/town_planner, blazeandcave:adventure/if_only_cats_grew_into_kittens, blazeandcave:adventure/sponge_miner, blazeandcave:challenges/immortal, blazeandcave:adventure/hey_you_two_should_kiss, blazeandcave:adventure/the_shielding, blazeandcave:challenges/farlander, blazeandcave:adventure/im_not_lost_anymore, blazeandcave:adventure/dry_spell, blazeandcave:adventure/murderer, blazeandcave:adventure/the_deep_end, blazeandcave:adventure/professional, blazeandcave:adventure/vault_hunter, blazeandcave:adventure/laser_sharks, blazeandcave:adventure/lilypad_hatter, blazeandcave:challenges/death_from_all, blazeandcave:adventure/you_are_the_pillager, blazeandcave:adventure/this_will_be_a_breeze, blazeandcave:adventure/map_room, minecraft:adventure/who_needs_rockets]
[00:17:28] [Server thread/INFO]: Loaded 2760 advancements
[00:17:29] [Server thread/WARN]: Can't keep up! Is the server overloaded? Running 2519ms or 50 ticks behind
[00:17:56] [Server thread/INFO]: SoapieTomato lost connection: Disconnected
[00:17:57] [Server thread/INFO]: SoapieTomato left the game
[00:17:58] [Server thread/INFO]: Azuresty lost connection: Disconnected
[00:17:58] [Server thread/INFO]: Azuresty left the game
[00:23:25] [Server thread/INFO]: bwjr2 lost connection: Disconnected
[00:23:25] [Server thread/INFO]: bwjr2 left the game
[00:23:39] [Server thread/INFO]: Stopping the server
[00:23:39] [Server thread/INFO]: Stopping server
[00:23:39] [Server thread/INFO]: [HuskHomes] Disabling HuskHomes v4.8.3
[00:23:39] [Server thread/INFO]: [HuskHomes] Disabling HuskHomes v4.8.3...
[00:23:39] [Server thread/INFO]: [HuskHomes] Successfully disabled HuskHomes v4.8.3
[00:23:39] [Server thread/INFO]: [ArmorPoser] Disabling ArmorPoser v1.1.0
[00:23:39] [Server thread/INFO]: [BisectHosting] Disabling BisectHosting v1.0.4
[00:23:39] [Server thread/INFO]: [mcMMO] Disabling mcMMO v2.2.029-SNAPSHOT
[00:23:39] [Server thread/INFO]: [mcMMO] Server shutdown has been executed, saving and cleaning up data...
[00:23:39] [Server thread/INFO]: [mcMMO] Saving mcMMOPlayers... (0)
[00:23:39] [Server thread/INFO]: [mcMMO] Finished save operation for 0 players!
[00:23:39] [Server thread/INFO]: [NameColor] Disabling NameColor v1.9
[00:23:39] [Server thread/INFO]: [NameColor] Disabled.
[00:23:39] [Server thread/INFO]: [dynmap] Disabling dynmap v3.7-beta-7-Dev
[00:23:39] [Server thread/INFO]: [dynmap] Unloaded 11 components.
[00:23:39] [Server thread/INFO]: [dynmap] Stopping map renderer...
[00:23:40] [Server thread/INFO]: [dynmap] Saved 21585 pending tile renders in world 'soapSMP'
[00:23:45] [Server thread/INFO]: [dynmap] Disabled
[00:23:45] [Server thread/INFO]: [LuckPerms] Disabling LuckPerms v5.4.150
[00:23:45] [Server thread/INFO]: [LuckPerms] Starting shutdown process...
[00:23:45] [Server thread/INFO]: [LuckPerms] Closing storage...
[00:23:45] [Server thread/INFO]: [LuckPerms] Goodbye!
[00:23:45] [Server thread/INFO]: Saving players
[00:23:45] [Server thread/INFO]: Saving worlds
[00:23:45] [Server thread/INFO]: Saving chunks for level 'ServerLevel[soapSMP]'/minecraft:overworld
[00:23:46] [Server thread/INFO]: [ChunkHolderManager] Waiting 60s for chunk system to halt for world 'soapSMP'
[00:23:46] [Server thread/INFO]: [ChunkHolderManager] Halted chunk system for world 'soapSMP'
[00:23:46] [Server thread/INFO]: [ChunkHolderManager] Saving all chunkholders for world 'soapSMP'
[00:23:46] [Server thread/INFO]: [ChunkHolderManager] Saved 6 block chunks, 421 entity chunks, 0 poi chunks in world 'soapSMP' in 0.30s
[00:23:46] [Server thread/INFO]: [ChunkHolderManager] Waiting 60s for chunk I/O to halt for world 'soapSMP'
[00:23:46] [Server thread/INFO]: [ChunkHolderManager] Halted I/O scheduler for world 'soapSMP'
[00:23:46] [Server thread/INFO]: Saving chunks for level 'ServerLevel[soapSMP_nether]'/minecraft:the_nether
[00:23:46] [Server thread/INFO]: [ChunkHolderManager] Waiting 60s for chunk system to halt for world 'soapSMP_nether'
[00:23:46] [Server thread/INFO]: [ChunkHolderManager] Halted chunk system for world 'soapSMP_nether'
[00:23:46] [Server thread/INFO]: [ChunkHolderManager] Saving all chunkholders for world 'soapSMP_nether'
[00:23:46] [Server thread/INFO]: [ChunkHolderManager] Saved 0 block chunks, 8 entity chunks, 0 poi chunks in world 'soapSMP_nether' in 0.01s
[00:23:46] [Server thread/INFO]: [ChunkHolderManager] Waiting 60s for chunk I/O to halt for world 'soapSMP_nether'
[00:23:46] [Server thread/INFO]: [ChunkHolderManager] Halted I/O scheduler for world 'soapSMP_nether'
[00:23:46] [Server thread/INFO]: Saving chunks for level 'ServerLevel[soapSMP_the_end]'/minecraft:the_end
[00:23:46] [Server thread/INFO]: [ChunkHolderManager] Waiting 60s for chunk system to halt for world 'soapSMP_the_end'
[00:23:46] [Server thread/INFO]: [ChunkHolderManager] Halted chunk system for world 'soapSMP_the_end'
[00:23:46] [Server thread/INFO]: [ChunkHolderManager] Saving all chunkholders for world 'soapSMP_the_end'
[00:23:46] [Server thread/INFO]: [ChunkHolderManager] Saved 0 block chunks, 2 entity chunks, 0 poi chunks in world 'soapSMP_the_end' in 0.01s
[00:23:46] [Server thread/INFO]: [ChunkHolderManager] Waiting 60s for chunk I/O to halt for world 'soapSMP_the_end'
[00:23:46] [Server thread/INFO]: [ChunkHolderManager] Halted I/O scheduler for world 'soapSMP_the_end'
[00:23:46] [Server thread/INFO]: ThreadedAnvilChunkStorage (soapSMP): All chunks are saved
[00:23:46] [Server thread/INFO]: ThreadedAnvilChunkStorage (DIM-1): All chunks are saved
[00:23:46] [Server thread/INFO]: ThreadedAnvilChunkStorage (DIM1): All chunks are saved
[00:23:46] [Server thread/INFO]: ThreadedAnvilChunkStorage: All dimensions are saved
[00:23:46] [Server thread/INFO]: Waiting for I/O tasks to complete...
[00:23:46] [Server thread/INFO]: All I/O tasks to complete
[00:23:46] [Server thread/INFO]: [MoonriseCommon] Awaiting termination of worker pool for up to 60s...
[00:23:46] [Server thread/INFO]: [MoonriseCommon] Awaiting termination of I/O pool for up to 60s...
