[00:01:39] [Server thread/INFO]: bwjr issued server command: /back
[00:02:18] [Server thread/INFO]: bwjr issued server command: /back
[00:03:29] [Server thread/INFO]: bwjr issued server command: /back
[00:03:43] [Server thread/INFO]: bwjr issued server command: /back
[00:06:34] [Server thread/INFO]: bwjr issued server command: /tp bwjr 1778 100 3947
[00:08:24] [Server thread/INFO]: Villager Villager['Villager'/257958, uuid='19fc6871-e73d-418a-b39c-90dd10ca2a9d', l='ServerLevel[soapSMP]', x=1750.70, y=65.56, z=4456.53, cpos=[109, 278], tl=3554, v=true] died, message: 'Villager was slain by Husk'
[00:08:29] [Server thread/INFO]: bwjr issued server command: /time set day
[00:08:29] [Server thread/INFO]: [bwjr: Set the time to 1000]
[00:08:59] [Server thread/INFO]: bwjr issued server command: /weather clear
[00:08:59] [Server thread/INFO]: [bwjr: Set the weather to clear]
[00:10:56] [Server thread/INFO]: bwjr issued server command: /back
[00:10:56] [Server thread/WARN]: bwjr moved too quickly! 2.95544867761987,20.0,-482.0935178071495
[00:11:16] [Server thread/INFO]: bwjr issued server command: /home mappin
[00:14:34] [Server thread/INFO]: bwjr issued server command: /back
[00:14:54] [Server thread/INFO]: bwjr issued server command: /back
[00:15:00] [Server thread/INFO]: bwjr issued server command: /back
[00:16:24] [Server thread/INFO]: bwjr issued server command: /back
[00:16:24] [Server thread/WARN]: bwjr moved too quickly! -3135.3655926023134,25.0,-6142.576885817755
[00:16:52] [Server thread/INFO]: bwjr issued server command: /back
[00:18:03] [Server thread/INFO]: bwjr issued server command: /back
[00:18:11] [Server thread/INFO]: bwjr issued server command: /back
[00:19:48] [Server thread/INFO]: bwjr issued server command: /back
[00:20:19] [Server thread/INFO]: bwjr issued server command: /back
[00:22:00] [Server thread/INFO]: bwjr issued server command: /back
[00:23:01] [Server thread/INFO]: bwjr issued server command: /back
[00:24:50] [Server thread/INFO]: bwjr issued server command: /back
[00:25:26] [Server thread/INFO]: bwjr issued server command: /back
[00:29:58] [Server thread/INFO]: bwjr issued server command: /back
[00:30:52] [Server thread/INFO]: bwjr issued server command: /back
[00:34:54] [Server thread/INFO]: bwjr issued server command: /back
[00:36:05] [Server thread/INFO]: bwjr issued server command: /back
[00:38:34] [Server thread/INFO]: bwjr issued server command: /time set day
[00:38:34] [Server thread/INFO]: [bwjr: Set the time to 1000]
[00:40:20] [Server thread/INFO]: bwjr issued server command: /back
[00:41:16] [Server thread/INFO]: bwjr issued server command: /back
[00:42:10] [Server thread/INFO]: bwjr issued server command: /fill 2535 69 4765
[00:42:47] [Server thread/INFO]: bwjr issued server command: /gamemode spectator
[00:42:47] [Server thread/INFO]: [bwjr: Set own game mode to Spectator Mode]
[00:43:58] [Server thread/INFO]: bwjr issued server command: /gamemode creative
[00:43:58] [Server thread/INFO]: [bwjr: Set own game mode to Creative Mode]
[00:45:14] [Server thread/INFO]: bwjr issued server command: /time set day
[00:45:14] [Server thread/INFO]: [bwjr: Set the time to 1000]
[00:45:36] [Server thread/INFO]: bwjr issued server command: /weather clear
[00:45:36] [Server thread/INFO]: [bwjr: Set the weather to clear]
[00:46:07] [Server thread/INFO]: bwjr issued server command: /back
[00:47:31] [Server thread/INFO]: bwjr issued server command: /back
[00:50:33] [Server thread/INFO]: bwjr issued server command: /back
[00:51:09] [Server thread/INFO]: bwjr issued server command: /back
[00:51:34] [Server thread/INFO]: bwjr issued server command: /back
[00:52:08] [Server thread/INFO]: bwjr issued server command: /back
[00:52:29] [Server thread/INFO]: bwjr issued server command: /back
[00:52:56] [Server thread/INFO]: bwjr issued server command: /back
[00:54:58] [Server thread/INFO]: bwjr issued server command: /time set day
[00:54:58] [Server thread/INFO]: [bwjr: Set the time to 1000]
[00:55:10] [Server thread/INFO]: bwjr issued server command: /back
[00:55:36] [Server thread/INFO]: bwjr issued server command: /back
[00:57:30] [Server thread/INFO]: bwjr issued server command: /fill 1351 72 4894
[00:58:43] [Server thread/INFO]: bwjr issued server command: /home
[00:58:50] [Server thread/INFO]: bwjr issued server command: /huskhomes:edithome bwjr.home
[00:58:52] [Server thread/INFO]: bwjr issued server command: /huskhomes:home bwjr.home
[00:59:13] [Server thread/INFO]: bwjr issued server command: /home mappin
[00:59:54] [Server thread/INFO]: bwjr issued server command: /home home
[01:04:34] [Server thread/INFO]: bwjr issued server command: /tp 2620 59 4523
[01:05:12] [Server thread/INFO]: bwjr issued server command: /tp 1777 63 4413
[01:05:20] [Server thread/INFO]: bwjr issued server command: /time set day
[01:05:20] [Server thread/INFO]: [bwjr: Set the time to 1000]
[01:06:06] [Server thread/INFO]: bwjr issued server command: /give bwjr minecraft:structure_block
[01:06:06] [Server thread/INFO]: [bwjr: Gave 1 [Structure Block] to bwjr]
[01:08:03] [Server thread/INFO]: bwjr issued server command: /time set night
[01:08:03] [Server thread/INFO]: [bwjr: Set the time to 13000]
[01:09:34] [Server thread/INFO]: bwjr issued server command: /give bwjr minecraft:structure_block
[01:09:34] [Server thread/INFO]: [bwjr: Gave 1 [Structure Block] to bwjr]
[01:10:02] [Server thread/INFO]: bwjr issued server command: /time set day
[01:10:02] [Server thread/INFO]: [bwjr: Set the time to 1000]
[01:17:44] [Server thread/INFO]: bwjr issued server command: /time set night
[01:17:44] [Server thread/INFO]: [bwjr: Set the time to 13000]
[01:20:33] [Server thread/INFO]: bwjr issued server command: /time set day
[01:20:33] [Server thread/INFO]: [bwjr: Set the time to 1000]
[01:20:44] [Server thread/INFO]: bwjr issued server command: /back
[01:20:44] [Server thread/WARN]: bwjr moved too quickly! 873.362133958811,17.11813608470581,78.8993308872532
[01:20:52] [Server thread/INFO]: bwjr issued server command: /home home
[01:21:36] [Server thread/INFO]: bwjr issued server command: /fill -1300 70 -1135
[01:21:44] [Server thread/INFO]: bwjr issued server command: /fill -1300 70 -1135 -1305 73 -1143 minecraft:air
[01:21:44] [Server thread/INFO]: [bwjr: Successfully filled 119 block(s)]
[01:22:04] [Server thread/INFO]: bwjr issued server command: /home home
[01:22:41] [Server thread/INFO]: bwjr issued server command: /back
[01:22:41] [Server thread/WARN]: bwjr moved too quickly! -22.927666515711735,-152.7823182594263,124.87187722876138
[01:22:58] [Server thread/INFO]: bwjr issued server command: /back
[01:22:58] [Server thread/WARN]: bwjr moved too quickly! 16.11245426894584,151.7823182594263,-114.78422650333277
[01:23:04] [Server thread/INFO]: bwjr issued server command: /back
[01:23:04] [Server thread/WARN]: bwjr moved too quickly! -16.51375610618311,-148.61177125860488,114.77501924401508
[01:23:34] [Server thread/INFO]: bwjr issued server command: /back
[01:23:40] [Server thread/INFO]: bwjr issued server command: /fill -1269 216 -1258
[01:23:49] [Server thread/INFO]: bwjr issued server command: /fill -1269 216 -1258 -1265 223 -1250 minecraft:air
[01:23:49] [Server thread/INFO]: [bwjr: Successfully filled 176 block(s)]
[01:24:21] [Server thread/INFO]: bwjr issued server command: /fill -1269 216 -1258
[01:24:29] [Server thread/INFO]: bwjr issued server command: /fill -1269 216 -1258 ~ ~ ~ minecraft:air
[01:24:29] [Server thread/INFO]: [bwjr: Successfully filled 216 block(s)]
[01:24:53] [Server thread/INFO]: bwjr issued server command: /back
[01:25:25] [Server thread/INFO]: bwjr issued server command: /gamemode spectator
[01:25:25] [Server thread/INFO]: [bwjr: Set own game mode to Spectator Mode]
[01:25:29] [Server thread/INFO]: bwjr issued server command: /gamemode creative
[01:25:29] [Server thread/INFO]: [bwjr: Set own game mode to Creative Mode]
[01:26:50] [Server thread/INFO]: bwjr issued server command: /back
[01:26:59] [Server thread/INFO]: bwjr issued server command: /fill -1269 216 -1258 ~ ~ ~ minecraft:air
[01:26:59] [Server thread/INFO]: [bwjr: Successfully filled 218 block(s)]
[01:27:26] [Server thread/INFO]: bwjr issued server command: /back
[01:29:13] [Server thread/INFO]: bwjr issued server command: /fill -1290 69 -1128
[01:29:24] [Server thread/INFO]: bwjr issued server command: /fill -1290 69 -1128 -1285 74 -1134 minecraft:air
[01:29:24] [Server thread/INFO]: [bwjr: Successfully filled 149 block(s)]
[01:29:49] [Server thread/INFO]: bwjr issued server command: /gamemode spectator
[01:29:49] [Server thread/INFO]: [bwjr: Set own game mode to Spectator Mode]
[01:29:52] [Server thread/INFO]: bwjr issued server command: /gamemode creative
[01:29:52] [Server thread/INFO]: [bwjr: Set own game mode to Creative Mode]
[01:30:16] [Server thread/INFO]: bwjr issued server command: /fill -1290 74 -1128 ai
[01:30:20] [Server thread/INFO]: bwjr issued server command: /fill -1290 74 -1128
[01:30:31] [Server thread/INFO]: bwjr issued server command: /fill -1290 74 -1128 -1285 69 -1134 minecraft:air
[01:30:31] [Server thread/INFO]: [bwjr: Successfully filled 148 block(s)]
[01:30:56] [Server thread/INFO]: bwjr issued server command: /fill -1291 70 -1141
[01:31:06] [Server thread/INFO]: bwjr issued server command: /fill -1291 70 -1141 -1287 76 -1133 minecraft:air
[01:31:06] [Server thread/INFO]: [bwjr: Successfully filled 165 block(s)]
[01:31:47] [Server thread/INFO]: bwjr issued server command: /back
[01:32:00] [Server thread/INFO]: bwjr issued server command: /fill -1269 216 -1258
[01:32:07] [Server thread/INFO]: bwjr issued server command: /fill -1269 216 -1258 ~ ~ ~ minecraft:air
[01:32:07] [Server thread/INFO]: [bwjr: Successfully filled 126 block(s)]
[01:32:27] [Server thread/INFO]: bwjr issued server command: /back
[01:32:27] [Server thread/WARN]: bwjr moved too quickly! -29.601622138314042,-143.2820034936277,140.4318105931775
[01:33:44] [Server thread/INFO]: bwjr issued server command: /back
[01:33:52] [Server thread/INFO]: bwjr issued server command: /fill -1269 216 -1258 ~ ~ ~ minecraft:air
[01:33:52] [Server thread/INFO]: [bwjr: Successfully filled 174 block(s)]
[01:34:17] [Server thread/INFO]: bwjr issued server command: /fill -1269 216 -1258 ~ ~ ~ minecraft:air
[01:34:17] [Server thread/INFO]: [bwjr: Successfully filled 85 block(s)]
[01:34:35] [Server thread/INFO]: bwjr issued server command: /fill -1269 216 -1258 ~ ~ ~ minecraft:air
[01:34:35] [Server thread/INFO]: [bwjr: Successfully filled 96 block(s)]
[01:35:01] [Server thread/INFO]: bwjr issued server command: /back
[01:35:28] [Server thread/INFO]: bwjr issued server command: /back
[01:35:32] [Server thread/INFO]: bwjr issued server command: /back
[01:35:39] [Server thread/INFO]: bwjr issued server command: /back
[01:35:46] [Server thread/INFO]: bwjr issued server command: /back
[01:36:47] [Server thread/INFO]: bwjr issued server command: /gamemode creative
[01:36:52] [Server thread/INFO]: bwjr issued server command: /gamemode spectator
[01:36:52] [Server thread/INFO]: [bwjr: Set own game mode to Spectator Mode]
[01:36:57] [Server thread/INFO]: bwjr issued server command: /gamemode creative
[01:36:57] [Server thread/INFO]: [bwjr: Set own game mode to Creative Mode]
[01:38:06] [Server thread/INFO]: bwjr issued server command: /back
[01:38:23] [Server thread/INFO]: bwjr issued server command: /fill -1269 216 -1258 ~ ~ ~ minecraft:air
[01:38:23] [Server thread/INFO]: [bwjr: Successfully filled 167 block(s)]
[01:38:36] [Server thread/INFO]: bwjr issued server command: /fill -1269 216 -1258 ~ ~ ~ minecraft:air
[01:38:36] [Server thread/INFO]: [bwjr: Successfully filled 135 block(s)]
[01:39:50] [Server thread/INFO]: bwjr issued server command: /fill -1269 216 -1258 ~ ~ ~ minecraft:air
[01:39:50] [Server thread/INFO]: [bwjr: Successfully filled 135 block(s)]
[01:40:10] [Server thread/INFO]: bwjr issued server command: /back
[01:40:14] [Server thread/INFO]: bwjr issued server command: /back
[01:40:14] [Server thread/WARN]: bwjr moved too quickly! 41.50692373929678,141.42500851413052,-134.39395716741592
[01:40:17] [Server thread/INFO]: bwjr issued server command: /back
[01:43:04] [Server thread/INFO]: bwjr issued server command: /gamemode spectator
[01:43:04] [Server thread/INFO]: [bwjr: Set own game mode to Spectator Mode]
[01:43:13] [Server thread/INFO]: bwjr issued server command: /gamemode creative
[01:43:13] [Server thread/INFO]: [bwjr: Set own game mode to Creative Mode]
[01:46:04] [Server thread/INFO]: bwjr issued server command: /fill -1286 71 -1128
[01:46:12] [Server thread/INFO]: bwjr issued server command: /fill -1286 71 -1128 -1279 76 -1117 minecraft:air
[01:46:12] [Server thread/INFO]: [bwjr: Successfully filled 279 block(s)]
[01:46:39] [Server thread/INFO]: bwjr issued server command: /back
[01:46:57] [Server thread/INFO]: bwjr issued server command: /fill -1269 216 -1258 ~ ~ ~ minecraft:air
[01:46:57] [Server thread/INFO]: [bwjr: Successfully filled 387 block(s)]
[01:47:22] [Server thread/INFO]: bwjr issued server command: /fill -1269 216 -1258 ~ ~ ~ minecraft:air
[01:47:22] [Server thread/INFO]: [bwjr: Successfully filled 227 block(s)]
[01:47:44] [Server thread/INFO]: bwjr issued server command: /back
[01:48:51] [Server thread/INFO]: bwjr issued server command: /back
[01:48:58] [Server thread/INFO]: bwjr issued server command: /back
[01:49:09] [Server thread/INFO]: bwjr issued server command: /back
[01:49:14] [Server thread/INFO]: bwjr issued server command: /back
[01:50:10] [Server thread/INFO]: bwjr issued server command: /back
[01:50:21] [Server thread/INFO]: bwjr issued server command: /back
[01:51:12] [Server thread/INFO]: bwjr issued server command: /gamemode spectator
[01:51:12] [Server thread/INFO]: [bwjr: Set own game mode to Spectator Mode]
[01:51:41] [Server thread/INFO]: bwjr issued server command: /gamemode creative
[01:51:41] [Server thread/INFO]: [bwjr: Set own game mode to Creative Mode]
[01:53:00] [Server thread/INFO]: bwjr issued server command: /gamemode spectator
[01:53:00] [Server thread/INFO]: [bwjr: Set own game mode to Spectator Mode]
[01:53:25] [Server thread/INFO]: bwjr issued server command: /gamemode creative
[01:53:25] [Server thread/INFO]: [bwjr: Set own game mode to Creative Mode]
[01:53:44] [Server thread/INFO]: bwjr issued server command: /gamemode spectator
[01:53:44] [Server thread/INFO]: [bwjr: Set own game mode to Spectator Mode]
[01:53:54] [Server thread/INFO]: bwjr issued server command: /gamemode creative
[01:53:54] [Server thread/INFO]: [bwjr: Set own game mode to Creative Mode]
[01:54:13] [Server thread/INFO]: bwjr issued server command: /gamemode spectator
[01:54:13] [Server thread/INFO]: [bwjr: Set own game mode to Spectator Mode]
[01:54:25] [Server thread/INFO]: bwjr issued server command: /gamemode creative
[01:54:25] [Server thread/INFO]: [bwjr: Set own game mode to Creative Mode]
[01:54:34] [Server thread/INFO]: bwjr issued server command: /gamemode spectator
[01:54:34] [Server thread/INFO]: [bwjr: Set own game mode to Spectator Mode]
[01:54:38] [Server thread/INFO]: bwjr issued server command: /gamemode creative
[01:54:38] [Server thread/INFO]: [bwjr: Set own game mode to Creative Mode]
[01:57:39] [Server thread/INFO]: bwjr issued server command: /back
[01:57:48] [Server thread/INFO]: bwjr issued server command: /fill -1269 216 -1258 ~ ~ ~ minecraft:air
[01:57:48] [Server thread/INFO]: [bwjr: Successfully filled 216 block(s)]
[01:58:15] [Server thread/INFO]: bwjr issued server command: /fill -1269 216 -1258 ~ ~ ~ minecraft:air
[01:58:15] [Server thread/INFO]: [bwjr: Successfully filled 125 block(s)]
[01:58:29] [Server thread/INFO]: bwjr issued server command: /fill -1269 216 -1258 ~ ~ ~ minecraft:air
[01:58:29] [Server thread/INFO]: [bwjr: Successfully filled 173 block(s)]
[01:58:43] [Server thread/INFO]: bwjr issued server command: /back
[01:59:30] [Server thread/INFO]: bwjr issued server command: /fill -1302 69 -1137
[01:59:40] [Server thread/INFO]: bwjr issued server command: /fill -1302 69 -1137 -1306 73 -1142 minecraft:air
[01:59:40] [Server thread/INFO]: [bwjr: Successfully filled 102 block(s)]
[02:02:20] [Server thread/INFO]: bwjr issued server command: /back
[02:02:34] [Server thread/INFO]: bwjr issued server command: /fill -1269 216 -1258 ~ ~ ~ minecraft:air
[02:02:34] [Server thread/INFO]: [bwjr: Successfully filled 85 block(s)]
[02:02:48] [Server thread/INFO]: bwjr issued server command: /fill -1269 216 -1258 ~ ~ ~ minecraft:air
[02:02:48] [Server thread/INFO]: [bwjr: Successfully filled 96 block(s)]
[02:03:04] [Server thread/INFO]: bwjr issued server command: /fill -1269 216 -1258 ~ ~ ~ minecraft:air
[02:03:04] [Server thread/INFO]: [bwjr: Successfully filled 135 block(s)]
[02:03:09] [Server thread/INFO]: bwjr issued server command: /back
[02:06:13] [Server thread/INFO]: bwjr issued server command: /back
[02:06:37] [Server thread/INFO]: bwjr issued server command: /fill -1269 216 -1258 ~ ~ ~ minecraft:air
[02:06:37] [Server thread/INFO]: [bwjr: Successfully filled 387 block(s)]
[02:06:55] [Server thread/INFO]: bwjr issued server command: /fill -1269 216 -1258 ~ ~ ~ minecraft:air
[02:06:55] [Server thread/INFO]: [bwjr: Successfully filled 227 block(s)]
[02:07:29] [Server thread/ERROR]: POI data mismatch: never registered at BlockPos{x=-1268, y=217, z=-1257}
[02:07:48] [Server thread/INFO]: bwjr issued server command: /back
[02:08:08] [Server thread/INFO]: bwjr issued server command: /back
[02:08:12] [Server thread/INFO]: bwjr issued server command: /back
[02:08:31] [Server thread/INFO]: bwjr issued server command: /back
[02:08:41] [Server thread/INFO]: bwjr issued server command: /back
[02:12:43] [Server thread/INFO]: bwjr issued server command: /spark
[02:12:53] [Server thread/INFO]: bwjr issued server command: /gamemode spectator
[02:12:53] [Server thread/INFO]: [bwjr: Set own game mode to Spectator Mode]
[02:13:13] [Server thread/INFO]: bwjr issued server command: /gamemode creative
[02:13:13] [Server thread/INFO]: [bwjr: Set own game mode to Creative Mode]
[02:16:30] [Server thread/INFO]: Villager Villager['Librarian'/293680, uuid='b8525f95-4a37-4819-96f9-e46d9f121963', l='ServerLevel[soapSMP]', x=-1306.38, y=63.00, z=-1057.30, cpos=[-82, -67], tl=48253, v=true] died, message: 'Librarian hit the ground too hard'
[02:17:06] [Server thread/INFO]: Villager Villager['Villager'/291741, uuid='8e48f6de-3040-44db-b0d7-44852c229a6a', l='ServerLevel[soapSMP]', x=-1305.57, y=77.39, z=-1077.84, cpos=[-82, -68], tl=60655, v=true] died, message: 'Villager suffocated in a wall'
[02:18:21] [Server thread/INFO]: bwjr issued server command: /fillbiome -1284 68 -1128
[02:18:35] [Server thread/INFO]: bwjr issued server command: /fillbiome -1284 68 -1128 -1290 73 -1133 minecraft:desert
[02:18:35] [Server thread/INFO]: [bwjr: 18 biome entry/entries set between -1292, 68, -1136 and -1284, 72, -1128]
[02:37:50] [Server thread/INFO]: bwjr issued server command: /gamemode spectator
[02:37:50] [Server thread/INFO]: [bwjr: Set own game mode to Spectator Mode]
[02:37:55] [Server thread/INFO]: bwjr issued server command: /gamemode creative
[02:37:55] [Server thread/INFO]: [bwjr: Set own game mode to Creative Mode]
[02:38:04] [Server thread/INFO]: bwjr issued server command: /gamemode spectator
[02:38:04] [Server thread/INFO]: [bwjr: Set own game mode to Spectator Mode]
[02:38:14] [Server thread/INFO]: bwjr issued server command: /gamemode creative
[02:38:14] [Server thread/INFO]: [bwjr: Set own game mode to Creative Mode]
[02:38:34] [Server thread/INFO]: bwjr issued server command: /gamemode spectator
[02:38:34] [Server thread/INFO]: [bwjr: Set own game mode to Spectator Mode]
[02:38:53] [Server thread/INFO]: bwjr issued server command: /gamemode creative
[02:38:53] [Server thread/INFO]: [bwjr: Set own game mode to Creative Mode]
[02:45:10] [Server thread/INFO]: bwjr issued server command: /give bwjr minecraft:barrier
[02:45:10] [Server thread/INFO]: [bwjr: Gave 1 [Barrier] to bwjr]
[02:45:56] [Server thread/INFO]: bwjr issued server command: /time set night
[02:45:56] [Server thread/INFO]: [bwjr: Set the time to 13000]
[03:34:15] [Server thread/INFO]: bwjr lost connection: Disconnected
[03:34:15] [Server thread/INFO]: bwjr left the game
[06:51:49] [Server thread/INFO]: [Not Secure] [Server] Server will be restarting in 30 minutes.
[07:06:49] [Server thread/INFO]: [Not Secure] [Server] Server will be restarting in 15 minutes.
[07:16:51] [Server thread/INFO]: [Not Secure] [Server] Server will be restarting in 5 minutes.
[07:20:53] [Server thread/INFO]: [Not Secure] [Server] Server will be restarting in 1 minute.
[07:21:54] [Server thread/INFO]: Stopping the server
[07:21:54] [Server thread/INFO]: Stopping server
[07:21:54] [Server thread/INFO]: [HuskHomes] Disabling HuskHomes v4.8.3
[07:21:54] [Server thread/INFO]: [HuskHomes] Disabling HuskHomes v4.8.3...
[07:21:54] [Server thread/INFO]: [HuskHomes] Successfully disabled HuskHomes v4.8.3
[07:21:54] [Server thread/INFO]: [BisectHosting] Disabling BisectHosting v1.0.4
[07:21:54] [Server thread/INFO]: [mcMMO] Disabling mcMMO v2.2.029-SNAPSHOT
[07:21:54] [Server thread/INFO]: [mcMMO] Server shutdown has been executed, saving and cleaning up data...
[07:21:54] [Server thread/INFO]: [mcMMO] Saving mcMMOPlayers... (0)
[07:21:54] [Server thread/INFO]: [mcMMO] Finished save operation for 0 players!
[07:21:54] [Server thread/INFO]: [NameColor] Disabling NameColor v1.9
[07:21:54] [Server thread/INFO]: [NameColor] Disabled.
[07:21:54] [Server thread/INFO]: [dynmap] Disabling dynmap v3.7-beta-7-Dev
[07:21:54] [Server thread/INFO]: [dynmap] Unloaded 11 components.
[07:21:54] [Server thread/INFO]: [dynmap] Stopping map renderer...
[07:21:55] [Server thread/INFO]: [dynmap] Disabled
[07:21:55] [Server thread/INFO]: [LuckPerms] Disabling LuckPerms v5.4.150
[07:21:55] [Server thread/INFO]: [LuckPerms] Starting shutdown process...
[07:21:55] [Server thread/INFO]: [LuckPerms] Closing storage...
[07:21:55] [Server thread/INFO]: [LuckPerms] Goodbye!
[07:21:55] [Server thread/INFO]: Saving players
[07:21:55] [Server thread/INFO]: Saving worlds
[07:21:55] [Server thread/INFO]: Saving chunks for level 'ServerLevel[soapSMP]'/minecraft:overworld
[07:21:55] [Server thread/INFO]: [ChunkHolderManager] Waiting 60s for chunk system to halt for world 'soapSMP'
[07:21:55] [Server thread/INFO]: [ChunkHolderManager] Halted chunk system for world 'soapSMP'
[07:21:55] [Server thread/INFO]: [ChunkHolderManager] Saving all chunkholders for world 'soapSMP'
[07:21:55] [Server thread/INFO]: [ChunkHolderManager] Saved 8 block chunks, 402 entity chunks, 0 poi chunks in world 'soapSMP' in 0.24s
[07:21:55] [Server thread/INFO]: [ChunkHolderManager] Waiting 60s for chunk I/O to halt for world 'soapSMP'
[07:21:55] [Server thread/INFO]: [ChunkHolderManager] Halted I/O scheduler for world 'soapSMP'
[07:21:56] [Server thread/INFO]: Saving chunks for level 'ServerLevel[soapSMP_nether]'/minecraft:the_nether
[07:21:56] [Server thread/INFO]: [ChunkHolderManager] Waiting 60s for chunk system to halt for world 'soapSMP_nether'
[07:21:56] [Server thread/INFO]: [ChunkHolderManager] Halted chunk system for world 'soapSMP_nether'
[07:21:56] [Server thread/INFO]: [ChunkHolderManager] Saving all chunkholders for world 'soapSMP_nether'
[07:21:56] [Server thread/INFO]: [ChunkHolderManager] Saved 0 block chunks, 3 entity chunks, 0 poi chunks in world 'soapSMP_nether' in 0.01s
[07:21:56] [Server thread/INFO]: [ChunkHolderManager] Waiting 60s for chunk I/O to halt for world 'soapSMP_nether'
[07:21:56] [Server thread/INFO]: [ChunkHolderManager] Halted I/O scheduler for world 'soapSMP_nether'
[07:21:56] [Server thread/INFO]: Saving chunks for level 'ServerLevel[soapSMP_the_end]'/minecraft:the_end
[07:21:56] [Server thread/INFO]: [ChunkHolderManager] Waiting 60s for chunk system to halt for world 'soapSMP_the_end'
[07:21:56] [Server thread/INFO]: [ChunkHolderManager] Halted chunk system for world 'soapSMP_the_end'
[07:21:56] [Server thread/INFO]: [ChunkHolderManager] Saving all chunkholders for world 'soapSMP_the_end'
[07:21:56] [Server thread/INFO]: [ChunkHolderManager] Saved 0 block chunks, 2 entity chunks, 0 poi chunks in world 'soapSMP_the_end' in 0.02s
[07:21:56] [Server thread/INFO]: [ChunkHolderManager] Waiting 60s for chunk I/O to halt for world 'soapSMP_the_end'
[07:21:56] [Server thread/INFO]: [ChunkHolderManager] Halted I/O scheduler for world 'soapSMP_the_end'
[07:21:56] [Server thread/INFO]: ThreadedAnvilChunkStorage (soapSMP): All chunks are saved
[07:21:56] [Server thread/INFO]: ThreadedAnvilChunkStorage (DIM-1): All chunks are saved
[07:21:56] [Server thread/INFO]: ThreadedAnvilChunkStorage (DIM1): All chunks are saved
[07:21:56] [Server thread/INFO]: ThreadedAnvilChunkStorage: All dimensions are saved
[07:21:56] [Server thread/INFO]: Waiting for I/O tasks to complete...
[07:21:56] [Server thread/INFO]: All I/O tasks to complete
[07:21:56] [Server thread/INFO]: [MoonriseCommon] Awaiting termination of worker pool for up to 60s...
[07:21:56] [Server thread/INFO]: [MoonriseCommon] Awaiting termination of I/O pool for up to 60s...
