[00:00:09] [Server thread/INFO]: SirRabbit_ was slain by bwjr2 using [Netherite Sword (Fire Aspect II)]
[00:00:13] [Async Chat Thread - #105/INFO]: <ppr> leave him be
[00:00:13] [Server thread/INFO]: SirRabbit_ issued server command: /huskhomes:back
[00:00:18] [Server thread/INFO]: SirRabbit_ was slain by bwjr2 using [Netherite Sword (Fire Aspect II)]
[00:00:21] [Server thread/INFO]: SirRabbit_ issued server command: /huskhomes:back
[00:00:34] [Async Chat Thread - #104/INFO]: <SirRabbit_> take ur drama elsewhere
[00:00:37] [Async Chat Thread - #104/INFO]: <SirRabbit_> no headhunting in aden
[00:00:41] [Async Chat Thread - #104/INFO]: <SirRabbit_> he comes back of his own free will
[00:00:43] [Async Chat Thread - #104/INFO]: <SirRabbit_> or not at all
[00:01:13] [Server thread/INFO]: haashthetag issued server command: /home
[00:01:18] [Server thread/INFO]: haashthetag issued server command: /home home
[00:01:18] [Server thread/WARN]: haashthetag moved too quickly! -401.3819655584871,-19.9375,-19.906063501319068
[00:01:32] [Server thread/INFO]: haashthetag lost connection: Disconnected
[00:01:32] [Server thread/INFO]: haashthetag left the game
[00:02:14] [Async Chat Thread - #106/INFO]: <bwjr2> where did he go
[00:02:17] [Async Chat Thread - #106/INFO]: <SirRabbit_> idk man
[00:02:19] [Server thread/INFO]: bwjr issued server command: /effect give smeblet minecraft:invisibility infinite
[00:02:19] [Async Chat Thread - #106/INFO]: <SirRabbit_> free will
[00:02:32] [Async Chat Thread - #106/INFO]: <LunaMaiden> abduction disguised as free will is disgusting
[00:02:34] [Server thread/INFO]: SoapieTomato issued server command: /home maiden
[00:02:34] [Server thread/WARN]: SoapieTomato moved too quickly! -463.61122683775466,-28.0,-77.31415368231251
[00:02:59] [Async Chat Thread - #106/INFO]: <ppr> endangerment and abuse disgused as housing is disgusting
[00:03:24] [Async Chat Thread - #106/INFO]: <bwjr2> what were the wtc villagers working conditions
[00:03:38] [Async Chat Thread - #106/INFO]: <bwjr2> if they were ok then why did they escape
[00:03:45] [Server thread/INFO]: bwjr issued server command: /ga c
[00:03:47] [Server thread/INFO]: bwjr issued server command: /gamemode creative
[00:03:47] [Server thread/INFO]: [bwjr: Set own game mode to Creative Mode]
[00:04:17] [Async Chat Thread - #106/INFO]: <LunaMaiden> quite simply put the village is still under construction and we are working towars a safer standard before the freeroam is active
[00:04:24] [Async Chat Thread - #106/INFO]: <ppr> ok
[00:04:27] [Async Chat Thread - #106/INFO]: <ppr> but still
[00:04:30] [Async Chat Thread - #106/INFO]: <ppr> no torches
[00:04:44] [Async Chat Thread - #106/INFO]: <LunaMaiden> why should a mining society be upheld by torches
[00:04:48] [Async Chat Thread - #106/INFO]: <ppr> monsters
[00:04:51] [Async Chat Thread - #106/INFO]: <LunaMaiden> these come from people who live in te h dark
[00:04:55] [Async Chat Thread - #106/INFO]: <ppr> the villager bill of rights that you signed
[00:05:04] [Async Chat Thread - #106/INFO]: <SirRabbit_> ((last maiden signed))w
[00:05:09] [Async Chat Thread - #106/INFO]: <ppr> rip
[00:05:16] [Async Chat Thread - #106/INFO]: <LunaMaiden> yeah wtf Im a different person keep up
[00:05:20] [Async Chat Thread - #106/INFO]: <ppr> yes
[00:05:22] [Async Chat Thread - #106/INFO]: <ppr> a tyrant
[00:05:32] [Async Chat Thread - #107/INFO]: <LunaMaiden> bruh no thats the next maiden
[00:05:37] [Async Chat Thread - #107/INFO]: <LunaMaiden> you gettin up messed up
[00:05:57] [Async Chat Thread - #107/INFO]: <LunaMaiden> I simply have not summoned the iron golems to keep the village safe yet
[00:06:04] [Async Chat Thread - #107/INFO]: <ppr> why not?
[00:06:14] [Async Chat Thread - #107/INFO]: <LunaMaiden> the village has not been built yet
[00:06:18] [Async Chat Thread - #107/INFO]: <ppr> shouldn't that be your priority?
[00:06:20] [Async Chat Thread - #107/INFO]: <LunaMaiden> infact there was nothing on these lands a week ago
[00:06:30] [Async Chat Thread - #107/INFO]: <LunaMaiden> thes villagers have been here yet 2 days
[00:06:40] [Async Chat Thread - #107/INFO]: <LunaMaiden> and the only reason they are here in fact was because of Smebs early arrival
[00:06:47] [Async Chat Thread - #107/INFO]: <LunaMaiden> without him populating the lands they would not be here yet
[00:07:10] [Async Chat Thread - #107/INFO]: <ppr> it has taken me a week to move all the villager into new housing in mt. gimon, but not one has died because of neglect in that time
[00:07:23] [Async Chat Thread - #107/INFO]: <LunaMaiden> and I applaud that effort
[00:08:09] [Async Chat Thread - #106/INFO]: <LunaMaiden> simply put, the village was not ready for villagers yet, was moved ahead of scheudle becuase of outside circumstances and is trying to do its best
[00:08:21] [Async Chat Thread - #106/INFO]: <LunaMaiden> I am still new to maidenhood and trying to keep the villagers safe
[00:09:18] [Server thread/INFO]: SoapieTomato issued server command: /home storage
[00:09:25] [Server thread/INFO]: SoapieTomato issued server command: /back
[00:09:40] [Async Chat Thread - #108/INFO]: <ppr> I understand your trials, but they do not excuse your crimes
[00:10:07] [Async Chat Thread - #108/INFO]: <bwjr2> wait
[00:10:13] [Async Chat Thread - #108/INFO]: <bwjr2> since u guys took him hostag4e
[00:10:19] [Async Chat Thread - #108/INFO]: <SirRabbit_> hes not hostage!!
[00:10:28] [Async Chat Thread - #108/INFO]: <bwjr2> is it technically legal to take other peoples villagers hsoitages
[00:10:36] [Async Chat Thread - #109/INFO]: <LunaMaiden> and you shall allow me these as a learning moments as this town comes to fruiton
[00:10:40] [Async Chat Thread - #109/INFO]: <LunaMaiden> well yeah it was an abduction
[00:10:41] [Async Chat Thread - #109/INFO]: <SirRabbit_> i mean theyres only like 2 laws
[00:10:45] [Async Chat Thread - #109/INFO]: <SirRabbit_> but hes not a hostage in aden
[00:10:49] [Async Chat Thread - #109/INFO]: <SirRabbit_> hes just a citizen
[00:11:00] [Async Chat Thread - #109/INFO]: <bwjr2> taken not of his own volition
[00:11:09] [Async Chat Thread - #109/INFO]: <ppr> that is not true
[00:11:19] [Async Chat Thread - #109/INFO]: <LunaMaiden> we can not ask him of his beliefes truly
[00:11:25] [Async Chat Thread - #109/INFO]: <ppr> he was freed from the cage he was in and came to aden of his own free qill
[00:11:25] [Async Chat Thread - #109/INFO]: <LunaMaiden> because of restrictions
[00:11:28] [Async Chat Thread - #109/INFO]: <LunaMaiden> what we do knoiw
[00:11:33] [Async Chat Thread - #109/INFO]: <LunaMaiden> is that he was abducted regardless of his thboguhts
[00:11:46] [Async Chat Thread - #109/INFO]: <LunaMaiden> bruh so he flew over to Aden in the span of 5 minutes
[00:11:59] [Async Chat Thread - #109/INFO]: <LunaMaiden> or in fact like 1 minutew
[00:12:26] [Async Chat Thread - #109/INFO]: <ppr> I cannot pretend to know how he runs fast
[00:12:32] [Async Chat Thread - #109/INFO]: <LunaMaiden> we should have a race
[00:12:33] [Async Chat Thread - #109/INFO]: <LunaMaiden> to see
[00:12:42] [Async Chat Thread - #109/INFO]: <ppr> maybe he just hated your town enough
[00:13:10] [Async Chat Thread - #109/INFO]: <SirRabbit_> well im going to bed but aden is a nuetral territory, everyone here has the right to come and go as they please, and unless he *chooses* to leave, he's entiteled to stay
[00:13:27] [Server thread/INFO]: SirRabbit_ lost connection: Disconnected
[00:13:27] [Server thread/INFO]: SirRabbit_ left the game
[00:13:57] [Async Chat Thread - #109/INFO]: <LunaMaiden> fuck
[00:13:57] [Async Chat Thread - #109/INFO]: <LunaMaiden> you
[00:13:59] [Server thread/INFO]: SoapieTomato lost connection: Disconnected
[00:13:59] [Server thread/INFO]: SoapieTomato left the game
[00:16:10] [Async Chat Thread - #110/INFO]: <bwjr2> pieces of paper mean nothing to me
[00:16:22] [Async Chat Thread - #110/INFO]: <bwjr2> lol
[00:21:11] [Server thread/INFO]: bwjr issued server command: /gamemode spectator
[00:21:11] [Server thread/INFO]: [bwjr: Set own game mode to Spectator Mode]
[00:22:27] [Server thread/INFO]: bwjr lost connection: Disconnected
[00:22:27] [Server thread/INFO]: bwjr left the game
[00:24:48] [User Authenticator #30/INFO]: UUID of player SoapieTomato is dd8b1bf4-8364-463c-bd83-833362c06ae9
[00:24:48] [Server thread/INFO]: SoapieTomato joined the game
[00:24:48] [Server thread/INFO]: SoapieTomato[/38.21.219.232:51867] logged in with entity id 421215 at ([soapSMP]-1447.9481910746126, 102.0, -766.8332900052169)
[00:25:29] [Server thread/INFO]: Azuresty lost connection: Disconnected
[00:25:29] [Server thread/INFO]: Azuresty left the game
[00:25:31] [User Authenticator #30/INFO]: UUID of player Azuresty is 51643251-0baf-455d-a7be-482a8a2d6913
[00:25:32] [Server thread/INFO]: Azuresty joined the game
[00:25:32] [Server thread/INFO]: Azuresty[/38.21.219.232:59947] logged in with entity id 421567 at ([soapSMP]-1835.550097178315, 77.0, -626.2954811501451)
[00:25:38] [Server thread/INFO]: Azuresty lost connection: Disconnected
[00:25:38] [Server thread/INFO]: Azuresty left the game
[00:26:00] [Server thread/INFO]: SoapieTomato issued server command: /trigger home add 11
[00:26:00] [Server thread/INFO]: [SoapieTomato: Triggered [Home] (added 11 to value)]
[00:26:10] [Server thread/INFO]: SoapieTomato issued server command: /back
[00:26:13] [Server thread/INFO]: SoapieTomato issued server command: /trigger home add 12
[00:26:13] [Server thread/INFO]: [SoapieTomato: Triggered [Home] (added 12 to value)]
[00:26:15] [Server thread/INFO]: bwjr2 lost connection: Disconnected
[00:26:16] [Server thread/INFO]: bwjr2 left the game
[00:26:17] [Server thread/INFO]: SoapieTomato issued server command: /trigger home add 13
[00:26:17] [Server thread/INFO]: [SoapieTomato: Triggered [Home] (added 13 to value)]
[00:26:19] [Server thread/INFO]: SoapieTomato issued server command: /trigger home add 14
[00:26:19] [Server thread/INFO]: [SoapieTomato: Triggered [Home] (added 14 to value)]
[00:26:19] [User Authenticator #30/INFO]: UUID of player Azuresty is 51643251-0baf-455d-a7be-482a8a2d6913
[00:26:20] [Server thread/INFO]: Azuresty joined the game
[00:26:20] [Server thread/INFO]: Azuresty[/38.21.219.232:60073] logged in with entity id 422240 at ([soapSMP]-1788.9133345235732, 73.24104966367356, -648.2396256968243)
[00:26:20] [Server thread/INFO]: SoapieTomato issued server command: /trigger home add 15
[00:26:20] [Server thread/INFO]: [SoapieTomato: Triggered [Home] (added 15 to value)]
[00:26:23] [Server thread/INFO]: SoapieTomato issued server command: /trigger home add 7
[00:26:23] [Server thread/INFO]: [SoapieTomato: Triggered [Home] (added 7 to value)]
[00:26:24] [Server thread/INFO]: SoapieTomato issued server command: /trigger home add 7
[00:26:24] [Server thread/INFO]: [SoapieTomato: Triggered [Home] (added 7 to value)]
[00:26:26] [Server thread/INFO]: SoapieTomato issued server command: /trigger home add 6
[00:26:26] [Server thread/INFO]: [SoapieTomato: Triggered [Home] (added 6 to value)]
[00:26:28] [Server thread/INFO]: SoapieTomato issued server command: /trigger home add 8
[00:26:28] [Server thread/INFO]: [SoapieTomato: Triggered [Home] (added 8 to value)]
[00:26:32] [Server thread/INFO]: SoapieTomato issued server command: /home harbor
[00:28:07] [Server thread/INFO]: SoapieTomato issued server command: /home harbor
[00:28:18] [Server thread/INFO]: SoapieTomato issued server command: /trigger home add 12
[00:28:18] [Server thread/INFO]: [SoapieTomato: Triggered [Home] (added 12 to value)]
[00:28:21] [Server thread/INFO]: SoapieTomato issued server command: /trigger home add 11
[00:28:21] [Server thread/INFO]: [SoapieTomato: Triggered [Home] (added 11 to value)]
[00:28:58] [Server thread/INFO]: SoapieTomato issued server command: /gamemode spectator
[00:28:58] [Server thread/INFO]: [SoapieTomato: Set own game mode to Spectator Mode]
[00:29:05] [Server thread/INFO]: SoapieTomato issued server command: /gamemode survival
[00:29:05] [Server thread/INFO]: [SoapieTomato: Set own game mode to Survival Mode]
[00:30:08] [Server thread/INFO]: SoapieTomato issued server command: /home harbor
[00:31:53] [Server thread/INFO]: SoapieTomato issued server command: /home storage
[00:33:25] [Server thread/INFO]: SoapieTomato issued server command: /home harbor
[00:35:55] [Server thread/INFO]: SoapieTomato issued server command: /back
[00:36:26] [Server thread/INFO]: SoapieTomato issued server command: /back
[00:36:26] [Server thread/WARN]: SoapieTomato moved too quickly! 5.441920585807338,2.0,255.60158476617448
[00:39:12] [Async Chat Thread - #113/INFO]: <Aze> toes
[00:40:14] [Server thread/INFO]: SoapieTomato issued server command: /home storage
[00:40:58] [Server thread/INFO]: SoapieTomato issued server command: /spawn
[00:40:59] [Server thread/INFO]: SoapieTomato issued server command: /back
[00:41:01] [Server thread/INFO]: SoapieTomato issued server command: /home nether
[00:41:22] [Server thread/INFO]: SoapieTomato issued server command: /back
[00:41:30] [Server thread/INFO]: SoapieTomato issued server command: /home harbor
[00:41:30] [Server thread/WARN]: SoapieTomato moved too quickly! -26.00052735645795,13.9375,148.12590119449862
[00:43:29] [Server thread/INFO]: SoapieTomato issued server command: /home storage
[00:45:02] [Server thread/INFO]: SoapieTomato issued server command: /spawn
[00:45:02] [Server thread/WARN]: SoapieTomato moved too quickly! 1262.8859364635382,8.0,1295.6487284131942
[00:45:50] [Server thread/INFO]: SoapieTomato issued server command: /sethome spider
[00:45:51] [Server thread/INFO]: SoapieTomato issued server command: /home storage
[00:45:51] [Server thread/WARN]: SoapieTomato moved too quickly! -1468.621192408219,86.0,-1749.794148281334
[00:46:23] [Server thread/INFO]: SoapieTomato issued server command: /trigger home add 12
[00:46:23] [Server thread/INFO]: [SoapieTomato: Triggered [Home] (added 12 to value)]
[00:46:26] [Server thread/INFO]: SoapieTomato issued server command: /trigger home add 11
[00:46:26] [Server thread/INFO]: [SoapieTomato: Triggered [Home] (added 11 to value)]
[00:46:57] [Server thread/INFO]: SoapieTomato issued server command: /home harbor
[00:46:57] [Server thread/WARN]: SoapieTomato moved too quickly! 786.6368224246105,125.9375,391.735996091729
[00:47:32] [Server thread/INFO]: SoapieTomato issued server command: /back
[00:47:32] [Server thread/WARN]: SoapieTomato moved too quickly! -760.1162220089541,-135.0,-421.041563857567
[00:48:58] [Server thread/INFO]: SoapieTomato issued server command: /home storage
[00:49:13] [Server thread/INFO]: SoapieTomato issued server command: /back
[00:49:13] [Server thread/WARN]: SoapieTomato moved too quickly! -810.4404511670277,-112.0,-252.62407846061797
[00:50:23] [Server thread/INFO]: (mcMMO) LunaMaiden has reached level 100 in HERBALISM!
[00:50:31] [Server thread/INFO]: SoapieTomato issued server command: /herbalism
[00:50:34] [Server thread/INFO]: Azuresty issued server command: /herbalism
[00:54:45] [Server thread/INFO]: SoapieTomato issued server command: /home storage
[00:54:47] [Server thread/INFO]: SoapieTomato issued server command: /mctop her
[00:54:47] [Server thread/WARN]: [mcMMO] Invalid mcMMO skill (her)
[00:54:49] [Server thread/INFO]: SoapieTomato issued server command: /mctop HERBALISM
[00:54:52] [Server thread/INFO]: SoapieTomato issued server command: /herbalism
[00:56:11] [Server thread/INFO]: SoapieTomato issued server command: /effect clear @e[type=minecraft:villager,distance=..10]
[00:56:22] [Server thread/INFO]: SoapieTomato issued server command: /effect clear @e[type=minecraft:villager,distance=..10]
[00:56:31] [Server thread/INFO]: SoapieTomato issued server command: /effect clear @e[type=minecraft:villager,distance=..10]
[00:56:31] [Server thread/INFO]: [SoapieTomato: Removed every effect from 5 targets]
[00:57:22] [Server thread/INFO]: SoapieTomato issued server command: /effect clear @e[type=minecraft:villager,distance=..10]
[00:57:38] [Server thread/INFO]: SoapieTomato issued server command: /home storage
[00:57:47] [Server thread/INFO]: SoapieTomato lost connection: Disconnected
[00:57:47] [Server thread/INFO]: SoapieTomato left the game
[00:58:14] [Server thread/INFO]: Azuresty lost connection: Disconnected
[00:58:14] [Server thread/INFO]: Azuresty left the game
[06:52:13] [Server thread/INFO]: [Not Secure] [Server] Server will be restarting in 30 minutes.
[07:07:13] [Server thread/INFO]: [Not Secure] [Server] Server will be restarting in 15 minutes.
[07:17:13] [Server thread/INFO]: [Not Secure] [Server] Server will be restarting in 5 minutes.
[07:21:13] [Server thread/INFO]: [Not Secure] [Server] Server will be restarting in 1 minute.
[07:22:13] [Server thread/INFO]: Stopping the server
[07:22:13] [Server thread/INFO]: Stopping server
[07:22:13] [Server thread/INFO]: [HuskHomes] Disabling HuskHomes v4.8.3
[07:22:13] [Server thread/INFO]: [HuskHomes] Disabling HuskHomes v4.8.3...
[07:22:13] [Server thread/INFO]: [HuskHomes] Successfully disabled HuskHomes v4.8.3
[07:22:13] [Server thread/INFO]: [ArmorPoser] Disabling ArmorPoser v1.1.0
[07:22:13] [Server thread/INFO]: [BisectHosting] Disabling BisectHosting v1.0.4
[07:22:13] [Server thread/INFO]: [mcMMO] Disabling mcMMO v2.2.029-SNAPSHOT
[07:22:13] [Server thread/INFO]: [mcMMO] Server shutdown has been executed, saving and cleaning up data...
[07:22:13] [Server thread/INFO]: [mcMMO] Saving mcMMOPlayers... (0)
[07:22:13] [Server thread/INFO]: [mcMMO] Finished save operation for 0 players!
[07:22:14] [Server thread/INFO]: [NameColor] Disabling NameColor v1.9
[07:22:14] [Server thread/INFO]: [NameColor] Disabled.
[07:22:14] [Server thread/INFO]: [dynmap] Disabling dynmap v3.7-beta-7-Dev
[07:22:14] [Server thread/INFO]: [dynmap] Unloaded 11 components.
[07:22:14] [Server thread/INFO]: [dynmap] Stopping map renderer...
[07:22:15] [Server thread/INFO]: [dynmap] Disabled
[07:22:15] [Server thread/INFO]: [LuckPerms] Disabling LuckPerms v5.4.150
[07:22:15] [Server thread/INFO]: [LuckPerms] Starting shutdown process...
[07:22:15] [Server thread/INFO]: [LuckPerms] Closing storage...
[07:22:15] [Server thread/INFO]: [LuckPerms] Goodbye!
[07:22:15] [Server thread/INFO]: Saving players
[07:22:15] [Server thread/INFO]: Saving worlds
[07:22:15] [Server thread/INFO]: Saving chunks for level 'ServerLevel[soapSMP]'/minecraft:overworld
[07:22:15] [Server thread/INFO]: [ChunkHolderManager] Waiting 60s for chunk system to halt for world 'soapSMP'
[07:22:15] [Server thread/INFO]: [ChunkHolderManager] Halted chunk system for world 'soapSMP'
[07:22:15] [Server thread/INFO]: [ChunkHolderManager] Saving all chunkholders for world 'soapSMP'
[07:22:15] [Server thread/INFO]: [ChunkHolderManager] Saved 10 block chunks, 327 entity chunks, 0 poi chunks in world 'soapSMP' in 0.21s
[07:22:15] [Server thread/INFO]: [ChunkHolderManager] Waiting 60s for chunk I/O to halt for world 'soapSMP'
[07:22:15] [Server thread/INFO]: [ChunkHolderManager] Halted I/O scheduler for world 'soapSMP'
[07:22:16] [Server thread/INFO]: Saving chunks for level 'ServerLevel[soapSMP_nether]'/minecraft:the_nether
[07:22:16] [Server thread/INFO]: [ChunkHolderManager] Waiting 60s for chunk system to halt for world 'soapSMP_nether'
[07:22:16] [Server thread/INFO]: [ChunkHolderManager] Halted chunk system for world 'soapSMP_nether'
[07:22:16] [Server thread/INFO]: [ChunkHolderManager] Saving all chunkholders for world 'soapSMP_nether'
[07:22:16] [Server thread/INFO]: [ChunkHolderManager] Saved 0 block chunks, 8 entity chunks, 0 poi chunks in world 'soapSMP_nether' in 0.01s
[07:22:16] [Server thread/INFO]: [ChunkHolderManager] Waiting 60s for chunk I/O to halt for world 'soapSMP_nether'
[07:22:16] [Server thread/INFO]: [ChunkHolderManager] Halted I/O scheduler for world 'soapSMP_nether'
[07:22:16] [Server thread/INFO]: Saving chunks for level 'ServerLevel[soapSMP_the_end]'/minecraft:the_end
[07:22:16] [Server thread/INFO]: [ChunkHolderManager] Waiting 60s for chunk system to halt for world 'soapSMP_the_end'
[07:22:16] [Server thread/INFO]: [ChunkHolderManager] Halted chunk system for world 'soapSMP_the_end'
[07:22:16] [Server thread/INFO]: [ChunkHolderManager] Saving all chunkholders for world 'soapSMP_the_end'
[07:22:16] [Server thread/INFO]: [ChunkHolderManager] Saved 0 block chunks, 2 entity chunks, 0 poi chunks in world 'soapSMP_the_end' in 0.01s
[07:22:16] [Server thread/INFO]: [ChunkHolderManager] Waiting 60s for chunk I/O to halt for world 'soapSMP_the_end'
[07:22:16] [Server thread/INFO]: [ChunkHolderManager] Halted I/O scheduler for world 'soapSMP_the_end'
[07:22:16] [Server thread/INFO]: ThreadedAnvilChunkStorage (soapSMP): All chunks are saved
[07:22:16] [Server thread/INFO]: ThreadedAnvilChunkStorage (DIM-1): All chunks are saved
[07:22:16] [Server thread/INFO]: ThreadedAnvilChunkStorage (DIM1): All chunks are saved
[07:22:16] [Server thread/INFO]: ThreadedAnvilChunkStorage: All dimensions are saved
[07:22:16] [Server thread/INFO]: Waiting for I/O tasks to complete...
[07:22:16] [Server thread/INFO]: All I/O tasks to complete
[07:22:16] [Server thread/INFO]: [MoonriseCommon] Awaiting termination of worker pool for up to 60s...
[07:22:16] [Server thread/INFO]: [MoonriseCommon] Awaiting termination of I/O pool for up to 60s...
