[02:47:13] [ServerMain/INFO]: [bootstrap] Running Java 21 (OpenJDK 64-Bit Server VM 21.0.4+7-LTS; Eclipse Adoptium Temurin-21.0.4+7) on Linux 5.15.0-75-generic (amd64)
[02:47:13] [ServerMain/INFO]: [bootstrap] Loading Paper 1.21.4-14-master@b746d9d (2024-12-11T21:22:39Z) for Minecraft 1.21.4
[02:47:14] [ServerMain/INFO]: [PluginInitializerManager] Initializing plugins...
[02:47:14] [ServerMain/WARN]: [org.eclipse.aether.internal.impl.synccontext.named.DiscriminatingNameMapper] Failed to get hostname, using 'localhost'
java.net.UnknownHostException: a7d1b4f2-34d0-4e31-ad29-895355b97a40: a7d1b4f2-34d0-4e31-ad29-895355b97a40: Name or service not known
	at java.base/java.net.InetAddress.getLocalHost(InetAddress.java:1936) ~[?:?]
	at org.eclipse.aether.internal.impl.synccontext.named.DiscriminatingNameMapper.getHostname(DiscriminatingNameMapper.java:90) ~[maven-resolver-impl-1.9.18.jar:1.9.18]
	at org.eclipse.aether.internal.impl.synccontext.named.DiscriminatingNameMapper.<init>(DiscriminatingNameMapper.java:69) ~[maven-resolver-impl-1.9.18.jar:1.9.18]
	at org.eclipse.aether.internal.impl.synccontext.named.NameMappers.discriminatingNameMapper(NameMappers.java:68) ~[maven-resolver-impl-1.9.18.jar:1.9.18]
	at org.eclipse.aether.internal.impl.synccontext.named.NamedLockFactoryAdapterFactoryImpl.getManuallyCreatedNameMappers(NamedLockFactoryAdapterFactoryImpl.java:78) ~[maven-resolver-impl-1.9.18.jar:1.9.18]
	at org.eclipse.aether.internal.impl.synccontext.named.NamedLockFactoryAdapterFactoryImpl.<init>(NamedLockFactoryAdapterFactoryImpl.java:107) ~[maven-resolver-impl-1.9.18.jar:1.9.18]
	at java.base/jdk.internal.reflect.DirectConstructorHandleAccessor.newInstance(DirectConstructorHandleAccessor.java:62) ~[?:?]
	at java.base/java.lang.reflect.Constructor.newInstanceWithCaller(Constructor.java:502) ~[?:?]
	at java.base/java.lang.reflect.Constructor.newInstance(Constructor.java:486) ~[?:?]
	at org.eclipse.aether.impl.DefaultServiceLocator$Entry.newInstance(DefaultServiceLocator.java:159) ~[maven-resolver-impl-1.9.18.jar:1.9.18]
	at org.eclipse.aether.impl.DefaultServiceLocator$Entry.getInstances(DefaultServiceLocator.java:140) ~[maven-resolver-impl-1.9.18.jar:1.9.18]
	at org.eclipse.aether.impl.DefaultServiceLocator$Entry.getInstance(DefaultServiceLocator.java:130) ~[maven-resolver-impl-1.9.18.jar:1.9.18]
	at org.eclipse.aether.impl.DefaultServiceLocator.getService(DefaultServiceLocator.java:271) ~[maven-resolver-impl-1.9.18.jar:1.9.18]
	at org.eclipse.aether.internal.impl.synccontext.DefaultSyncContextFactory.initService(DefaultSyncContextFactory.java:68) ~[maven-resolver-impl-1.9.18.jar:1.9.18]
	at org.eclipse.aether.impl.DefaultServiceLocator$Entry.newInstance(DefaultServiceLocator.java:163) ~[maven-resolver-impl-1.9.18.jar:1.9.18]
	at org.eclipse.aether.impl.DefaultServiceLocator$Entry.getInstances(DefaultServiceLocator.java:140) ~[maven-resolver-impl-1.9.18.jar:1.9.18]
	at org.eclipse.aether.impl.DefaultServiceLocator$Entry.getInstance(DefaultServiceLocator.java:130) ~[maven-resolver-impl-1.9.18.jar:1.9.18]
	at org.eclipse.aether.impl.DefaultServiceLocator.getService(DefaultServiceLocator.java:271) ~[maven-resolver-impl-1.9.18.jar:1.9.18]
	at org.eclipse.aether.internal.impl.DefaultMetadataResolver.initService(DefaultMetadataResolver.java:123) ~[maven-resolver-impl-1.9.18.jar:1.9.18]
	at org.eclipse.aether.impl.DefaultServiceLocator$Entry.newInstance(DefaultServiceLocator.java:163) ~[maven-resolver-impl-1.9.18.jar:1.9.18]
	at org.eclipse.aether.impl.DefaultServiceLocator$Entry.getInstances(DefaultServiceLocator.java:140) ~[maven-resolver-impl-1.9.18.jar:1.9.18]
	at org.eclipse.aether.impl.DefaultServiceLocator$Entry.getInstance(DefaultServiceLocator.java:130) ~[maven-resolver-impl-1.9.18.jar:1.9.18]
	at org.eclipse.aether.impl.DefaultServiceLocator.getService(DefaultServiceLocator.java:271) ~[maven-resolver-impl-1.9.18.jar:1.9.18]
	at org.apache.maven.repository.internal.DefaultVersionResolver.initService(DefaultVersionResolver.java:106) ~[maven-resolver-provider-3.9.6.jar:3.9.6]
	at org.eclipse.aether.impl.DefaultServiceLocator$Entry.newInstance(DefaultServiceLocator.java:163) ~[maven-resolver-impl-1.9.18.jar:1.9.18]
	at org.eclipse.aether.impl.DefaultServiceLocator$Entry.getInstances(DefaultServiceLocator.java:140) ~[maven-resolver-impl-1.9.18.jar:1.9.18]
	at org.eclipse.aether.impl.DefaultServiceLocator$Entry.getInstance(DefaultServiceLocator.java:130) ~[maven-resolver-impl-1.9.18.jar:1.9.18]
	at org.eclipse.aether.impl.DefaultServiceLocator.getService(DefaultServiceLocator.java:271) ~[maven-resolver-impl-1.9.18.jar:1.9.18]
	at org.eclipse.aether.internal.impl.DefaultRepositorySystem.initService(DefaultRepositorySystem.java:158) ~[maven-resolver-impl-1.9.18.jar:1.9.18]
	at org.eclipse.aether.impl.DefaultServiceLocator$Entry.newInstance(DefaultServiceLocator.java:163) ~[maven-resolver-impl-1.9.18.jar:1.9.18]
	at org.eclipse.aether.impl.DefaultServiceLocator$Entry.getInstances(DefaultServiceLocator.java:140) ~[maven-resolver-impl-1.9.18.jar:1.9.18]
	at org.eclipse.aether.impl.DefaultServiceLocator$Entry.getInstance(DefaultServiceLocator.java:130) ~[maven-resolver-impl-1.9.18.jar:1.9.18]
	at org.eclipse.aether.impl.DefaultServiceLocator.getService(DefaultServiceLocator.java:271) ~[maven-resolver-impl-1.9.18.jar:1.9.18]
	at org.bukkit.plugin.java.LibraryLoader.<init>(LibraryLoader.java:60) ~[paper-api-1.21.4-R0.1-SNAPSHOT.jar:?]
	at io.papermc.paper.plugin.provider.type.spigot.SpigotPluginProvider.<clinit>(SpigotPluginProvider.java:38) ~[paper-1.21.4.jar:1.21.4-14-b746d9d]
	at io.papermc.paper.plugin.provider.type.PluginFileType.<clinit>(PluginFileType.java:40) ~[paper-1.21.4.jar:1.21.4-14-b746d9d]
	at io.papermc.paper.plugin.provider.source.FileProviderSource.registerProviders(FileProviderSource.java:77) ~[paper-1.21.4.jar:1.21.4-14-b746d9d]
	at io.papermc.paper.plugin.provider.source.DirectoryProviderSource.registerProviders(DirectoryProviderSource.java:52) ~[paper-1.21.4.jar:1.21.4-14-b746d9d]
	at io.papermc.paper.plugin.provider.source.DirectoryProviderSource.registerProviders(DirectoryProviderSource.java:17) ~[paper-1.21.4.jar:1.21.4-14-b746d9d]
	at io.papermc.paper.plugin.util.EntrypointUtil.registerProvidersFromSource(EntrypointUtil.java:15) ~[paper-1.21.4.jar:1.21.4-14-b746d9d]
	at io.papermc.paper.plugin.PluginInitializerManager.load(PluginInitializerManager.java:113) ~[paper-1.21.4.jar:1.21.4-14-b746d9d]
	at net.minecraft.server.Main.main(Main.java:125) ~[paper-1.21.4.jar:1.21.4-14-b746d9d]
	at io.papermc.paper.PaperBootstrap.boot(PaperBootstrap.java:21) ~[paper-1.21.4.jar:1.21.4-14-b746d9d]
	at org.bukkit.craftbukkit.Main.main(Main.java:281) ~[paper-1.21.4.jar:1.21.4-14-b746d9d]
	at io.papermc.paperclip.Paperclip.lambda$main$0(Paperclip.java:42) ~[app:?]
	at java.base/java.lang.Thread.run(Thread.java:1583) ~[?:?]
Caused by: java.net.UnknownHostException: a7d1b4f2-34d0-4e31-ad29-895355b97a40: Name or service not known
	at java.base/java.net.Inet6AddressImpl.lookupAllHostAddr(Native Method) ~[?:?]
	at java.base/java.net.Inet6AddressImpl.lookupAllHostAddr(Inet6AddressImpl.java:52) ~[?:?]
	at java.base/java.net.InetAddress$PlatformResolver.lookupByName(InetAddress.java:1211) ~[?:?]
	at java.base/java.net.InetAddress.getAddressesFromNameService(InetAddress.java:1828) ~[?:?]
	at java.base/java.net.InetAddress$NameServiceAddresses.get(InetAddress.java:1139) ~[?:?]
	at java.base/java.net.InetAddress.getAllByName0(InetAddress.java:1818) ~[?:?]
	at java.base/java.net.InetAddress.getLocalHost(InetAddress.java:1931) ~[?:?]
	... 45 more
[02:47:15] [ServerMain/WARN]: [org.eclipse.aether.internal.impl.synccontext.named.DiscriminatingNameMapper] Failed to get hostname, using 'localhost'
java.net.UnknownHostException: a7d1b4f2-34d0-4e31-ad29-895355b97a40: a7d1b4f2-34d0-4e31-ad29-895355b97a40: Name or service not known
	at java.base/java.net.InetAddress.getLocalHost(InetAddress.java:1936) ~[?:?]
	at org.eclipse.aether.internal.impl.synccontext.named.DiscriminatingNameMapper.getHostname(DiscriminatingNameMapper.java:90) ~[maven-resolver-impl-1.9.18.jar:1.9.18]
	at org.eclipse.aether.internal.impl.synccontext.named.DiscriminatingNameMapper.<init>(DiscriminatingNameMapper.java:69) ~[maven-resolver-impl-1.9.18.jar:1.9.18]
	at org.eclipse.aether.internal.impl.synccontext.named.NameMappers.discriminatingNameMapper(NameMappers.java:68) ~[maven-resolver-impl-1.9.18.jar:1.9.18]
	at org.eclipse.aether.internal.impl.synccontext.named.NamedLockFactoryAdapterFactoryImpl.getManuallyCreatedNameMappers(NamedLockFactoryAdapterFactoryImpl.java:78) ~[maven-resolver-impl-1.9.18.jar:1.9.18]
	at org.eclipse.aether.internal.impl.synccontext.named.NamedLockFactoryAdapterFactoryImpl.<init>(NamedLockFactoryAdapterFactoryImpl.java:107) ~[maven-resolver-impl-1.9.18.jar:1.9.18]
	at java.base/jdk.internal.reflect.DirectConstructorHandleAccessor.newInstance(DirectConstructorHandleAccessor.java:62) ~[?:?]
	at java.base/java.lang.reflect.Constructor.newInstanceWithCaller(Constructor.java:502) ~[?:?]
	at java.base/java.lang.reflect.Constructor.newInstance(Constructor.java:486) ~[?:?]
	at org.eclipse.aether.impl.DefaultServiceLocator$Entry.newInstance(DefaultServiceLocator.java:159) ~[maven-resolver-impl-1.9.18.jar:1.9.18]
	at org.eclipse.aether.impl.DefaultServiceLocator$Entry.getInstances(DefaultServiceLocator.java:140) ~[maven-resolver-impl-1.9.18.jar:1.9.18]
	at org.eclipse.aether.impl.DefaultServiceLocator$Entry.getInstance(DefaultServiceLocator.java:130) ~[maven-resolver-impl-1.9.18.jar:1.9.18]
	at org.eclipse.aether.impl.DefaultServiceLocator.getService(DefaultServiceLocator.java:271) ~[maven-resolver-impl-1.9.18.jar:1.9.18]
	at org.eclipse.aether.internal.impl.synccontext.DefaultSyncContextFactory.initService(DefaultSyncContextFactory.java:68) ~[maven-resolver-impl-1.9.18.jar:1.9.18]
	at org.eclipse.aether.impl.DefaultServiceLocator$Entry.newInstance(DefaultServiceLocator.java:163) ~[maven-resolver-impl-1.9.18.jar:1.9.18]
	at org.eclipse.aether.impl.DefaultServiceLocator$Entry.getInstances(DefaultServiceLocator.java:140) ~[maven-resolver-impl-1.9.18.jar:1.9.18]
	at org.eclipse.aether.impl.DefaultServiceLocator$Entry.getInstance(DefaultServiceLocator.java:130) ~[maven-resolver-impl-1.9.18.jar:1.9.18]
	at org.eclipse.aether.impl.DefaultServiceLocator.getService(DefaultServiceLocator.java:271) ~[maven-resolver-impl-1.9.18.jar:1.9.18]
	at org.eclipse.aether.internal.impl.DefaultMetadataResolver.initService(DefaultMetadataResolver.java:123) ~[maven-resolver-impl-1.9.18.jar:1.9.18]
	at org.eclipse.aether.impl.DefaultServiceLocator$Entry.newInstance(DefaultServiceLocator.java:163) ~[maven-resolver-impl-1.9.18.jar:1.9.18]
	at org.eclipse.aether.impl.DefaultServiceLocator$Entry.getInstances(DefaultServiceLocator.java:140) ~[maven-resolver-impl-1.9.18.jar:1.9.18]
	at org.eclipse.aether.impl.DefaultServiceLocator$Entry.getInstance(DefaultServiceLocator.java:130) ~[maven-resolver-impl-1.9.18.jar:1.9.18]
	at org.eclipse.aether.impl.DefaultServiceLocator.getService(DefaultServiceLocator.java:271) ~[maven-resolver-impl-1.9.18.jar:1.9.18]
	at org.apache.maven.repository.internal.DefaultVersionResolver.initService(DefaultVersionResolver.java:106) ~[maven-resolver-provider-3.9.6.jar:3.9.6]
	at org.eclipse.aether.impl.DefaultServiceLocator$Entry.newInstance(DefaultServiceLocator.java:163) ~[maven-resolver-impl-1.9.18.jar:1.9.18]
	at org.eclipse.aether.impl.DefaultServiceLocator$Entry.getInstances(DefaultServiceLocator.java:140) ~[maven-resolver-impl-1.9.18.jar:1.9.18]
	at org.eclipse.aether.impl.DefaultServiceLocator$Entry.getInstance(DefaultServiceLocator.java:130) ~[maven-resolver-impl-1.9.18.jar:1.9.18]
	at org.eclipse.aether.impl.DefaultServiceLocator.getService(DefaultServiceLocator.java:271) ~[maven-resolver-impl-1.9.18.jar:1.9.18]
	at org.eclipse.aether.internal.impl.DefaultRepositorySystem.initService(DefaultRepositorySystem.java:158) ~[maven-resolver-impl-1.9.18.jar:1.9.18]
	at org.eclipse.aether.impl.DefaultServiceLocator$Entry.newInstance(DefaultServiceLocator.java:163) ~[maven-resolver-impl-1.9.18.jar:1.9.18]
	at org.eclipse.aether.impl.DefaultServiceLocator$Entry.getInstances(DefaultServiceLocator.java:140) ~[maven-resolver-impl-1.9.18.jar:1.9.18]
	at org.eclipse.aether.impl.DefaultServiceLocator$Entry.getInstance(DefaultServiceLocator.java:130) ~[maven-resolver-impl-1.9.18.jar:1.9.18]
	at org.eclipse.aether.impl.DefaultServiceLocator.getService(DefaultServiceLocator.java:271) ~[maven-resolver-impl-1.9.18.jar:1.9.18]
	at io.papermc.paper.plugin.loader.library.impl.MavenLibraryResolver.<init>(MavenLibraryResolver.java:73) ~[paper-api-1.21.4-R0.1-SNAPSHOT.jar:?]
	at HuskHomes-Paper-4.8.3.jar/net.william278.huskhomes.PaperHuskHomesLoader.classloader(PaperHuskHomesLoader.java:44) ~[HuskHomes-Paper-4.8.3.jar:?]
	at io.papermc.paper.plugin.provider.type.paper.PaperPluginProviderFactory.build(PaperPluginProviderFactory.java:38) ~[paper-1.21.4.jar:1.21.4-14-b746d9d]
	at io.papermc.paper.plugin.provider.type.paper.PaperPluginProviderFactory.build(PaperPluginProviderFactory.java:23) ~[paper-1.21.4.jar:1.21.4-14-b746d9d]
	at io.papermc.paper.plugin.provider.type.PluginFileType.register(PluginFileType.java:72) ~[paper-1.21.4.jar:1.21.4-14-b746d9d]
	at io.papermc.paper.plugin.provider.source.FileProviderSource.registerProviders(FileProviderSource.java:96) ~[paper-1.21.4.jar:1.21.4-14-b746d9d]
	at io.papermc.paper.plugin.provider.source.DirectoryProviderSource.registerProviders(DirectoryProviderSource.java:52) ~[paper-1.21.4.jar:1.21.4-14-b746d9d]
	at io.papermc.paper.plugin.provider.source.DirectoryProviderSource.registerProviders(DirectoryProviderSource.java:17) ~[paper-1.21.4.jar:1.21.4-14-b746d9d]
	at io.papermc.paper.plugin.util.EntrypointUtil.registerProvidersFromSource(EntrypointUtil.java:15) ~[paper-1.21.4.jar:1.21.4-14-b746d9d]
	at io.papermc.paper.plugin.PluginInitializerManager.load(PluginInitializerManager.java:113) ~[paper-1.21.4.jar:1.21.4-14-b746d9d]
	at net.minecraft.server.Main.main(Main.java:125) ~[paper-1.21.4.jar:1.21.4-14-b746d9d]
	at io.papermc.paper.PaperBootstrap.boot(PaperBootstrap.java:21) ~[paper-1.21.4.jar:1.21.4-14-b746d9d]
	at org.bukkit.craftbukkit.Main.main(Main.java:281) ~[paper-1.21.4.jar:1.21.4-14-b746d9d]
	at io.papermc.paperclip.Paperclip.lambda$main$0(Paperclip.java:42) ~[app:?]
	at java.base/java.lang.Thread.run(Thread.java:1583) ~[?:?]
Caused by: java.net.UnknownHostException: a7d1b4f2-34d0-4e31-ad29-895355b97a40: Name or service not known
	at java.base/java.net.Inet6AddressImpl.lookupAllHostAddr(Native Method) ~[?:?]
	at java.base/java.net.Inet6AddressImpl.lookupAllHostAddr(Inet6AddressImpl.java:52) ~[?:?]
	at java.base/java.net.InetAddress$PlatformResolver.lookupByName(InetAddress.java:1211) ~[?:?]
	at java.base/java.net.InetAddress.getAddressesFromNameService(InetAddress.java:1828) ~[?:?]
	at java.base/java.net.InetAddress$NameServiceAddresses.get(InetAddress.java:1139) ~[?:?]
	at java.base/java.net.InetAddress.getAllByName0(InetAddress.java:1818) ~[?:?]
	at java.base/java.net.InetAddress.getLocalHost(InetAddress.java:1931) ~[?:?]
	... 47 more
[02:47:16] [ServerMain/ERROR]: [DirectoryProviderSource] Error loading plugin: java.lang.IllegalArgumentException: Directory 'plugins/.paper-remapped/mc-paint-1.5.0.jar' does not contain a paper-plugin.yml or plugin.yml! Could not determine plugin type, cannot load a plugin from it!
java.lang.RuntimeException: java.lang.IllegalArgumentException: Directory 'plugins/.paper-remapped/mc-paint-1.5.0.jar' does not contain a paper-plugin.yml or plugin.yml! Could not determine plugin type, cannot load a plugin from it!
	at io.papermc.paper.plugin.provider.source.FileProviderSource.registerProviders(FileProviderSource.java:86) ~[paper-1.21.4.jar:1.21.4-14-b746d9d]
	at io.papermc.paper.plugin.provider.source.DirectoryProviderSource.registerProviders(DirectoryProviderSource.java:52) ~[paper-1.21.4.jar:1.21.4-14-b746d9d]
	at io.papermc.paper.plugin.provider.source.DirectoryProviderSource.registerProviders(DirectoryProviderSource.java:17) ~[paper-1.21.4.jar:1.21.4-14-b746d9d]
	at io.papermc.paper.plugin.util.EntrypointUtil.registerProvidersFromSource(EntrypointUtil.java:15) ~[paper-1.21.4.jar:1.21.4-14-b746d9d]
	at io.papermc.paper.plugin.PluginInitializerManager.load(PluginInitializerManager.java:113) ~[paper-1.21.4.jar:1.21.4-14-b746d9d]
	at net.minecraft.server.Main.main(Main.java:125) ~[paper-1.21.4.jar:1.21.4-14-b746d9d]
	at io.papermc.paper.PaperBootstrap.boot(PaperBootstrap.java:21) ~[paper-1.21.4.jar:1.21.4-14-b746d9d]
	at org.bukkit.craftbukkit.Main.main(Main.java:281) ~[paper-1.21.4.jar:1.21.4-14-b746d9d]
	at io.papermc.paperclip.Paperclip.lambda$main$0(Paperclip.java:42) ~[app:?]
	at java.base/java.lang.Thread.run(Thread.java:1583) ~[?:?]
Caused by: java.lang.IllegalArgumentException: Directory 'plugins/.paper-remapped/mc-paint-1.5.0.jar' does not contain a paper-plugin.yml or plugin.yml! Could not determine plugin type, cannot load a plugin from it!
	... 10 more
[02:47:16] [ServerMain/INFO]: [PluginInitializerManager] Initialized 6 plugins
[02:47:16] [ServerMain/INFO]: [PluginInitializerManager] Paper plugins (1):
 - HuskHomes (4.8.3)
[02:47:16] [ServerMain/INFO]: [PluginInitializerManager] Bukkit plugins (5):
 - BisectHosting (1.0.4), LuckPerms (5.4.150), NameColor (1.9), dynmap (3.7-beta-7-Dev), mcMMO (2.2.029-SNAPSHOT)
[02:47:21] [ServerMain/INFO]: Environment: Environment[sessionHost=https://sessionserver.mojang.com, servicesHost=https://api.minecraftservices.com, name=PROD]
[02:47:21] [ServerMain/INFO]: [MCTypeRegistry] Initialising converters for DataConverter...
[02:47:21] [ServerMain/INFO]: [MCTypeRegistry] Finished initialising converters for DataConverter in 333.2ms
[02:47:22] [ServerMain/INFO]: Found non-pack entry './soapSMP/datapacks/.DS_Store', ignoring
[02:47:22] [ServerMain/ERROR]: Invalid directory entry: .DS_Store in ./soapSMP/datapacks/BlazeandCaves Advancements Pack 1.18.
java.nio.file.NotDirectoryException: .DS_Store
	at net.minecraft.server.packs.PathPackResources.getNamespaces(PathPackResources.java:108) ~[paper-1.21.4.jar:1.21.4-14-b746d9d]
	at net.minecraft.server.packs.resources.MultiPackResourceManager.lambda$new$0(MultiPackResourceManager.java:27) ~[paper-1.21.4.jar:1.21.4-14-b746d9d]
	at java.base/java.util.stream.ReferencePipeline$7$1.accept(ReferencePipeline.java:273) ~[?:?]
	at java.base/java.util.Spliterators$ArraySpliterator.forEachRemaining(Spliterators.java:1024) ~[?:?]
	at java.base/java.util.stream.AbstractPipeline.copyInto(AbstractPipeline.java:509) ~[?:?]
	at java.base/java.util.stream.AbstractPipeline.wrapAndCopyInto(AbstractPipeline.java:499) ~[?:?]
	at java.base/java.util.stream.AbstractPipeline.evaluate(AbstractPipeline.java:575) ~[?:?]
	at java.base/java.util.stream.AbstractPipeline.evaluateToArrayNode(AbstractPipeline.java:260) ~[?:?]
	at java.base/java.util.stream.ReferencePipeline.toArray(ReferencePipeline.java:616) ~[?:?]
	at java.base/java.util.stream.ReferencePipeline.toArray(ReferencePipeline.java:622) ~[?:?]
	at java.base/java.util.stream.ReferencePipeline.toList(ReferencePipeline.java:627) ~[?:?]
	at net.minecraft.server.packs.resources.MultiPackResourceManager.<init>(MultiPackResourceManager.java:27) ~[paper-1.21.4.jar:1.21.4-14-b746d9d]
	at net.minecraft.server.WorldLoader$PackConfig.createResourceManager(WorldLoader.java:96) ~[paper-1.21.4.jar:1.21.4-14-b746d9d]
	at net.minecraft.server.WorldLoader.load(WorldLoader.java:36) ~[paper-1.21.4.jar:1.21.4-14-b746d9d]
	at net.minecraft.server.Main.lambda$main$1(Main.java:274) ~[paper-1.21.4.jar:1.21.4-14-b746d9d]
	at net.minecraft.Util.blockUntilDone(Util.java:993) ~[paper-1.21.4.jar:1.21.4-14-b746d9d]
	at net.minecraft.Util.blockUntilDone(Util.java:988) ~[paper-1.21.4.jar:1.21.4-14-b746d9d]
	at net.minecraft.server.Main.main(Main.java:273) ~[paper-1.21.4.jar:1.21.4-14-b746d9d]
	at io.papermc.paper.PaperBootstrap.boot(PaperBootstrap.java:21) ~[paper-1.21.4.jar:1.21.4-14-b746d9d]
	at org.bukkit.craftbukkit.Main.main(Main.java:281) ~[paper-1.21.4.jar:1.21.4-14-b746d9d]
	at io.papermc.paperclip.Paperclip.lambda$main$0(Paperclip.java:42) ~[app:?]
	at java.base/java.lang.Thread.run(Thread.java:1583) ~[?:?]
[02:47:22] [ServerMain/ERROR]: Invalid directory entry: .DS_Store in ./soapSMP/datapacks/BlazeandCaves Advancements Pack 1.18.
java.nio.file.NotDirectoryException: .DS_Store
	at net.minecraft.server.packs.PathPackResources.getNamespaces(PathPackResources.java:108) ~[paper-1.21.4.jar:1.21.4-14-b746d9d]
	at net.minecraft.server.packs.resources.MultiPackResourceManager.<init>(MultiPackResourceManager.java:31) ~[paper-1.21.4.jar:1.21.4-14-b746d9d]
	at net.minecraft.server.WorldLoader$PackConfig.createResourceManager(WorldLoader.java:96) ~[paper-1.21.4.jar:1.21.4-14-b746d9d]
	at net.minecraft.server.WorldLoader.load(WorldLoader.java:36) ~[paper-1.21.4.jar:1.21.4-14-b746d9d]
	at net.minecraft.server.Main.lambda$main$1(Main.java:274) ~[paper-1.21.4.jar:1.21.4-14-b746d9d]
	at net.minecraft.Util.blockUntilDone(Util.java:993) ~[paper-1.21.4.jar:1.21.4-14-b746d9d]
	at net.minecraft.Util.blockUntilDone(Util.java:988) ~[paper-1.21.4.jar:1.21.4-14-b746d9d]
	at net.minecraft.server.Main.main(Main.java:273) ~[paper-1.21.4.jar:1.21.4-14-b746d9d]
	at io.papermc.paper.PaperBootstrap.boot(PaperBootstrap.java:21) ~[paper-1.21.4.jar:1.21.4-14-b746d9d]
	at org.bukkit.craftbukkit.Main.main(Main.java:281) ~[paper-1.21.4.jar:1.21.4-14-b746d9d]
	at io.papermc.paperclip.Paperclip.lambda$main$0(Paperclip.java:42) ~[app:?]
	at java.base/java.lang.Thread.run(Thread.java:1583) ~[?:?]
[02:47:22] [ServerMain/ERROR]: Invalid path in pack: blazeandcave:tags/entity_type/overSoapie SMP (Soapie SMP (Soapie SMP (Soapie S)_zombies.json, ignoring
[02:47:23] [Worker-Main-1/ERROR]: Invalid path in pack: blazeandcave:predicate/in_the_overSoapie SMP (Soapie SMP (Soapie SMP (Soapie S).json, ignoring
[02:47:23] [Worker-Main-1/ERROR]: Invalid path in pack: blazeandcave:predicate/at_Soapie SMP (Soapie SMP (Soapie SMP (Soapie S)_height.json, ignoring
[02:47:23] [Worker-Main-1/ERROR]: Invalid path in pack: multiplayer_sleep:predicate/overSoapie SMP (Main World)-2.json, ignoring
[02:47:23] [Worker-Main-3/ERROR]: Couldn't parse data file 'minecraft:entities/creeper' from 'minecraft:loot_table/entities/creeper.json': DataResult.Error['Failed to parse either. First: Failed to get element infinite_music_discs:dontplaymustnotplay; Second: Cannot parse as key without registry; Not a JSON object: 6 missed input: {"minecraft:custom_model_data":6,"minecraft:jukebox_playable":{"song":"infinite_music_discs:dontplaymustnotplay"}}; Failed to parse either. First: Failed to get element infinite_music_discs:heavenandhell; Second: Cannot parse as key without registry; Not a JSON object: 5 missed input: {"minecraft:custom_model_data":5,"minecraft:jukebox_playable":{"song":"infinite_music_discs:heavenandhell"}}; Failed to parse either. First: Failed to get element infinite_music_discs:onedaymore; Second: Cannot parse as key without registry; Not a JSON object: 4 missed input: {"minecraft:custom_model_data":4,"minecraft:jukebox_playable":{"song":"infinite_music_discs:onedaymore"}}; Failed to parse either. First: Failed to get element infinite_music_discs:pianoman; Second: Cannot parse as key without registry; Not a JSON object: 3 missed input: {"minecraft:custom_model_data":3,"minecraft:jukebox_playable":{"song":"infinite_music_discs:pianoman"}}; Failed to parse either. First: Failed to get element infinite_music_discs:pitterpatter; Second: Cannot parse as key without registry; Not a JSON object: 2 missed input: {"minecraft:custom_model_data":2,"minecraft:jukebox_playable":{"song":"infinite_music_discs:pitterpatter"}}; Failed to parse either. First: Failed to get element infinite_music_discs:redstoneeleavtor; Second: Cannot parse as key without registry; Not a JSON object: 1 missed input: {"minecraft:custom_model_data":1,"minecraft:jukebox_playable":{"song":"infinite_music_discs:redstoneeleavtor"}}': net.minecraft.world.level.storage.loot.LootTable@1402ba7]
[02:47:23] [Worker-Main-3/ERROR]: Couldn't parse data file 'armor_statues:random_pose' from 'armor_statues:loot_table/random_pose.json': DataResult.Error['Unknown registry key in ResourceKey[minecraft:root / minecraft:attribute]: minecraft:generic.attack_damage; Unknown registry key in ResourceKey[minecraft:root / minecraft:attribute]: minecraft:generic.attack_damage; Unknown registry key in ResourceKey[minecraft:root / minecraft:attribute]: minecraft:generic.attack_damage; Unknown registry key in ResourceKey[minecraft:root / minecraft:attribute]: minecraft:generic.attack_damage; Unknown registry key in ResourceKey[minecraft:root / minecraft:attribute]: minecraft:generic.attack_damage; Unknown registry key in ResourceKey[minecraft:root / minecraft:attribute]: minecraft:generic.attack_damage; Unknown registry key in ResourceKey[minecraft:root / minecraft:attribute]: minecraft:generic.attack_damage; Unknown registry key in ResourceKey[minecraft:root / minecraft:attribute]: minecraft:generic.attack_damage; Unknown registry key in ResourceKey[minecraft:root / minecraft:attribute]: minecraft:generic.attack_damage; Unknown registry key in ResourceKey[minecraft:root / minecraft:attribute]: minecraft:generic.attack_damage; Unknown registry key in ResourceKey[minecraft:root / minecraft:attribute]: minecraft:generic.attack_damage; Unknown registry key in ResourceKey[minecraft:root / minecraft:attribute]: minecraft:generic.attack_damage; Unknown registry key in ResourceKey[minecraft:root / minecraft:attribute]: minecraft:generic.attack_damage; Unknown registry key in ResourceKey[minecraft:root / minecraft:attribute]: minecraft:generic.attack_damage; Unknown registry key in ResourceKey[minecraft:root / minecraft:attribute]: minecraft:generic.attack_damage; Unknown registry key in ResourceKey[minecraft:root / minecraft:attribute]: minecraft:generic.attack_damage; Unknown registry key in ResourceKey[minecraft:root / minecraft:attribute]: minecraft:generic.attack_damage; Unknown registry key in ResourceKey[minecraft:root / minecraft:attribute]: minecraft:generic.attack_damage': net.minecraft.world.level.storage.loot.LootTable@6a5b7a25]
[02:47:24] [Worker-Main-4/WARN]: Found loot table element validation problem in {minecraft:loot_table/minecraft:entities/villager}.pools[2].entries[0]: Unknown loot table called more_mob_heads:entities/villager
[02:47:24] [Worker-Main-4/WARN]: Found loot table element validation problem in {minecraft:loot_table/minecraft:entities/player}.pools[1].entries[0]: Unknown loot table called graves:entities/player
[02:47:24] [Worker-Main-7/ERROR]: Invalid path in pack: blazeandcave:function/new_Soapie SMP (Soapie SMP (Soapie SMP (Soapie S).mcfunction, ignoring
[02:47:24] [Worker-Main-7/ERROR]: Invalid path in pack: bacap_rewards:function/.DS_Store, ignoring
[02:47:24] [Worker-Main-7/ERROR]: Invalid path in pack: bacap_rewards:function/exp/challenges/the_Soapie SMP (Soapie SMP (Soapie SMP (Soapie S)_is_ending.mcfunction, ignoring
[02:47:24] [Worker-Main-7/ERROR]: Invalid path in pack: bacap_rewards:function/exp/challenges/explorer_of_Soapie SMP (Soapie SMP (Soapie SMP (Soapie S)s.mcfunction, ignoring
[02:47:24] [Worker-Main-7/ERROR]: Invalid path in pack: bacap_rewards:function/exp/biomes/top_of_the_Soapie SMP (Soapie SMP (Soapie SMP (Soapie S).mcfunction, ignoring
[02:47:24] [Worker-Main-8/ERROR]: Invalid path in pack: minecraft:advancement/nether/ride_strider_in_overSoapie SMP (Soapie SMP (Soapie SMP (Soapie S)_lava.json, ignoring
[02:47:24] [Worker-Main-8/ERROR]: Invalid path in pack: minecraft:advancement/adventure/trade_at_Soapie SMP (Soapie SMP (Soapie SMP (Soapie S)_height.json, ignoring
[02:47:24] [Worker-Main-8/ERROR]: Invalid path in pack: minecraft:advancement/adventure/fall_from_Soapie SMP (Soapie SMP (Soapie SMP (Soapie S)_height.json, ignoring
[02:47:24] [Worker-Main-7/ERROR]: Invalid path in pack: bacap_rewards:function/reward/challenges/the_Soapie SMP (Soapie SMP (Soapie SMP (Soapie S)_is_ending.mcfunction, ignoring
[02:47:24] [Worker-Main-7/ERROR]: Invalid path in pack: bacap_rewards:function/reward/challenges/explorer_of_Soapie SMP (Soapie SMP (Soapie SMP (Soapie S)s.mcfunction, ignoring
[02:47:24] [Worker-Main-7/ERROR]: Invalid path in pack: bacap_rewards:function/reward/biomes/top_of_the_Soapie SMP (Soapie SMP (Soapie SMP (Soapie S).mcfunction, ignoring
[02:47:24] [Worker-Main-8/ERROR]: Invalid path in pack: blazeandcave:advancement/challenges/explorer_of_Soapie SMP (Soapie SMP (Soapie SMP (Soapie S)s.json, ignoring
[02:47:24] [Worker-Main-8/ERROR]: Invalid path in pack: blazeandcave:advancement/challenges/the_Soapie SMP (Soapie SMP (Soapie SMP (Soapie S)_is_ending.json, ignoring
[02:47:24] [Worker-Main-8/ERROR]: Invalid path in pack: blazeandcave:advancement/biomes/top_of_the_Soapie SMP (Soapie SMP (Soapie SMP (Soapie S).json, ignoring
[02:47:24] [Worker-Main-7/ERROR]: Invalid path in pack: bacap_rewards:function/trophy/challenges/the_Soapie SMP (Soapie SMP (Soapie SMP (Soapie S)_is_ending.mcfunction, ignoring
[02:47:24] [Worker-Main-7/ERROR]: Invalid path in pack: bacap_rewards:function/trophy/challenges/explorer_of_Soapie SMP (Soapie SMP (Soapie SMP (Soapie S)s.mcfunction, ignoring
[02:47:24] [Worker-Main-7/ERROR]: Invalid path in pack: bacap_rewards:function/challenges/the_Soapie SMP (Soapie SMP (Soapie SMP (Soapie S)_is_ending.mcfunction, ignoring
[02:47:24] [Worker-Main-7/ERROR]: Invalid path in pack: bacap_rewards:function/challenges/explorer_of_Soapie SMP (Soapie SMP (Soapie SMP (Soapie S)s.mcfunction, ignoring
[02:47:24] [Worker-Main-7/ERROR]: Invalid path in pack: bacap_rewards:function/biomes/top_of_the_Soapie SMP (Soapie SMP (Soapie SMP (Soapie S).mcfunction, ignoring
[02:47:24] [Worker-Main-7/ERROR]: Invalid path in pack: bacap_rewards:function/msg/challenges/the_Soapie SMP (Soapie SMP (Soapie SMP (Soapie S)_is_ending.mcfunction, ignoring
[02:47:24] [Worker-Main-7/ERROR]: Invalid path in pack: bacap_rewards:function/msg/challenges/explorer_of_Soapie SMP (Soapie SMP (Soapie SMP (Soapie S)s.mcfunction, ignoring
[02:47:24] [Worker-Main-7/ERROR]: Invalid path in pack: bacap_rewards:function/msg/biomes/top_of_the_Soapie SMP (Soapie SMP (Soapie SMP (Soapie S).mcfunction, ignoring
[02:47:24] [Worker-Main-8/ERROR]: Couldn't parse data file 'blazeandcave:adventure/do_you_want_to_trade' from 'blazeandcave:advancement/adventure/do_you_want_to_trade.json': DataResult.Error['Missing tag: 'blazeandcave:village' in 'minecraft:worldgen/structure' missed input: {"village":{"trigger":"minecraft:location","conditions":{"player":[{"condition":"minecraft:entity_properties","entity":"this","predicate":{"location":{"structures":"#blazeandcave:village"}}},{"condition":"minecraft:inverted","term":{"condition":"minecraft:entity_properties","entity":"this","predicate":{"type_specific":{"type":"player","gamemode":["spectator"]}}}}]}}}': Advancement[parent=Optional[minecraft:adventure/root], display=Optional[net.minecraft.advancements.DisplayInfo@23cc7472], rewards=AdvancementRewards[experience=0, loot=[], recipes=[], function=Optional[net.minecraft.commands.CacheableFunction@5ca5dbe5]], criteria={village=Criterion[trigger=net.minecraft.advancements.critereon.PlayerTrigger@4670bb1e, triggerInstance=TriggerInstance[player=Optional[net.minecraft.advancements.critereon.ContextAwarePredicate@2249839b]]]}, requirements=[[village]], sendsTelemetryEvent=false, name=Optional[translation{key='chat.square_brackets', args=[translation{key='Do You Want to Trade?', args=[]}[style={hoverEvent=TypedHoverEvent[action=<action show_text>, value=translation{key='Do You Want to Trade?', args=[]}[style={color=green}, siblings=[literal{
}, translation{key='Find an NPC village', args=[]}[style={color=green}]]]]}]]}[style={color=green}]]]]
[02:47:24] [Worker-Main-8/ERROR]: Couldn't parse data file 'blazeandcave:adventure/oh_look_it_dings' from 'blazeandcave:advancement/adventure/oh_look_it_dings.json': DataResult.Error['Missing tag: 'blazeandcave:village' in 'minecraft:worldgen/structure' missed input: {"bell":{"trigger":"minecraft:any_block_use","conditions":{"location":[{"condition":"minecraft:location_check","predicate":{"block":{"blocks":["minecraft:bell"]},"structures":"#blazeandcave:village"}}]}}}': Advancement[parent=Optional[blazeandcave:adventure/do_you_want_to_trade], display=Optional[net.minecraft.advancements.DisplayInfo@6243c21b], rewards=AdvancementRewards[experience=0, loot=[], recipes=[], function=Optional[net.minecraft.commands.CacheableFunction@6006bc31]], criteria={bell=Criterion[trigger=net.minecraft.advancements.critereon.AnyBlockInteractionTrigger@74aedfc0, triggerInstance=TriggerInstance[player=Optional.empty, location=Optional[net.minecraft.advancements.critereon.ContextAwarePredicate@6a11da50]]]}, requirements=[[bell]], sendsTelemetryEvent=false, name=Optional[translation{key='chat.square_brackets', args=[translation{key='Oh, look, it dings!', args=[]}[style={hoverEvent=TypedHoverEvent[action=<action show_text>, value=translation{key='Oh, look, it dings!', args=[]}[style={color=green}, siblings=[literal{
}, translation{key='Ring a bell in a village', args=[]}[style={color=green}]]]]}]]}[style={color=green}]]]]
[02:47:24] [Worker-Main-8/ERROR]: Couldn't parse data file 'vanillatweaks:armored_elytra' from 'vanillatweaks:advancement/armored_elytra.json': DataResult.Error['Not a JSON object: 13522556 missed input: {"minecraft:custom_model_data":13522556}': Advancement[parent=Optional[vanillatweaks:root], display=Optional[net.minecraft.advancements.DisplayInfo@eb643bb], rewards=AdvancementRewards[experience=0, loot=[], recipes=[], function=Optional.empty], criteria={tick=Criterion[trigger=net.minecraft.advancements.critereon.PlayerTrigger@6e6e360e, triggerInstance=TriggerInstance[player=Optional.empty]]}, requirements=[[tick]], sendsTelemetryEvent=false, name=Optional[translation{key='chat.square_brackets', args=[literal{Armored Elytra            }[style={hoverEvent=TypedHoverEvent[action=<action show_text>, value=literal{Armored Elytra            }[style={color=green}, siblings=[literal{
}, empty[siblings=[literal{Drop}[style={color=green}], literal{ elytra and a chestplate above an anvil to merge them into one item.
}[style={color=gold}], literal{Drop}[style={color=green}], literal{ the merged item above a grindstone to separate them again.
}[style={color=gold}], literal{Enchantments}[style={color=green}], literal{ are kept safely between merging and separating.
}[style={color=gold}], literal{Burning}[style={color=green}], literal{ netherite armored elytra will keep the chestplate but burn off the elytra.}[style={color=gold}]]]]]]}]]}[style={color=green}]]]]
[02:47:25] [Worker-Main-8/ERROR]: Couldn't parse data file 'blazeandcave:end/void_walker' from 'blazeandcave:advancement/end/void_walker.json': DataResult.Error['Missing tag: 'blazeandcave:end_barrens' in 'minecraft:worldgen/biome'; Missing tag: 'blazeandcave:end_midlands' in 'minecraft:worldgen/biome' missed input: {"end_midlands":{"trigger":"minecraft:location","conditions":{"player":[{"condition":"minecraft:entity_properties","entity":"this","predicate":{"location":{"biomes":"#blazeandcave:end_midlands"}}},{"condition":"minecraft:inverted","term":{"condition":"minecraft:entity_properties","entity":"this","predicate":{"type_specific":{"type":"player","gamemode":["spectator"]}}}}]}},"end_barrens":{"trigger":"minecraft:location","conditions":{"player":[{"condition":"minecraft:entity_properties","entity":"this","predicate":{"location":{"biomes":"#blazeandcave:end_barrens"}}},{"condition":"minecraft:inverted","term":{"condition":"minecraft:entity_properties","entity":"this","predicate":{"type_specific":{"type":"player","gamemode":["spectator"]}}}}]}}}': Advancement[parent=Optional[minecraft:end/enter_end_gateway], display=Optional[net.minecraft.advancements.DisplayInfo@1ba60fd2], rewards=AdvancementRewards[experience=0, loot=[], recipes=[], function=Optional[net.minecraft.commands.CacheableFunction@49bcb75c]], criteria={end_barrens=Criterion[trigger=net.minecraft.advancements.critereon.PlayerTrigger@4670bb1e, triggerInstance=TriggerInstance[player=Optional[net.minecraft.advancements.critereon.ContextAwarePredicate@1d3bdecb]]], the_end=Criterion[trigger=net.minecraft.advancements.critereon.PlayerTrigger@4670bb1e, triggerInstance=TriggerInstance[player=Optional[net.minecraft.advancements.critereon.ContextAwarePredicate@160583c8]]], small_end_islands=Criterion[trigger=net.minecraft.advancements.critereon.PlayerTrigger@4670bb1e, triggerInstance=TriggerInstance[player=Optional[net.minecraft.advancements.critereon.ContextAwarePredicate@3d76d645]]], end_midlands=Criterion[trigger=net.minecraft.advancements.critereon.PlayerTrigger@4670bb1e, triggerInstance=TriggerInstance[player=Optional[net.minecraft.advancements.critereon.ContextAwarePredicate@11dc80e0]]], end_highlands=Criterion[trigger=net.minecraft.advancements.critereon.PlayerTrigger@4670bb1e, triggerInstance=TriggerInstance[player=Optional[net.minecraft.advancements.critereon.ContextAwarePredicate@52d2d996]]]}, requirements=[[the_end], [small_end_islands], [end_highlands], [end_midlands], [end_barrens]], sendsTelemetryEvent=false, name=Optional[translation{key='chat.square_brackets', args=[translation{key='Void Walker', args=[]}[style={hoverEvent=TypedHoverEvent[action=<action show_text>, value=translation{key='Void Walker', args=[]}[style={color=green}, siblings=[literal{
}, translation{key='Explore every end biome', args=[]}[style={color=#75E1FF}]]]]}]]}[style={color=green}]]]]
[02:47:26] [ServerMain/INFO]: Loaded 1609 recipes
[02:47:26] [ServerMain/ERROR]: Failed to load function armor_statues:trigger/random_pose
java.util.concurrent.CompletionException: java.lang.IllegalArgumentException: Whilst parsing command on line 11: Failed to parse structure: Failed to get element ResourceKey[minecraft:loot_table / armor_statues:random_pose] at position 116: ...andom_pose<--[HERE]
	at java.base/java.util.concurrent.CompletableFuture.encodeThrowable(CompletableFuture.java:315) ~[?:?]
	at java.base/java.util.concurrent.CompletableFuture.completeThrowable(CompletableFuture.java:320) ~[?:?]
	at java.base/java.util.concurrent.CompletableFuture$AsyncSupply.run(CompletableFuture.java:1770) ~[?:?]
	at java.base/java.util.concurrent.ThreadPoolExecutor.runWorker(ThreadPoolExecutor.java:1144) ~[?:?]
	at java.base/java.util.concurrent.ThreadPoolExecutor$Worker.run(ThreadPoolExecutor.java:642) ~[?:?]
	at java.base/java.lang.Thread.run(Thread.java:1583) ~[?:?]
Caused by: java.lang.IllegalArgumentException: Whilst parsing command on line 11: Failed to parse structure: Failed to get element ResourceKey[minecraft:loot_table / armor_statues:random_pose] at position 116: ...andom_pose<--[HERE]
	at net.minecraft.commands.functions.CommandFunction.fromLines(CommandFunction.java:86) ~[paper-1.21.4.jar:1.21.4-14-b746d9d]
	at net.minecraft.server.ServerFunctionLibrary.lambda$reload$3(ServerFunctionLibrary.java:92) ~[paper-1.21.4.jar:1.21.4-14-b746d9d]
	at java.base/java.util.concurrent.CompletableFuture$AsyncSupply.run(CompletableFuture.java:1768) ~[?:?]
	... 3 more
[02:47:26] [ServerMain/ERROR]: Failed to load function blazeandcave:one_second_timer
java.util.concurrent.CompletionException: java.lang.IllegalArgumentException: Whilst parsing command on line 239: Failed to parse structure: Failed to get element ResourceKey[minecraft:predicate / blazeandcave:third_line] at position 54: ...third_line<--[HERE]
	at java.base/java.util.concurrent.CompletableFuture.encodeThrowable(CompletableFuture.java:315) ~[?:?]
	at java.base/java.util.concurrent.CompletableFuture.completeThrowable(CompletableFuture.java:320) ~[?:?]
	at java.base/java.util.concurrent.CompletableFuture$AsyncSupply.run(CompletableFuture.java:1770) ~[?:?]
	at java.base/java.util.concurrent.ThreadPoolExecutor.runWorker(ThreadPoolExecutor.java:1144) ~[?:?]
	at java.base/java.util.concurrent.ThreadPoolExecutor$Worker.run(ThreadPoolExecutor.java:642) ~[?:?]
	at java.base/java.lang.Thread.run(Thread.java:1583) ~[?:?]
Caused by: java.lang.IllegalArgumentException: Whilst parsing command on line 239: Failed to parse structure: Failed to get element ResourceKey[minecraft:predicate / blazeandcave:third_line] at position 54: ...third_line<--[HERE]
	at net.minecraft.commands.functions.CommandFunction.fromLines(CommandFunction.java:86) ~[paper-1.21.4.jar:1.21.4-14-b746d9d]
	at net.minecraft.server.ServerFunctionLibrary.lambda$reload$3(ServerFunctionLibrary.java:92) ~[paper-1.21.4.jar:1.21.4-14-b746d9d]
	at java.base/java.util.concurrent.CompletableFuture$AsyncSupply.run(CompletableFuture.java:1768) ~[?:?]
	... 3 more
[02:47:26] [ServerMain/ERROR]: Failed to load function multiplayer_sleep:start_sleeping
java.util.concurrent.CompletionException: java.lang.IllegalArgumentException: Whilst parsing command on line 2: Failed to parse structure: Failed to get element ResourceKey[minecraft:predicate / multiplayer_sleep:overworld] at position 48: ...:overworld<--[HERE]
	at java.base/java.util.concurrent.CompletableFuture.encodeThrowable(CompletableFuture.java:315) ~[?:?]
	at java.base/java.util.concurrent.CompletableFuture.completeThrowable(CompletableFuture.java:320) ~[?:?]
	at java.base/java.util.concurrent.CompletableFuture$AsyncSupply.run(CompletableFuture.java:1770) ~[?:?]
	at java.base/java.util.concurrent.ThreadPoolExecutor.runWorker(ThreadPoolExecutor.java:1144) ~[?:?]
	at java.base/java.util.concurrent.ThreadPoolExecutor$Worker.run(ThreadPoolExecutor.java:642) ~[?:?]
	at java.base/java.lang.Thread.run(Thread.java:1583) ~[?:?]
Caused by: java.lang.IllegalArgumentException: Whilst parsing command on line 2: Failed to parse structure: Failed to get element ResourceKey[minecraft:predicate / multiplayer_sleep:overworld] at position 48: ...:overworld<--[HERE]
	at net.minecraft.commands.functions.CommandFunction.fromLines(CommandFunction.java:86) ~[paper-1.21.4.jar:1.21.4-14-b746d9d]
	at net.minecraft.server.ServerFunctionLibrary.lambda$reload$3(ServerFunctionLibrary.java:92) ~[paper-1.21.4.jar:1.21.4-14-b746d9d]
	at java.base/java.util.concurrent.CompletableFuture$AsyncSupply.run(CompletableFuture.java:1768) ~[?:?]
	... 3 more
[02:47:27] [ServerMain/ERROR]: Couldn't load advancements: [blazeandcave:adventure/retro_future_knight, minecraft:adventure/minecraft_trials_edition, blazeandcave:adventure/break_wind, blazeandcave:technical/branch2_end, blazeandcave:adventure/keys_to_success, blazeandcave:adventure/heres_johnny, blazeandcave:adventure/businessman, blazeandcave:adventure/workaholic, blazeandcave:adventure/your_daily_fix, blazeandcave:adventure/crazy_cat_lady, blazeandcave:adventure/core_keeper, blazeandcave:adventure/treasure_map, blazeandcave:adventure/filthy_stinkin_rich, blazeandcave:adventure/house_of_psychos, blazeandcave:end/dimension_penetration, minecraft:adventure/under_lock_and_key, minecraft:adventure/revaulting, blazeandcave:adventure/traveller, blazeandcave:adventure/guardian_destroyer, blazeandcave:adventure/the_tribal_villagers, minecraft:adventure/summon_iron_golem, blazeandcave:adventure/from_under_your_feet, blazeandcave:adventure/filthy_rich, blazeandcave:challenges/a_million_blocks_away, blazeandcave:adventure/all_chained_up, blazeandcave:adventure/knowledge_is_power, minecraft:adventure/totem_of_undying, minecraft:adventure/trade_at_world_height, blazeandcave:challenges/overwarden, minecraft:adventure/trade, blazeandcave:end/unending_hell, blazeandcave:adventure/ghostbuster, blazeandcave:adventure/monumental, blazeandcave:challenges/the_devils_distance, minecraft:adventure/blowback, minecraft:husbandry/complete_catalogue, blazeandcave:adventure/tricky_treasures, blazeandcave:adventure/rekt, blazeandcave:adventure/mapmaker, blazeandcave:adventure/omniscient, blazeandcave:adventure/rare_candy_shop, blazeandcave:adventure/breeze_suppressor, blazeandcave:adventure/hard_mode_activated, blazeandcave:adventure/nerds_never_die, blazeandcave:adventure/mapmakers_table, blazeandcave:technical/branch5_end, blazeandcave:adventure/village_settler, blazeandcave:adventure/master_trader, blazeandcave:adventure/wololo, blazeandcave:adventure/prime_specimen, blazeandcave:adventure/spear_fishing, blazeandcave:adventure/town_planner, blazeandcave:adventure/if_only_cats_grew_into_kittens, blazeandcave:adventure/sponge_miner, blazeandcave:challenges/immortal, blazeandcave:adventure/hey_you_two_should_kiss, blazeandcave:adventure/the_shielding, blazeandcave:challenges/farlander, blazeandcave:adventure/im_not_lost_anymore, blazeandcave:adventure/dry_spell, blazeandcave:adventure/murderer, blazeandcave:adventure/the_deep_end, blazeandcave:adventure/professional, blazeandcave:adventure/vault_hunter, blazeandcave:adventure/laser_sharks, blazeandcave:adventure/lilypad_hatter, blazeandcave:challenges/death_from_all, blazeandcave:adventure/you_are_the_pillager, blazeandcave:adventure/this_will_be_a_breeze, blazeandcave:adventure/map_room, minecraft:adventure/who_needs_rockets]
[02:47:27] [ServerMain/INFO]: Loaded 2760 advancements
[02:47:27] [Server thread/INFO]: Starting minecraft server version 1.21.4
[02:47:27] [Server thread/INFO]: Loading properties
[02:47:27] [Server thread/INFO]: This server is running Paper version 1.21.4-14-master@b746d9d (2024-12-11T21:22:39Z) (Implementing API version 1.21.4-R0.1-SNAPSHOT)
[02:47:27] [Server thread/INFO]: [spark] This server bundles the spark profiler. For more information please visit https://docs.papermc.io/paper/profiling
[02:47:28] [Server thread/INFO]: Server Ping Player Sample Count: 12
[02:47:28] [Server thread/INFO]: Using 4 threads for Netty based IO
[02:47:28] [Server thread/INFO]: [MoonriseCommon] Paper is using 8 worker threads, 1 I/O threads
[02:47:28] [Server thread/INFO]: [ChunkTaskScheduler] Chunk system is using population gen parallelism: true
[02:47:28] [Server thread/INFO]: Default game type: SURVIVAL
[02:47:28] [Server thread/INFO]: Generating keypair
[02:47:28] [Server thread/INFO]: Starting Minecraft server on 173.240.148.216:27000
[02:47:28] [Server thread/INFO]: Using epoll channel type
[02:47:28] [Server thread/INFO]: Paper: Using libdeflate (Linux x86_64) compression from Velocity.
[02:47:28] [Server thread/INFO]: Paper: Using OpenSSL 3.x.x (Linux x86_64) cipher from Velocity.
[02:47:29] [Server thread/INFO]: [LuckPerms] Loading server plugin LuckPerms v5.4.150
[02:47:29] [Server thread/INFO]: [dynmap] Loading server plugin dynmap v3.7-beta-7-Dev
[02:47:29] [Server thread/INFO]: [dynmap] version=1.21.4-14-b746d9d (MC: 1.21.4)
[02:47:29] [Server thread/INFO]: [dynmap] Mod Support API available
[02:47:29] [Server thread/INFO]: [NameColor] Loading server plugin NameColor v1.9
[02:47:29] [Server thread/INFO]: [mcMMO] Loading server plugin mcMMO v2.2.029-SNAPSHOT
[02:47:29] [Server thread/INFO]: [BisectHosting] Loading server plugin BisectHosting v1.0.4
[02:47:29] [Server thread/INFO]: [HuskHomes] Loading server plugin HuskHomes v4.8.3
[02:47:29] [Server thread/INFO]: [HuskHomes] Registered 'on_load' hooks
[02:47:29] [Server thread/INFO]: [HuskHomes] Successfully loaded HuskHomes v4.8.3
[02:47:29] [Server thread/INFO]: Server permissions file permissions.yml is empty, ignoring it
[02:47:29] [Server thread/INFO]: [LuckPerms] Enabling LuckPerms v5.4.150
[02:47:30] [Server thread/INFO]:         __    
[02:47:30] [Server thread/INFO]:   |    |__)   LuckPerms v5.4.150
[02:47:30] [Server thread/INFO]:   |___ |      Running on Bukkit - Paper
[02:47:30] [Server thread/INFO]: 
[02:47:30] [Server thread/INFO]: [LuckPerms] Loading configuration...
[02:47:30] [Server thread/INFO]: [LuckPerms] Loading storage provider... [H2]
[02:47:31] [Server thread/INFO]: [LuckPerms] Loading internal permission managers...
[02:47:31] [Server thread/INFO]: [LuckPerms] Performing initial data load...
[02:47:31] [Server thread/INFO]: [LuckPerms] Successfully enabled. (took 1593ms)
[02:47:31] [Server thread/INFO]: Preparing level "soapSMP"
[02:47:32] [Server thread/INFO]: Preparing start region for dimension minecraft:overworld
[02:47:32] [Server thread/INFO]: Preparing spawn area: 0%
[02:47:33] [Server thread/INFO]: Preparing spawn area: 2%
[02:47:33] [Server thread/INFO]: Preparing spawn area: 2%
[02:47:33] [Server thread/INFO]: Time elapsed: 1459 ms
[02:47:33] [Server thread/INFO]: Preparing start region for dimension minecraft:the_nether
[02:47:34] [Server thread/INFO]: Preparing spawn area: 0%
[02:47:34] [Server thread/INFO]: Preparing spawn area: 100%
[02:47:34] [Server thread/INFO]: Time elapsed: 663 ms
[02:47:34] [Server thread/INFO]: Preparing start region for dimension minecraft:the_end
[02:47:34] [Server thread/INFO]: Preparing spawn area: 0%
[02:47:34] [Server thread/INFO]: Time elapsed: 59 ms
[02:47:34] [Server thread/INFO]: [dynmap] Enabling dynmap v3.7-beta-7-Dev
[02:47:35] [Server thread/INFO]: [dynmap] Added 21 custom biome mappings
[02:47:35] [Server thread/INFO]: [dynmap] Using LuckPerms 5.4.150 for access control
[02:47:35] [Server thread/INFO]: [dynmap] Extracted files upgraded
[02:47:35] [Server thread/INFO]: [dynmap] Mod Support processing completed
[02:47:40] [Server thread/INFO]: [dynmap] Loaded 27 shaders.
[02:47:40] [Server thread/INFO]: [dynmap] Loaded 83 perspectives.
[02:47:40] [Server thread/INFO]: [dynmap] Loaded 22 lightings.
[02:47:40] [Server thread/INFO]: [dynmap] Starting enter/exit processing
[02:47:40] [Dynmap Render Thread/INFO]: [dynmap] Finish marker initialization
[02:47:40] [Server thread/INFO]: [dynmap] Web server started on address 173.240.148.216:8123
[02:47:40] [Server thread/INFO]: [dynmap] version 3.7-beta-7-Dev is enabled - core version 3.7-beta-7-Dev
[02:47:40] [Server thread/INFO]: [dynmap] For support, visit our Discord at https://discord.gg/s3rd5qn
[02:47:40] [Server thread/INFO]: [dynmap] For news, visit https://reddit.com/r/Dynmap or follow https://universeodon.com/@dynmap
[02:47:40] [Server thread/INFO]: [dynmap] To report or track bugs, visit https://github.com/webbukkit/dynmap/issues
[02:47:40] [Server thread/INFO]: [dynmap] If you'd like to donate, please visit https://www.patreon.com/dynmap or https://ko-fi.com/michaelprimm
[02:47:40] [Server thread/INFO]: [dynmap] Loaded 3 maps of world 'soapSMP'.
[02:47:40] [Server thread/INFO]: [dynmap] Loaded 17 pending tile renders for world 'soapSMP'
[02:47:40] [Server thread/INFO]: [dynmap] Loaded 2 maps of world 'soapSMP_nether'.
[02:47:40] [Server thread/INFO]: [dynmap] Loaded 2 maps of world 'soapSMP_the_end'.
[02:47:40] [Server thread/INFO]: [dynmap] Enabled
[02:47:40] [Server thread/INFO]: [NameColor] Enabling NameColor v1.9
[02:47:40] [Server thread/INFO]: [NameColor] Essentials plugin not found, using Server mode
[02:47:40] [Server thread/INFO]: [NameColor] Configuration found.
[02:47:41] [Server thread/INFO]: [NameColor] NameColor version 1.9 enabled.
[02:47:41] [Server thread/INFO]: [mcMMO] Enabling mcMMO v2.2.029-SNAPSHOT
[02:47:42] [Server thread/INFO]: [mcMMO] Loaded 220 Alchemy potions, skipped 0.
[02:47:43] [Server thread/INFO]: [BisectHosting] Enabling BisectHosting v1.0.4
[02:47:43] [Server thread/INFO]: [HuskHomes] Enabling HuskHomes v4.8.3
[02:47:43] [Server thread/INFO]: [HuskHomes] Registered 'on_enable' hooks
[02:47:43] [Server thread/INFO]: [HuskHomes] Successfully enabled HuskHomes v4.8.3
[02:47:44] [Server thread/INFO]: [spark] Starting background profiler...
[02:47:44] [Server thread/INFO]: Done preparing level "soapSMP" (13.042s)
[02:47:44] [Server thread/INFO]: Running delayed init tasks
[02:47:45] [User Authenticator #0/INFO]: UUID of player shadowvyce is 4d069a3a-833a-4b46-9649-3f04dc05714e
[02:47:45] [Server thread/INFO]: Done (32.427s)! For help, type "help"
[02:47:46] [Dynmap Render Thread/INFO]: [dynmap] Loading default resource pack
[02:47:46] [Server thread/INFO]: shadowvyce joined the game
[02:47:46] [Dynmap Render Thread/WARN]: [dynmap] Resource assets/minecraft/textures/all.png for mod minecraft not found
[02:47:47] [Server thread/INFO]: shadowvyce[/66.33.8.247:57370] logged in with entity id 723 at ([soapSMP]-989.1849470963141, 125.0, 1618.838395532098)
[02:47:47] [Server thread/WARN]: Can't keep up! Is the server overloaded? Running 2521ms or 50 ticks behind
[02:47:51] [Craft Scheduler Thread - 3 - HuskHomes/INFO]: [HuskHomes] Registered 'after_load' hooks
[02:48:34] [User Authenticator #0/INFO]: UUID of player bwjr is 144958a6-0311-4984-869e-d61b2ffd8745
[02:48:34] [Server thread/INFO]: bwjr joined the game
[02:48:35] [Server thread/INFO]: bwjr[/207.5.148.5:14470] logged in with entity id 1076 at ([soapSMP]-993.6758280443091, 126.50016955097306, 1625.7849137148894)
[02:50:19] [Server thread/INFO]: bwjr issued server command: /effect give bwjr minecraft:invisibility infinite
[02:50:19] [Server thread/INFO]: [bwjr: Applied effect Invisibility to bwjr]
[02:50:26] [Server thread/INFO]: bwjr issued server command: /gamemode creative
[02:50:26] [Server thread/INFO]: [bwjr: Set own game mode to Creative Mode]
[02:52:22] [Server thread/INFO]: bwjr issued server command: /spawn
[02:52:29] [Server thread/INFO]: bwjr issued server command: /back
[02:53:04] [Server thread/INFO]: bwjr issued server command: /back
[02:54:27] [Server thread/INFO]: bwjr issued server command: /back
[02:55:48] [Server thread/INFO]: bwjr issued server command: /home home
[03:01:07] [Server thread/INFO]: bwjr issued server command: /give bwjr lead
[03:01:07] [Server thread/INFO]: [bwjr: Gave 1 [Lead] to bwjr]
[03:04:14] [Server thread/INFO]: bwjr issued server command: /gamemode spectator
[03:04:14] [Server thread/INFO]: [bwjr: Set own game mode to Spectator Mode]
[03:05:42] [Server thread/INFO]: bwjr issued server command: /gamemode creative
[03:05:42] [Server thread/INFO]: [bwjr: Set own game mode to Creative Mode]
[03:06:49] [Server thread/INFO]: bwjr issued server command: /gamemode spectator
[03:06:49] [Server thread/INFO]: [bwjr: Set own game mode to Spectator Mode]
[03:07:14] [Server thread/INFO]: bwjr issued server command: /gamemode creative
[03:07:14] [Server thread/INFO]: [bwjr: Set own game mode to Creative Mode]
[03:07:59] [Server thread/INFO]: bwjr issued server command: /gamemode spectator
[03:07:59] [Server thread/INFO]: [bwjr: Set own game mode to Spectator Mode]
[03:09:06] [Server thread/INFO]: bwjr issued server command: /gamemode creative
[03:09:06] [Server thread/INFO]: [bwjr: Set own game mode to Creative Mode]
[03:12:49] [Server thread/INFO]: bwjr issued server command: /gamemode creative
[03:12:54] [Server thread/INFO]: bwjr issued server command: /gamemode spectator
[03:12:54] [Server thread/INFO]: [bwjr: Set own game mode to Spectator Mode]
[03:13:23] [Server thread/INFO]: bwjr issued server command: /gamemode creative
[03:13:23] [Server thread/INFO]: [bwjr: Set own game mode to Creative Mode]
[03:13:50] [Server thread/INFO]: shadowvyce issued server command: /trigger set add 13
[03:14:12] [Server thread/INFO]: shadowvyce issued server command: /trigger sethom add 13
[03:15:13] [Server thread/INFO]: shadowvyce issued server command: /trigger set add 13
[03:16:39] [Server thread/INFO]: shadowvyce issued server command: /trigger spawn set 13
[03:16:39] [Server thread/INFO]: [shadowvyce: Triggered [Spawn] (set value to 13)]
[03:16:59] [Server thread/INFO]: shadowvyce issued server command: /trigger home
[03:16:59] [Server thread/INFO]: [shadowvyce: Triggered [Home]]
[03:17:10] [Server thread/INFO]: shadowvyce issued server command: /trigger spawn
[03:17:10] [Server thread/INFO]: [shadowvyce: Triggered [Spawn]]
[03:17:22] [Server thread/INFO]: shadowvyce issued server command: /trigger ?
[03:17:28] [Server thread/INFO]: shadowvyce issued server command: /trigger help
[03:17:33] [Server thread/INFO]: shadowvyce issued server command: /trigger as_help
[03:17:33] [Server thread/INFO]: [shadowvyce: Triggered [as_help]]
[03:17:46] [Server thread/INFO]: shadowvyce issued server command: /trigger homes
[03:17:46] [Server thread/INFO]: [shadowvyce: Triggered [Homes]]
[03:18:17] [Server thread/INFO]: shadowvyce issued server command: /trigger home set 2
[03:18:17] [Server thread/INFO]: [shadowvyce: Triggered [Home] (set value to 2)]
[03:18:37] [Server thread/INFO]: shadowvyce issued server command: /trigger home
[03:18:37] [Server thread/INFO]: [shadowvyce: Triggered [Home]]
[03:21:12] [Server thread/INFO]: shadowvyce issued server command: /trigger home add 13
[03:21:12] [Server thread/INFO]: [shadowvyce: Triggered [Home] (added 13 to value)]
[03:21:22] [Server thread/INFO]: shadowvyce issued server command: /trigger home set 3
[03:21:22] [Server thread/INFO]: [shadowvyce: Triggered [Home] (set value to 3)]
[03:21:36] [Server thread/INFO]: shadowvyce issued server command: /trigger homes add 13
[03:21:36] [Server thread/INFO]: [shadowvyce: Triggered [Homes] (added 13 to value)]
[03:21:58] [Server thread/INFO]: shadowvyce issued server command: /trigger homes
[03:21:58] [Server thread/INFO]: [shadowvyce: Triggered [Homes]]
[03:22:18] [Server thread/INFO]: shadowvyce issued server command: /trigger home add 13
[03:22:18] [Server thread/INFO]: [shadowvyce: Triggered [Home] (added 13 to value)]
[03:22:24] [Server thread/INFO]: shadowvyce issued server command: /trigger home set 13
[03:22:24] [Server thread/INFO]: [shadowvyce: Triggered [Home] (set value to 13)]
[03:22:33] [Server thread/INFO]: shadowvyce issued server command: /trigger homes add 13
[03:22:33] [Server thread/INFO]: [shadowvyce: Triggered [Homes] (added 13 to value)]
[03:22:44] [Server thread/INFO]: shadowvyce issued server command: /trigger homes set 13
[03:22:44] [Server thread/INFO]: [shadowvyce: Triggered [Homes] (set value to 13)]
[03:22:52] [Server thread/INFO]: shadowvyce issued server command: /trigger homes set 3
[03:22:52] [Server thread/INFO]: [shadowvyce: Triggered [Homes] (set value to 3)]
[03:23:05] [Server thread/INFO]: shadowvyce issued server command: /trigger home set 3
[03:23:05] [Server thread/INFO]: [shadowvyce: Triggered [Home] (set value to 3)]
[03:23:14] [Server thread/INFO]: shadowvyce issued server command: /trigger home add 3
[03:23:14] [Server thread/INFO]: [shadowvyce: Triggered [Home] (added 3 to value)]
[03:23:36] [Server thread/INFO]: shadowvyce issued server command: /trigger home add 13
[03:23:36] [Server thread/INFO]: [shadowvyce: Triggered [Home] (added 13 to value)]
[03:23:48] [Server thread/INFO]: shadowvyce issued server command: /trigger homes set 3
[03:23:48] [Server thread/INFO]: [shadowvyce: Triggered [Homes] (set value to 3)]
[03:24:00] [Server thread/INFO]: shadowvyce issued server command: /trigger homes add 3
[03:24:00] [Server thread/INFO]: [shadowvyce: Triggered [Homes] (added 3 to value)]
[03:29:25] [Server thread/INFO]: shadowvyce issued server command: /trigger sethome add 3
[03:29:25] [Server thread/INFO]: [shadowvyce: Triggered [Set Home] (added 3 to value)]
[03:29:33] [Server thread/INFO]: shadowvyce issued server command: /trigger homes
[03:29:33] [Server thread/INFO]: [shadowvyce: Triggered [Homes]]
[03:29:53] [Server thread/INFO]: shadowvyce issued server command: /trigger home
[03:29:53] [Server thread/INFO]: [shadowvyce: Triggered [Home]]
[03:30:16] [Server thread/INFO]: shadowvyce issued server command: /trigger home set 3
[03:30:16] [Server thread/INFO]: [shadowvyce: Triggered [Home] (set value to 3)]
[03:34:10] [Server thread/INFO]: bwjr issued server command: /effect clear
[03:34:10] [Server thread/INFO]: [bwjr: Removed every effect from bwjr]
[03:39:16] [Server thread/INFO]: shadowvyce issued server command: /trigger home set 1
[03:39:16] [Server thread/INFO]: [shadowvyce: Triggered [Home] (set value to 1)]
[03:52:53] [Server thread/INFO]: shadowvyce issued server command: /trigger home set 3
[03:52:53] [Server thread/INFO]: [shadowvyce: Triggered [Home] (set value to 3)]
[03:53:05] [Server thread/INFO]: shadowvyce issued server command: /trigger home set 13
[03:53:05] [Server thread/INFO]: [shadowvyce: Triggered [Home] (set value to 13)]
[03:59:35] [Server thread/INFO]: bwjr lost connection: Disconnected
[03:59:35] [Server thread/INFO]: bwjr left the game
[04:00:31] [Server thread/INFO]: shadowvyce issued server command: /trigger home set 1
[04:00:31] [Server thread/INFO]: [shadowvyce: Triggered [Home] (set value to 1)]
[04:19:31] [Server thread/INFO]: shadowvyce issued server command: /trigger home set 1
[04:19:31] [Server thread/INFO]: [shadowvyce: Triggered [Home] (set value to 1)]
[04:19:37] [Server thread/INFO]: shadowvyce lost connection: Disconnected
[04:19:37] [Server thread/INFO]: shadowvyce left the game
[06:51:48] [Server thread/INFO]: [Not Secure] [Server] Server will be restarting in 30 minutes.
[07:06:49] [Server thread/INFO]: [Not Secure] [Server] Server will be restarting in 15 minutes.
[07:16:49] [Server thread/INFO]: [Not Secure] [Server] Server will be restarting in 5 minutes.
[07:20:49] [Server thread/INFO]: [Not Secure] [Server] Server will be restarting in 1 minute.
[07:21:51] [Server thread/INFO]: Stopping the server
[07:21:51] [Server thread/INFO]: Stopping server
[07:21:51] [Server thread/INFO]: [HuskHomes] Disabling HuskHomes v4.8.3
[07:21:51] [Server thread/INFO]: [HuskHomes] Disabling HuskHomes v4.8.3...
[07:21:51] [Server thread/INFO]: [HuskHomes] Successfully disabled HuskHomes v4.8.3
[07:21:51] [Server thread/INFO]: [BisectHosting] Disabling BisectHosting v1.0.4
[07:21:51] [Server thread/INFO]: [mcMMO] Disabling mcMMO v2.2.029-SNAPSHOT
[07:21:51] [Server thread/INFO]: [mcMMO] Server shutdown has been executed, saving and cleaning up data...
[07:21:51] [Server thread/INFO]: [mcMMO] Saving mcMMOPlayers... (0)
[07:21:51] [Server thread/INFO]: [mcMMO] Finished save operation for 0 players!
[07:21:51] [Server thread/INFO]: [NameColor] Disabling NameColor v1.9
[07:21:51] [Server thread/INFO]: [NameColor] Disabled.
[07:21:51] [Server thread/INFO]: [dynmap] Disabling dynmap v3.7-beta-7-Dev
[07:21:51] [Server thread/INFO]: [dynmap] Unloaded 11 components.
[07:21:51] [Server thread/INFO]: [dynmap] Stopping map renderer...
[07:21:52] [Server thread/INFO]: [dynmap] Saved 4 pending tile renders in world 'soapSMP'
[07:21:52] [Server thread/INFO]: [dynmap] Disabled
[07:21:52] [Server thread/INFO]: [LuckPerms] Disabling LuckPerms v5.4.150
[07:21:52] [Server thread/INFO]: [LuckPerms] Starting shutdown process...
[07:21:52] [Server thread/INFO]: [LuckPerms] Closing storage...
[07:21:52] [Server thread/INFO]: [LuckPerms] Goodbye!
[07:21:52] [Server thread/INFO]: Saving players
[07:21:52] [Server thread/INFO]: Saving worlds
[07:21:52] [Server thread/INFO]: Saving chunks for level 'ServerLevel[soapSMP]'/minecraft:overworld
[07:21:52] [Server thread/INFO]: [ChunkHolderManager] Waiting 60s for chunk system to halt for world 'soapSMP'
[07:21:52] [Server thread/INFO]: [ChunkHolderManager] Halted chunk system for world 'soapSMP'
[07:21:52] [Server thread/INFO]: [ChunkHolderManager] Saving all chunkholders for world 'soapSMP'
[07:21:52] [Server thread/INFO]: [ChunkHolderManager] Saved 6 block chunks, 259 entity chunks, 0 poi chunks in world 'soapSMP' in 0.11s
[07:21:52] [Server thread/INFO]: [ChunkHolderManager] Waiting 60s for chunk I/O to halt for world 'soapSMP'
[07:21:52] [Server thread/INFO]: [ChunkHolderManager] Halted I/O scheduler for world 'soapSMP'
[07:21:52] [Server thread/INFO]: Saving chunks for level 'ServerLevel[soapSMP_nether]'/minecraft:the_nether
[07:21:52] [Server thread/INFO]: [ChunkHolderManager] Waiting 60s for chunk system to halt for world 'soapSMP_nether'
[07:21:52] [Server thread/INFO]: [ChunkHolderManager] Halted chunk system for world 'soapSMP_nether'
[07:21:52] [Server thread/INFO]: [ChunkHolderManager] Saving all chunkholders for world 'soapSMP_nether'
[07:21:52] [Server thread/INFO]: [ChunkHolderManager] Saved 0 block chunks, 3 entity chunks, 0 poi chunks in world 'soapSMP_nether' in 0.01s
[07:21:52] [Server thread/INFO]: [ChunkHolderManager] Waiting 60s for chunk I/O to halt for world 'soapSMP_nether'
[07:21:52] [Server thread/INFO]: [ChunkHolderManager] Halted I/O scheduler for world 'soapSMP_nether'
[07:21:52] [Server thread/INFO]: Saving chunks for level 'ServerLevel[soapSMP_the_end]'/minecraft:the_end
[07:21:52] [Server thread/INFO]: [ChunkHolderManager] Waiting 60s for chunk system to halt for world 'soapSMP_the_end'
[07:21:52] [Server thread/INFO]: [ChunkHolderManager] Halted chunk system for world 'soapSMP_the_end'
[07:21:52] [Server thread/INFO]: [ChunkHolderManager] Saving all chunkholders for world 'soapSMP_the_end'
[07:21:52] [Server thread/INFO]: [ChunkHolderManager] Saved 0 block chunks, 2 entity chunks, 0 poi chunks in world 'soapSMP_the_end' in 0.01s
[07:21:52] [Server thread/INFO]: [ChunkHolderManager] Waiting 60s for chunk I/O to halt for world 'soapSMP_the_end'
[07:21:52] [Server thread/INFO]: [ChunkHolderManager] Halted I/O scheduler for world 'soapSMP_the_end'
[07:21:53] [Server thread/INFO]: ThreadedAnvilChunkStorage (soapSMP): All chunks are saved
[07:21:53] [Server thread/INFO]: ThreadedAnvilChunkStorage (DIM-1): All chunks are saved
[07:21:53] [Server thread/INFO]: ThreadedAnvilChunkStorage (DIM1): All chunks are saved
[07:21:53] [Server thread/INFO]: ThreadedAnvilChunkStorage: All dimensions are saved
[07:21:53] [Server thread/INFO]: Waiting for I/O tasks to complete...
[07:21:53] [Server thread/INFO]: All I/O tasks to complete
[07:21:53] [Server thread/INFO]: [MoonriseCommon] Awaiting termination of worker pool for up to 60s...
[07:21:53] [Server thread/INFO]: [MoonriseCommon] Awaiting termination of I/O pool for up to 60s...
